[0.064s] Invoking command in '/home/seventeen/Robotics-and-its-application/build/robot_planning': CMAKE_PREFIX_PATH=/opt/ros/humble /home/seventeen/.local/bin/cmake /home/seventeen/Robotics-and-its-application/src/robot_planning -DCMAKE_INSTALL_PREFIX=/home/seventeen/Robotics-and-its-application/install/robot_planning
[0.281s] [0mCMake Deprecation Warning at CMakeLists.txt:1 (cmake_minimum_required):
[0.281s]   Compatibility with CMake < 3.10 will be removed from a future version of
[0.281s]   CMake.
[0.281s] 
[0.281s]   Update the VERSION argument <min> value or use a ...<max> suffix to tell
[0.282s]   CMake that the project does not need compatibility with older versions.
[0.282s] 
[0.282s] [0m
[0.334s] -- Found ament_cmake: 1.3.10 (/opt/ros/humble/share/ament_cmake/cmake)
[0.862s] -- Found rclcpp: 16.0.10 (/opt/ros/humble/share/rclcpp/cmake)
[0.957s] -- Found rosidl_generator_c: 3.1.5 (/opt/ros/humble/share/rosidl_generator_c/cmake)
[0.966s] -- Found rosidl_adapter: 3.1.5 (/opt/ros/humble/share/rosidl_adapter/cmake)
[0.989s] -- Found rosidl_generator_cpp: 3.1.5 (/opt/ros/humble/share/rosidl_generator_cpp/cmake)
[1.028s] -- Using all available rosidl_typesupport_c: rosidl_typesupport_fastrtps_c;rosidl_typesupport_introspection_c
[1.077s] -- Using all available rosidl_typesupport_cpp: rosidl_typesupport_fastrtps_cpp;rosidl_typesupport_introspection_cpp
[1.204s] -- Found rmw_implementation_cmake: 6.1.2 (/opt/ros/humble/share/rmw_implementation_cmake/cmake)
[1.210s] -- Found rmw_fastrtps_cpp: 6.2.7 (/opt/ros/humble/share/rmw_fastrtps_cpp/cmake)
[1.471s] -- Using RMW implementation 'rmw_fastrtps_cpp' as default
[1.609s] -- Found geometry_msgs: 4.2.4 (/opt/ros/humble/share/geometry_msgs/cmake)
[1.665s] [31mCMake Error at CMakeLists.txt:13 (find_package):
[1.665s]   By not providing "Findobstacles_msgs.cmake" in CMAKE_MODULE_PATH this
[1.666s]   project has asked CMake to find a package configuration file provided by
[1.666s]   "obstacles_msgs", but CMake did not find one.
[1.666s] 
[1.666s]   Could not find a package configuration file provided by "obstacles_msgs"
[1.667s]   with any of the following names:
[1.667s] 
[1.667s]     obstacles_msgsConfig.cmake
[1.667s]     obstacles_msgs-config.cmake
[1.667s] 
[1.668s]   Add the installation prefix of "obstacles_msgs" to CMAKE_PREFIX_PATH or set
[1.668s]   "obstacles_msgs_DIR" to a directory containing one of the above files.  If
[1.668s]   "obstacles_msgs" provides a separate development package or SDK, be sure it
[1.668s]   has been installed.
[1.668s] 
[1.669s] [0m
[1.669s] -- Configuring incomplete, errors occurred!
[1.685s] Invoked command in '/home/seventeen/Robotics-and-its-application/build/robot_planning' returned '1': CMAKE_PREFIX_PATH=/opt/ros/humble /home/seventeen/.local/bin/cmake /home/seventeen/Robotics-and-its-application/src/robot_planning -DCMAKE_INSTALL_PREFIX=/home/seventeen/Robotics-and-its-application/install/robot_planning
