[0.053s] Invoking command in '/home/seventeen/Robotics-and-its-application/build/shelfino_gazebo': CMAKE_PREFIX_PATH=/opt/ros/humble /home/seventeen/.local/bin/cmake /home/seventeen/Robotics-and-its-application/src/Shelfino_ROS2/shelfino_gazebo -DCMAKE_INSTALL_PREFIX=/home/seventeen/Robotics-and-its-application/install/shelfino_gazebo
[0.266s] [0mCMake Deprecation Warning at CMakeLists.txt:1 (cmake_minimum_required):
[0.266s]   Compatibility with CMake < 3.10 will be removed from a future version of
[0.266s]   CMake.
[0.267s] 
[0.267s]   Update the VERSION argument <min> value or use a ...<max> suffix to tell
[0.267s]   CMake that the project does not need compatibility with older versions.
[0.267s] 
[0.267s] [0m
[0.398s] -- The C compiler identification is GNU 11.4.0
[0.563s] -- The CXX compiler identification is GNU 11.4.0
[0.585s] -- Detecting C compiler ABI info
[0.747s] -- Detecting C compiler ABI info - done
[0.792s] -- Check for working C compiler: /usr/bin/cc - skipped
[0.794s] -- Detecting C compile features
[0.796s] -- Detecting C compile features - done
[0.830s] -- Detecting CXX compiler ABI info
[1.040s] -- Detecting CXX compiler ABI info - done
[1.086s] -- Check for working CXX compiler: /usr/bin/c++ - skipped
[1.086s] -- Detecting CXX compile features
[1.088s] -- Detecting CXX compile features - done
[1.110s] -- Found ament_cmake: 1.3.10 (/opt/ros/humble/share/ament_cmake/cmake)
[1.489s] -- Found Python3: /usr/bin/python3 (found version "3.10.12") found components: Interpreter
[1.740s] -- Found rclcpp: 16.0.10 (/opt/ros/humble/share/rclcpp/cmake)
[1.855s] -- Found rosidl_generator_c: 3.1.5 (/opt/ros/humble/share/rosidl_generator_c/cmake)
[1.872s] -- Found rosidl_adapter: 3.1.5 (/opt/ros/humble/share/rosidl_adapter/cmake)
[1.890s] -- Found rosidl_generator_cpp: 3.1.5 (/opt/ros/humble/share/rosidl_generator_cpp/cmake)
[1.922s] -- Using all available rosidl_typesupport_c: rosidl_typesupport_fastrtps_c;rosidl_typesupport_introspection_c
[1.985s] -- Using all available rosidl_typesupport_cpp: rosidl_typesupport_fastrtps_cpp;rosidl_typesupport_introspection_cpp
[2.127s] -- Found rmw_implementation_cmake: 6.1.2 (/opt/ros/humble/share/rmw_implementation_cmake/cmake)
[2.134s] -- Found rmw_fastrtps_cpp: 6.2.7 (/opt/ros/humble/share/rmw_fastrtps_cpp/cmake)
[2.373s] -- Found OpenSSL: /usr/lib/x86_64-linux-gnu/libcrypto.so (found version "3.0.2")
[2.466s] -- Found FastRTPS: /opt/ros/humble/include
[2.599s] -- Using RMW implementation 'rmw_fastrtps_cpp' as default
[2.622s] -- Performing Test CMAKE_HAVE_LIBC_PTHREAD
[2.817s] -- Performing Test CMAKE_HAVE_LIBC_PTHREAD - Success
[2.819s] -- Found Threads: TRUE
[3.006s] -- Found gazebo_msgs: 3.7.0 (/opt/ros/humble/share/gazebo_msgs/cmake)
[3.699s] -- Found Python3: /usr/include/python3.10 (found version "3.10.12") found components: Development Development.Module Development.Embed
[3.849s] -- Configuring done (3.6s)
[3.896s] -- Generating done (0.0s)
[3.897s] -- Build files have been written to: /home/seventeen/Robotics-and-its-application/build/shelfino_gazebo
