[0.063s] Invoking command in '/home/seventeen/Robotics-and-its-application/build/shelfino_navigation': CMAKE_PREFIX_PATH=/opt/ros/humble /home/seventeen/.local/bin/cmake --build /home/seventeen/Robotics-and-its-application/build/shelfino_navigation -- -j8 -l8
[0.257s] Invoked command in '/home/seventeen/Robotics-and-its-application/build/shelfino_navigation' returned '0': CMAKE_PREFIX_PATH=/opt/ros/humble /home/seventeen/.local/bin/cmake --build /home/seventeen/Robotics-and-its-application/build/shelfino_navigation -- -j8 -l8
[0.724s] Invoking command in '/home/seventeen/Robotics-and-its-application/build/shelfino_navigation': CMAKE_PREFIX_PATH=/opt/ros/humble /home/seventeen/.local/bin/cmake --install /home/seventeen/Robotics-and-its-application/build/shelfino_navigation
[0.940s] -- Install configuration: ""
[0.944s] -- Installing: /home/seventeen/Robotics-and-its-application/install/shelfino_navigation/share/shelfino_navigation/launch
[0.944s] -- Installing: /home/seventeen/Robotics-and-its-application/install/shelfino_navigation/share/shelfino_navigation/launch/shelfino_nav.launch.py
[0.944s] -- Installing: /home/seventeen/Robotics-and-its-application/install/shelfino_navigation/share/shelfino_navigation/launch/multi_shelfino_nav.launch.py
[0.949s] -- Installing: /home/seventeen/Robotics-and-its-application/install/shelfino_navigation/share/shelfino_navigation/launch/shelfino2_slam.launch.py
[0.949s] -- Installing: /home/seventeen/Robotics-and-its-application/install/shelfino_navigation/share/shelfino_navigation/config
[0.949s] -- Installing: /home/seventeen/Robotics-and-its-application/install/shelfino_navigation/share/shelfino_navigation/config/shelfino.yaml
[0.949s] -- Installing: /home/seventeen/Robotics-and-its-application/install/shelfino_navigation/share/shelfino_navigation/rviz
[0.950s] -- Installing: /home/seventeen/Robotics-and-its-application/install/shelfino_navigation/share/shelfino_navigation/rviz/shelfino_nav.rviz
[0.950s] -- Installing: /home/seventeen/Robotics-and-its-application/install/shelfino_navigation/share/shelfino_navigation/rviz/shelfino2_slam.rviz
[0.950s] -- Installing: /home/seventeen/Robotics-and-its-application/install/shelfino_navigation/share/shelfino_navigation/rviz/shelfino_nav_backup.rviz
[0.950s] -- Installing: /home/seventeen/Robotics-and-its-application/install/shelfino_navigation/share/shelfino_navigation/maps
[0.951s] -- Installing: /home/seventeen/Robotics-and-its-application/install/shelfino_navigation/share/shelfino_navigation/maps/ufficio3.yaml
[0.951s] -- Installing: /home/seventeen/Robotics-and-its-application/install/shelfino_navigation/share/shelfino_navigation/maps/ufficio.pgm
[0.951s] -- Installing: /home/seventeen/Robotics-and-its-application/install/shelfino_navigation/share/shelfino_navigation/maps/ufficio2.yaml
[0.951s] -- Installing: /home/seventeen/Robotics-and-its-application/install/shelfino_navigation/share/shelfino_navigation/maps/dynamic_map.png
[0.951s] -- Installing: /home/seventeen/Robotics-and-its-application/install/shelfino_navigation/share/shelfino_navigation/maps/test_obstacles.pgm
[0.952s] -- Installing: /home/seventeen/Robotics-and-its-application/install/shelfino_navigation/share/shelfino_navigation/maps/lab1.pgm
[0.952s] -- Installing: /home/seventeen/Robotics-and-its-application/install/shelfino_navigation/share/shelfino_navigation/maps/ufficio1.yaml
[0.952s] -- Installing: /home/seventeen/Robotics-and-its-application/install/shelfino_navigation/share/shelfino_navigation/maps/test_obstacles.yaml
[0.952s] -- Installing: /home/seventeen/Robotics-and-its-application/install/shelfino_navigation/share/shelfino_navigation/maps/lab.yaml
[0.953s] -- Installing: /home/seventeen/Robotics-and-its-application/install/shelfino_navigation/share/shelfino_navigation/maps/hexagon.yaml
[0.956s] -- Installing: /home/seventeen/Robotics-and-its-application/install/shelfino_navigation/share/shelfino_navigation/maps/dynamic_map.yaml
[0.956s] -- Installing: /home/seventeen/Robotics-and-its-application/install/shelfino_navigation/share/shelfino_navigation/maps/lab1.yaml
[0.956s] -- Installing: /home/seventeen/Robotics-and-its-application/install/shelfino_navigation/share/shelfino_navigation/maps/ufficio3.pgm
[0.956s] -- Installing: /home/seventeen/Robotics-and-its-application/install/shelfino_navigation/share/shelfino_navigation/maps/lab.pgm
[0.956s] -- Installing: /home/seventeen/Robotics-and-its-application/install/shelfino_navigation/share/shelfino_navigation/maps/ufficio.yaml
[0.957s] -- Installing: /home/seventeen/Robotics-and-its-application/install/shelfino_navigation/share/shelfino_navigation/maps/demo.pgm
[0.957s] -- Installing: /home/seventeen/Robotics-and-its-application/install/shelfino_navigation/share/shelfino_navigation/maps/ufficio2.pgm
[0.957s] -- Installing: /home/seventeen/Robotics-and-its-application/install/shelfino_navigation/share/shelfino_navigation/maps/ufficio1.pgm
[0.959s] -- Installing: /home/seventeen/Robotics-and-its-application/install/shelfino_navigation/share/shelfino_navigation/maps/hexagon.pgm
[0.966s] -- Installing: /home/seventeen/Robotics-and-its-application/install/shelfino_navigation/share/shelfino_navigation/maps/demo.yaml
[0.966s] -- Installing: /home/seventeen/Robotics-and-its-application/install/shelfino_navigation/share/ament_index/resource_index/package_run_dependencies/shelfino_navigation
[0.966s] -- Installing: /home/seventeen/Robotics-and-its-application/install/shelfino_navigation/share/ament_index/resource_index/parent_prefix_path/shelfino_navigation
[0.967s] -- Installing: /home/seventeen/Robotics-and-its-application/install/shelfino_navigation/share/shelfino_navigation/environment/ament_prefix_path.sh
[0.967s] -- Installing: /home/seventeen/Robotics-and-its-application/install/shelfino_navigation/share/shelfino_navigation/environment/ament_prefix_path.dsv
[0.967s] -- Installing: /home/seventeen/Robotics-and-its-application/install/shelfino_navigation/share/shelfino_navigation/environment/path.sh
[0.967s] -- Installing: /home/seventeen/Robotics-and-its-application/install/shelfino_navigation/share/shelfino_navigation/environment/path.dsv
[0.967s] -- Installing: /home/seventeen/Robotics-and-its-application/install/shelfino_navigation/share/shelfino_navigation/local_setup.bash
[0.968s] -- Installing: /home/seventeen/Robotics-and-its-application/install/shelfino_navigation/share/shelfino_navigation/local_setup.sh
[0.968s] -- Installing: /home/seventeen/Robotics-and-its-application/install/shelfino_navigation/share/shelfino_navigation/local_setup.zsh
[0.968s] -- Installing: /home/seventeen/Robotics-and-its-application/install/shelfino_navigation/share/shelfino_navigation/local_setup.dsv
[0.968s] -- Installing: /home/seventeen/Robotics-and-its-application/install/shelfino_navigation/share/shelfino_navigation/package.dsv
[0.968s] -- Installing: /home/seventeen/Robotics-and-its-application/install/shelfino_navigation/share/ament_index/resource_index/packages/shelfino_navigation
[0.972s] -- Installing: /home/seventeen/Robotics-and-its-application/install/shelfino_navigation/share/shelfino_navigation/cmake/shelfino_navigationConfig.cmake
[0.972s] -- Installing: /home/seventeen/Robotics-and-its-application/install/shelfino_navigation/share/shelfino_navigation/cmake/shelfino_navigationConfig-version.cmake
[0.972s] -- Installing: /home/seventeen/Robotics-and-its-application/install/shelfino_navigation/share/shelfino_navigation/package.xml
[0.977s] Invoked command in '/home/seventeen/Robotics-and-its-application/build/shelfino_navigation' returned '0': CMAKE_PREFIX_PATH=/opt/ros/humble /home/seventeen/.local/bin/cmake --install /home/seventeen/Robotics-and-its-application/build/shelfino_navigation
