[0.014s] Invoking command in '/home/sincerejuliya/Documents/ros_ws/src/graph_for_task_planner_msg/build/graph_for_task_planner_msg': CMAKE_PREFIX_PATH=${CMAKE_PREFIX_PATH}:/opt/ros/humble /usr/bin/cmake /home/sincerejuliya/Documents/ros_ws/src/graph_for_task_planner_msg -DCMAKE_INSTALL_PREFIX=/home/sincerejuliya/Documents/ros_ws/src/graph_for_task_planner_msg/install/graph_for_task_planner_msg
[0.028s] -- Found ament_cmake: 1.3.10 (/opt/ros/humble/share/ament_cmake/cmake)
[0.132s] -- Override CMake install command with custom implementation using symlinks instead of copying resources
[0.137s] -- Found rosidl_default_generators: 1.2.0 (/opt/ros/humble/share/rosidl_default_generators/cmake)
[0.140s] -- Using all available rosidl_typesupport_c: rosidl_typesupport_fastrtps_c;rosidl_typesupport_introspection_c
[0.142s] -- Found rosidl_adapter: 3.1.5 (/opt/ros/humble/share/rosidl_adapter/cmake)
[0.169s] -- Using all available rosidl_typesupport_cpp: rosidl_typesupport_fastrtps_cpp;rosidl_typesupport_introspection_cpp
[0.420s] -- Found ament_cmake_ros: 0.10.0 (/opt/ros/humble/share/ament_cmake_ros/cmake)
[0.592s] -- Using all available rosidl_typesupport_c: rosidl_typesupport_fastrtps_c;rosidl_typesupport_introspection_c
[0.806s] -- Using all available rosidl_typesupport_cpp: rosidl_typesupport_fastrtps_cpp;rosidl_typesupport_introspection_cpp
[0.828s] -- Found PythonInterp: /usr/bin/python3 (found suitable version "3.10.12", minimum required is "3.6") 
[0.832s] -- Found python_cmake_module: 0.10.0 (/opt/ros/humble/share/python_cmake_module/cmake)
[0.859s] -- Found PythonLibs: /usr/lib/x86_64-linux-gnu/libpython3.10.so (found suitable version "3.10.12", minimum required is "3.5") 
[0.860s] -- Using PYTHON_EXECUTABLE: /usr/bin/python3
[0.860s] -- Using PYTHON_INCLUDE_DIRS: /usr/include/python3.10
[0.860s] -- Using PYTHON_LIBRARIES: /usr/lib/x86_64-linux-gnu/libpython3.10.so
[0.880s] -- Found PythonExtra: .so  
[0.924s] -- Configuring done
[0.953s] -- Generating done
[0.955s] -- Build files have been written to: /home/sincerejuliya/Documents/ros_ws/src/graph_for_task_planner_msg/build/graph_for_task_planner_msg
[0.963s] Invoked command in '/home/sincerejuliya/Documents/ros_ws/src/graph_for_task_planner_msg/build/graph_for_task_planner_msg' returned '0': CMAKE_PREFIX_PATH=${CMAKE_PREFIX_PATH}:/opt/ros/humble /usr/bin/cmake /home/sincerejuliya/Documents/ros_ws/src/graph_for_task_planner_msg -DCMAKE_INSTALL_PREFIX=/home/sincerejuliya/Documents/ros_ws/src/graph_for_task_planner_msg/install/graph_for_task_planner_msg
[0.965s] Invoking command in '/home/sincerejuliya/Documents/ros_ws/src/graph_for_task_planner_msg/build/graph_for_task_planner_msg': CMAKE_PREFIX_PATH=${CMAKE_PREFIX_PATH}:/opt/ros/humble /usr/bin/cmake --build /home/sincerejuliya/Documents/ros_ws/src/graph_for_task_planner_msg/build/graph_for_task_planner_msg -- -j12 -l12
[1.008s] [  2%] [34m[1mGenerating C code for ROS interfaces[0m
[1.020s] [  4%] [34m[1mGenerating C++ code for ROS interfaces[0m
[1.031s] [  4%] Built target ament_cmake_python_symlink_graph_for_task_planner_msg
[1.277s] running egg_info
[1.278s] creating graph_for_task_planner_msg.egg-info
[1.278s] writing graph_for_task_planner_msg.egg-info/PKG-INFO
[1.278s] writing dependency_links to graph_for_task_planner_msg.egg-info/dependency_links.txt
[1.278s] writing top-level names to graph_for_task_planner_msg.egg-info/top_level.txt
[1.278s] writing manifest file 'graph_for_task_planner_msg.egg-info/SOURCES.txt'
[1.280s] reading manifest file 'graph_for_task_planner_msg.egg-info/SOURCES.txt'
[1.280s] writing manifest file 'graph_for_task_planner_msg.egg-info/SOURCES.txt'
[1.319s] [  4%] Built target graph_for_task_planner_msg__cpp
[1.333s] [ 10%] [34m[1mGenerating C++ introspection for ROS interfaces[0m
[1.333s] [ 10%] [34m[1mGenerating C++ type support for eProsima Fast-RTPS[0m
[1.333s] [ 10%] [34m[1mGenerating C++ type support dispatch for ROS interfaces[0m
[1.339s] [ 10%] Built target ament_cmake_python_build_graph_for_task_planner_msg_egg
[1.347s] [ 17%] [32mBuilding C object CMakeFiles/graph_for_task_planner_msg__rosidl_generator_c.dir/rosidl_generator_c/graph_for_task_planner_msg/msg/detail/edge__functions.c.o[0m
[1.348s] [ 17%] [32mBuilding C object CMakeFiles/graph_for_task_planner_msg__rosidl_generator_c.dir/rosidl_generator_c/graph_for_task_planner_msg/msg/detail/graph__functions.c.o[0m
[1.348s] [ 17%] [32mBuilding C object CMakeFiles/graph_for_task_planner_msg__rosidl_generator_c.dir/rosidl_generator_c/graph_for_task_planner_msg/msg/detail/point__functions.c.o[0m
[1.398s] [ 19%] [32m[1mLinking C shared library libgraph_for_task_planner_msg__rosidl_generator_c.so[0m
[1.442s] [ 19%] Built target graph_for_task_planner_msg__rosidl_generator_c
[1.455s] [ 25%] [34m[1mGenerating C type support for eProsima Fast-RTPS[0m
[1.455s] [ 25%] [34m[1mGenerating C type support dispatch for ROS interfaces[0m
[1.455s] [ 25%] [34m[1mGenerating C introspection for ROS interfaces[0m
[1.596s] [ 31%] [32mBuilding CXX object CMakeFiles/graph_for_task_planner_msg__rosidl_typesupport_cpp.dir/rosidl_typesupport_cpp/graph_for_task_planner_msg/msg/graph__type_support.cpp.o[0m
[1.596s] [ 31%] [32mBuilding CXX object CMakeFiles/graph_for_task_planner_msg__rosidl_typesupport_cpp.dir/rosidl_typesupport_cpp/graph_for_task_planner_msg/msg/point__type_support.cpp.o[0m
[1.596s] [ 31%] [32mBuilding CXX object CMakeFiles/graph_for_task_planner_msg__rosidl_typesupport_cpp.dir/rosidl_typesupport_cpp/graph_for_task_planner_msg/msg/edge__type_support.cpp.o[0m
[1.627s] [ 34%] [32mBuilding CXX object CMakeFiles/graph_for_task_planner_msg__rosidl_typesupport_introspection_cpp.dir/rosidl_typesupport_introspection_cpp/graph_for_task_planner_msg/msg/detail/graph__type_support.cpp.o[0m
[1.627s] [ 38%] [32mBuilding CXX object CMakeFiles/graph_for_task_planner_msg__rosidl_typesupport_introspection_cpp.dir/rosidl_typesupport_introspection_cpp/graph_for_task_planner_msg/msg/detail/point__type_support.cpp.o[0m
[1.627s] [ 38%] [32mBuilding CXX object CMakeFiles/graph_for_task_planner_msg__rosidl_typesupport_introspection_cpp.dir/rosidl_typesupport_introspection_cpp/graph_for_task_planner_msg/msg/detail/edge__type_support.cpp.o[0m
[1.652s] [ 40%] [32mBuilding CXX object CMakeFiles/graph_for_task_planner_msg__rosidl_typesupport_fastrtps_cpp.dir/rosidl_typesupport_fastrtps_cpp/graph_for_task_planner_msg/msg/detail/dds_fastrtps/graph__type_support.cpp.o[0m
[1.654s] [ 42%] [32mBuilding CXX object CMakeFiles/graph_for_task_planner_msg__rosidl_typesupport_fastrtps_cpp.dir/rosidl_typesupport_fastrtps_cpp/graph_for_task_planner_msg/msg/detail/dds_fastrtps/edge__type_support.cpp.o[0m
[1.658s] [ 44%] [32mBuilding CXX object CMakeFiles/graph_for_task_planner_msg__rosidl_typesupport_fastrtps_cpp.dir/rosidl_typesupport_fastrtps_cpp/graph_for_task_planner_msg/msg/detail/dds_fastrtps/point__type_support.cpp.o[0m
[1.841s] [ 46%] [32mBuilding CXX object CMakeFiles/graph_for_task_planner_msg__rosidl_typesupport_c.dir/rosidl_typesupport_c/graph_for_task_planner_msg/msg/graph__type_support.cpp.o[0m
[1.901s] [ 48%] [32mBuilding CXX object CMakeFiles/graph_for_task_planner_msg__rosidl_typesupport_c.dir/rosidl_typesupport_c/graph_for_task_planner_msg/msg/edge__type_support.cpp.o[0m
[1.957s] [ 51%] [32mBuilding CXX object CMakeFiles/graph_for_task_planner_msg__rosidl_typesupport_c.dir/rosidl_typesupport_c/graph_for_task_planner_msg/msg/point__type_support.cpp.o[0m
[1.961s] [ 53%] [32mBuilding CXX object CMakeFiles/graph_for_task_planner_msg__rosidl_typesupport_fastrtps_c.dir/rosidl_typesupport_fastrtps_c/graph_for_task_planner_msg/msg/detail/graph__type_support_c.cpp.o[0m
[1.979s] [ 55%] [32mBuilding C object CMakeFiles/graph_for_task_planner_msg__rosidl_typesupport_introspection_c.dir/rosidl_typesupport_introspection_c/graph_for_task_planner_msg/msg/detail/graph__type_support.c.o[0m
[2.013s] [ 57%] [32m[1mLinking CXX shared library libgraph_for_task_planner_msg__rosidl_typesupport_c.so[0m
[2.013s] [ 59%] [32mBuilding CXX object CMakeFiles/graph_for_task_planner_msg__rosidl_typesupport_fastrtps_c.dir/rosidl_typesupport_fastrtps_c/graph_for_task_planner_msg/msg/detail/edge__type_support_c.cpp.o[0m
[2.013s] [ 61%] [32mBuilding C object CMakeFiles/graph_for_task_planner_msg__rosidl_typesupport_introspection_c.dir/rosidl_typesupport_introspection_c/graph_for_task_planner_msg/msg/detail/edge__type_support.c.o[0m
[2.028s] [ 63%] [32m[1mLinking CXX shared library libgraph_for_task_planner_msg__rosidl_typesupport_cpp.so[0m
[2.049s] [ 65%] [32mBuilding C object CMakeFiles/graph_for_task_planner_msg__rosidl_typesupport_introspection_c.dir/rosidl_typesupport_introspection_c/graph_for_task_planner_msg/msg/detail/point__type_support.c.o[0m
[2.078s] [ 68%] [32mBuilding CXX object CMakeFiles/graph_for_task_planner_msg__rosidl_typesupport_fastrtps_c.dir/rosidl_typesupport_fastrtps_c/graph_for_task_planner_msg/msg/detail/point__type_support_c.cpp.o[0m
[2.093s] [ 68%] Built target graph_for_task_planner_msg__rosidl_typesupport_c
[2.110s] [ 70%] [32m[1mLinking C shared library libgraph_for_task_planner_msg__rosidl_typesupport_introspection_c.so[0m
[2.110s] [ 70%] Built target graph_for_task_planner_msg__rosidl_typesupport_cpp
[2.176s] [ 70%] Built target graph_for_task_planner_msg__rosidl_typesupport_introspection_c
[2.258s] [ 72%] [32m[1mLinking CXX shared library libgraph_for_task_planner_msg__rosidl_typesupport_introspection_cpp.so[0m
[2.294s] [ 74%] [32m[1mLinking CXX shared library libgraph_for_task_planner_msg__rosidl_typesupport_fastrtps_cpp.so[0m
[2.332s] [ 74%] Built target graph_for_task_planner_msg__rosidl_typesupport_introspection_cpp
[2.370s] [ 74%] Built target graph_for_task_planner_msg__rosidl_typesupport_fastrtps_cpp
[2.413s] [ 76%] [32m[1mLinking CXX shared library libgraph_for_task_planner_msg__rosidl_typesupport_fastrtps_c.so[0m
[2.474s] [ 76%] Built target graph_for_task_planner_msg__rosidl_typesupport_fastrtps_c
[2.494s] [ 76%] Built target graph_for_task_planner_msg
[2.517s] [ 78%] [34m[1mGenerating Python code for ROS interfaces[0m
[2.837s] [ 78%] Built target graph_for_task_planner_msg__py
[2.858s] [ 85%] [32mBuilding C object CMakeFiles/graph_for_task_planner_msg__rosidl_generator_py.dir/rosidl_generator_py/graph_for_task_planner_msg/msg/_graph_s.c.o[0m
[2.858s] [ 85%] [32mBuilding C object CMakeFiles/graph_for_task_planner_msg__rosidl_generator_py.dir/rosidl_generator_py/graph_for_task_planner_msg/msg/_point_s.c.o[0m
[2.858s] [ 85%] [32mBuilding C object CMakeFiles/graph_for_task_planner_msg__rosidl_generator_py.dir/rosidl_generator_py/graph_for_task_planner_msg/msg/_edge_s.c.o[0m
[2.940s] [ 87%] [32m[1mLinking C shared library rosidl_generator_py/graph_for_task_planner_msg/libgraph_for_task_planner_msg__rosidl_generator_py.so[0m
[2.977s] [ 87%] Built target graph_for_task_planner_msg__rosidl_generator_py
[2.997s] [ 91%] [32mBuilding C object CMakeFiles/graph_for_task_planner_msg__rosidl_typesupport_fastrtps_c__pyext.dir/rosidl_generator_py/graph_for_task_planner_msg/_graph_for_task_planner_msg_s.ep.rosidl_typesupport_fastrtps_c.c.o[0m
[2.997s] [ 91%] [32mBuilding C object CMakeFiles/graph_for_task_planner_msg__rosidl_typesupport_introspection_c__pyext.dir/rosidl_generator_py/graph_for_task_planner_msg/_graph_for_task_planner_msg_s.ep.rosidl_typesupport_introspection_c.c.o[0m
[2.997s] [ 93%] [32mBuilding C object CMakeFiles/graph_for_task_planner_msg__rosidl_typesupport_c__pyext.dir/rosidl_generator_py/graph_for_task_planner_msg/_graph_for_task_planner_msg_s.ep.rosidl_typesupport_c.c.o[0m
[3.072s] [ 95%] [32m[1mLinking C shared library rosidl_generator_py/graph_for_task_planner_msg/graph_for_task_planner_msg_s__rosidl_typesupport_c.cpython-310-x86_64-linux-gnu.so[0m
[3.073s] [ 97%] [32m[1mLinking C shared library rosidl_generator_py/graph_for_task_planner_msg/graph_for_task_planner_msg_s__rosidl_typesupport_introspection_c.cpython-310-x86_64-linux-gnu.so[0m
[3.075s] [100%] [32m[1mLinking C shared library rosidl_generator_py/graph_for_task_planner_msg/graph_for_task_planner_msg_s__rosidl_typesupport_fastrtps_c.cpython-310-x86_64-linux-gnu.so[0m
[3.105s] [100%] Built target graph_for_task_planner_msg__rosidl_typesupport_introspection_c__pyext
[3.105s] [100%] Built target graph_for_task_planner_msg__rosidl_typesupport_c__pyext
[3.107s] [100%] Built target graph_for_task_planner_msg__rosidl_typesupport_fastrtps_c__pyext
[3.119s] Invoked command in '/home/sincerejuliya/Documents/ros_ws/src/graph_for_task_planner_msg/build/graph_for_task_planner_msg' returned '0': CMAKE_PREFIX_PATH=${CMAKE_PREFIX_PATH}:/opt/ros/humble /usr/bin/cmake --build /home/sincerejuliya/Documents/ros_ws/src/graph_for_task_planner_msg/build/graph_for_task_planner_msg -- -j12 -l12
[3.270s] Invoking command in '/home/sincerejuliya/Documents/ros_ws/src/graph_for_task_planner_msg/build/graph_for_task_planner_msg': CMAKE_PREFIX_PATH=${CMAKE_PREFIX_PATH}:/opt/ros/humble /usr/bin/cmake --install /home/sincerejuliya/Documents/ros_ws/src/graph_for_task_planner_msg/build/graph_for_task_planner_msg
[3.277s] -- Install configuration: ""
[3.278s] -- Execute custom install script
[3.278s] -- Symlinking: /home/sincerejuliya/Documents/ros_ws/src/graph_for_task_planner_msg/install/graph_for_task_planner_msg/share/ament_index/resource_index/rosidl_interfaces/graph_for_task_planner_msg
[3.287s] -- Symlinking: /home/sincerejuliya/Documents/ros_ws/src/graph_for_task_planner_msg/install/graph_for_task_planner_msg/include/graph_for_task_planner_msg/graph_for_task_planner_msg/msg/detail/edge__functions.h
[3.296s] -- Symlinking: /home/sincerejuliya/Documents/ros_ws/src/graph_for_task_planner_msg/install/graph_for_task_planner_msg/include/graph_for_task_planner_msg/graph_for_task_planner_msg/msg/detail/edge__struct.h
[3.303s] -- Symlinking: /home/sincerejuliya/Documents/ros_ws/src/graph_for_task_planner_msg/install/graph_for_task_planner_msg/include/graph_for_task_planner_msg/graph_for_task_planner_msg/msg/detail/edge__type_support.h
[3.311s] -- Symlinking: /home/sincerejuliya/Documents/ros_ws/src/graph_for_task_planner_msg/install/graph_for_task_planner_msg/include/graph_for_task_planner_msg/graph_for_task_planner_msg/msg/detail/graph__functions.h
[3.320s] -- Symlinking: /home/sincerejuliya/Documents/ros_ws/src/graph_for_task_planner_msg/install/graph_for_task_planner_msg/include/graph_for_task_planner_msg/graph_for_task_planner_msg/msg/detail/graph__struct.h
[3.330s] -- Symlinking: /home/sincerejuliya/Documents/ros_ws/src/graph_for_task_planner_msg/install/graph_for_task_planner_msg/include/graph_for_task_planner_msg/graph_for_task_planner_msg/msg/detail/graph__type_support.h
[3.340s] -- Symlinking: /home/sincerejuliya/Documents/ros_ws/src/graph_for_task_planner_msg/install/graph_for_task_planner_msg/include/graph_for_task_planner_msg/graph_for_task_planner_msg/msg/detail/point__functions.h
[3.349s] -- Symlinking: /home/sincerejuliya/Documents/ros_ws/src/graph_for_task_planner_msg/install/graph_for_task_planner_msg/include/graph_for_task_planner_msg/graph_for_task_planner_msg/msg/detail/point__struct.h
[3.357s] -- Symlinking: /home/sincerejuliya/Documents/ros_ws/src/graph_for_task_planner_msg/install/graph_for_task_planner_msg/include/graph_for_task_planner_msg/graph_for_task_planner_msg/msg/detail/point__type_support.h
[3.366s] -- Symlinking: /home/sincerejuliya/Documents/ros_ws/src/graph_for_task_planner_msg/install/graph_for_task_planner_msg/include/graph_for_task_planner_msg/graph_for_task_planner_msg/msg/edge.h
[3.374s] -- Symlinking: /home/sincerejuliya/Documents/ros_ws/src/graph_for_task_planner_msg/install/graph_for_task_planner_msg/include/graph_for_task_planner_msg/graph_for_task_planner_msg/msg/graph.h
[3.382s] -- Symlinking: /home/sincerejuliya/Documents/ros_ws/src/graph_for_task_planner_msg/install/graph_for_task_planner_msg/include/graph_for_task_planner_msg/graph_for_task_planner_msg/msg/point.h
[3.390s] -- Symlinking: /home/sincerejuliya/Documents/ros_ws/src/graph_for_task_planner_msg/install/graph_for_task_planner_msg/include/graph_for_task_planner_msg/graph_for_task_planner_msg/msg/rosidl_generator_c__visibility_control.h
[3.399s] -- Symlinking: /home/sincerejuliya/Documents/ros_ws/src/graph_for_task_planner_msg/install/graph_for_task_planner_msg/share/graph_for_task_planner_msg/environment/library_path.sh
[3.408s] -- Symlinking: /home/sincerejuliya/Documents/ros_ws/src/graph_for_task_planner_msg/install/graph_for_task_planner_msg/share/graph_for_task_planner_msg/environment/library_path.dsv
[3.417s] -- Symlinking: /home/sincerejuliya/Documents/ros_ws/src/graph_for_task_planner_msg/install/graph_for_task_planner_msg/include/graph_for_task_planner_msg/graph_for_task_planner_msg/msg/detail/edge__rosidl_typesupport_fastrtps_c.h
[3.426s] -- Symlinking: /home/sincerejuliya/Documents/ros_ws/src/graph_for_task_planner_msg/install/graph_for_task_planner_msg/include/graph_for_task_planner_msg/graph_for_task_planner_msg/msg/detail/graph__rosidl_typesupport_fastrtps_c.h
[3.434s] -- Symlinking: /home/sincerejuliya/Documents/ros_ws/src/graph_for_task_planner_msg/install/graph_for_task_planner_msg/include/graph_for_task_planner_msg/graph_for_task_planner_msg/msg/detail/point__rosidl_typesupport_fastrtps_c.h
[3.443s] -- Symlinking: /home/sincerejuliya/Documents/ros_ws/src/graph_for_task_planner_msg/install/graph_for_task_planner_msg/include/graph_for_task_planner_msg/graph_for_task_planner_msg/msg/rosidl_typesupport_fastrtps_c__visibility_control.h
[3.452s] -- Symlinking: /home/sincerejuliya/Documents/ros_ws/src/graph_for_task_planner_msg/install/graph_for_task_planner_msg/include/graph_for_task_planner_msg/graph_for_task_planner_msg/msg/detail/edge__rosidl_typesupport_introspection_c.h
[3.462s] -- Symlinking: /home/sincerejuliya/Documents/ros_ws/src/graph_for_task_planner_msg/install/graph_for_task_planner_msg/include/graph_for_task_planner_msg/graph_for_task_planner_msg/msg/detail/graph__rosidl_typesupport_introspection_c.h
[3.470s] -- Symlinking: /home/sincerejuliya/Documents/ros_ws/src/graph_for_task_planner_msg/install/graph_for_task_planner_msg/include/graph_for_task_planner_msg/graph_for_task_planner_msg/msg/detail/point__rosidl_typesupport_introspection_c.h
[3.478s] -- Symlinking: /home/sincerejuliya/Documents/ros_ws/src/graph_for_task_planner_msg/install/graph_for_task_planner_msg/include/graph_for_task_planner_msg/graph_for_task_planner_msg/msg/rosidl_typesupport_introspection_c__visibility_control.h
[3.487s] -- Symlinking: /home/sincerejuliya/Documents/ros_ws/src/graph_for_task_planner_msg/install/graph_for_task_planner_msg/include/graph_for_task_planner_msg/graph_for_task_planner_msg/msg/detail/edge__builder.hpp
[3.494s] -- Symlinking: /home/sincerejuliya/Documents/ros_ws/src/graph_for_task_planner_msg/install/graph_for_task_planner_msg/include/graph_for_task_planner_msg/graph_for_task_planner_msg/msg/detail/edge__struct.hpp
[3.502s] -- Symlinking: /home/sincerejuliya/Documents/ros_ws/src/graph_for_task_planner_msg/install/graph_for_task_planner_msg/include/graph_for_task_planner_msg/graph_for_task_planner_msg/msg/detail/edge__traits.hpp
[3.510s] -- Symlinking: /home/sincerejuliya/Documents/ros_ws/src/graph_for_task_planner_msg/install/graph_for_task_planner_msg/include/graph_for_task_planner_msg/graph_for_task_planner_msg/msg/detail/graph__builder.hpp
[3.519s] -- Symlinking: /home/sincerejuliya/Documents/ros_ws/src/graph_for_task_planner_msg/install/graph_for_task_planner_msg/include/graph_for_task_planner_msg/graph_for_task_planner_msg/msg/detail/graph__struct.hpp
[3.528s] -- Symlinking: /home/sincerejuliya/Documents/ros_ws/src/graph_for_task_planner_msg/install/graph_for_task_planner_msg/include/graph_for_task_planner_msg/graph_for_task_planner_msg/msg/detail/graph__traits.hpp
[3.537s] -- Symlinking: /home/sincerejuliya/Documents/ros_ws/src/graph_for_task_planner_msg/install/graph_for_task_planner_msg/include/graph_for_task_planner_msg/graph_for_task_planner_msg/msg/detail/point__builder.hpp
[3.544s] -- Symlinking: /home/sincerejuliya/Documents/ros_ws/src/graph_for_task_planner_msg/install/graph_for_task_planner_msg/include/graph_for_task_planner_msg/graph_for_task_planner_msg/msg/detail/point__struct.hpp
[3.552s] -- Symlinking: /home/sincerejuliya/Documents/ros_ws/src/graph_for_task_planner_msg/install/graph_for_task_planner_msg/include/graph_for_task_planner_msg/graph_for_task_planner_msg/msg/detail/point__traits.hpp
[3.561s] -- Symlinking: /home/sincerejuliya/Documents/ros_ws/src/graph_for_task_planner_msg/install/graph_for_task_planner_msg/include/graph_for_task_planner_msg/graph_for_task_planner_msg/msg/edge.hpp
[3.569s] -- Symlinking: /home/sincerejuliya/Documents/ros_ws/src/graph_for_task_planner_msg/install/graph_for_task_planner_msg/include/graph_for_task_planner_msg/graph_for_task_planner_msg/msg/graph.hpp
[3.579s] -- Symlinking: /home/sincerejuliya/Documents/ros_ws/src/graph_for_task_planner_msg/install/graph_for_task_planner_msg/include/graph_for_task_planner_msg/graph_for_task_planner_msg/msg/point.hpp
[3.587s] -- Symlinking: /home/sincerejuliya/Documents/ros_ws/src/graph_for_task_planner_msg/install/graph_for_task_planner_msg/include/graph_for_task_planner_msg/graph_for_task_planner_msg/msg/detail/edge__rosidl_typesupport_fastrtps_cpp.hpp
[3.596s] -- Symlinking: /home/sincerejuliya/Documents/ros_ws/src/graph_for_task_planner_msg/install/graph_for_task_planner_msg/include/graph_for_task_planner_msg/graph_for_task_planner_msg/msg/detail/graph__rosidl_typesupport_fastrtps_cpp.hpp
[3.605s] -- Symlinking: /home/sincerejuliya/Documents/ros_ws/src/graph_for_task_planner_msg/install/graph_for_task_planner_msg/include/graph_for_task_planner_msg/graph_for_task_planner_msg/msg/detail/point__rosidl_typesupport_fastrtps_cpp.hpp
[3.613s] -- Symlinking: /home/sincerejuliya/Documents/ros_ws/src/graph_for_task_planner_msg/install/graph_for_task_planner_msg/include/graph_for_task_planner_msg/graph_for_task_planner_msg/msg/rosidl_typesupport_fastrtps_cpp__visibility_control.h
[3.622s] -- Symlinking: /home/sincerejuliya/Documents/ros_ws/src/graph_for_task_planner_msg/install/graph_for_task_planner_msg/include/graph_for_task_planner_msg/graph_for_task_planner_msg/msg/detail/edge__rosidl_typesupport_introspection_cpp.hpp
[3.631s] -- Symlinking: /home/sincerejuliya/Documents/ros_ws/src/graph_for_task_planner_msg/install/graph_for_task_planner_msg/include/graph_for_task_planner_msg/graph_for_task_planner_msg/msg/detail/graph__rosidl_typesupport_introspection_cpp.hpp
[3.640s] -- Symlinking: /home/sincerejuliya/Documents/ros_ws/src/graph_for_task_planner_msg/install/graph_for_task_planner_msg/include/graph_for_task_planner_msg/graph_for_task_planner_msg/msg/detail/point__rosidl_typesupport_introspection_cpp.hpp
[3.648s] -- Symlinking: /home/sincerejuliya/Documents/ros_ws/src/graph_for_task_planner_msg/install/graph_for_task_planner_msg/share/graph_for_task_planner_msg/environment/pythonpath.sh
[3.656s] -- Symlinking: /home/sincerejuliya/Documents/ros_ws/src/graph_for_task_planner_msg/install/graph_for_task_planner_msg/share/graph_for_task_planner_msg/environment/pythonpath.dsv
[3.666s] -- Symlinking: /home/sincerejuliya/Documents/ros_ws/src/graph_for_task_planner_msg/install/graph_for_task_planner_msg/local/lib/python3.10/dist-packages/graph_for_task_planner_msg-0.0.0-py3.10.egg-info/PKG-INFO
[3.674s] -- Symlinking: /home/sincerejuliya/Documents/ros_ws/src/graph_for_task_planner_msg/install/graph_for_task_planner_msg/local/lib/python3.10/dist-packages/graph_for_task_planner_msg-0.0.0-py3.10.egg-info/SOURCES.txt
[3.682s] -- Symlinking: /home/sincerejuliya/Documents/ros_ws/src/graph_for_task_planner_msg/install/graph_for_task_planner_msg/local/lib/python3.10/dist-packages/graph_for_task_planner_msg-0.0.0-py3.10.egg-info/dependency_links.txt
[3.691s] -- Symlinking: /home/sincerejuliya/Documents/ros_ws/src/graph_for_task_planner_msg/install/graph_for_task_planner_msg/local/lib/python3.10/dist-packages/graph_for_task_planner_msg-0.0.0-py3.10.egg-info/top_level.txt
[3.701s] -- Symlinking: /home/sincerejuliya/Documents/ros_ws/src/graph_for_task_planner_msg/install/graph_for_task_planner_msg/local/lib/python3.10/dist-packages/graph_for_task_planner_msg/__init__.py
[3.709s] -- Symlinking: /home/sincerejuliya/Documents/ros_ws/src/graph_for_task_planner_msg/install/graph_for_task_planner_msg/local/lib/python3.10/dist-packages/graph_for_task_planner_msg/_graph_for_task_planner_msg_s.ep.rosidl_typesupport_c.c
[3.717s] -- Symlinking: /home/sincerejuliya/Documents/ros_ws/src/graph_for_task_planner_msg/install/graph_for_task_planner_msg/local/lib/python3.10/dist-packages/graph_for_task_planner_msg/_graph_for_task_planner_msg_s.ep.rosidl_typesupport_fastrtps_c.c
[3.727s] -- Symlinking: /home/sincerejuliya/Documents/ros_ws/src/graph_for_task_planner_msg/install/graph_for_task_planner_msg/local/lib/python3.10/dist-packages/graph_for_task_planner_msg/_graph_for_task_planner_msg_s.ep.rosidl_typesupport_introspection_c.c
[3.735s] -- Symlinking: /home/sincerejuliya/Documents/ros_ws/src/graph_for_task_planner_msg/install/graph_for_task_planner_msg/local/lib/python3.10/dist-packages/graph_for_task_planner_msg/graph_for_task_planner_msg_s__rosidl_typesupport_c.cpython-310-x86_64-linux-gnu.so
[3.743s] -- Symlinking: /home/sincerejuliya/Documents/ros_ws/src/graph_for_task_planner_msg/install/graph_for_task_planner_msg/local/lib/python3.10/dist-packages/graph_for_task_planner_msg/graph_for_task_planner_msg_s__rosidl_typesupport_fastrtps_c.cpython-310-x86_64-linux-gnu.so
[3.752s] -- Symlinking: /home/sincerejuliya/Documents/ros_ws/src/graph_for_task_planner_msg/install/graph_for_task_planner_msg/local/lib/python3.10/dist-packages/graph_for_task_planner_msg/graph_for_task_planner_msg_s__rosidl_typesupport_introspection_c.cpython-310-x86_64-linux-gnu.so
[3.761s] -- Symlinking: /home/sincerejuliya/Documents/ros_ws/src/graph_for_task_planner_msg/install/graph_for_task_planner_msg/local/lib/python3.10/dist-packages/graph_for_task_planner_msg/libgraph_for_task_planner_msg__rosidl_generator_py.so
[3.769s] -- Symlinking: /home/sincerejuliya/Documents/ros_ws/src/graph_for_task_planner_msg/install/graph_for_task_planner_msg/local/lib/python3.10/dist-packages/graph_for_task_planner_msg/msg/__init__.py
[3.777s] -- Symlinking: /home/sincerejuliya/Documents/ros_ws/src/graph_for_task_planner_msg/install/graph_for_task_planner_msg/local/lib/python3.10/dist-packages/graph_for_task_planner_msg/msg/_edge.py
[3.785s] -- Symlinking: /home/sincerejuliya/Documents/ros_ws/src/graph_for_task_planner_msg/install/graph_for_task_planner_msg/local/lib/python3.10/dist-packages/graph_for_task_planner_msg/msg/_edge_s.c
[3.794s] -- Symlinking: /home/sincerejuliya/Documents/ros_ws/src/graph_for_task_planner_msg/install/graph_for_task_planner_msg/local/lib/python3.10/dist-packages/graph_for_task_planner_msg/msg/_graph.py
[3.803s] -- Symlinking: /home/sincerejuliya/Documents/ros_ws/src/graph_for_task_planner_msg/install/graph_for_task_planner_msg/local/lib/python3.10/dist-packages/graph_for_task_planner_msg/msg/_graph_s.c
[3.811s] -- Symlinking: /home/sincerejuliya/Documents/ros_ws/src/graph_for_task_planner_msg/install/graph_for_task_planner_msg/local/lib/python3.10/dist-packages/graph_for_task_planner_msg/msg/_point.py
[3.820s] -- Symlinking: /home/sincerejuliya/Documents/ros_ws/src/graph_for_task_planner_msg/install/graph_for_task_planner_msg/local/lib/python3.10/dist-packages/graph_for_task_planner_msg/msg/_point_s.c
[3.830s] -- Up-to-date symlink: /home/sincerejuliya/Documents/ros_ws/src/graph_for_task_planner_msg/install/graph_for_task_planner_msg/local/lib/python3.10/dist-packages/graph_for_task_planner_msg/graph_for_task_planner_msg_s__rosidl_typesupport_fastrtps_c.cpython-310-x86_64-linux-gnu.so
[3.830s] -- Up-to-date symlink: /home/sincerejuliya/Documents/ros_ws/src/graph_for_task_planner_msg/install/graph_for_task_planner_msg/local/lib/python3.10/dist-packages/graph_for_task_planner_msg/graph_for_task_planner_msg_s__rosidl_typesupport_introspection_c.cpython-310-x86_64-linux-gnu.so
[3.830s] -- Up-to-date symlink: /home/sincerejuliya/Documents/ros_ws/src/graph_for_task_planner_msg/install/graph_for_task_planner_msg/local/lib/python3.10/dist-packages/graph_for_task_planner_msg/graph_for_task_planner_msg_s__rosidl_typesupport_c.cpython-310-x86_64-linux-gnu.so
[3.831s] -- Symlinking: /home/sincerejuliya/Documents/ros_ws/src/graph_for_task_planner_msg/install/graph_for_task_planner_msg/share/graph_for_task_planner_msg/msg/Graph.idl
[3.841s] -- Symlinking: /home/sincerejuliya/Documents/ros_ws/src/graph_for_task_planner_msg/install/graph_for_task_planner_msg/share/graph_for_task_planner_msg/msg/Edge.idl
[3.849s] -- Symlinking: /home/sincerejuliya/Documents/ros_ws/src/graph_for_task_planner_msg/install/graph_for_task_planner_msg/share/graph_for_task_planner_msg/msg/Point.idl
[3.857s] -- Symlinking: /home/sincerejuliya/Documents/ros_ws/src/graph_for_task_planner_msg/install/graph_for_task_planner_msg/share/graph_for_task_planner_msg/msg/Graph.msg
[3.866s] -- Symlinking: /home/sincerejuliya/Documents/ros_ws/src/graph_for_task_planner_msg/install/graph_for_task_planner_msg/share/graph_for_task_planner_msg/msg/Edge.msg
[3.875s] -- Symlinking: /home/sincerejuliya/Documents/ros_ws/src/graph_for_task_planner_msg/install/graph_for_task_planner_msg/share/graph_for_task_planner_msg/msg/Point.msg
[3.883s] -- Symlinking: /home/sincerejuliya/Documents/ros_ws/src/graph_for_task_planner_msg/install/graph_for_task_planner_msg/share/ament_index/resource_index/package_run_dependencies/graph_for_task_planner_msg
[3.892s] -- Symlinking: /home/sincerejuliya/Documents/ros_ws/src/graph_for_task_planner_msg/install/graph_for_task_planner_msg/share/ament_index/resource_index/parent_prefix_path/graph_for_task_planner_msg
[3.901s] -- Symlinking: /home/sincerejuliya/Documents/ros_ws/src/graph_for_task_planner_msg/install/graph_for_task_planner_msg/share/graph_for_task_planner_msg/environment/ament_prefix_path.sh
[3.910s] -- Symlinking: /home/sincerejuliya/Documents/ros_ws/src/graph_for_task_planner_msg/install/graph_for_task_planner_msg/share/graph_for_task_planner_msg/environment/ament_prefix_path.dsv
[3.918s] -- Symlinking: /home/sincerejuliya/Documents/ros_ws/src/graph_for_task_planner_msg/install/graph_for_task_planner_msg/share/graph_for_task_planner_msg/environment/path.sh
[3.927s] -- Symlinking: /home/sincerejuliya/Documents/ros_ws/src/graph_for_task_planner_msg/install/graph_for_task_planner_msg/share/graph_for_task_planner_msg/environment/path.dsv
[3.935s] -- Symlinking: /home/sincerejuliya/Documents/ros_ws/src/graph_for_task_planner_msg/install/graph_for_task_planner_msg/share/graph_for_task_planner_msg/local_setup.bash
[3.944s] -- Symlinking: /home/sincerejuliya/Documents/ros_ws/src/graph_for_task_planner_msg/install/graph_for_task_planner_msg/share/graph_for_task_planner_msg/local_setup.sh
[3.953s] -- Symlinking: /home/sincerejuliya/Documents/ros_ws/src/graph_for_task_planner_msg/install/graph_for_task_planner_msg/share/graph_for_task_planner_msg/local_setup.zsh
[3.964s] -- Symlinking: /home/sincerejuliya/Documents/ros_ws/src/graph_for_task_planner_msg/install/graph_for_task_planner_msg/share/graph_for_task_planner_msg/local_setup.dsv
[3.973s] -- Symlinking: /home/sincerejuliya/Documents/ros_ws/src/graph_for_task_planner_msg/install/graph_for_task_planner_msg/share/graph_for_task_planner_msg/package.dsv
[3.981s] -- Symlinking: /home/sincerejuliya/Documents/ros_ws/src/graph_for_task_planner_msg/install/graph_for_task_planner_msg/share/ament_index/resource_index/packages/graph_for_task_planner_msg
[3.991s] -- Symlinking: /home/sincerejuliya/Documents/ros_ws/src/graph_for_task_planner_msg/install/graph_for_task_planner_msg/share/graph_for_task_planner_msg/cmake/rosidl_cmake-extras.cmake
[4.000s] -- Symlinking: /home/sincerejuliya/Documents/ros_ws/src/graph_for_task_planner_msg/install/graph_for_task_planner_msg/share/graph_for_task_planner_msg/cmake/ament_cmake_export_include_directories-extras.cmake
[4.009s] -- Symlinking: /home/sincerejuliya/Documents/ros_ws/src/graph_for_task_planner_msg/install/graph_for_task_planner_msg/share/graph_for_task_planner_msg/cmake/ament_cmake_export_libraries-extras.cmake
[4.016s] -- Symlinking: /home/sincerejuliya/Documents/ros_ws/src/graph_for_task_planner_msg/install/graph_for_task_planner_msg/share/graph_for_task_planner_msg/cmake/ament_cmake_export_targets-extras.cmake
[4.025s] -- Symlinking: /home/sincerejuliya/Documents/ros_ws/src/graph_for_task_planner_msg/install/graph_for_task_planner_msg/share/graph_for_task_planner_msg/cmake/rosidl_cmake_export_typesupport_targets-extras.cmake
[4.034s] -- Symlinking: /home/sincerejuliya/Documents/ros_ws/src/graph_for_task_planner_msg/install/graph_for_task_planner_msg/share/graph_for_task_planner_msg/cmake/ament_cmake_export_dependencies-extras.cmake
[4.043s] -- Symlinking: /home/sincerejuliya/Documents/ros_ws/src/graph_for_task_planner_msg/install/graph_for_task_planner_msg/share/graph_for_task_planner_msg/cmake/rosidl_cmake_export_typesupport_libraries-extras.cmake
[4.051s] -- Symlinking: /home/sincerejuliya/Documents/ros_ws/src/graph_for_task_planner_msg/install/graph_for_task_planner_msg/share/graph_for_task_planner_msg/cmake/graph_for_task_planner_msgConfig.cmake
[4.060s] -- Symlinking: /home/sincerejuliya/Documents/ros_ws/src/graph_for_task_planner_msg/install/graph_for_task_planner_msg/share/graph_for_task_planner_msg/cmake/graph_for_task_planner_msgConfig-version.cmake
[4.069s] -- Symlinking: /home/sincerejuliya/Documents/ros_ws/src/graph_for_task_planner_msg/install/graph_for_task_planner_msg/share/graph_for_task_planner_msg/package.xml
[4.078s] -- Installing: /home/sincerejuliya/Documents/ros_ws/src/graph_for_task_planner_msg/install/graph_for_task_planner_msg/lib/libgraph_for_task_planner_msg__rosidl_generator_c.so
[4.078s] -- Set runtime path of "/home/sincerejuliya/Documents/ros_ws/src/graph_for_task_planner_msg/install/graph_for_task_planner_msg/lib/libgraph_for_task_planner_msg__rosidl_generator_c.so" to ""
[4.078s] -- Installing: /home/sincerejuliya/Documents/ros_ws/src/graph_for_task_planner_msg/install/graph_for_task_planner_msg/lib/libgraph_for_task_planner_msg__rosidl_typesupport_fastrtps_c.so
[4.079s] -- Set runtime path of "/home/sincerejuliya/Documents/ros_ws/src/graph_for_task_planner_msg/install/graph_for_task_planner_msg/lib/libgraph_for_task_planner_msg__rosidl_typesupport_fastrtps_c.so" to ""
[4.079s] -- Installing: /home/sincerejuliya/Documents/ros_ws/src/graph_for_task_planner_msg/install/graph_for_task_planner_msg/lib/libgraph_for_task_planner_msg__rosidl_typesupport_introspection_c.so
[4.079s] -- Set runtime path of "/home/sincerejuliya/Documents/ros_ws/src/graph_for_task_planner_msg/install/graph_for_task_planner_msg/lib/libgraph_for_task_planner_msg__rosidl_typesupport_introspection_c.so" to ""
[4.079s] -- Installing: /home/sincerejuliya/Documents/ros_ws/src/graph_for_task_planner_msg/install/graph_for_task_planner_msg/lib/libgraph_for_task_planner_msg__rosidl_typesupport_c.so
[4.080s] -- Set runtime path of "/home/sincerejuliya/Documents/ros_ws/src/graph_for_task_planner_msg/install/graph_for_task_planner_msg/lib/libgraph_for_task_planner_msg__rosidl_typesupport_c.so" to ""
[4.080s] -- Installing: /home/sincerejuliya/Documents/ros_ws/src/graph_for_task_planner_msg/install/graph_for_task_planner_msg/lib/libgraph_for_task_planner_msg__rosidl_typesupport_fastrtps_cpp.so
[4.080s] -- Set runtime path of "/home/sincerejuliya/Documents/ros_ws/src/graph_for_task_planner_msg/install/graph_for_task_planner_msg/lib/libgraph_for_task_planner_msg__rosidl_typesupport_fastrtps_cpp.so" to ""
[4.080s] -- Installing: /home/sincerejuliya/Documents/ros_ws/src/graph_for_task_planner_msg/install/graph_for_task_planner_msg/lib/libgraph_for_task_planner_msg__rosidl_typesupport_introspection_cpp.so
[4.081s] -- Set runtime path of "/home/sincerejuliya/Documents/ros_ws/src/graph_for_task_planner_msg/install/graph_for_task_planner_msg/lib/libgraph_for_task_planner_msg__rosidl_typesupport_introspection_cpp.so" to ""
[4.081s] -- Installing: /home/sincerejuliya/Documents/ros_ws/src/graph_for_task_planner_msg/install/graph_for_task_planner_msg/lib/libgraph_for_task_planner_msg__rosidl_typesupport_cpp.so
[4.081s] -- Set runtime path of "/home/sincerejuliya/Documents/ros_ws/src/graph_for_task_planner_msg/install/graph_for_task_planner_msg/lib/libgraph_for_task_planner_msg__rosidl_typesupport_cpp.so" to ""
[4.111s] Listing '/home/sincerejuliya/Documents/ros_ws/src/graph_for_task_planner_msg/install/graph_for_task_planner_msg/local/lib/python3.10/dist-packages/graph_for_task_planner_msg'...
[4.111s] Compiling '/home/sincerejuliya/Documents/ros_ws/src/graph_for_task_planner_msg/install/graph_for_task_planner_msg/local/lib/python3.10/dist-packages/graph_for_task_planner_msg/__init__.py'...
[4.111s] Listing '/home/sincerejuliya/Documents/ros_ws/src/graph_for_task_planner_msg/install/graph_for_task_planner_msg/local/lib/python3.10/dist-packages/graph_for_task_planner_msg/msg'...
[4.111s] Compiling '/home/sincerejuliya/Documents/ros_ws/src/graph_for_task_planner_msg/install/graph_for_task_planner_msg/local/lib/python3.10/dist-packages/graph_for_task_planner_msg/msg/__init__.py'...
[4.111s] Compiling '/home/sincerejuliya/Documents/ros_ws/src/graph_for_task_planner_msg/install/graph_for_task_planner_msg/local/lib/python3.10/dist-packages/graph_for_task_planner_msg/msg/_edge.py'...
[4.111s] Compiling '/home/sincerejuliya/Documents/ros_ws/src/graph_for_task_planner_msg/install/graph_for_task_planner_msg/local/lib/python3.10/dist-packages/graph_for_task_planner_msg/msg/_graph.py'...
[4.111s] Compiling '/home/sincerejuliya/Documents/ros_ws/src/graph_for_task_planner_msg/install/graph_for_task_planner_msg/local/lib/python3.10/dist-packages/graph_for_task_planner_msg/msg/_point.py'...
[4.113s] -- Installing: /home/sincerejuliya/Documents/ros_ws/src/graph_for_task_planner_msg/install/graph_for_task_planner_msg/lib/libgraph_for_task_planner_msg__rosidl_generator_py.so
[4.114s] -- Set runtime path of "/home/sincerejuliya/Documents/ros_ws/src/graph_for_task_planner_msg/install/graph_for_task_planner_msg/lib/libgraph_for_task_planner_msg__rosidl_generator_py.so" to ""
[4.114s] -- Installing: /home/sincerejuliya/Documents/ros_ws/src/graph_for_task_planner_msg/install/graph_for_task_planner_msg/share/graph_for_task_planner_msg/cmake/export_graph_for_task_planner_msg__rosidl_generator_cExport.cmake
[4.114s] -- Installing: /home/sincerejuliya/Documents/ros_ws/src/graph_for_task_planner_msg/install/graph_for_task_planner_msg/share/graph_for_task_planner_msg/cmake/export_graph_for_task_planner_msg__rosidl_generator_cExport-noconfig.cmake
[4.114s] -- Installing: /home/sincerejuliya/Documents/ros_ws/src/graph_for_task_planner_msg/install/graph_for_task_planner_msg/share/graph_for_task_planner_msg/cmake/export_graph_for_task_planner_msg__rosidl_typesupport_fastrtps_cExport.cmake
[4.115s] -- Installing: /home/sincerejuliya/Documents/ros_ws/src/graph_for_task_planner_msg/install/graph_for_task_planner_msg/share/graph_for_task_planner_msg/cmake/export_graph_for_task_planner_msg__rosidl_typesupport_fastrtps_cExport-noconfig.cmake
[4.115s] -- Installing: /home/sincerejuliya/Documents/ros_ws/src/graph_for_task_planner_msg/install/graph_for_task_planner_msg/share/graph_for_task_planner_msg/cmake/graph_for_task_planner_msg__rosidl_typesupport_introspection_cExport.cmake
[4.115s] -- Installing: /home/sincerejuliya/Documents/ros_ws/src/graph_for_task_planner_msg/install/graph_for_task_planner_msg/share/graph_for_task_planner_msg/cmake/graph_for_task_planner_msg__rosidl_typesupport_introspection_cExport-noconfig.cmake
[4.115s] -- Installing: /home/sincerejuliya/Documents/ros_ws/src/graph_for_task_planner_msg/install/graph_for_task_planner_msg/share/graph_for_task_planner_msg/cmake/graph_for_task_planner_msg__rosidl_typesupport_cExport.cmake
[4.115s] -- Installing: /home/sincerejuliya/Documents/ros_ws/src/graph_for_task_planner_msg/install/graph_for_task_planner_msg/share/graph_for_task_planner_msg/cmake/graph_for_task_planner_msg__rosidl_typesupport_cExport-noconfig.cmake
[4.116s] -- Installing: /home/sincerejuliya/Documents/ros_ws/src/graph_for_task_planner_msg/install/graph_for_task_planner_msg/share/graph_for_task_planner_msg/cmake/export_graph_for_task_planner_msg__rosidl_generator_cppExport.cmake
[4.116s] -- Installing: /home/sincerejuliya/Documents/ros_ws/src/graph_for_task_planner_msg/install/graph_for_task_planner_msg/share/graph_for_task_planner_msg/cmake/export_graph_for_task_planner_msg__rosidl_typesupport_fastrtps_cppExport.cmake
[4.116s] -- Installing: /home/sincerejuliya/Documents/ros_ws/src/graph_for_task_planner_msg/install/graph_for_task_planner_msg/share/graph_for_task_planner_msg/cmake/export_graph_for_task_planner_msg__rosidl_typesupport_fastrtps_cppExport-noconfig.cmake
[4.116s] -- Installing: /home/sincerejuliya/Documents/ros_ws/src/graph_for_task_planner_msg/install/graph_for_task_planner_msg/share/graph_for_task_planner_msg/cmake/graph_for_task_planner_msg__rosidl_typesupport_introspection_cppExport.cmake
[4.116s] -- Installing: /home/sincerejuliya/Documents/ros_ws/src/graph_for_task_planner_msg/install/graph_for_task_planner_msg/share/graph_for_task_planner_msg/cmake/graph_for_task_planner_msg__rosidl_typesupport_introspection_cppExport-noconfig.cmake
[4.117s] -- Installing: /home/sincerejuliya/Documents/ros_ws/src/graph_for_task_planner_msg/install/graph_for_task_planner_msg/share/graph_for_task_planner_msg/cmake/graph_for_task_planner_msg__rosidl_typesupport_cppExport.cmake
[4.117s] -- Installing: /home/sincerejuliya/Documents/ros_ws/src/graph_for_task_planner_msg/install/graph_for_task_planner_msg/share/graph_for_task_planner_msg/cmake/graph_for_task_planner_msg__rosidl_typesupport_cppExport-noconfig.cmake
[4.117s] -- Installing: /home/sincerejuliya/Documents/ros_ws/src/graph_for_task_planner_msg/install/graph_for_task_planner_msg/share/graph_for_task_planner_msg/cmake/export_graph_for_task_planner_msg__rosidl_generator_pyExport.cmake
[4.117s] -- Installing: /home/sincerejuliya/Documents/ros_ws/src/graph_for_task_planner_msg/install/graph_for_task_planner_msg/share/graph_for_task_planner_msg/cmake/export_graph_for_task_planner_msg__rosidl_generator_pyExport-noconfig.cmake
[4.120s] Invoked command in '/home/sincerejuliya/Documents/ros_ws/src/graph_for_task_planner_msg/build/graph_for_task_planner_msg' returned '0': CMAKE_PREFIX_PATH=${CMAKE_PREFIX_PATH}:/opt/ros/humble /usr/bin/cmake --install /home/sincerejuliya/Documents/ros_ws/src/graph_for_task_planner_msg/build/graph_for_task_planner_msg
