[0.056s] Invoking command in '/home/seventeen/Robotics-and-its-application/build/obstacles_msgs': CMAKE_PREFIX_PATH=/opt/ros/humble /home/seventeen/.local/bin/cmake /home/seventeen/Robotics-and-its-application/src/Shelfino_ROS2/obstacles_msgs -DCMAKE_INSTALL_PREFIX=/home/seventeen/Robotics-and-its-application/install/obstacles_msgs
[0.276s] [0mCMake Deprecation Warning at CMakeLists.txt:1 (cmake_minimum_required):
[0.276s]   Compatibility with CMake < 3.10 will be removed from a future version of
[0.276s]   CMake.
[0.276s] 
[0.276s]   Update the VERSION argument <min> value or use a ...<max> suffix to tell
[0.277s]   CMake that the project does not need compatibility with older versions.
[0.277s] 
[0.277s] [0m
[0.405s] -- The C compiler identification is GNU 11.4.0
[0.579s] -- The CXX compiler identification is GNU 11.4.0
[0.597s] -- Detecting C compiler ABI info
[0.769s] -- Detecting C compiler ABI info - done
[0.819s] -- Check for working C compiler: /usr/bin/cc - skipped
[0.819s] -- Detecting C compile features
[0.822s] -- Detecting C compile features - done
[0.853s] -- Detecting CXX compiler ABI info
[1.058s] -- Detecting CXX compiler ABI info - done
[1.101s] -- Check for working CXX compiler: /usr/bin/c++ - skipped
[1.103s] -- Detecting CXX compile features
[1.104s] -- Detecting CXX compile features - done
[1.127s] -- Found ament_cmake: 1.3.10 (/opt/ros/humble/share/ament_cmake/cmake)
[1.522s] -- Found Python3: /usr/bin/python3 (found version "3.10.12") found components: Interpreter
[1.779s] -- Found builtin_interfaces: 1.2.1 (/opt/ros/humble/share/builtin_interfaces/cmake)
[1.882s] -- Found rosidl_generator_c: 3.1.5 (/opt/ros/humble/share/rosidl_generator_c/cmake)
[1.897s] -- Found rosidl_adapter: 3.1.5 (/opt/ros/humble/share/rosidl_adapter/cmake)
[1.926s] -- Found rosidl_generator_cpp: 3.1.5 (/opt/ros/humble/share/rosidl_generator_cpp/cmake)
[1.975s] -- Using all available rosidl_typesupport_c: rosidl_typesupport_fastrtps_c;rosidl_typesupport_introspection_c
[2.021s] -- Using all available rosidl_typesupport_cpp: rosidl_typesupport_fastrtps_cpp;rosidl_typesupport_introspection_cpp
[2.061s] -- Found geometry_msgs: 4.2.4 (/opt/ros/humble/share/geometry_msgs/cmake)
[2.157s] -- Found rosidl_default_generators: 1.2.0 (/opt/ros/humble/share/rosidl_default_generators/cmake)
[3.311s] -- Found ament_cmake_ros: 0.10.0 (/opt/ros/humble/share/ament_cmake_ros/cmake)
[4.976s] -- Using all available rosidl_typesupport_c: rosidl_typesupport_fastrtps_c;rosidl_typesupport_introspection_c
[5.638s] -- Using all available rosidl_typesupport_cpp: rosidl_typesupport_fastrtps_cpp;rosidl_typesupport_introspection_cpp
[5.645s] [33mCMake Warning (dev) at /opt/ros/humble/share/rosidl_generator_py/cmake/rosidl_generator_py_generate_interfaces.cmake:20 (find_package):
[5.646s]   Policy CMP0148 is not set: The FindPythonInterp and FindPythonLibs modules
[5.646s]   are removed.  Run "cmake --help-policy CMP0148" for policy details.  Use
[5.646s]   the cmake_policy command to set the policy and suppress this warning.
[5.646s] 
[5.646s] Call Stack (most recent call first):
[5.647s]   /opt/ros/humble/share/ament_cmake_core/cmake/core/ament_execute_extensions.cmake:48 (include)
[5.647s]   /opt/ros/humble/share/rosidl_cmake/cmake/rosidl_generate_interfaces.cmake:286 (ament_execute_extensions)
[5.647s]   CMakeLists.txt:20 (rosidl_generate_interfaces)
[5.647s] This warning is for project developers.  Use -Wno-dev to suppress it.
[5.647s] [0m
[5.690s] -- Found PythonInterp: /usr/bin/python3 (found suitable version "3.10.12", minimum required is "3.6")
[5.693s] -- Found python_cmake_module: 0.10.0 (/opt/ros/humble/share/python_cmake_module/cmake)
[5.694s] [33mCMake Warning (dev) at /opt/ros/humble/share/python_cmake_module/cmake/Modules/FindPythonExtra.cmake:52 (find_package):
[5.694s]   Policy CMP0148 is not set: The FindPythonInterp and FindPythonLibs modules
[5.695s]   are removed.  Run "cmake --help-policy CMP0148" for policy details.  Use
[5.695s]   the cmake_policy command to set the policy and suppress this warning.
[5.695s] 
[5.695s] Call Stack (most recent call first):
[5.695s]   /opt/ros/humble/share/rosidl_generator_py/cmake/rosidl_generator_py_generate_interfaces.cmake:23 (find_package)
[5.696s]   /opt/ros/humble/share/ament_cmake_core/cmake/core/ament_execute_extensions.cmake:48 (include)
[5.696s]   /opt/ros/humble/share/rosidl_cmake/cmake/rosidl_generate_interfaces.cmake:286 (ament_execute_extensions)
[5.696s]   CMakeLists.txt:20 (rosidl_generate_interfaces)
[5.696s] This warning is for project developers.  Use -Wno-dev to suppress it.
[5.696s] [0m
[5.731s] [33mCMake Warning (dev) at /opt/ros/humble/share/python_cmake_module/cmake/Modules/FindPythonExtra.cmake:140 (find_package):
[5.732s]   Policy CMP0148 is not set: The FindPythonInterp and FindPythonLibs modules
[5.732s]   are removed.  Run "cmake --help-policy CMP0148" for policy details.  Use
[5.732s]   the cmake_policy command to set the policy and suppress this warning.
[5.733s] 
[5.733s] Call Stack (most recent call first):
[5.734s]   /opt/ros/humble/share/rosidl_generator_py/cmake/rosidl_generator_py_generate_interfaces.cmake:23 (find_package)
[5.734s]   /opt/ros/humble/share/ament_cmake_core/cmake/core/ament_execute_extensions.cmake:48 (include)
[5.734s]   /opt/ros/humble/share/rosidl_cmake/cmake/rosidl_generate_interfaces.cmake:286 (ament_execute_extensions)
[5.735s]   CMakeLists.txt:20 (rosidl_generate_interfaces)
[5.735s] This warning is for project developers.  Use -Wno-dev to suppress it.
[5.735s] [0m
[5.753s] -- Found PythonLibs: /usr/lib/x86_64-linux-gnu/libpython3.10.so (found suitable version "3.10.12", minimum required is "3.5")
[5.754s] -- Using PYTHON_EXECUTABLE: /usr/bin/python3
[5.754s] -- Using PYTHON_INCLUDE_DIRS: /usr/include/python3.10
[5.754s] -- Using PYTHON_LIBRARIES: /usr/lib/x86_64-linux-gnu/libpython3.10.so
[5.801s] -- Found PythonExtra: .so
[5.965s] -- Configuring done (5.7s)
[6.052s] -- Generating done (0.1s)
[6.053s] -- Build files have been written to: /home/seventeen/Robotics-and-its-application/build/obstacles_msgs
