[01m[K/home/seventeen/Robotics-and-its-application/src/robot_planning/src/listenerGates.cpp:5:10:[m[K [01;31m[Kfatal error: [m[K../include/robotPlanning: No such file or directory
    5 | #include [01;31m[K"../include/robotPlanning"[m[K
      |          [01;31m[K^~~~~~~~~~~~~~~~~~~~~~~~~~[m[K
compilation terminated.
gmake[2]: *** [CMakeFiles/gates.dir/build.make:79: CMakeFiles/gates.dir/src/listenerGates.cpp.o] Error 1
gmake[1]: *** [CMakeFiles/Makefile2:188: CMakeFiles/gates.dir/all] Error 2
gmake[1]: *** Waiting for unfinished jobs....
[01m[K/home/seventeen/Robotics-and-its-application/src/robot_planning/src/listenerBorders.cpp:5:10:[m[K [01;31m[Kfatal error: [m[K../include/robotPlanning: No such file or directory
    5 | #include [01;31m[K"../include/robotPlanning"[m[K
      |          [01;31m[K^~~~~~~~~~~~~~~~~~~~~~~~~~[m[K
compilation terminated.
gmake[2]: *** [CMakeFiles/borders.dir/build.make:79: CMakeFiles/borders.dir/src/listenerBorders.cpp.o] Error 1
gmake[1]: *** [CMakeFiles/Makefile2:157: CMakeFiles/borders.dir/all] Error 2
[01m[K/home/seventeen/Robotics-and-its-application/src/robot_planning/src/listenerObstacles.cpp:9:10:[m[K [01;31m[Kfatal error: [m[K../include/robotPlanning: No such file or directory
    9 | #include [01;31m[K"../include/robotPlanning"[m[K
      |          [01;31m[K^~~~~~~~~~~~~~~~~~~~~~~~~~[m[K
compilation terminated.
gmake[2]: *** [CMakeFiles/obstacles.dir/build.make:79: CMakeFiles/obstacles.dir/src/listenerObstacles.cpp.o] Error 1
gmake[1]: *** [CMakeFiles/Makefile2:219: CMakeFiles/obstacles.dir/all] Error 2
gmake: *** [Makefile:146: all] Error 2
