[0.051s] Invoking command in '/home/seventeen/Robotics-and-its-application/build/shelfino_description': CMAKE_PREFIX_PATH=/opt/ros/humble /home/seventeen/.local/bin/cmake --build /home/seventeen/Robotics-and-its-application/build/shelfino_description -- -j8 -l8
[0.243s] Invoked command in '/home/seventeen/Robotics-and-its-application/build/shelfino_description' returned '0': CMAKE_PREFIX_PATH=/opt/ros/humble /home/seventeen/.local/bin/cmake --build /home/seventeen/Robotics-and-its-application/build/shelfino_description -- -j8 -l8
[0.656s] Invoking command in '/home/seventeen/Robotics-and-its-application/build/shelfino_description': CMAKE_PREFIX_PATH=/opt/ros/humble /home/seventeen/.local/bin/cmake --install /home/seventeen/Robotics-and-its-application/build/shelfino_description
[0.863s] -- Install configuration: ""
[0.863s] -- Up-to-date: /home/seventeen/Robotics-and-its-application/install/shelfino_description/share/shelfino_description/launch
[0.863s] -- Up-to-date: /home/seventeen/Robotics-and-its-application/install/shelfino_description/share/shelfino_description/launch/rviz.launch.py
[0.864s] -- Up-to-date: /home/seventeen/Robotics-and-its-application/install/shelfino_description/share/shelfino_description/launch/rsp.launch.py
[0.864s] -- Up-to-date: /home/seventeen/Robotics-and-its-application/install/shelfino_description/share/shelfino_description/models
[0.864s] -- Up-to-date: /home/seventeen/Robotics-and-its-application/install/shelfino_description/share/shelfino_description/models/xmas_hat
[0.864s] -- Up-to-date: /home/seventeen/Robotics-and-its-application/install/shelfino_description/share/shelfino_description/models/xmas_hat/model.sdf
[0.865s] -- Up-to-date: /home/seventeen/Robotics-and-its-application/install/shelfino_description/share/shelfino_description/models/xmas_hat/materials
[0.865s] -- Up-to-date: /home/seventeen/Robotics-and-its-application/install/shelfino_description/share/shelfino_description/models/xmas_hat/materials/textures
[0.865s] -- Up-to-date: /home/seventeen/Robotics-and-its-application/install/shelfino_description/share/shelfino_description/models/xmas_hat/materials/textures/Material.001 Base Color.png
[0.866s] -- Up-to-date: /home/seventeen/Robotics-and-its-application/install/shelfino_description/share/shelfino_description/models/xmas_hat/materials/textures/xmas_hat.png
[0.866s] -- Up-to-date: /home/seventeen/Robotics-and-its-application/install/shelfino_description/share/shelfino_description/models/xmas_hat/meshes
[0.866s] -- Up-to-date: /home/seventeen/Robotics-and-its-application/install/shelfino_description/share/shelfino_description/models/xmas_hat/meshes/xmas_hat.dae
[0.866s] -- Up-to-date: /home/seventeen/Robotics-and-its-application/install/shelfino_description/share/shelfino_description/models/xmas_hat/model.config
[0.866s] -- Up-to-date: /home/seventeen/Robotics-and-its-application/install/shelfino_description/share/shelfino_description/models/shelfino_v1
[0.867s] -- Up-to-date: /home/seventeen/Robotics-and-its-application/install/shelfino_description/share/shelfino_description/models/shelfino_v1/gazebo_classic_controls.xacro
[0.867s] -- Up-to-date: /home/seventeen/Robotics-and-its-application/install/shelfino_description/share/shelfino_description/models/shelfino_v1/xmas_hat.xacro
[0.867s] -- Up-to-date: /home/seventeen/Robotics-and-its-application/install/shelfino_description/share/shelfino_description/models/shelfino_v1/wheels.xacro
[0.868s] -- Up-to-date: /home/seventeen/Robotics-and-its-application/install/shelfino_description/share/shelfino_description/models/shelfino_v1/shelfino_body.xacro
[0.868s] -- Up-to-date: /home/seventeen/Robotics-and-its-application/install/shelfino_description/share/shelfino_description/models/shelfino_v1/lidar.xacro
[0.868s] -- Up-to-date: /home/seventeen/Robotics-and-its-application/install/shelfino_description/share/shelfino_description/models/shelfino_v1/materials.xacro
[0.868s] -- Up-to-date: /home/seventeen/Robotics-and-its-application/install/shelfino_description/share/shelfino_description/models/shelfino_v1.xacro
[0.869s] -- Up-to-date: /home/seventeen/Robotics-and-its-application/install/shelfino_description/share/shelfino_description/rviz
[0.869s] -- Up-to-date: /home/seventeen/Robotics-and-its-application/install/shelfino_description/share/shelfino_description/rviz/shelfino.rviz
[0.869s] -- Up-to-date: /home/seventeen/Robotics-and-its-application/install/shelfino_description/share/ament_index/resource_index/package_run_dependencies/shelfino_description
[0.870s] -- Up-to-date: /home/seventeen/Robotics-and-its-application/install/shelfino_description/share/ament_index/resource_index/parent_prefix_path/shelfino_description
[0.870s] -- Up-to-date: /home/seventeen/Robotics-and-its-application/install/shelfino_description/share/shelfino_description/environment/ament_prefix_path.sh
[0.870s] -- Up-to-date: /home/seventeen/Robotics-and-its-application/install/shelfino_description/share/shelfino_description/environment/ament_prefix_path.dsv
[0.870s] -- Up-to-date: /home/seventeen/Robotics-and-its-application/install/shelfino_description/share/shelfino_description/environment/path.sh
[0.870s] -- Up-to-date: /home/seventeen/Robotics-and-its-application/install/shelfino_description/share/shelfino_description/environment/path.dsv
[0.871s] -- Up-to-date: /home/seventeen/Robotics-and-its-application/install/shelfino_description/share/shelfino_description/local_setup.bash
[0.871s] -- Up-to-date: /home/seventeen/Robotics-and-its-application/install/shelfino_description/share/shelfino_description/local_setup.sh
[0.872s] -- Up-to-date: /home/seventeen/Robotics-and-its-application/install/shelfino_description/share/shelfino_description/local_setup.zsh
[0.873s] -- Up-to-date: /home/seventeen/Robotics-and-its-application/install/shelfino_description/share/shelfino_description/local_setup.dsv
[0.873s] -- Installing: /home/seventeen/Robotics-and-its-application/install/shelfino_description/share/shelfino_description/package.dsv
[0.873s] -- Up-to-date: /home/seventeen/Robotics-and-its-application/install/shelfino_description/share/ament_index/resource_index/packages/shelfino_description
[0.874s] -- Up-to-date: /home/seventeen/Robotics-and-its-application/install/shelfino_description/share/shelfino_description/cmake/shelfino_descriptionConfig.cmake
[0.876s] -- Up-to-date: /home/seventeen/Robotics-and-its-application/install/shelfino_description/share/shelfino_description/cmake/shelfino_descriptionConfig-version.cmake
[0.877s] -- Up-to-date: /home/seventeen/Robotics-and-its-application/install/shelfino_description/share/shelfino_description/package.xml
[0.887s] Invoked command in '/home/seventeen/Robotics-and-its-application/build/shelfino_description' returned '0': CMAKE_PREFIX_PATH=/opt/ros/humble /home/seventeen/.local/bin/cmake --install /home/seventeen/Robotics-and-its-application/build/shelfino_description
