[0.032s] Invoking command in '/home/seventeen/Robotics-and-its-application/build/projects': AMENT_PREFIX_PATH=/home/seventeen/Robotics-and-its-application/install/map_pkg:/home/seventeen/Robotics-and-its-application/install/shelfino_navigation:/home/seventeen/Robotics-and-its-application/install/shelfino_gazebo:/home/seventeen/Robotics-and-its-application/install/shelfino_description:/home/seventeen/Robotics-and-its-application/install/obstacles_msgs:${AMENT_PREFIX_PATH} CMAKE_PREFIX_PATH=/home/seventeen/Robotics-and-its-application/install/map_pkg:/home/seventeen/Robotics-and-its-application/install/shelfino_navigation:/home/seventeen/Robotics-and-its-application/install/shelfino_gazebo:/home/seventeen/Robotics-and-its-application/install/shelfino_description:/home/seventeen/Robotics-and-its-application/install/obstacles_msgs:/opt/ros/humble LD_LIBRARY_PATH=/home/seventeen/Robotics-and-its-application/install/obstacles_msgs/lib:${LD_LIBRARY_PATH} PYTHONPATH=/home/seventeen/Robotics-and-its-application/install/obstacles_msgs/local/lib/python3.10/dist-packages:${PYTHONPATH} /home/seventeen/.local/bin/cmake --build /home/seventeen/Robotics-and-its-application/build/projects -- -j8 -l8
[0.198s] [0mCMake Deprecation Warning at CMakeLists.txt:1 (cmake_minimum_required):
[0.198s]   Compatibility with CMake < 3.10 will be removed from a future version of
[0.198s]   CMake.
[0.199s] 
[0.199s]   Update the VERSION argument <min> value or use a ...<max> suffix to tell
[0.199s]   CMake that the project does not need compatibility with older versions.
[0.199s] 
[0.199s] [0m
[0.222s] -- Found ament_cmake: 1.3.10 (/opt/ros/humble/share/ament_cmake/cmake)
[0.664s] -- Configuring done (0.5s)
[0.677s] -- Generating done (0.0s)
[0.678s] -- Build files have been written to: /home/seventeen/Robotics-and-its-application/build/projects
[0.707s] Invoked command in '/home/seventeen/Robotics-and-its-application/build/projects' returned '0': AMENT_PREFIX_PATH=/home/seventeen/Robotics-and-its-application/install/map_pkg:/home/seventeen/Robotics-and-its-application/install/shelfino_navigation:/home/seventeen/Robotics-and-its-application/install/shelfino_gazebo:/home/seventeen/Robotics-and-its-application/install/shelfino_description:/home/seventeen/Robotics-and-its-application/install/obstacles_msgs:${AMENT_PREFIX_PATH} CMAKE_PREFIX_PATH=/home/seventeen/Robotics-and-its-application/install/map_pkg:/home/seventeen/Robotics-and-its-application/install/shelfino_navigation:/home/seventeen/Robotics-and-its-application/install/shelfino_gazebo:/home/seventeen/Robotics-and-its-application/install/shelfino_description:/home/seventeen/Robotics-and-its-application/install/obstacles_msgs:/opt/ros/humble LD_LIBRARY_PATH=/home/seventeen/Robotics-and-its-application/install/obstacles_msgs/lib:${LD_LIBRARY_PATH} PYTHONPATH=/home/seventeen/Robotics-and-its-application/install/obstacles_msgs/local/lib/python3.10/dist-packages:${PYTHONPATH} /home/seventeen/.local/bin/cmake --build /home/seventeen/Robotics-and-its-application/build/projects -- -j8 -l8
[0.853s] Invoking command in '/home/seventeen/Robotics-and-its-application/build/projects': AMENT_PREFIX_PATH=/home/seventeen/Robotics-and-its-application/install/map_pkg:/home/seventeen/Robotics-and-its-application/install/shelfino_navigation:/home/seventeen/Robotics-and-its-application/install/shelfino_gazebo:/home/seventeen/Robotics-and-its-application/install/shelfino_description:/home/seventeen/Robotics-and-its-application/install/obstacles_msgs:${AMENT_PREFIX_PATH} CMAKE_PREFIX_PATH=/home/seventeen/Robotics-and-its-application/install/map_pkg:/home/seventeen/Robotics-and-its-application/install/shelfino_navigation:/home/seventeen/Robotics-and-its-application/install/shelfino_gazebo:/home/seventeen/Robotics-and-its-application/install/shelfino_description:/home/seventeen/Robotics-and-its-application/install/obstacles_msgs:/opt/ros/humble LD_LIBRARY_PATH=/home/seventeen/Robotics-and-its-application/install/obstacles_msgs/lib:${LD_LIBRARY_PATH} PYTHONPATH=/home/seventeen/Robotics-and-its-application/install/obstacles_msgs/local/lib/python3.10/dist-packages:${PYTHONPATH} /home/seventeen/.local/bin/cmake --install /home/seventeen/Robotics-and-its-application/build/projects
[0.997s] -- Install configuration: ""
[0.997s] -- Up-to-date: /home/seventeen/Robotics-and-its-application/install/projects/share/projects/launch
[0.998s] -- Installing: /home/seventeen/Robotics-and-its-application/install/projects/share/projects/launch/victims.launch.py
[1.007s] -- Installing: /home/seventeen/Robotics-and-its-application/install/projects/share/projects/launch/evader.launch.py
[1.007s] -- Installing: /home/seventeen/Robotics-and-its-application/install/projects/share/projects/launch/evacuation.launch.py
[1.008s] -- Up-to-date: /home/seventeen/Robotics-and-its-application/install/projects/share/ament_index/resource_index/package_run_dependencies/projects
[1.008s] -- Up-to-date: /home/seventeen/Robotics-and-its-application/install/projects/share/ament_index/resource_index/parent_prefix_path/projects
[1.008s] -- Up-to-date: /home/seventeen/Robotics-and-its-application/install/projects/share/projects/environment/ament_prefix_path.sh
[1.008s] -- Installing: /home/seventeen/Robotics-and-its-application/install/projects/share/projects/environment/ament_prefix_path.dsv
[1.009s] -- Up-to-date: /home/seventeen/Robotics-and-its-application/install/projects/share/projects/environment/path.sh
[1.009s] -- Installing: /home/seventeen/Robotics-and-its-application/install/projects/share/projects/environment/path.dsv
[1.009s] -- Up-to-date: /home/seventeen/Robotics-and-its-application/install/projects/share/projects/local_setup.bash
[1.009s] -- Up-to-date: /home/seventeen/Robotics-and-its-application/install/projects/share/projects/local_setup.sh
[1.010s] -- Up-to-date: /home/seventeen/Robotics-and-its-application/install/projects/share/projects/local_setup.zsh
[1.010s] -- Installing: /home/seventeen/Robotics-and-its-application/install/projects/share/projects/local_setup.dsv
[1.010s] -- Installing: /home/seventeen/Robotics-and-its-application/install/projects/share/projects/package.dsv
[1.010s] -- Up-to-date: /home/seventeen/Robotics-and-its-application/install/projects/share/ament_index/resource_index/packages/projects
[1.010s] -- Up-to-date: /home/seventeen/Robotics-and-its-application/install/projects/share/projects/cmake/projectsConfig.cmake
[1.011s] -- Up-to-date: /home/seventeen/Robotics-and-its-application/install/projects/share/projects/cmake/projectsConfig-version.cmake
[1.011s] -- Installing: /home/seventeen/Robotics-and-its-application/install/projects/share/projects/package.xml
[1.014s] Invoked command in '/home/seventeen/Robotics-and-its-application/build/projects' returned '0': AMENT_PREFIX_PATH=/home/seventeen/Robotics-and-its-application/install/map_pkg:/home/seventeen/Robotics-and-its-application/install/shelfino_navigation:/home/seventeen/Robotics-and-its-application/install/shelfino_gazebo:/home/seventeen/Robotics-and-its-application/install/shelfino_description:/home/seventeen/Robotics-and-its-application/install/obstacles_msgs:${AMENT_PREFIX_PATH} CMAKE_PREFIX_PATH=/home/seventeen/Robotics-and-its-application/install/map_pkg:/home/seventeen/Robotics-and-its-application/install/shelfino_navigation:/home/seventeen/Robotics-and-its-application/install/shelfino_gazebo:/home/seventeen/Robotics-and-its-application/install/shelfino_description:/home/seventeen/Robotics-and-its-application/install/obstacles_msgs:/opt/ros/humble LD_LIBRARY_PATH=/home/seventeen/Robotics-and-its-application/install/obstacles_msgs/lib:${LD_LIBRARY_PATH} PYTHONPATH=/home/seventeen/Robotics-and-its-application/install/obstacles_msgs/local/lib/python3.10/dist-packages:${PYTHONPATH} /home/seventeen/.local/bin/cmake --install /home/seventeen/Robotics-and-its-application/build/projects
