[0.066s] Invoking command in '/home/seventeen/Robotics-and-its-application/build/shelfino_navigation': CMAKE_PREFIX_PATH=${CMAKE_PREFIX_PATH}:/opt/ros/humble /home/seventeen/.local/bin/cmake --build /home/seventeen/Robotics-and-its-application/build/shelfino_navigation -- -j8 -l8
[0.347s] Invoked command in '/home/seventeen/Robotics-and-its-application/build/shelfino_navigation' returned '0': CMAKE_PREFIX_PATH=${CMAKE_PREFIX_PATH}:/opt/ros/humble /home/seventeen/.local/bin/cmake --build /home/seventeen/Robotics-and-its-application/build/shelfino_navigation -- -j8 -l8
[0.976s] Invoking command in '/home/seventeen/Robotics-and-its-application/build/shelfino_navigation': CMAKE_PREFIX_PATH=${CMAKE_PREFIX_PATH}:/opt/ros/humble /home/seventeen/.local/bin/cmake --install /home/seventeen/Robotics-and-its-application/build/shelfino_navigation
[1.258s] -- Install configuration: ""
[1.258s] -- Up-to-date: /home/seventeen/Robotics-and-its-application/install/shelfino_navigation/share/shelfino_navigation/launch
[1.259s] -- Up-to-date: /home/seventeen/Robotics-and-its-application/install/shelfino_navigation/share/shelfino_navigation/launch/shelfino_nav.launch.py
[1.259s] -- Up-to-date: /home/seventeen/Robotics-and-its-application/install/shelfino_navigation/share/shelfino_navigation/launch/multi_shelfino_nav.launch.py
[1.259s] -- Up-to-date: /home/seventeen/Robotics-and-its-application/install/shelfino_navigation/share/shelfino_navigation/config
[1.259s] -- Up-to-date: /home/seventeen/Robotics-and-its-application/install/shelfino_navigation/share/shelfino_navigation/config/shelfino.yaml
[1.263s] -- Up-to-date: /home/seventeen/Robotics-and-its-application/install/shelfino_navigation/share/shelfino_navigation/rviz
[1.264s] -- Up-to-date: /home/seventeen/Robotics-and-its-application/install/shelfino_navigation/share/shelfino_navigation/rviz/shelfino_nav.rviz
[1.264s] -- Up-to-date: /home/seventeen/Robotics-and-its-application/install/shelfino_navigation/share/shelfino_navigation/rviz/shelfino2_slam.rviz
[1.264s] -- Up-to-date: /home/seventeen/Robotics-and-its-application/install/shelfino_navigation/share/shelfino_navigation/rviz/shelfino_nav_backup.rviz
[1.268s] -- Up-to-date: /home/seventeen/Robotics-and-its-application/install/shelfino_navigation/share/shelfino_navigation/maps
[1.269s] -- Up-to-date: /home/seventeen/Robotics-and-its-application/install/shelfino_navigation/share/shelfino_navigation/maps/ufficio3.yaml
[1.269s] -- Up-to-date: /home/seventeen/Robotics-and-its-application/install/shelfino_navigation/share/shelfino_navigation/maps/ufficio.pgm
[1.269s] -- Up-to-date: /home/seventeen/Robotics-and-its-application/install/shelfino_navigation/share/shelfino_navigation/maps/ufficio2.yaml
[1.269s] -- Up-to-date: /home/seventeen/Robotics-and-its-application/install/shelfino_navigation/share/shelfino_navigation/maps/dynamic_map.png
[1.270s] -- Up-to-date: /home/seventeen/Robotics-and-its-application/install/shelfino_navigation/share/shelfino_navigation/maps/test_obstacles.pgm
[1.270s] -- Up-to-date: /home/seventeen/Robotics-and-its-application/install/shelfino_navigation/share/shelfino_navigation/maps/lab1.pgm
[1.270s] -- Up-to-date: /home/seventeen/Robotics-and-its-application/install/shelfino_navigation/share/shelfino_navigation/maps/ufficio1.yaml
[1.270s] -- Up-to-date: /home/seventeen/Robotics-and-its-application/install/shelfino_navigation/share/shelfino_navigation/maps/test_obstacles.yaml
[1.270s] -- Up-to-date: /home/seventeen/Robotics-and-its-application/install/shelfino_navigation/share/shelfino_navigation/maps/lab.yaml
[1.271s] -- Up-to-date: /home/seventeen/Robotics-and-its-application/install/shelfino_navigation/share/shelfino_navigation/maps/hexagon.yaml
[1.271s] -- Up-to-date: /home/seventeen/Robotics-and-its-application/install/shelfino_navigation/share/shelfino_navigation/maps/dynamic_map.yaml
[1.271s] -- Up-to-date: /home/seventeen/Robotics-and-its-application/install/shelfino_navigation/share/shelfino_navigation/maps/lab1.yaml
[1.271s] -- Up-to-date: /home/seventeen/Robotics-and-its-application/install/shelfino_navigation/share/shelfino_navigation/maps/ufficio3.pgm
[1.271s] -- Up-to-date: /home/seventeen/Robotics-and-its-application/install/shelfino_navigation/share/shelfino_navigation/maps/lab.pgm
[1.272s] -- Up-to-date: /home/seventeen/Robotics-and-its-application/install/shelfino_navigation/share/shelfino_navigation/maps/ufficio.yaml
[1.272s] -- Up-to-date: /home/seventeen/Robotics-and-its-application/install/shelfino_navigation/share/shelfino_navigation/maps/demo.pgm
[1.272s] -- Up-to-date: /home/seventeen/Robotics-and-its-application/install/shelfino_navigation/share/shelfino_navigation/maps/ufficio2.pgm
[1.272s] -- Up-to-date: /home/seventeen/Robotics-and-its-application/install/shelfino_navigation/share/shelfino_navigation/maps/ufficio1.pgm
[1.292s] -- Up-to-date: /home/seventeen/Robotics-and-its-application/install/shelfino_navigation/share/shelfino_navigation/maps/hexagon.pgm
[1.304s] -- Up-to-date: /home/seventeen/Robotics-and-its-application/install/shelfino_navigation/share/shelfino_navigation/maps/demo.yaml
[1.304s] -- Up-to-date: /home/seventeen/Robotics-and-its-application/install/shelfino_navigation/share/ament_index/resource_index/package_run_dependencies/shelfino_navigation
[1.305s] -- Up-to-date: /home/seventeen/Robotics-and-its-application/install/shelfino_navigation/share/ament_index/resource_index/parent_prefix_path/shelfino_navigation
[1.305s] -- Up-to-date: /home/seventeen/Robotics-and-its-application/install/shelfino_navigation/share/shelfino_navigation/environment/ament_prefix_path.sh
[1.306s] -- Up-to-date: /home/seventeen/Robotics-and-its-application/install/shelfino_navigation/share/shelfino_navigation/environment/ament_prefix_path.dsv
[1.306s] -- Up-to-date: /home/seventeen/Robotics-and-its-application/install/shelfino_navigation/share/shelfino_navigation/environment/path.sh
[1.306s] -- Up-to-date: /home/seventeen/Robotics-and-its-application/install/shelfino_navigation/share/shelfino_navigation/environment/path.dsv
[1.306s] -- Up-to-date: /home/seventeen/Robotics-and-its-application/install/shelfino_navigation/share/shelfino_navigation/local_setup.bash
[1.306s] -- Up-to-date: /home/seventeen/Robotics-and-its-application/install/shelfino_navigation/share/shelfino_navigation/local_setup.sh
[1.306s] -- Up-to-date: /home/seventeen/Robotics-and-its-application/install/shelfino_navigation/share/shelfino_navigation/local_setup.zsh
[1.307s] -- Up-to-date: /home/seventeen/Robotics-and-its-application/install/shelfino_navigation/share/shelfino_navigation/local_setup.dsv
[1.307s] -- Installing: /home/seventeen/Robotics-and-its-application/install/shelfino_navigation/share/shelfino_navigation/package.dsv
[1.307s] -- Up-to-date: /home/seventeen/Robotics-and-its-application/install/shelfino_navigation/share/ament_index/resource_index/packages/shelfino_navigation
[1.307s] -- Up-to-date: /home/seventeen/Robotics-and-its-application/install/shelfino_navigation/share/shelfino_navigation/cmake/shelfino_navigationConfig.cmake
[1.311s] -- Up-to-date: /home/seventeen/Robotics-and-its-application/install/shelfino_navigation/share/shelfino_navigation/cmake/shelfino_navigationConfig-version.cmake
[1.311s] -- Up-to-date: /home/seventeen/Robotics-and-its-application/install/shelfino_navigation/share/shelfino_navigation/package.xml
[1.348s] Invoked command in '/home/seventeen/Robotics-and-its-application/build/shelfino_navigation' returned '0': CMAKE_PREFIX_PATH=${CMAKE_PREFIX_PATH}:/opt/ros/humble /home/seventeen/.local/bin/cmake --install /home/seventeen/Robotics-and-its-application/build/shelfino_navigation
