[0.061s] Invoking command in '/home/seventeen/Robotics-and-its-application/build/shelfino_navigation': CMAKE_PREFIX_PATH=/opt/ros/humble /home/seventeen/.local/bin/cmake /home/seventeen/Robotics-and-its-application/src/Shelfino_ROS2/shelfino_navigation -DCMAKE_INSTALL_PREFIX=/home/seventeen/Robotics-and-its-application/install/shelfino_navigation
[0.266s] [0mCMake Deprecation Warning at CMakeLists.txt:1 (cmake_minimum_required):
[0.267s]   Compatibility with CMake < 3.10 will be removed from a future version of
[0.267s]   CMake.
[0.267s] 
[0.267s]   Update the VERSION argument <min> value or use a ...<max> suffix to tell
[0.267s]   CMake that the project does not need compatibility with older versions.
[0.267s] 
[0.268s] [0m
[0.397s] -- The C compiler identification is GNU 11.4.0
[0.548s] -- The CXX compiler identification is GNU 11.4.0
[0.572s] -- Detecting C compiler ABI info
[0.741s] -- Detecting C compiler ABI info - done
[0.798s] -- Check for working C compiler: /usr/bin/cc - skipped
[0.804s] -- Detecting C compile features
[0.804s] -- Detecting C compile features - done
[0.844s] -- Detecting CXX compiler ABI info
[1.057s] -- Detecting CXX compiler ABI info - done
[1.101s] -- Check for working CXX compiler: /usr/bin/c++ - skipped
[1.103s] -- Detecting CXX compile features
[1.105s] -- Detecting CXX compile features - done
[1.125s] -- Found ament_cmake: 1.3.10 (/opt/ros/humble/share/ament_cmake/cmake)
[1.468s] -- Found Python3: /usr/bin/python3 (found version "3.10.12") found components: Interpreter
[1.904s] -- Configuring done (1.6s)
[1.918s] -- Generating done (0.0s)
[1.918s] -- Build files have been written to: /home/seventeen/Robotics-and-its-application/build/shelfino_navigation
