[0.070s] Invoking command in '/home/seventeen/Robotics-and-its-application/build/robot_planning': CMAKE_PREFIX_PATH=/opt/ros/humble /home/seventeen/.local/bin/cmake /home/seventeen/Robotics-and-its-application/src/robot_planning -DCMAKE_INSTALL_PREFIX=/home/seventeen/Robotics-and-its-application/install/robot_planning
[0.279s] [0mCMake Deprecation Warning at CMakeLists.txt:1 (cmake_minimum_required):
[0.279s]   Compatibility with CMake < 3.10 will be removed from a future version of
[0.279s]   CMake.
[0.280s] 
[0.280s]   Update the VERSION argument <min> value or use a ...<max> suffix to tell
[0.280s]   CMake that the project does not need compatibility with older versions.
[0.280s] 
[0.280s] [0m
[0.316s] -- Found ament_cmake: 1.3.10 (/opt/ros/humble/share/ament_cmake/cmake)
[0.884s] -- Found rclcpp: 16.0.10 (/opt/ros/humble/share/rclcpp/cmake)
[0.994s] -- Found rosidl_generator_c: 3.1.5 (/opt/ros/humble/share/rosidl_generator_c/cmake)
[1.005s] -- Found rosidl_adapter: 3.1.5 (/opt/ros/humble/share/rosidl_adapter/cmake)
[1.028s] -- Found rosidl_generator_cpp: 3.1.5 (/opt/ros/humble/share/rosidl_generator_cpp/cmake)
[1.071s] -- Using all available rosidl_typesupport_c: rosidl_typesupport_fastrtps_c;rosidl_typesupport_introspection_c
[1.136s] -- Using all available rosidl_typesupport_cpp: rosidl_typesupport_fastrtps_cpp;rosidl_typesupport_introspection_cpp
[1.356s] -- Found rmw_implementation_cmake: 6.1.2 (/opt/ros/humble/share/rmw_implementation_cmake/cmake)
[1.357s] -- Found rmw_fastrtps_cpp: 6.2.7 (/opt/ros/humble/share/rmw_fastrtps_cpp/cmake)
[1.750s] -- Using RMW implementation 'rmw_fastrtps_cpp' as default
[2.038s] -- Found geometry_msgs: 4.2.4 (/opt/ros/humble/share/geometry_msgs/cmake)
[2.156s] [31mCMake Error at CMakeLists.txt:13 (find_package):
[2.156s]   By not providing "Findobstacles_msgs.cmake" in CMAKE_MODULE_PATH this
[2.156s]   project has asked CMake to find a package configuration file provided by
[2.156s]   "obstacles_msgs", but CMake did not find one.
[2.157s] 
[2.157s]   Could not find a package configuration file provided by "obstacles_msgs"
[2.157s]   with any of the following names:
[2.157s] 
[2.157s]     obstacles_msgsConfig.cmake
[2.157s]     obstacles_msgs-config.cmake
[2.158s] 
[2.158s]   Add the installation prefix of "obstacles_msgs" to CMAKE_PREFIX_PATH or set
[2.158s] -- Configuring incomplete, errors occurred!
[2.158s]   "obstacles_msgs_DIR" to a directory containing one of the above files.  If
[2.158s]   "obstacles_msgs" provides a separate development package or SDK, be sure it
[2.159s]   has been installed.
[2.159s] 
[2.159s] [0m
[2.201s] Invoked command in '/home/seventeen/Robotics-and-its-application/build/robot_planning' returned '1': CMAKE_PREFIX_PATH=/opt/ros/humble /home/seventeen/.local/bin/cmake /home/seventeen/Robotics-and-its-application/src/robot_planning -DCMAKE_INSTALL_PREFIX=/home/seventeen/Robotics-and-its-application/install/robot_planning
