[0.042s] Invoking command in '/home/seventeen/Robotics-and-its-application/build/projects': CMAKE_PREFIX_PATH=/home/seventeen/Robotics-and-its-application/install/map_pkg:/home/seventeen/Robotics-and-its-application/install/shelfino_navigation:/home/seventeen/Robotics-and-its-application/install/shelfino_gazebo:/home/seventeen/Robotics-and-its-application/install/shelfino_description:/home/seventeen/Robotics-and-its-application/install/obstacles_msgs:/home/seventeen/Robotics-and-its-application/install/projects:/home/seventeen/Robotics-and-its-application/install/evader:/opt/ros/humble /home/seventeen/.local/bin/cmake --build /home/seventeen/Robotics-and-its-application/build/projects -- -j8 -l8
[0.250s] Invoked command in '/home/seventeen/Robotics-and-its-application/build/projects' returned '0': CMAKE_PREFIX_PATH=/home/seventeen/Robotics-and-its-application/install/map_pkg:/home/seventeen/Robotics-and-its-application/install/shelfino_navigation:/home/seventeen/Robotics-and-its-application/install/shelfino_gazebo:/home/seventeen/Robotics-and-its-application/install/shelfino_description:/home/seventeen/Robotics-and-its-application/install/obstacles_msgs:/home/seventeen/Robotics-and-its-application/install/projects:/home/seventeen/Robotics-and-its-application/install/evader:/opt/ros/humble /home/seventeen/.local/bin/cmake --build /home/seventeen/Robotics-and-its-application/build/projects -- -j8 -l8
[0.455s] Invoking command in '/home/seventeen/Robotics-and-its-application/build/projects': CMAKE_PREFIX_PATH=/home/seventeen/Robotics-and-its-application/install/map_pkg:/home/seventeen/Robotics-and-its-application/install/shelfino_navigation:/home/seventeen/Robotics-and-its-application/install/shelfino_gazebo:/home/seventeen/Robotics-and-its-application/install/shelfino_description:/home/seventeen/Robotics-and-its-application/install/obstacles_msgs:/home/seventeen/Robotics-and-its-application/install/projects:/home/seventeen/Robotics-and-its-application/install/evader:/opt/ros/humble /home/seventeen/.local/bin/cmake --install /home/seventeen/Robotics-and-its-application/build/projects
[0.623s] -- Install configuration: ""
[0.623s] -- Up-to-date: /home/seventeen/Robotics-and-its-application/install/projects/share/projects/launch
[0.623s] -- Up-to-date: /home/seventeen/Robotics-and-its-application/install/projects/share/projects/launch/victims.launch.py
[0.624s] -- Up-to-date: /home/seventeen/Robotics-and-its-application/install/projects/share/projects/launch/evader.launch.py
[0.624s] -- Up-to-date: /home/seventeen/Robotics-and-its-application/install/projects/share/projects/launch/evacuation.launch.py
[0.624s] -- Up-to-date: /home/seventeen/Robotics-and-its-application/install/projects/share/ament_index/resource_index/package_run_dependencies/projects
[0.625s] -- Up-to-date: /home/seventeen/Robotics-and-its-application/install/projects/share/ament_index/resource_index/parent_prefix_path/projects
[0.625s] -- Up-to-date: /home/seventeen/Robotics-and-its-application/install/projects/share/projects/environment/ament_prefix_path.sh
[0.625s] -- Up-to-date: /home/seventeen/Robotics-and-its-application/install/projects/share/projects/environment/ament_prefix_path.dsv
[0.625s] -- Up-to-date: /home/seventeen/Robotics-and-its-application/install/projects/share/projects/environment/path.sh
[0.626s] -- Up-to-date: /home/seventeen/Robotics-and-its-application/install/projects/share/projects/environment/path.dsv
[0.626s] -- Up-to-date: /home/seventeen/Robotics-and-its-application/install/projects/share/projects/local_setup.bash
[0.626s] -- Up-to-date: /home/seventeen/Robotics-and-its-application/install/projects/share/projects/local_setup.sh
[0.626s] -- Up-to-date: /home/seventeen/Robotics-and-its-application/install/projects/share/projects/local_setup.zsh
[0.627s] -- Up-to-date: /home/seventeen/Robotics-and-its-application/install/projects/share/projects/local_setup.dsv
[0.628s] -- Up-to-date: /home/seventeen/Robotics-and-its-application/install/projects/share/projects/package.dsv
[0.628s] -- Up-to-date: /home/seventeen/Robotics-and-its-application/install/projects/share/ament_index/resource_index/packages/projects
[0.629s] -- Up-to-date: /home/seventeen/Robotics-and-its-application/install/projects/share/projects/cmake/projectsConfig.cmake
[0.630s] -- Up-to-date: /home/seventeen/Robotics-and-its-application/install/projects/share/projects/cmake/projectsConfig-version.cmake
[0.631s] -- Up-to-date: /home/seventeen/Robotics-and-its-application/install/projects/share/projects/package.xml
[0.631s] Invoked command in '/home/seventeen/Robotics-and-its-application/build/projects' returned '0': CMAKE_PREFIX_PATH=/home/seventeen/Robotics-and-its-application/install/map_pkg:/home/seventeen/Robotics-and-its-application/install/shelfino_navigation:/home/seventeen/Robotics-and-its-application/install/shelfino_gazebo:/home/seventeen/Robotics-and-its-application/install/shelfino_description:/home/seventeen/Robotics-and-its-application/install/obstacles_msgs:/home/seventeen/Robotics-and-its-application/install/projects:/home/seventeen/Robotics-and-its-application/install/evader:/opt/ros/humble /home/seventeen/.local/bin/cmake --install /home/seventeen/Robotics-and-its-application/build/projects
