[  2%] [34m[1mGenerating C code for ROS interfaces[0m
[  5%] [34m[1mGenerating C++ code for ROS interfaces[0m
[  5%] Built target ament_cmake_python_copy_obstacles_msgs
running egg_info
creating obstacles_msgs.egg-info
writing obstacles_msgs.egg-info/PKG-INFO
writing dependency_links to obstacles_msgs.egg-info/dependency_links.txt
writing top-level names to obstacles_msgs.egg-info/top_level.txt
writing manifest file 'obstacles_msgs.egg-info/SOURCES.txt'
reading manifest file 'obstacles_msgs.egg-info/SOURCES.txt'
writing manifest file 'obstacles_msgs.egg-info/SOURCES.txt'
[  5%] Built target obstacles_msgs__cpp
[  5%] Built target ament_cmake_python_build_obstacles_msgs_egg
[  7%] [34m[1mGenerating C++ type support dispatch for ROS interfaces[0m
[ 10%] [34m[1mGenerating C++ introspection for ROS interfaces[0m
[ 12%] [34m[1mGenerating C++ type support for eProsima Fast-RTPS[0m
[ 15%] [32mBuilding C object CMakeFiles/obstacles_msgs__rosidl_generator_c.dir/rosidl_generator_c/obstacles_msgs/msg/detail/obstacle_msg__functions.c.o[0m
[ 17%] [32mBuilding C object CMakeFiles/obstacles_msgs__rosidl_generator_c.dir/rosidl_generator_c/obstacles_msgs/msg/detail/obstacle_array_msg__functions.c.o[0m
[ 20%] [32m[1mLinking C shared library libobstacles_msgs__rosidl_generator_c.so[0m
[ 20%] Built target obstacles_msgs__rosidl_generator_c
[ 23%] [34m[1mGenerating C type support dispatch for ROS interfaces[0m
[ 28%] [34m[1mGenerating C type support for eProsima Fast-RTPS[0m
[ 28%] [34m[1mGenerating C introspection for ROS interfaces[0m
[ 30%] [32mBuilding CXX object CMakeFiles/obstacles_msgs__rosidl_typesupport_cpp.dir/rosidl_typesupport_cpp/obstacles_msgs/msg/obstacle_array_msg__type_support.cpp.o[0m
[ 33%] [32mBuilding CXX object CMakeFiles/obstacles_msgs__rosidl_typesupport_cpp.dir/rosidl_typesupport_cpp/obstacles_msgs/msg/obstacle_msg__type_support.cpp.o[0m
[ 35%] [32mBuilding CXX object CMakeFiles/obstacles_msgs__rosidl_typesupport_introspection_cpp.dir/rosidl_typesupport_introspection_cpp/obstacles_msgs/msg/detail/obstacle_msg__type_support.cpp.o[0m
[ 38%] [32mBuilding CXX object CMakeFiles/obstacles_msgs__rosidl_typesupport_introspection_cpp.dir/rosidl_typesupport_introspection_cpp/obstacles_msgs/msg/detail/obstacle_array_msg__type_support.cpp.o[0m
[ 41%] [32mBuilding CXX object CMakeFiles/obstacles_msgs__rosidl_typesupport_fastrtps_cpp.dir/rosidl_typesupport_fastrtps_cpp/obstacles_msgs/msg/detail/dds_fastrtps/obstacle_msg__type_support.cpp.o[0m
[ 43%] [32mBuilding C object CMakeFiles/obstacles_msgs__rosidl_typesupport_introspection_c.dir/rosidl_typesupport_introspection_c/obstacles_msgs/msg/detail/obstacle_msg__type_support.c.o[0m
[ 46%] [32mBuilding CXX object CMakeFiles/obstacles_msgs__rosidl_typesupport_c.dir/rosidl_typesupport_c/obstacles_msgs/msg/obstacle_msg__type_support.cpp.o[0m
[ 48%] [32mBuilding CXX object CMakeFiles/obstacles_msgs__rosidl_typesupport_fastrtps_c.dir/rosidl_typesupport_fastrtps_c/obstacles_msgs/msg/detail/obstacle_msg__type_support_c.cpp.o[0m
[ 51%] [32mBuilding C object CMakeFiles/obstacles_msgs__rosidl_typesupport_introspection_c.dir/rosidl_typesupport_introspection_c/obstacles_msgs/msg/detail/obstacle_array_msg__type_support.c.o[0m
[ 53%] [32mBuilding CXX object CMakeFiles/obstacles_msgs__rosidl_typesupport_c.dir/rosidl_typesupport_c/obstacles_msgs/msg/obstacle_array_msg__type_support.cpp.o[0m
[ 56%] [32mBuilding CXX object CMakeFiles/obstacles_msgs__rosidl_typesupport_fastrtps_cpp.dir/rosidl_typesupport_fastrtps_cpp/obstacles_msgs/msg/detail/dds_fastrtps/obstacle_array_msg__type_support.cpp.o[0m
[ 58%] [32m[1mLinking C shared library libobstacles_msgs__rosidl_typesupport_introspection_c.so[0m
[ 61%] [32m[1mLinking CXX shared library libobstacles_msgs__rosidl_typesupport_c.so[0m
[ 64%] [32m[1mLinking CXX shared library libobstacles_msgs__rosidl_typesupport_cpp.so[0m
[ 64%] Built target obstacles_msgs__rosidl_typesupport_introspection_c
[ 66%] [32mBuilding CXX object CMakeFiles/obstacles_msgs__rosidl_typesupport_fastrtps_c.dir/rosidl_typesupport_fastrtps_c/obstacles_msgs/msg/detail/obstacle_array_msg__type_support_c.cpp.o[0m
[ 66%] Built target obstacles_msgs__rosidl_typesupport_c
[ 66%] Built target obstacles_msgs__rosidl_typesupport_cpp
[ 69%] [32m[1mLinking CXX shared library libobstacles_msgs__rosidl_typesupport_introspection_cpp.so[0m
[ 69%] Built target obstacles_msgs__rosidl_typesupport_introspection_cpp
[ 71%] [32m[1mLinking CXX shared library libobstacles_msgs__rosidl_typesupport_fastrtps_c.so[0m
[ 74%] [32m[1mLinking CXX shared library libobstacles_msgs__rosidl_typesupport_fastrtps_cpp.so[0m
[ 74%] Built target obstacles_msgs__rosidl_typesupport_fastrtps_c
[ 74%] Built target obstacles_msgs__rosidl_typesupport_fastrtps_cpp
[ 74%] Built target obstacles_msgs
[ 76%] [34m[1mGenerating Python code for ROS interfaces[0m
[ 76%] Built target obstacles_msgs__py
[ 79%] [32mBuilding C object CMakeFiles/obstacles_msgs__rosidl_generator_py.dir/rosidl_generator_py/obstacles_msgs/msg/_obstacle_msg_s.c.o[0m
[ 82%] [32mBuilding C object CMakeFiles/obstacles_msgs__rosidl_generator_py.dir/rosidl_generator_py/obstacles_msgs/msg/_obstacle_array_msg_s.c.o[0m
[ 84%] [32m[1mLinking C shared library rosidl_generator_py/obstacles_msgs/libobstacles_msgs__rosidl_generator_py.so[0m
[ 84%] Built target obstacles_msgs__rosidl_generator_py
[ 89%] [32mBuilding C object CMakeFiles/obstacles_msgs__rosidl_typesupport_fastrtps_c__pyext.dir/rosidl_generator_py/obstacles_msgs/_obstacles_msgs_s.ep.rosidl_typesupport_fastrtps_c.c.o[0m
[ 89%] [32mBuilding C object CMakeFiles/obstacles_msgs__rosidl_typesupport_introspection_c__pyext.dir/rosidl_generator_py/obstacles_msgs/_obstacles_msgs_s.ep.rosidl_typesupport_introspection_c.c.o[0m
[ 92%] [32mBuilding C object CMakeFiles/obstacles_msgs__rosidl_typesupport_c__pyext.dir/rosidl_generator_py/obstacles_msgs/_obstacles_msgs_s.ep.rosidl_typesupport_c.c.o[0m
[ 94%] [32m[1mLinking C shared library rosidl_generator_py/obstacles_msgs/obstacles_msgs_s__rosidl_typesupport_introspection_c.cpython-310-x86_64-linux-gnu.so[0m
[ 97%] [32m[1mLinking C shared library rosidl_generator_py/obstacles_msgs/obstacles_msgs_s__rosidl_typesupport_c.cpython-310-x86_64-linux-gnu.so[0m
[ 97%] Built target obstacles_msgs__rosidl_typesupport_introspection_c__pyext
[100%] [32m[1mLinking C shared library rosidl_generator_py/obstacles_msgs/obstacles_msgs_s__rosidl_typesupport_fastrtps_c.cpython-310-x86_64-linux-gnu.so[0m
[100%] Built target obstacles_msgs__rosidl_typesupport_c__pyext
[100%] Built target obstacles_msgs__rosidl_typesupport_fastrtps_c__pyext
