[0.063s] Invoking command in '/home/seventeen/Robotics-and-its-application/build/obstacles_msgs': CMAKE_PREFIX_PATH=/opt/ros/humble /home/seventeen/.local/bin/cmake --build /home/seventeen/Robotics-and-its-application/build/obstacles_msgs -- -j8 -l8
[0.325s] [  2%] [34m[1mGenerating C code for ROS interfaces[0m
[0.337s] [  5%] [34m[1mGenerating C++ code for ROS interfaces[0m
[0.344s] [  5%] Built target ament_cmake_python_copy_obstacles_msgs
[1.124s] running egg_info
[1.126s] creating obstacles_msgs.egg-info
[1.130s] writing obstacles_msgs.egg-info/PKG-INFO
[1.130s] writing dependency_links to obstacles_msgs.egg-info/dependency_links.txt
[1.130s] writing top-level names to obstacles_msgs.egg-info/top_level.txt
[1.139s] writing manifest file 'obstacles_msgs.egg-info/SOURCES.txt'
[1.155s] reading manifest file 'obstacles_msgs.egg-info/SOURCES.txt'
[1.156s] writing manifest file 'obstacles_msgs.egg-info/SOURCES.txt'
[1.298s] [  5%] Built target obstacles_msgs__cpp
[1.301s] [  5%] Built target ament_cmake_python_build_obstacles_msgs_egg
[1.315s] [  7%] [34m[1mGenerating C++ type support dispatch for ROS interfaces[0m
[1.317s] [ 10%] [34m[1mGenerating C++ introspection for ROS interfaces[0m
[1.321s] [ 12%] [34m[1mGenerating C++ type support for eProsima Fast-RTPS[0m
[1.398s] [ 15%] [32mBuilding C object CMakeFiles/obstacles_msgs__rosidl_generator_c.dir/rosidl_generator_c/obstacles_msgs/msg/detail/obstacle_msg__functions.c.o[0m
[1.399s] [ 17%] [32mBuilding C object CMakeFiles/obstacles_msgs__rosidl_generator_c.dir/rosidl_generator_c/obstacles_msgs/msg/detail/obstacle_array_msg__functions.c.o[0m
[1.559s] [ 20%] [32m[1mLinking C shared library libobstacles_msgs__rosidl_generator_c.so[0m
[1.677s] [ 20%] Built target obstacles_msgs__rosidl_generator_c
[1.699s] [ 23%] [34m[1mGenerating C type support dispatch for ROS interfaces[0m
[1.705s] [ 28%] [34m[1mGenerating C type support for eProsima Fast-RTPS[0m
[1.706s] [ 28%] [34m[1mGenerating C introspection for ROS interfaces[0m
[2.378s] [ 30%] [32mBuilding CXX object CMakeFiles/obstacles_msgs__rosidl_typesupport_cpp.dir/rosidl_typesupport_cpp/obstacles_msgs/msg/obstacle_array_msg__type_support.cpp.o[0m
[2.381s] [ 33%] [32mBuilding CXX object CMakeFiles/obstacles_msgs__rosidl_typesupport_cpp.dir/rosidl_typesupport_cpp/obstacles_msgs/msg/obstacle_msg__type_support.cpp.o[0m
[2.480s] [ 35%] [32mBuilding CXX object CMakeFiles/obstacles_msgs__rosidl_typesupport_introspection_cpp.dir/rosidl_typesupport_introspection_cpp/obstacles_msgs/msg/detail/obstacle_msg__type_support.cpp.o[0m
[2.484s] [ 38%] [32mBuilding CXX object CMakeFiles/obstacles_msgs__rosidl_typesupport_introspection_cpp.dir/rosidl_typesupport_introspection_cpp/obstacles_msgs/msg/detail/obstacle_array_msg__type_support.cpp.o[0m
[2.606s] [ 41%] [32mBuilding CXX object CMakeFiles/obstacles_msgs__rosidl_typesupport_fastrtps_cpp.dir/rosidl_typesupport_fastrtps_cpp/obstacles_msgs/msg/detail/dds_fastrtps/obstacle_msg__type_support.cpp.o[0m
[2.995s] [ 43%] [32mBuilding C object CMakeFiles/obstacles_msgs__rosidl_typesupport_introspection_c.dir/rosidl_typesupport_introspection_c/obstacles_msgs/msg/detail/obstacle_msg__type_support.c.o[0m
[3.091s] [ 46%] [32mBuilding CXX object CMakeFiles/obstacles_msgs__rosidl_typesupport_c.dir/rosidl_typesupport_c/obstacles_msgs/msg/obstacle_msg__type_support.cpp.o[0m
[3.125s] [ 48%] [32mBuilding CXX object CMakeFiles/obstacles_msgs__rosidl_typesupport_fastrtps_c.dir/rosidl_typesupport_fastrtps_c/obstacles_msgs/msg/detail/obstacle_msg__type_support_c.cpp.o[0m
[3.166s] [ 51%] [32mBuilding C object CMakeFiles/obstacles_msgs__rosidl_typesupport_introspection_c.dir/rosidl_typesupport_introspection_c/obstacles_msgs/msg/detail/obstacle_array_msg__type_support.c.o[0m
[3.257s] [ 53%] [32mBuilding CXX object CMakeFiles/obstacles_msgs__rosidl_typesupport_c.dir/rosidl_typesupport_c/obstacles_msgs/msg/obstacle_array_msg__type_support.cpp.o[0m
[3.324s] [ 56%] [32mBuilding CXX object CMakeFiles/obstacles_msgs__rosidl_typesupport_fastrtps_cpp.dir/rosidl_typesupport_fastrtps_cpp/obstacles_msgs/msg/detail/dds_fastrtps/obstacle_array_msg__type_support.cpp.o[0m
[3.396s] [ 58%] [32m[1mLinking C shared library libobstacles_msgs__rosidl_typesupport_introspection_c.so[0m
[3.425s] [ 61%] [32m[1mLinking CXX shared library libobstacles_msgs__rosidl_typesupport_c.so[0m
[3.481s] [ 64%] [32m[1mLinking CXX shared library libobstacles_msgs__rosidl_typesupport_cpp.so[0m
[3.531s] [ 64%] Built target obstacles_msgs__rosidl_typesupport_introspection_c
[3.557s] [ 66%] [32mBuilding CXX object CMakeFiles/obstacles_msgs__rosidl_typesupport_fastrtps_c.dir/rosidl_typesupport_fastrtps_c/obstacles_msgs/msg/detail/obstacle_array_msg__type_support_c.cpp.o[0m
[3.588s] [ 66%] Built target obstacles_msgs__rosidl_typesupport_c
[3.691s] [ 66%] Built target obstacles_msgs__rosidl_typesupport_cpp
[4.358s] [ 69%] [32m[1mLinking CXX shared library libobstacles_msgs__rosidl_typesupport_introspection_cpp.so[0m
[4.555s] [ 69%] Built target obstacles_msgs__rosidl_typesupport_introspection_cpp
[4.736s] [ 71%] [32m[1mLinking CXX shared library libobstacles_msgs__rosidl_typesupport_fastrtps_c.so[0m
[4.770s] [ 74%] [32m[1mLinking CXX shared library libobstacles_msgs__rosidl_typesupport_fastrtps_cpp.so[0m
[4.933s] [ 74%] Built target obstacles_msgs__rosidl_typesupport_fastrtps_c
[4.961s] [ 74%] Built target obstacles_msgs__rosidl_typesupport_fastrtps_cpp
[4.986s] [ 74%] Built target obstacles_msgs
[5.013s] [ 76%] [34m[1mGenerating Python code for ROS interfaces[0m
[5.856s] [ 76%] Built target obstacles_msgs__py
[5.883s] [ 79%] [32mBuilding C object CMakeFiles/obstacles_msgs__rosidl_generator_py.dir/rosidl_generator_py/obstacles_msgs/msg/_obstacle_msg_s.c.o[0m
[5.884s] [ 82%] [32mBuilding C object CMakeFiles/obstacles_msgs__rosidl_generator_py.dir/rosidl_generator_py/obstacles_msgs/msg/_obstacle_array_msg_s.c.o[0m
[6.177s] [ 84%] [32m[1mLinking C shared library rosidl_generator_py/obstacles_msgs/libobstacles_msgs__rosidl_generator_py.so[0m
[6.261s] [ 84%] Built target obstacles_msgs__rosidl_generator_py
[6.285s] [ 89%] [32mBuilding C object CMakeFiles/obstacles_msgs__rosidl_typesupport_fastrtps_c__pyext.dir/rosidl_generator_py/obstacles_msgs/_obstacles_msgs_s.ep.rosidl_typesupport_fastrtps_c.c.o[0m
[6.285s] [ 89%] [32mBuilding C object CMakeFiles/obstacles_msgs__rosidl_typesupport_introspection_c__pyext.dir/rosidl_generator_py/obstacles_msgs/_obstacles_msgs_s.ep.rosidl_typesupport_introspection_c.c.o[0m
[6.288s] [ 92%] [32mBuilding C object CMakeFiles/obstacles_msgs__rosidl_typesupport_c__pyext.dir/rosidl_generator_py/obstacles_msgs/_obstacles_msgs_s.ep.rosidl_typesupport_c.c.o[0m
[6.489s] [ 94%] [32m[1mLinking C shared library rosidl_generator_py/obstacles_msgs/obstacles_msgs_s__rosidl_typesupport_introspection_c.cpython-310-x86_64-linux-gnu.so[0m
[6.586s] [ 97%] [32m[1mLinking C shared library rosidl_generator_py/obstacles_msgs/obstacles_msgs_s__rosidl_typesupport_c.cpython-310-x86_64-linux-gnu.so[0m
[6.591s] [ 97%] Built target obstacles_msgs__rosidl_typesupport_introspection_c__pyext
[6.648s] [100%] [32m[1mLinking C shared library rosidl_generator_py/obstacles_msgs/obstacles_msgs_s__rosidl_typesupport_fastrtps_c.cpython-310-x86_64-linux-gnu.so[0m
[6.655s] [100%] Built target obstacles_msgs__rosidl_typesupport_c__pyext
[6.713s] [100%] Built target obstacles_msgs__rosidl_typesupport_fastrtps_c__pyext
