[0.209s] DEBUG:colcon:Command line arguments: ['/usr/bin/colcon', 'build']
[0.209s] DEBUG:colcon:Parsed command line arguments: Namespace(log_base=None, log_level=None, verb_name='build', build_base='build', install_base='install', merge_install=False, symlink_install=False, test_result_base=None, continue_on_error=False, executor='parallel', parallel_workers=8, event_handlers=None, ignore_user_meta=False, metas=['./colcon.meta'], base_paths=['.'], packages_ignore=None, packages_ignore_regex=None, paths=None, packages_up_to=None, packages_up_to_regex=None, packages_above=None, packages_above_and_dependencies=None, packages_above_depth=None, packages_select_by_dep=None, packages_skip_by_dep=None, packages_skip_up_to=None, packages_select_build_failed=False, packages_skip_build_finished=False, packages_select_test_failures=False, packages_skip_test_passed=False, packages_select=None, packages_skip=None, packages_select_regex=None, packages_skip_regex=None, packages_start=None, packages_end=None, allow_overriding=[], cmake_args=None, cmake_target=None, cmake_target_skip_unavailable=False, cmake_clean_cache=False, cmake_clean_first=False, cmake_force_configure=False, ament_cmake_args=None, catkin_cmake_args=None, catkin_skip_building_tests=False, mixin_files=None, mixin=None, verb_parser=<colcon_mixin.mixin.mixin_argument.MixinArgumentDecorator object at 0x7fbf74b47130>, verb_extension=<colcon_core.verb.build.BuildVerb object at 0x7fbf74c4f7f0>, main=<bound method BuildVerb.main of <colcon_core.verb.build.BuildVerb object at 0x7fbf74c4f7f0>>, mixin_verb=('build',))
[0.535s] Level 1:colcon.colcon_core.package_discovery:discover_packages(colcon_meta) check parameters
[0.535s] Level 1:colcon.colcon_core.package_discovery:discover_packages(recursive) check parameters
[0.535s] Level 1:colcon.colcon_core.package_discovery:discover_packages(ignore) check parameters
[0.535s] Level 1:colcon.colcon_core.package_discovery:discover_packages(path) check parameters
[0.535s] Level 1:colcon.colcon_core.package_discovery:discover_packages(colcon_meta) discover
[0.536s] Level 1:colcon.colcon_core.package_discovery:discover_packages(recursive) discover
[0.536s] INFO:colcon.colcon_core.package_discovery:Crawling recursively for packages in '/home/seventeen/Robotics-and-its-application'
[0.536s] Level 1:colcon.colcon_core.package_identification:_identify(.) by extensions ['ignore', 'ignore_ament_install']
[0.536s] Level 1:colcon.colcon_core.package_identification:_identify(.) by extension 'ignore'
[0.536s] Level 1:colcon.colcon_core.package_identification:_identify(.) by extension 'ignore_ament_install'
[0.536s] Level 1:colcon.colcon_core.package_identification:_identify(.) by extensions ['colcon_pkg']
[0.536s] Level 1:colcon.colcon_core.package_identification:_identify(.) by extension 'colcon_pkg'
[0.536s] Level 1:colcon.colcon_core.package_identification:_identify(.) by extensions ['colcon_meta']
[0.536s] Level 1:colcon.colcon_core.package_identification:_identify(.) by extension 'colcon_meta'
[0.536s] Level 1:colcon.colcon_core.package_identification:_identify(.) by extensions ['ros']
[0.536s] Level 1:colcon.colcon_core.package_identification:_identify(.) by extension 'ros'
[0.554s] Level 1:colcon.colcon_core.package_identification:_identify(.) by extensions ['cmake', 'python']
[0.554s] Level 1:colcon.colcon_core.package_identification:_identify(.) by extension 'cmake'
[0.555s] Level 1:colcon.colcon_core.package_identification:_identify(.) by extension 'python'
[0.555s] Level 1:colcon.colcon_core.package_identification:_identify(.) by extensions ['python_setup_py']
[0.555s] Level 1:colcon.colcon_core.package_identification:_identify(.) by extension 'python_setup_py'
[0.555s] Level 1:colcon.colcon_core.package_identification:_identify(build) by extensions ['ignore', 'ignore_ament_install']
[0.555s] Level 1:colcon.colcon_core.package_identification:_identify(build) by extension 'ignore'
[0.555s] Level 1:colcon.colcon_core.package_identification:_identify(build) ignored
[0.555s] Level 1:colcon.colcon_core.package_identification:_identify(install) by extensions ['ignore', 'ignore_ament_install']
[0.556s] Level 1:colcon.colcon_core.package_identification:_identify(install) by extension 'ignore'
[0.556s] Level 1:colcon.colcon_core.package_identification:_identify(install) ignored
[0.556s] Level 1:colcon.colcon_core.package_identification:_identify(log) by extensions ['ignore', 'ignore_ament_install']
[0.556s] Level 1:colcon.colcon_core.package_identification:_identify(log) by extension 'ignore'
[0.556s] Level 1:colcon.colcon_core.package_identification:_identify(log) ignored
[0.556s] Level 1:colcon.colcon_core.package_identification:_identify(src) by extensions ['ignore', 'ignore_ament_install']
[0.556s] Level 1:colcon.colcon_core.package_identification:_identify(src) by extension 'ignore'
[0.556s] Level 1:colcon.colcon_core.package_identification:_identify(src) by extension 'ignore_ament_install'
[0.556s] Level 1:colcon.colcon_core.package_identification:_identify(src) by extensions ['colcon_pkg']
[0.557s] Level 1:colcon.colcon_core.package_identification:_identify(src) by extension 'colcon_pkg'
[0.557s] Level 1:colcon.colcon_core.package_identification:_identify(src) by extensions ['colcon_meta']
[0.557s] Level 1:colcon.colcon_core.package_identification:_identify(src) by extension 'colcon_meta'
[0.557s] Level 1:colcon.colcon_core.package_identification:_identify(src) by extensions ['ros']
[0.557s] Level 1:colcon.colcon_core.package_identification:_identify(src) by extension 'ros'
[0.557s] Level 1:colcon.colcon_core.package_identification:_identify(src) by extensions ['cmake', 'python']
[0.557s] Level 1:colcon.colcon_core.package_identification:_identify(src) by extension 'cmake'
[0.557s] Level 1:colcon.colcon_core.package_identification:_identify(src) by extension 'python'
[0.557s] Level 1:colcon.colcon_core.package_identification:_identify(src) by extensions ['python_setup_py']
[0.557s] Level 1:colcon.colcon_core.package_identification:_identify(src) by extension 'python_setup_py'
[0.557s] Level 1:colcon.colcon_core.package_identification:_identify(src/Shelfino_ROS2) by extensions ['ignore', 'ignore_ament_install']
[0.558s] Level 1:colcon.colcon_core.package_identification:_identify(src/Shelfino_ROS2) by extension 'ignore'
[0.558s] Level 1:colcon.colcon_core.package_identification:_identify(src/Shelfino_ROS2) by extension 'ignore_ament_install'
[0.558s] Level 1:colcon.colcon_core.package_identification:_identify(src/Shelfino_ROS2) by extensions ['colcon_pkg']
[0.558s] Level 1:colcon.colcon_core.package_identification:_identify(src/Shelfino_ROS2) by extension 'colcon_pkg'
[0.558s] Level 1:colcon.colcon_core.package_identification:_identify(src/Shelfino_ROS2) by extensions ['colcon_meta']
[0.558s] Level 1:colcon.colcon_core.package_identification:_identify(src/Shelfino_ROS2) by extension 'colcon_meta'
[0.558s] Level 1:colcon.colcon_core.package_identification:_identify(src/Shelfino_ROS2) by extensions ['ros']
[0.558s] Level 1:colcon.colcon_core.package_identification:_identify(src/Shelfino_ROS2) by extension 'ros'
[0.558s] Level 1:colcon.colcon_core.package_identification:_identify(src/Shelfino_ROS2) by extensions ['cmake', 'python']
[0.558s] Level 1:colcon.colcon_core.package_identification:_identify(src/Shelfino_ROS2) by extension 'cmake'
[0.558s] Level 1:colcon.colcon_core.package_identification:_identify(src/Shelfino_ROS2) by extension 'python'
[0.558s] Level 1:colcon.colcon_core.package_identification:_identify(src/Shelfino_ROS2) by extensions ['python_setup_py']
[0.558s] Level 1:colcon.colcon_core.package_identification:_identify(src/Shelfino_ROS2) by extension 'python_setup_py'
[0.559s] Level 1:colcon.colcon_core.package_identification:_identify(src/Shelfino_ROS2/assets) by extensions ['ignore', 'ignore_ament_install']
[0.559s] Level 1:colcon.colcon_core.package_identification:_identify(src/Shelfino_ROS2/assets) by extension 'ignore'
[0.559s] Level 1:colcon.colcon_core.package_identification:_identify(src/Shelfino_ROS2/assets) by extension 'ignore_ament_install'
[0.559s] Level 1:colcon.colcon_core.package_identification:_identify(src/Shelfino_ROS2/assets) by extensions ['colcon_pkg']
[0.559s] Level 1:colcon.colcon_core.package_identification:_identify(src/Shelfino_ROS2/assets) by extension 'colcon_pkg'
[0.559s] Level 1:colcon.colcon_core.package_identification:_identify(src/Shelfino_ROS2/assets) by extensions ['colcon_meta']
[0.559s] Level 1:colcon.colcon_core.package_identification:_identify(src/Shelfino_ROS2/assets) by extension 'colcon_meta'
[0.559s] Level 1:colcon.colcon_core.package_identification:_identify(src/Shelfino_ROS2/assets) by extensions ['ros']
[0.559s] Level 1:colcon.colcon_core.package_identification:_identify(src/Shelfino_ROS2/assets) by extension 'ros'
[0.559s] Level 1:colcon.colcon_core.package_identification:_identify(src/Shelfino_ROS2/assets) by extensions ['cmake', 'python']
[0.560s] Level 1:colcon.colcon_core.package_identification:_identify(src/Shelfino_ROS2/assets) by extension 'cmake'
[0.560s] Level 1:colcon.colcon_core.package_identification:_identify(src/Shelfino_ROS2/assets) by extension 'python'
[0.560s] Level 1:colcon.colcon_core.package_identification:_identify(src/Shelfino_ROS2/assets) by extensions ['python_setup_py']
[0.560s] Level 1:colcon.colcon_core.package_identification:_identify(src/Shelfino_ROS2/assets) by extension 'python_setup_py'
[0.560s] Level 1:colcon.colcon_core.package_identification:_identify(src/Shelfino_ROS2/assets/images) by extensions ['ignore', 'ignore_ament_install']
[0.560s] Level 1:colcon.colcon_core.package_identification:_identify(src/Shelfino_ROS2/assets/images) by extension 'ignore'
[0.560s] Level 1:colcon.colcon_core.package_identification:_identify(src/Shelfino_ROS2/assets/images) by extension 'ignore_ament_install'
[0.560s] Level 1:colcon.colcon_core.package_identification:_identify(src/Shelfino_ROS2/assets/images) by extensions ['colcon_pkg']
[0.560s] Level 1:colcon.colcon_core.package_identification:_identify(src/Shelfino_ROS2/assets/images) by extension 'colcon_pkg'
[0.560s] Level 1:colcon.colcon_core.package_identification:_identify(src/Shelfino_ROS2/assets/images) by extensions ['colcon_meta']
[0.560s] Level 1:colcon.colcon_core.package_identification:_identify(src/Shelfino_ROS2/assets/images) by extension 'colcon_meta'
[0.561s] Level 1:colcon.colcon_core.package_identification:_identify(src/Shelfino_ROS2/assets/images) by extensions ['ros']
[0.561s] Level 1:colcon.colcon_core.package_identification:_identify(src/Shelfino_ROS2/assets/images) by extension 'ros'
[0.561s] Level 1:colcon.colcon_core.package_identification:_identify(src/Shelfino_ROS2/assets/images) by extensions ['cmake', 'python']
[0.561s] Level 1:colcon.colcon_core.package_identification:_identify(src/Shelfino_ROS2/assets/images) by extension 'cmake'
[0.561s] Level 1:colcon.colcon_core.package_identification:_identify(src/Shelfino_ROS2/assets/images) by extension 'python'
[0.561s] Level 1:colcon.colcon_core.package_identification:_identify(src/Shelfino_ROS2/assets/images) by extensions ['python_setup_py']
[0.561s] Level 1:colcon.colcon_core.package_identification:_identify(src/Shelfino_ROS2/assets/images) by extension 'python_setup_py'
[0.561s] Level 1:colcon.colcon_core.package_identification:_identify(src/Shelfino_ROS2/evader) by extensions ['ignore', 'ignore_ament_install']
[0.561s] Level 1:colcon.colcon_core.package_identification:_identify(src/Shelfino_ROS2/evader) by extension 'ignore'
[0.561s] Level 1:colcon.colcon_core.package_identification:_identify(src/Shelfino_ROS2/evader) by extension 'ignore_ament_install'
[0.561s] Level 1:colcon.colcon_core.package_identification:_identify(src/Shelfino_ROS2/evader) by extensions ['colcon_pkg']
[0.562s] Level 1:colcon.colcon_core.package_identification:_identify(src/Shelfino_ROS2/evader) by extension 'colcon_pkg'
[0.562s] Level 1:colcon.colcon_core.package_identification:_identify(src/Shelfino_ROS2/evader) by extensions ['colcon_meta']
[0.562s] Level 1:colcon.colcon_core.package_identification:_identify(src/Shelfino_ROS2/evader) by extension 'colcon_meta'
[0.562s] Level 1:colcon.colcon_core.package_identification:_identify(src/Shelfino_ROS2/evader) by extensions ['ros']
[0.562s] Level 1:colcon.colcon_core.package_identification:_identify(src/Shelfino_ROS2/evader) by extension 'ros'
[0.567s] DEBUG:colcon.colcon_core.package_identification:Package 'src/Shelfino_ROS2/evader' with type 'ros.ament_cmake' and name 'evader'
[0.567s] Level 1:colcon.colcon_core.package_identification:_identify(src/Shelfino_ROS2/map_pkg) by extensions ['ignore', 'ignore_ament_install']
[0.567s] Level 1:colcon.colcon_core.package_identification:_identify(src/Shelfino_ROS2/map_pkg) by extension 'ignore'
[0.567s] Level 1:colcon.colcon_core.package_identification:_identify(src/Shelfino_ROS2/map_pkg) by extension 'ignore_ament_install'
[0.567s] Level 1:colcon.colcon_core.package_identification:_identify(src/Shelfino_ROS2/map_pkg) by extensions ['colcon_pkg']
[0.567s] Level 1:colcon.colcon_core.package_identification:_identify(src/Shelfino_ROS2/map_pkg) by extension 'colcon_pkg'
[0.567s] Level 1:colcon.colcon_core.package_identification:_identify(src/Shelfino_ROS2/map_pkg) by extensions ['colcon_meta']
[0.567s] Level 1:colcon.colcon_core.package_identification:_identify(src/Shelfino_ROS2/map_pkg) by extension 'colcon_meta'
[0.568s] Level 1:colcon.colcon_core.package_identification:_identify(src/Shelfino_ROS2/map_pkg) by extensions ['ros']
[0.568s] Level 1:colcon.colcon_core.package_identification:_identify(src/Shelfino_ROS2/map_pkg) by extension 'ros'
[0.570s] DEBUG:colcon.colcon_core.package_identification:Package 'src/Shelfino_ROS2/map_pkg' with type 'ros.ament_cmake' and name 'map_pkg'
[0.570s] Level 1:colcon.colcon_core.package_identification:_identify(src/Shelfino_ROS2/obstacles_msgs) by extensions ['ignore', 'ignore_ament_install']
[0.571s] Level 1:colcon.colcon_core.package_identification:_identify(src/Shelfino_ROS2/obstacles_msgs) by extension 'ignore'
[0.571s] Level 1:colcon.colcon_core.package_identification:_identify(src/Shelfino_ROS2/obstacles_msgs) by extension 'ignore_ament_install'
[0.571s] Level 1:colcon.colcon_core.package_identification:_identify(src/Shelfino_ROS2/obstacles_msgs) by extensions ['colcon_pkg']
[0.571s] Level 1:colcon.colcon_core.package_identification:_identify(src/Shelfino_ROS2/obstacles_msgs) by extension 'colcon_pkg'
[0.571s] Level 1:colcon.colcon_core.package_identification:_identify(src/Shelfino_ROS2/obstacles_msgs) by extensions ['colcon_meta']
[0.571s] Level 1:colcon.colcon_core.package_identification:_identify(src/Shelfino_ROS2/obstacles_msgs) by extension 'colcon_meta'
[0.571s] Level 1:colcon.colcon_core.package_identification:_identify(src/Shelfino_ROS2/obstacles_msgs) by extensions ['ros']
[0.571s] Level 1:colcon.colcon_core.package_identification:_identify(src/Shelfino_ROS2/obstacles_msgs) by extension 'ros'
[0.572s] DEBUG:colcon.colcon_core.package_identification:Package 'src/Shelfino_ROS2/obstacles_msgs' with type 'ros.ament_cmake' and name 'obstacles_msgs'
[0.572s] Level 1:colcon.colcon_core.package_identification:_identify(src/Shelfino_ROS2/projects) by extensions ['ignore', 'ignore_ament_install']
[0.573s] Level 1:colcon.colcon_core.package_identification:_identify(src/Shelfino_ROS2/projects) by extension 'ignore'
[0.573s] Level 1:colcon.colcon_core.package_identification:_identify(src/Shelfino_ROS2/projects) by extension 'ignore_ament_install'
[0.573s] Level 1:colcon.colcon_core.package_identification:_identify(src/Shelfino_ROS2/projects) by extensions ['colcon_pkg']
[0.573s] Level 1:colcon.colcon_core.package_identification:_identify(src/Shelfino_ROS2/projects) by extension 'colcon_pkg'
[0.573s] Level 1:colcon.colcon_core.package_identification:_identify(src/Shelfino_ROS2/projects) by extensions ['colcon_meta']
[0.573s] Level 1:colcon.colcon_core.package_identification:_identify(src/Shelfino_ROS2/projects) by extension 'colcon_meta'
[0.573s] Level 1:colcon.colcon_core.package_identification:_identify(src/Shelfino_ROS2/projects) by extensions ['ros']
[0.573s] Level 1:colcon.colcon_core.package_identification:_identify(src/Shelfino_ROS2/projects) by extension 'ros'
[0.574s] DEBUG:colcon.colcon_core.package_identification:Package 'src/Shelfino_ROS2/projects' with type 'ros.ament_cmake' and name 'projects'
[0.575s] Level 1:colcon.colcon_core.package_identification:_identify(src/Shelfino_ROS2/shelfino_description) by extensions ['ignore', 'ignore_ament_install']
[0.575s] Level 1:colcon.colcon_core.package_identification:_identify(src/Shelfino_ROS2/shelfino_description) by extension 'ignore'
[0.575s] Level 1:colcon.colcon_core.package_identification:_identify(src/Shelfino_ROS2/shelfino_description) by extension 'ignore_ament_install'
[0.575s] Level 1:colcon.colcon_core.package_identification:_identify(src/Shelfino_ROS2/shelfino_description) by extensions ['colcon_pkg']
[0.575s] Level 1:colcon.colcon_core.package_identification:_identify(src/Shelfino_ROS2/shelfino_description) by extension 'colcon_pkg'
[0.575s] Level 1:colcon.colcon_core.package_identification:_identify(src/Shelfino_ROS2/shelfino_description) by extensions ['colcon_meta']
[0.575s] Level 1:colcon.colcon_core.package_identification:_identify(src/Shelfino_ROS2/shelfino_description) by extension 'colcon_meta'
[0.575s] Level 1:colcon.colcon_core.package_identification:_identify(src/Shelfino_ROS2/shelfino_description) by extensions ['ros']
[0.575s] Level 1:colcon.colcon_core.package_identification:_identify(src/Shelfino_ROS2/shelfino_description) by extension 'ros'
[0.576s] DEBUG:colcon.colcon_core.package_identification:Package 'src/Shelfino_ROS2/shelfino_description' with type 'ros.ament_cmake' and name 'shelfino_description'
[0.577s] Level 1:colcon.colcon_core.package_identification:_identify(src/Shelfino_ROS2/shelfino_gazebo) by extensions ['ignore', 'ignore_ament_install']
[0.577s] Level 1:colcon.colcon_core.package_identification:_identify(src/Shelfino_ROS2/shelfino_gazebo) by extension 'ignore'
[0.577s] Level 1:colcon.colcon_core.package_identification:_identify(src/Shelfino_ROS2/shelfino_gazebo) by extension 'ignore_ament_install'
[0.577s] Level 1:colcon.colcon_core.package_identification:_identify(src/Shelfino_ROS2/shelfino_gazebo) by extensions ['colcon_pkg']
[0.577s] Level 1:colcon.colcon_core.package_identification:_identify(src/Shelfino_ROS2/shelfino_gazebo) by extension 'colcon_pkg'
[0.577s] Level 1:colcon.colcon_core.package_identification:_identify(src/Shelfino_ROS2/shelfino_gazebo) by extensions ['colcon_meta']
[0.577s] Level 1:colcon.colcon_core.package_identification:_identify(src/Shelfino_ROS2/shelfino_gazebo) by extension 'colcon_meta'
[0.577s] Level 1:colcon.colcon_core.package_identification:_identify(src/Shelfino_ROS2/shelfino_gazebo) by extensions ['ros']
[0.577s] Level 1:colcon.colcon_core.package_identification:_identify(src/Shelfino_ROS2/shelfino_gazebo) by extension 'ros'
[0.581s] DEBUG:colcon.colcon_core.package_identification:Package 'src/Shelfino_ROS2/shelfino_gazebo' with type 'ros.ament_cmake' and name 'shelfino_gazebo'
[0.581s] Level 1:colcon.colcon_core.package_identification:_identify(src/Shelfino_ROS2/shelfino_navigation) by extensions ['ignore', 'ignore_ament_install']
[0.581s] Level 1:colcon.colcon_core.package_identification:_identify(src/Shelfino_ROS2/shelfino_navigation) by extension 'ignore'
[0.581s] Level 1:colcon.colcon_core.package_identification:_identify(src/Shelfino_ROS2/shelfino_navigation) by extension 'ignore_ament_install'
[0.581s] Level 1:colcon.colcon_core.package_identification:_identify(src/Shelfino_ROS2/shelfino_navigation) by extensions ['colcon_pkg']
[0.581s] Level 1:colcon.colcon_core.package_identification:_identify(src/Shelfino_ROS2/shelfino_navigation) by extension 'colcon_pkg'
[0.581s] Level 1:colcon.colcon_core.package_identification:_identify(src/Shelfino_ROS2/shelfino_navigation) by extensions ['colcon_meta']
[0.582s] Level 1:colcon.colcon_core.package_identification:_identify(src/Shelfino_ROS2/shelfino_navigation) by extension 'colcon_meta'
[0.582s] Level 1:colcon.colcon_core.package_identification:_identify(src/Shelfino_ROS2/shelfino_navigation) by extensions ['ros']
[0.582s] Level 1:colcon.colcon_core.package_identification:_identify(src/Shelfino_ROS2/shelfino_navigation) by extension 'ros'
[0.583s] DEBUG:colcon.colcon_core.package_identification:Package 'src/Shelfino_ROS2/shelfino_navigation' with type 'ros.ament_cmake' and name 'shelfino_navigation'
[0.583s] Level 1:colcon.colcon_core.package_identification:_identify(src/Shelfino_ROS2/shelfino_node) by extensions ['ignore', 'ignore_ament_install']
[0.583s] Level 1:colcon.colcon_core.package_identification:_identify(src/Shelfino_ROS2/shelfino_node) by extension 'ignore'
[0.583s] Level 1:colcon.colcon_core.package_identification:_identify(src/Shelfino_ROS2/shelfino_node) ignored
[0.583s] Level 1:colcon.colcon_core.package_identification:_identify(src/robot_planning) by extensions ['ignore', 'ignore_ament_install']
[0.584s] Level 1:colcon.colcon_core.package_identification:_identify(src/robot_planning) by extension 'ignore'
[0.584s] Level 1:colcon.colcon_core.package_identification:_identify(src/robot_planning) by extension 'ignore_ament_install'
[0.584s] Level 1:colcon.colcon_core.package_identification:_identify(src/robot_planning) by extensions ['colcon_pkg']
[0.584s] Level 1:colcon.colcon_core.package_identification:_identify(src/robot_planning) by extension 'colcon_pkg'
[0.584s] Level 1:colcon.colcon_core.package_identification:_identify(src/robot_planning) by extensions ['colcon_meta']
[0.584s] Level 1:colcon.colcon_core.package_identification:_identify(src/robot_planning) by extension 'colcon_meta'
[0.584s] Level 1:colcon.colcon_core.package_identification:_identify(src/robot_planning) by extensions ['ros']
[0.584s] Level 1:colcon.colcon_core.package_identification:_identify(src/robot_planning) by extension 'ros'
[0.585s] DEBUG:colcon.colcon_core.package_identification:Package 'src/robot_planning' with type 'ros.ament_cmake' and name 'robot_planning'
[0.585s] Level 1:colcon.colcon_core.package_discovery:discover_packages(recursive) using defaults
[0.586s] Level 1:colcon.colcon_core.package_discovery:discover_packages(ignore) discover
[0.586s] Level 1:colcon.colcon_core.package_discovery:discover_packages(ignore) using defaults
[0.586s] Level 1:colcon.colcon_core.package_discovery:discover_packages(path) discover
[0.586s] Level 1:colcon.colcon_core.package_discovery:discover_packages(path) using defaults
[0.638s] Level 1:colcon.colcon_core.package_discovery:discover_packages(prefix_path) check parameters
[0.638s] Level 1:colcon.colcon_core.package_discovery:discover_packages(prefix_path) discover
[0.642s] DEBUG:colcon.colcon_installed_package_information.package_discovery:Found 8 installed packages in /home/seventeen/Robotics-and-its-application/install
[0.645s] DEBUG:colcon.colcon_installed_package_information.package_discovery:Found 354 installed packages in /opt/ros/humble
[0.648s] Level 1:colcon.colcon_core.package_discovery:discover_packages(prefix_path) using defaults
[0.726s] Level 5:colcon.colcon_core.verb:set package 'evader' build argument 'cmake_args' from command line to 'None'
[0.726s] Level 5:colcon.colcon_core.verb:set package 'evader' build argument 'cmake_target' from command line to 'None'
[0.726s] Level 5:colcon.colcon_core.verb:set package 'evader' build argument 'cmake_target_skip_unavailable' from command line to 'False'
[0.726s] Level 5:colcon.colcon_core.verb:set package 'evader' build argument 'cmake_clean_cache' from command line to 'False'
[0.726s] Level 5:colcon.colcon_core.verb:set package 'evader' build argument 'cmake_clean_first' from command line to 'False'
[0.727s] Level 5:colcon.colcon_core.verb:set package 'evader' build argument 'cmake_force_configure' from command line to 'False'
[0.727s] Level 5:colcon.colcon_core.verb:set package 'evader' build argument 'ament_cmake_args' from command line to 'None'
[0.727s] Level 5:colcon.colcon_core.verb:set package 'evader' build argument 'catkin_cmake_args' from command line to 'None'
[0.727s] Level 5:colcon.colcon_core.verb:set package 'evader' build argument 'catkin_skip_building_tests' from command line to 'False'
[0.727s] DEBUG:colcon.colcon_core.verb:Building package 'evader' with the following arguments: {'ament_cmake_args': None, 'build_base': '/home/seventeen/Robotics-and-its-application/build/evader', 'catkin_cmake_args': None, 'catkin_skip_building_tests': False, 'cmake_args': None, 'cmake_clean_cache': False, 'cmake_clean_first': False, 'cmake_force_configure': False, 'cmake_target': None, 'cmake_target_skip_unavailable': False, 'install_base': '/home/seventeen/Robotics-and-its-application/install/evader', 'merge_install': False, 'path': '/home/seventeen/Robotics-and-its-application/src/Shelfino_ROS2/evader', 'symlink_install': False, 'test_result_base': None}
[0.727s] Level 5:colcon.colcon_core.verb:set package 'obstacles_msgs' build argument 'cmake_args' from command line to 'None'
[0.727s] Level 5:colcon.colcon_core.verb:set package 'obstacles_msgs' build argument 'cmake_target' from command line to 'None'
[0.728s] Level 5:colcon.colcon_core.verb:set package 'obstacles_msgs' build argument 'cmake_target_skip_unavailable' from command line to 'False'
[0.728s] Level 5:colcon.colcon_core.verb:set package 'obstacles_msgs' build argument 'cmake_clean_cache' from command line to 'False'
[0.728s] Level 5:colcon.colcon_core.verb:set package 'obstacles_msgs' build argument 'cmake_clean_first' from command line to 'False'
[0.728s] Level 5:colcon.colcon_core.verb:set package 'obstacles_msgs' build argument 'cmake_force_configure' from command line to 'False'
[0.728s] Level 5:colcon.colcon_core.verb:set package 'obstacles_msgs' build argument 'ament_cmake_args' from command line to 'None'
[0.728s] Level 5:colcon.colcon_core.verb:set package 'obstacles_msgs' build argument 'catkin_cmake_args' from command line to 'None'
[0.728s] Level 5:colcon.colcon_core.verb:set package 'obstacles_msgs' build argument 'catkin_skip_building_tests' from command line to 'False'
[0.728s] DEBUG:colcon.colcon_core.verb:Building package 'obstacles_msgs' with the following arguments: {'ament_cmake_args': None, 'build_base': '/home/seventeen/Robotics-and-its-application/build/obstacles_msgs', 'catkin_cmake_args': None, 'catkin_skip_building_tests': False, 'cmake_args': None, 'cmake_clean_cache': False, 'cmake_clean_first': False, 'cmake_force_configure': False, 'cmake_target': None, 'cmake_target_skip_unavailable': False, 'install_base': '/home/seventeen/Robotics-and-its-application/install/obstacles_msgs', 'merge_install': False, 'path': '/home/seventeen/Robotics-and-its-application/src/Shelfino_ROS2/obstacles_msgs', 'symlink_install': False, 'test_result_base': None}
[0.728s] Level 5:colcon.colcon_core.verb:set package 'robot_planning' build argument 'cmake_args' from command line to 'None'
[0.728s] Level 5:colcon.colcon_core.verb:set package 'robot_planning' build argument 'cmake_target' from command line to 'None'
[0.729s] Level 5:colcon.colcon_core.verb:set package 'robot_planning' build argument 'cmake_target_skip_unavailable' from command line to 'False'
[0.729s] Level 5:colcon.colcon_core.verb:set package 'robot_planning' build argument 'cmake_clean_cache' from command line to 'False'
[0.729s] Level 5:colcon.colcon_core.verb:set package 'robot_planning' build argument 'cmake_clean_first' from command line to 'False'
[0.729s] Level 5:colcon.colcon_core.verb:set package 'robot_planning' build argument 'cmake_force_configure' from command line to 'False'
[0.729s] Level 5:colcon.colcon_core.verb:set package 'robot_planning' build argument 'ament_cmake_args' from command line to 'None'
[0.729s] Level 5:colcon.colcon_core.verb:set package 'robot_planning' build argument 'catkin_cmake_args' from command line to 'None'
[0.729s] Level 5:colcon.colcon_core.verb:set package 'robot_planning' build argument 'catkin_skip_building_tests' from command line to 'False'
[0.729s] DEBUG:colcon.colcon_core.verb:Building package 'robot_planning' with the following arguments: {'ament_cmake_args': None, 'build_base': '/home/seventeen/Robotics-and-its-application/build/robot_planning', 'catkin_cmake_args': None, 'catkin_skip_building_tests': False, 'cmake_args': None, 'cmake_clean_cache': False, 'cmake_clean_first': False, 'cmake_force_configure': False, 'cmake_target': None, 'cmake_target_skip_unavailable': False, 'install_base': '/home/seventeen/Robotics-and-its-application/install/robot_planning', 'merge_install': False, 'path': '/home/seventeen/Robotics-and-its-application/src/robot_planning', 'symlink_install': False, 'test_result_base': None}
[0.729s] Level 5:colcon.colcon_core.verb:set package 'shelfino_description' build argument 'cmake_args' from command line to 'None'
[0.729s] Level 5:colcon.colcon_core.verb:set package 'shelfino_description' build argument 'cmake_target' from command line to 'None'
[0.730s] Level 5:colcon.colcon_core.verb:set package 'shelfino_description' build argument 'cmake_target_skip_unavailable' from command line to 'False'
[0.730s] Level 5:colcon.colcon_core.verb:set package 'shelfino_description' build argument 'cmake_clean_cache' from command line to 'False'
[0.730s] Level 5:colcon.colcon_core.verb:set package 'shelfino_description' build argument 'cmake_clean_first' from command line to 'False'
[0.730s] Level 5:colcon.colcon_core.verb:set package 'shelfino_description' build argument 'cmake_force_configure' from command line to 'False'
[0.730s] Level 5:colcon.colcon_core.verb:set package 'shelfino_description' build argument 'ament_cmake_args' from command line to 'None'
[0.730s] Level 5:colcon.colcon_core.verb:set package 'shelfino_description' build argument 'catkin_cmake_args' from command line to 'None'
[0.730s] Level 5:colcon.colcon_core.verb:set package 'shelfino_description' build argument 'catkin_skip_building_tests' from command line to 'False'
[0.730s] DEBUG:colcon.colcon_core.verb:Building package 'shelfino_description' with the following arguments: {'ament_cmake_args': None, 'build_base': '/home/seventeen/Robotics-and-its-application/build/shelfino_description', 'catkin_cmake_args': None, 'catkin_skip_building_tests': False, 'cmake_args': None, 'cmake_clean_cache': False, 'cmake_clean_first': False, 'cmake_force_configure': False, 'cmake_target': None, 'cmake_target_skip_unavailable': False, 'install_base': '/home/seventeen/Robotics-and-its-application/install/shelfino_description', 'merge_install': False, 'path': '/home/seventeen/Robotics-and-its-application/src/Shelfino_ROS2/shelfino_description', 'symlink_install': False, 'test_result_base': None}
[0.731s] Level 5:colcon.colcon_core.verb:set package 'shelfino_gazebo' build argument 'cmake_args' from command line to 'None'
[0.731s] Level 5:colcon.colcon_core.verb:set package 'shelfino_gazebo' build argument 'cmake_target' from command line to 'None'
[0.731s] Level 5:colcon.colcon_core.verb:set package 'shelfino_gazebo' build argument 'cmake_target_skip_unavailable' from command line to 'False'
[0.731s] Level 5:colcon.colcon_core.verb:set package 'shelfino_gazebo' build argument 'cmake_clean_cache' from command line to 'False'
[0.731s] Level 5:colcon.colcon_core.verb:set package 'shelfino_gazebo' build argument 'cmake_clean_first' from command line to 'False'
[0.731s] Level 5:colcon.colcon_core.verb:set package 'shelfino_gazebo' build argument 'cmake_force_configure' from command line to 'False'
[0.731s] Level 5:colcon.colcon_core.verb:set package 'shelfino_gazebo' build argument 'ament_cmake_args' from command line to 'None'
[0.731s] Level 5:colcon.colcon_core.verb:set package 'shelfino_gazebo' build argument 'catkin_cmake_args' from command line to 'None'
[0.731s] Level 5:colcon.colcon_core.verb:set package 'shelfino_gazebo' build argument 'catkin_skip_building_tests' from command line to 'False'
[0.731s] DEBUG:colcon.colcon_core.verb:Building package 'shelfino_gazebo' with the following arguments: {'ament_cmake_args': None, 'build_base': '/home/seventeen/Robotics-and-its-application/build/shelfino_gazebo', 'catkin_cmake_args': None, 'catkin_skip_building_tests': False, 'cmake_args': None, 'cmake_clean_cache': False, 'cmake_clean_first': False, 'cmake_force_configure': False, 'cmake_target': None, 'cmake_target_skip_unavailable': False, 'install_base': '/home/seventeen/Robotics-and-its-application/install/shelfino_gazebo', 'merge_install': False, 'path': '/home/seventeen/Robotics-and-its-application/src/Shelfino_ROS2/shelfino_gazebo', 'symlink_install': False, 'test_result_base': None}
[0.732s] Level 5:colcon.colcon_core.verb:set package 'shelfino_navigation' build argument 'cmake_args' from command line to 'None'
[0.732s] Level 5:colcon.colcon_core.verb:set package 'shelfino_navigation' build argument 'cmake_target' from command line to 'None'
[0.732s] Level 5:colcon.colcon_core.verb:set package 'shelfino_navigation' build argument 'cmake_target_skip_unavailable' from command line to 'False'
[0.732s] Level 5:colcon.colcon_core.verb:set package 'shelfino_navigation' build argument 'cmake_clean_cache' from command line to 'False'
[0.732s] Level 5:colcon.colcon_core.verb:set package 'shelfino_navigation' build argument 'cmake_clean_first' from command line to 'False'
[0.732s] Level 5:colcon.colcon_core.verb:set package 'shelfino_navigation' build argument 'cmake_force_configure' from command line to 'False'
[0.732s] Level 5:colcon.colcon_core.verb:set package 'shelfino_navigation' build argument 'ament_cmake_args' from command line to 'None'
[0.732s] Level 5:colcon.colcon_core.verb:set package 'shelfino_navigation' build argument 'catkin_cmake_args' from command line to 'None'
[0.732s] Level 5:colcon.colcon_core.verb:set package 'shelfino_navigation' build argument 'catkin_skip_building_tests' from command line to 'False'
[0.732s] DEBUG:colcon.colcon_core.verb:Building package 'shelfino_navigation' with the following arguments: {'ament_cmake_args': None, 'build_base': '/home/seventeen/Robotics-and-its-application/build/shelfino_navigation', 'catkin_cmake_args': None, 'catkin_skip_building_tests': False, 'cmake_args': None, 'cmake_clean_cache': False, 'cmake_clean_first': False, 'cmake_force_configure': False, 'cmake_target': None, 'cmake_target_skip_unavailable': False, 'install_base': '/home/seventeen/Robotics-and-its-application/install/shelfino_navigation', 'merge_install': False, 'path': '/home/seventeen/Robotics-and-its-application/src/Shelfino_ROS2/shelfino_navigation', 'symlink_install': False, 'test_result_base': None}
[0.733s] Level 5:colcon.colcon_core.verb:set package 'map_pkg' build argument 'cmake_args' from command line to 'None'
[0.733s] Level 5:colcon.colcon_core.verb:set package 'map_pkg' build argument 'cmake_target' from command line to 'None'
[0.733s] Level 5:colcon.colcon_core.verb:set package 'map_pkg' build argument 'cmake_target_skip_unavailable' from command line to 'False'
[0.733s] Level 5:colcon.colcon_core.verb:set package 'map_pkg' build argument 'cmake_clean_cache' from command line to 'False'
[0.733s] Level 5:colcon.colcon_core.verb:set package 'map_pkg' build argument 'cmake_clean_first' from command line to 'False'
[0.733s] Level 5:colcon.colcon_core.verb:set package 'map_pkg' build argument 'cmake_force_configure' from command line to 'False'
[0.733s] Level 5:colcon.colcon_core.verb:set package 'map_pkg' build argument 'ament_cmake_args' from command line to 'None'
[0.733s] Level 5:colcon.colcon_core.verb:set package 'map_pkg' build argument 'catkin_cmake_args' from command line to 'None'
[0.733s] Level 5:colcon.colcon_core.verb:set package 'map_pkg' build argument 'catkin_skip_building_tests' from command line to 'False'
[0.733s] DEBUG:colcon.colcon_core.verb:Building package 'map_pkg' with the following arguments: {'ament_cmake_args': None, 'build_base': '/home/seventeen/Robotics-and-its-application/build/map_pkg', 'catkin_cmake_args': None, 'catkin_skip_building_tests': False, 'cmake_args': None, 'cmake_clean_cache': False, 'cmake_clean_first': False, 'cmake_force_configure': False, 'cmake_target': None, 'cmake_target_skip_unavailable': False, 'install_base': '/home/seventeen/Robotics-and-its-application/install/map_pkg', 'merge_install': False, 'path': '/home/seventeen/Robotics-and-its-application/src/Shelfino_ROS2/map_pkg', 'symlink_install': False, 'test_result_base': None}
[0.734s] Level 5:colcon.colcon_core.verb:set package 'projects' build argument 'cmake_args' from command line to 'None'
[0.734s] Level 5:colcon.colcon_core.verb:set package 'projects' build argument 'cmake_target' from command line to 'None'
[0.734s] Level 5:colcon.colcon_core.verb:set package 'projects' build argument 'cmake_target_skip_unavailable' from command line to 'False'
[0.734s] Level 5:colcon.colcon_core.verb:set package 'projects' build argument 'cmake_clean_cache' from command line to 'False'
[0.734s] Level 5:colcon.colcon_core.verb:set package 'projects' build argument 'cmake_clean_first' from command line to 'False'
[0.734s] Level 5:colcon.colcon_core.verb:set package 'projects' build argument 'cmake_force_configure' from command line to 'False'
[0.734s] Level 5:colcon.colcon_core.verb:set package 'projects' build argument 'ament_cmake_args' from command line to 'None'
[0.734s] Level 5:colcon.colcon_core.verb:set package 'projects' build argument 'catkin_cmake_args' from command line to 'None'
[0.734s] Level 5:colcon.colcon_core.verb:set package 'projects' build argument 'catkin_skip_building_tests' from command line to 'False'
[0.734s] DEBUG:colcon.colcon_core.verb:Building package 'projects' with the following arguments: {'ament_cmake_args': None, 'build_base': '/home/seventeen/Robotics-and-its-application/build/projects', 'catkin_cmake_args': None, 'catkin_skip_building_tests': False, 'cmake_args': None, 'cmake_clean_cache': False, 'cmake_clean_first': False, 'cmake_force_configure': False, 'cmake_target': None, 'cmake_target_skip_unavailable': False, 'install_base': '/home/seventeen/Robotics-and-its-application/install/projects', 'merge_install': False, 'path': '/home/seventeen/Robotics-and-its-application/src/Shelfino_ROS2/projects', 'symlink_install': False, 'test_result_base': None}
[0.734s] INFO:colcon.colcon_core.executor:Executing jobs using 'parallel' executor
[0.736s] DEBUG:colcon.colcon_parallel_executor.executor.parallel:run_until_complete
[0.737s] INFO:colcon.colcon_ros.task.ament_cmake.build:Building ROS package in '/home/seventeen/Robotics-and-its-application/src/Shelfino_ROS2/obstacles_msgs' with build type 'ament_cmake'
[0.737s] INFO:colcon.colcon_cmake.task.cmake.build:Building CMake package in '/home/seventeen/Robotics-and-its-application/src/Shelfino_ROS2/obstacles_msgs'
[0.741s] INFO:colcon.colcon_core.plugin_system:Skipping extension 'colcon_core.shell.bat': Not used on non-Windows systems
[0.742s] INFO:colcon.colcon_core.shell:Skip shell extension 'powershell' for command environment: Not usable outside of PowerShell
[0.742s] DEBUG:colcon.colcon_core.shell:Skip shell extension 'dsv' for command environment
[0.749s] INFO:colcon.colcon_ros.task.ament_cmake.build:Building ROS package in '/home/seventeen/Robotics-and-its-application/src/Shelfino_ROS2/shelfino_description' with build type 'ament_cmake'
[0.749s] INFO:colcon.colcon_cmake.task.cmake.build:Building CMake package in '/home/seventeen/Robotics-and-its-application/src/Shelfino_ROS2/shelfino_description'
[0.750s] INFO:colcon.colcon_core.shell:Skip shell extension 'powershell' for command environment: Not usable outside of PowerShell
[0.750s] DEBUG:colcon.colcon_core.shell:Skip shell extension 'dsv' for command environment
[0.758s] INFO:colcon.colcon_ros.task.ament_cmake.build:Building ROS package in '/home/seventeen/Robotics-and-its-application/src/Shelfino_ROS2/shelfino_gazebo' with build type 'ament_cmake'
[0.758s] INFO:colcon.colcon_cmake.task.cmake.build:Building CMake package in '/home/seventeen/Robotics-and-its-application/src/Shelfino_ROS2/shelfino_gazebo'
[0.759s] INFO:colcon.colcon_core.shell:Skip shell extension 'powershell' for command environment: Not usable outside of PowerShell
[0.759s] DEBUG:colcon.colcon_core.shell:Skip shell extension 'dsv' for command environment
[0.766s] INFO:colcon.colcon_ros.task.ament_cmake.build:Building ROS package in '/home/seventeen/Robotics-and-its-application/src/Shelfino_ROS2/shelfino_navigation' with build type 'ament_cmake'
[0.766s] INFO:colcon.colcon_cmake.task.cmake.build:Building CMake package in '/home/seventeen/Robotics-and-its-application/src/Shelfino_ROS2/shelfino_navigation'
[0.767s] INFO:colcon.colcon_core.shell:Skip shell extension 'powershell' for command environment: Not usable outside of PowerShell
[0.767s] DEBUG:colcon.colcon_core.shell:Skip shell extension 'dsv' for command environment
[0.777s] INFO:colcon.colcon_ros.task.ament_cmake.build:Building ROS package in '/home/seventeen/Robotics-and-its-application/src/Shelfino_ROS2/evader' with build type 'ament_cmake'
[0.778s] INFO:colcon.colcon_cmake.task.cmake.build:Building CMake package in '/home/seventeen/Robotics-and-its-application/src/Shelfino_ROS2/evader'
[0.778s] INFO:colcon.colcon_core.shell:Skip shell extension 'powershell' for command environment: Not usable outside of PowerShell
[0.778s] DEBUG:colcon.colcon_core.shell:Skip shell extension 'dsv' for command environment
[0.785s] INFO:colcon.colcon_ros.task.ament_cmake.build:Building ROS package in '/home/seventeen/Robotics-and-its-application/src/robot_planning' with build type 'ament_cmake'
[0.785s] INFO:colcon.colcon_cmake.task.cmake.build:Building CMake package in '/home/seventeen/Robotics-and-its-application/src/robot_planning'
[0.786s] INFO:colcon.colcon_core.shell:Skip shell extension 'powershell' for command environment: Not usable outside of PowerShell
[0.786s] DEBUG:colcon.colcon_core.shell:Skip shell extension 'dsv' for command environment
[0.812s] DEBUG:colcon.colcon_core.event_handler.log_command:Invoking command in '/home/seventeen/Robotics-and-its-application/build/obstacles_msgs': CMAKE_PREFIX_PATH=${CMAKE_PREFIX_PATH}:/opt/ros/humble /home/seventeen/.local/bin/cmake --build /home/seventeen/Robotics-and-its-application/build/obstacles_msgs -- -j8 -l8
[0.819s] DEBUG:colcon.colcon_core.event_handler.log_command:Invoking command in '/home/seventeen/Robotics-and-its-application/build/shelfino_description': CMAKE_PREFIX_PATH=${CMAKE_PREFIX_PATH}:/opt/ros/humble /home/seventeen/.local/bin/cmake --build /home/seventeen/Robotics-and-its-application/build/shelfino_description -- -j8 -l8
[0.826s] DEBUG:colcon.colcon_core.event_handler.log_command:Invoking command in '/home/seventeen/Robotics-and-its-application/build/shelfino_gazebo': CMAKE_PREFIX_PATH=${CMAKE_PREFIX_PATH}:/opt/ros/humble /home/seventeen/.local/bin/cmake --build /home/seventeen/Robotics-and-its-application/build/shelfino_gazebo -- -j8 -l8
[0.833s] DEBUG:colcon.colcon_core.event_handler.log_command:Invoking command in '/home/seventeen/Robotics-and-its-application/build/shelfino_navigation': CMAKE_PREFIX_PATH=${CMAKE_PREFIX_PATH}:/opt/ros/humble /home/seventeen/.local/bin/cmake --build /home/seventeen/Robotics-and-its-application/build/shelfino_navigation -- -j8 -l8
[0.844s] DEBUG:colcon.colcon_core.event_handler.log_command:Invoking command in '/home/seventeen/Robotics-and-its-application/build/evader': CMAKE_PREFIX_PATH=${CMAKE_PREFIX_PATH}:/opt/ros/humble /home/seventeen/.local/bin/cmake --build /home/seventeen/Robotics-and-its-application/build/evader -- -j8 -l8
[0.858s] DEBUG:colcon.colcon_core.event_handler.log_command:Invoking command in '/home/seventeen/Robotics-and-its-application/build/robot_planning': CMAKE_PREFIX_PATH=${CMAKE_PREFIX_PATH}:/opt/ros/humble /home/seventeen/.local/bin/cmake --build /home/seventeen/Robotics-and-its-application/build/robot_planning -- -j8 -l8
[1.093s] DEBUG:colcon.colcon_core.event_handler.log_command:Invoked command in '/home/seventeen/Robotics-and-its-application/build/shelfino_description' returned '0': CMAKE_PREFIX_PATH=${CMAKE_PREFIX_PATH}:/opt/ros/humble /home/seventeen/.local/bin/cmake --build /home/seventeen/Robotics-and-its-application/build/shelfino_description -- -j8 -l8
[1.119s] DEBUG:colcon.colcon_core.event_handler.log_command:Invoked command in '/home/seventeen/Robotics-and-its-application/build/shelfino_navigation' returned '0': CMAKE_PREFIX_PATH=${CMAKE_PREFIX_PATH}:/opt/ros/humble /home/seventeen/.local/bin/cmake --build /home/seventeen/Robotics-and-its-application/build/shelfino_navigation -- -j8 -l8
[1.156s] DEBUG:colcon.colcon_core.event_handler.log_command:Invoked command in '/home/seventeen/Robotics-and-its-application/build/evader' returned '0': CMAKE_PREFIX_PATH=${CMAKE_PREFIX_PATH}:/opt/ros/humble /home/seventeen/.local/bin/cmake --build /home/seventeen/Robotics-and-its-application/build/evader -- -j8 -l8
[1.192s] DEBUG:colcon.colcon_core.event_handler.log_command:Invoked command in '/home/seventeen/Robotics-and-its-application/build/shelfino_gazebo' returned '0': CMAKE_PREFIX_PATH=${CMAKE_PREFIX_PATH}:/opt/ros/humble /home/seventeen/.local/bin/cmake --build /home/seventeen/Robotics-and-its-application/build/shelfino_gazebo -- -j8 -l8
[1.624s] DEBUG:colcon.colcon_core.event_handler.log_command:Invoking command in '/home/seventeen/Robotics-and-its-application/build/shelfino_description': CMAKE_PREFIX_PATH=${CMAKE_PREFIX_PATH}:/opt/ros/humble /home/seventeen/.local/bin/cmake --install /home/seventeen/Robotics-and-its-application/build/shelfino_description
[1.630s] DEBUG:colcon.colcon_core.event_handler.log_command:Invoking command in '/home/seventeen/Robotics-and-its-application/build/shelfino_navigation': CMAKE_PREFIX_PATH=${CMAKE_PREFIX_PATH}:/opt/ros/humble /home/seventeen/.local/bin/cmake --install /home/seventeen/Robotics-and-its-application/build/shelfino_navigation
[1.637s] DEBUG:colcon.colcon_core.event_handler.log_command:Invoking command in '/home/seventeen/Robotics-and-its-application/build/evader': CMAKE_PREFIX_PATH=${CMAKE_PREFIX_PATH}:/opt/ros/humble /home/seventeen/.local/bin/cmake --install /home/seventeen/Robotics-and-its-application/build/evader
[1.648s] DEBUG:colcon.colcon_core.event_handler.log_command:Invoking command in '/home/seventeen/Robotics-and-its-application/build/shelfino_gazebo': CMAKE_PREFIX_PATH=${CMAKE_PREFIX_PATH}:/opt/ros/humble /home/seventeen/.local/bin/cmake --install /home/seventeen/Robotics-and-its-application/build/shelfino_gazebo
[1.865s] Level 1:colcon.colcon_core.environment:create_environment_scripts_only(evader)
[1.879s] Level 1:colcon.colcon_core.environment:checking '/home/seventeen/Robotics-and-its-application/install/evader' for CMake module files
[1.890s] DEBUG:colcon.colcon_core.event_handler.log_command:Invoked command in '/home/seventeen/Robotics-and-its-application/build/evader' returned '0': CMAKE_PREFIX_PATH=${CMAKE_PREFIX_PATH}:/opt/ros/humble /home/seventeen/.local/bin/cmake --install /home/seventeen/Robotics-and-its-application/build/evader
[1.898s] Level 1:colcon.colcon_core.environment:checking '/home/seventeen/Robotics-and-its-application/install/evader' for CMake config files
[1.899s] Level 1:colcon.colcon_core.shell:create_environment_hook('evader', 'cmake_prefix_path')
[1.900s] INFO:colcon.colcon_core.shell:Creating environment hook '/home/seventeen/Robotics-and-its-application/install/evader/share/evader/hook/cmake_prefix_path.ps1'
[1.901s] INFO:colcon.colcon_core.shell:Creating environment descriptor '/home/seventeen/Robotics-and-its-application/install/evader/share/evader/hook/cmake_prefix_path.dsv'
[1.903s] INFO:colcon.colcon_core.shell:Creating environment hook '/home/seventeen/Robotics-and-its-application/install/evader/share/evader/hook/cmake_prefix_path.sh'
[1.908s] Level 1:colcon.colcon_core.environment:checking '/home/seventeen/Robotics-and-its-application/install/evader/lib'
[1.909s] Level 1:colcon.colcon_core.environment:checking '/home/seventeen/Robotics-and-its-application/install/evader/bin'
[1.909s] Level 1:colcon.colcon_core.environment:checking '/home/seventeen/Robotics-and-its-application/install/evader/lib/pkgconfig/evader.pc'
[1.910s] Level 1:colcon.colcon_core.environment:checking '/home/seventeen/Robotics-and-its-application/install/evader/lib/python3.10/site-packages'
[1.911s] Level 1:colcon.colcon_core.environment:checking '/home/seventeen/Robotics-and-its-application/install/evader/bin'
[1.916s] INFO:colcon.colcon_core.shell:Creating package script '/home/seventeen/Robotics-and-its-application/install/evader/share/evader/package.ps1'
[1.922s] INFO:colcon.colcon_core.shell:Creating package descriptor '/home/seventeen/Robotics-and-its-application/install/evader/share/evader/package.dsv'
[1.924s] INFO:colcon.colcon_core.shell:Creating package script '/home/seventeen/Robotics-and-its-application/install/evader/share/evader/package.sh'
[1.931s] INFO:colcon.colcon_core.shell:Creating package script '/home/seventeen/Robotics-and-its-application/install/evader/share/evader/package.bash'
[1.938s] INFO:colcon.colcon_core.shell:Creating package script '/home/seventeen/Robotics-and-its-application/install/evader/share/evader/package.zsh'
[1.940s] Level 1:colcon.colcon_core.environment:create_file_with_runtime_dependencies(/home/seventeen/Robotics-and-its-application/install/evader/share/colcon-core/packages/evader)
[1.952s] Level 1:colcon.colcon_core.environment:create_environment_scripts_only(shelfino_navigation)
[1.953s] Level 1:colcon.colcon_core.environment:checking '/home/seventeen/Robotics-and-its-application/install/shelfino_navigation' for CMake module files
[1.955s] Level 1:colcon.colcon_core.environment:checking '/home/seventeen/Robotics-and-its-application/install/shelfino_navigation' for CMake config files
[1.962s] Level 1:colcon.colcon_core.shell:create_environment_hook('shelfino_navigation', 'cmake_prefix_path')
[1.963s] INFO:colcon.colcon_core.shell:Creating environment hook '/home/seventeen/Robotics-and-its-application/install/shelfino_navigation/share/shelfino_navigation/hook/cmake_prefix_path.ps1'
[1.965s] DEBUG:colcon.colcon_core.event_handler.log_command:Invoked command in '/home/seventeen/Robotics-and-its-application/build/shelfino_navigation' returned '0': CMAKE_PREFIX_PATH=${CMAKE_PREFIX_PATH}:/opt/ros/humble /home/seventeen/.local/bin/cmake --install /home/seventeen/Robotics-and-its-application/build/shelfino_navigation
[1.966s] INFO:colcon.colcon_core.shell:Creating environment descriptor '/home/seventeen/Robotics-and-its-application/install/shelfino_navigation/share/shelfino_navigation/hook/cmake_prefix_path.dsv'
[1.967s] INFO:colcon.colcon_core.shell:Creating environment hook '/home/seventeen/Robotics-and-its-application/install/shelfino_navigation/share/shelfino_navigation/hook/cmake_prefix_path.sh'
[1.980s] Level 1:colcon.colcon_core.environment:checking '/home/seventeen/Robotics-and-its-application/install/shelfino_navigation/bin'
[1.980s] Level 1:colcon.colcon_core.environment:checking '/home/seventeen/Robotics-and-its-application/install/shelfino_navigation/lib/pkgconfig/shelfino_navigation.pc'
[1.983s] Level 1:colcon.colcon_core.environment:checking '/home/seventeen/Robotics-and-its-application/install/shelfino_navigation/lib/python3.10/site-packages'
[1.984s] Level 1:colcon.colcon_core.environment:checking '/home/seventeen/Robotics-and-its-application/install/shelfino_navigation/bin'
[1.985s] INFO:colcon.colcon_core.shell:Creating package script '/home/seventeen/Robotics-and-its-application/install/shelfino_navigation/share/shelfino_navigation/package.ps1'
[1.996s] INFO:colcon.colcon_core.shell:Creating package descriptor '/home/seventeen/Robotics-and-its-application/install/shelfino_navigation/share/shelfino_navigation/package.dsv'
[2.003s] INFO:colcon.colcon_core.shell:Creating package script '/home/seventeen/Robotics-and-its-application/install/shelfino_navigation/share/shelfino_navigation/package.sh'
[2.009s] INFO:colcon.colcon_core.shell:Creating package script '/home/seventeen/Robotics-and-its-application/install/shelfino_navigation/share/shelfino_navigation/package.bash'
[2.013s] INFO:colcon.colcon_core.shell:Creating package script '/home/seventeen/Robotics-and-its-application/install/shelfino_navigation/share/shelfino_navigation/package.zsh'
[2.014s] Level 1:colcon.colcon_core.environment:create_file_with_runtime_dependencies(/home/seventeen/Robotics-and-its-application/install/shelfino_navigation/share/colcon-core/packages/shelfino_navigation)
[2.031s] Level 1:colcon.colcon_core.environment:create_environment_scripts_only(shelfino_description)
[2.032s] Level 1:colcon.colcon_core.environment:checking '/home/seventeen/Robotics-and-its-application/install/shelfino_description' for CMake module files
[2.038s] Level 1:colcon.colcon_core.environment:checking '/home/seventeen/Robotics-and-its-application/install/shelfino_description' for CMake config files
[2.039s] Level 1:colcon.colcon_core.shell:create_environment_hook('shelfino_description', 'cmake_prefix_path')
[2.040s] INFO:colcon.colcon_core.shell:Creating environment hook '/home/seventeen/Robotics-and-its-application/install/shelfino_description/share/shelfino_description/hook/cmake_prefix_path.ps1'
[2.037s] DEBUG:colcon.colcon_core.event_handler.log_command:Invoked command in '/home/seventeen/Robotics-and-its-application/build/shelfino_description' returned '0': CMAKE_PREFIX_PATH=${CMAKE_PREFIX_PATH}:/opt/ros/humble /home/seventeen/.local/bin/cmake --install /home/seventeen/Robotics-and-its-application/build/shelfino_description
[2.043s] INFO:colcon.colcon_core.shell:Creating environment descriptor '/home/seventeen/Robotics-and-its-application/install/shelfino_description/share/shelfino_description/hook/cmake_prefix_path.dsv'
[2.044s] INFO:colcon.colcon_core.shell:Creating environment hook '/home/seventeen/Robotics-and-its-application/install/shelfino_description/share/shelfino_description/hook/cmake_prefix_path.sh'
[2.047s] Level 1:colcon.colcon_core.environment:checking '/home/seventeen/Robotics-and-its-application/install/shelfino_description/bin'
[2.047s] Level 1:colcon.colcon_core.environment:checking '/home/seventeen/Robotics-and-its-application/install/shelfino_description/lib/pkgconfig/shelfino_description.pc'
[2.048s] Level 1:colcon.colcon_core.environment:checking '/home/seventeen/Robotics-and-its-application/install/shelfino_description/lib/python3.10/site-packages'
[2.048s] Level 1:colcon.colcon_core.environment:checking '/home/seventeen/Robotics-and-its-application/install/shelfino_description/bin'
[2.049s] INFO:colcon.colcon_core.shell:Creating package script '/home/seventeen/Robotics-and-its-application/install/shelfino_description/share/shelfino_description/package.ps1'
[2.051s] INFO:colcon.colcon_core.shell:Creating package descriptor '/home/seventeen/Robotics-and-its-application/install/shelfino_description/share/shelfino_description/package.dsv'
[2.052s] INFO:colcon.colcon_core.shell:Creating package script '/home/seventeen/Robotics-and-its-application/install/shelfino_description/share/shelfino_description/package.sh'
[2.053s] INFO:colcon.colcon_core.shell:Creating package script '/home/seventeen/Robotics-and-its-application/install/shelfino_description/share/shelfino_description/package.bash'
[2.055s] INFO:colcon.colcon_core.shell:Creating package script '/home/seventeen/Robotics-and-its-application/install/shelfino_description/share/shelfino_description/package.zsh'
[2.056s] Level 1:colcon.colcon_core.environment:create_file_with_runtime_dependencies(/home/seventeen/Robotics-and-its-application/install/shelfino_description/share/colcon-core/packages/shelfino_description)
[2.065s] Level 1:colcon.colcon_core.environment:create_environment_scripts_only(shelfino_gazebo)
[2.066s] Level 1:colcon.colcon_core.environment:checking '/home/seventeen/Robotics-and-its-application/install/shelfino_gazebo' for CMake module files
[2.067s] Level 1:colcon.colcon_core.environment:checking '/home/seventeen/Robotics-and-its-application/install/shelfino_gazebo' for CMake config files
[2.069s] DEBUG:colcon.colcon_core.event_handler.log_command:Invoked command in '/home/seventeen/Robotics-and-its-application/build/shelfino_gazebo' returned '0': CMAKE_PREFIX_PATH=${CMAKE_PREFIX_PATH}:/opt/ros/humble /home/seventeen/.local/bin/cmake --install /home/seventeen/Robotics-and-its-application/build/shelfino_gazebo
[2.070s] Level 1:colcon.colcon_core.shell:create_environment_hook('shelfino_gazebo', 'cmake_prefix_path')
[2.070s] INFO:colcon.colcon_core.shell:Creating environment hook '/home/seventeen/Robotics-and-its-application/install/shelfino_gazebo/share/shelfino_gazebo/hook/cmake_prefix_path.ps1'
[2.072s] INFO:colcon.colcon_core.shell:Creating environment descriptor '/home/seventeen/Robotics-and-its-application/install/shelfino_gazebo/share/shelfino_gazebo/hook/cmake_prefix_path.dsv'
[2.077s] INFO:colcon.colcon_core.shell:Creating environment hook '/home/seventeen/Robotics-and-its-application/install/shelfino_gazebo/share/shelfino_gazebo/hook/cmake_prefix_path.sh'
[2.079s] Level 1:colcon.colcon_core.environment:checking '/home/seventeen/Robotics-and-its-application/install/shelfino_gazebo/lib'
[2.079s] Level 1:colcon.colcon_core.environment:checking '/home/seventeen/Robotics-and-its-application/install/shelfino_gazebo/bin'
[2.079s] Level 1:colcon.colcon_core.environment:checking '/home/seventeen/Robotics-and-its-application/install/shelfino_gazebo/lib/pkgconfig/shelfino_gazebo.pc'
[2.080s] Level 1:colcon.colcon_core.environment:checking '/home/seventeen/Robotics-and-its-application/install/shelfino_gazebo/lib/python3.10/site-packages'
[2.080s] Level 1:colcon.colcon_core.environment:checking '/home/seventeen/Robotics-and-its-application/install/shelfino_gazebo/bin'
[2.088s] INFO:colcon.colcon_core.shell:Creating package script '/home/seventeen/Robotics-and-its-application/install/shelfino_gazebo/share/shelfino_gazebo/package.ps1'
[2.090s] INFO:colcon.colcon_core.shell:Creating package descriptor '/home/seventeen/Robotics-and-its-application/install/shelfino_gazebo/share/shelfino_gazebo/package.dsv'
[2.091s] INFO:colcon.colcon_core.shell:Creating package script '/home/seventeen/Robotics-and-its-application/install/shelfino_gazebo/share/shelfino_gazebo/package.sh'
[2.095s] INFO:colcon.colcon_core.shell:Creating package script '/home/seventeen/Robotics-and-its-application/install/shelfino_gazebo/share/shelfino_gazebo/package.bash'
[2.099s] INFO:colcon.colcon_core.shell:Creating package script '/home/seventeen/Robotics-and-its-application/install/shelfino_gazebo/share/shelfino_gazebo/package.zsh'
[2.101s] Level 1:colcon.colcon_core.environment:create_file_with_runtime_dependencies(/home/seventeen/Robotics-and-its-application/install/shelfino_gazebo/share/colcon-core/packages/shelfino_gazebo)
[2.143s] DEBUG:colcon.colcon_core.event_handler.log_command:Invoked command in '/home/seventeen/Robotics-and-its-application/build/obstacles_msgs' returned '0': CMAKE_PREFIX_PATH=${CMAKE_PREFIX_PATH}:/opt/ros/humble /home/seventeen/.local/bin/cmake --build /home/seventeen/Robotics-and-its-application/build/obstacles_msgs -- -j8 -l8
[2.344s] Level 1:colcon.colcon_core.environment:create_environment_scripts_only(evader)
[2.345s] Level 1:colcon.colcon_core.environment:checking '/home/seventeen/Robotics-and-its-application/install/evader' for CMake module files
[2.351s] Level 1:colcon.colcon_core.environment:checking '/home/seventeen/Robotics-and-its-application/install/evader' for CMake config files
[2.352s] Level 1:colcon.colcon_core.shell:create_environment_hook('evader', 'cmake_prefix_path')
[2.354s] INFO:colcon.colcon_core.shell:Creating environment hook '/home/seventeen/Robotics-and-its-application/install/evader/share/evader/hook/cmake_prefix_path.ps1'
[2.356s] INFO:colcon.colcon_core.shell:Creating environment descriptor '/home/seventeen/Robotics-and-its-application/install/evader/share/evader/hook/cmake_prefix_path.dsv'
[2.359s] INFO:colcon.colcon_core.shell:Creating environment hook '/home/seventeen/Robotics-and-its-application/install/evader/share/evader/hook/cmake_prefix_path.sh'
[2.362s] Level 1:colcon.colcon_core.environment:checking '/home/seventeen/Robotics-and-its-application/install/evader/lib'
[2.363s] Level 1:colcon.colcon_core.environment:checking '/home/seventeen/Robotics-and-its-application/install/evader/bin'
[2.364s] Level 1:colcon.colcon_core.environment:checking '/home/seventeen/Robotics-and-its-application/install/evader/lib/pkgconfig/evader.pc'
[2.365s] Level 1:colcon.colcon_core.environment:checking '/home/seventeen/Robotics-and-its-application/install/evader/lib/python3.10/site-packages'
[2.366s] Level 1:colcon.colcon_core.environment:checking '/home/seventeen/Robotics-and-its-application/install/evader/bin'
[2.368s] INFO:colcon.colcon_core.shell:Creating package script '/home/seventeen/Robotics-and-its-application/install/evader/share/evader/package.ps1'
[2.372s] INFO:colcon.colcon_core.shell:Creating package descriptor '/home/seventeen/Robotics-and-its-application/install/evader/share/evader/package.dsv'
[2.375s] INFO:colcon.colcon_core.shell:Creating package script '/home/seventeen/Robotics-and-its-application/install/evader/share/evader/package.sh'
[2.378s] INFO:colcon.colcon_core.shell:Creating package script '/home/seventeen/Robotics-and-its-application/install/evader/share/evader/package.bash'
[2.382s] INFO:colcon.colcon_core.shell:Creating package script '/home/seventeen/Robotics-and-its-application/install/evader/share/evader/package.zsh'
[2.384s] Level 1:colcon.colcon_core.environment:create_file_with_runtime_dependencies(/home/seventeen/Robotics-and-its-application/install/evader/share/colcon-core/packages/evader)
[2.388s] Level 1:colcon.colcon_core.environment:create_environment_scripts_only(shelfino_navigation)
[2.389s] Level 1:colcon.colcon_core.environment:checking '/home/seventeen/Robotics-and-its-application/install/shelfino_navigation' for CMake module files
[2.391s] Level 1:colcon.colcon_core.environment:checking '/home/seventeen/Robotics-and-its-application/install/shelfino_navigation' for CMake config files
[2.391s] Level 1:colcon.colcon_core.shell:create_environment_hook('shelfino_navigation', 'cmake_prefix_path')
[2.392s] INFO:colcon.colcon_core.shell:Creating environment hook '/home/seventeen/Robotics-and-its-application/install/shelfino_navigation/share/shelfino_navigation/hook/cmake_prefix_path.ps1'
[2.394s] INFO:colcon.colcon_core.shell:Creating environment descriptor '/home/seventeen/Robotics-and-its-application/install/shelfino_navigation/share/shelfino_navigation/hook/cmake_prefix_path.dsv'
[2.396s] INFO:colcon.colcon_core.shell:Creating environment hook '/home/seventeen/Robotics-and-its-application/install/shelfino_navigation/share/shelfino_navigation/hook/cmake_prefix_path.sh'
[2.398s] Level 1:colcon.colcon_core.environment:checking '/home/seventeen/Robotics-and-its-application/install/shelfino_navigation/bin'
[2.398s] Level 1:colcon.colcon_core.environment:checking '/home/seventeen/Robotics-and-its-application/install/shelfino_navigation/lib/pkgconfig/shelfino_navigation.pc'
[2.401s] Level 1:colcon.colcon_core.environment:checking '/home/seventeen/Robotics-and-its-application/install/shelfino_navigation/lib/python3.10/site-packages'
[2.402s] Level 1:colcon.colcon_core.environment:checking '/home/seventeen/Robotics-and-its-application/install/shelfino_navigation/bin'
[2.403s] INFO:colcon.colcon_core.shell:Creating package script '/home/seventeen/Robotics-and-its-application/install/shelfino_navigation/share/shelfino_navigation/package.ps1'
[2.406s] INFO:colcon.colcon_core.shell:Creating package descriptor '/home/seventeen/Robotics-and-its-application/install/shelfino_navigation/share/shelfino_navigation/package.dsv'
[2.409s] INFO:colcon.colcon_core.shell:Creating package script '/home/seventeen/Robotics-and-its-application/install/shelfino_navigation/share/shelfino_navigation/package.sh'
[2.411s] INFO:colcon.colcon_core.shell:Creating package script '/home/seventeen/Robotics-and-its-application/install/shelfino_navigation/share/shelfino_navigation/package.bash'
[2.414s] INFO:colcon.colcon_core.shell:Creating package script '/home/seventeen/Robotics-and-its-application/install/shelfino_navigation/share/shelfino_navigation/package.zsh'
[2.416s] Level 1:colcon.colcon_core.environment:create_file_with_runtime_dependencies(/home/seventeen/Robotics-and-its-application/install/shelfino_navigation/share/colcon-core/packages/shelfino_navigation)
[2.420s] Level 1:colcon.colcon_core.environment:create_environment_scripts_only(shelfino_description)
[2.421s] Level 1:colcon.colcon_core.environment:checking '/home/seventeen/Robotics-and-its-application/install/shelfino_description' for CMake module files
[2.423s] Level 1:colcon.colcon_core.environment:checking '/home/seventeen/Robotics-and-its-application/install/shelfino_description' for CMake config files
[2.425s] Level 1:colcon.colcon_core.shell:create_environment_hook('shelfino_description', 'cmake_prefix_path')
[2.426s] INFO:colcon.colcon_core.shell:Creating environment hook '/home/seventeen/Robotics-and-its-application/install/shelfino_description/share/shelfino_description/hook/cmake_prefix_path.ps1'
[2.428s] INFO:colcon.colcon_core.shell:Creating environment descriptor '/home/seventeen/Robotics-and-its-application/install/shelfino_description/share/shelfino_description/hook/cmake_prefix_path.dsv'
[2.431s] INFO:colcon.colcon_core.shell:Creating environment hook '/home/seventeen/Robotics-and-its-application/install/shelfino_description/share/shelfino_description/hook/cmake_prefix_path.sh'
[2.433s] Level 1:colcon.colcon_core.environment:checking '/home/seventeen/Robotics-and-its-application/install/shelfino_description/bin'
[2.434s] Level 1:colcon.colcon_core.environment:checking '/home/seventeen/Robotics-and-its-application/install/shelfino_description/lib/pkgconfig/shelfino_description.pc'
[2.434s] Level 1:colcon.colcon_core.environment:checking '/home/seventeen/Robotics-and-its-application/install/shelfino_description/lib/python3.10/site-packages'
[2.436s] Level 1:colcon.colcon_core.environment:checking '/home/seventeen/Robotics-and-its-application/install/shelfino_description/bin'
[2.437s] INFO:colcon.colcon_core.shell:Creating package script '/home/seventeen/Robotics-and-its-application/install/shelfino_description/share/shelfino_description/package.ps1'
[2.441s] INFO:colcon.colcon_core.shell:Creating package descriptor '/home/seventeen/Robotics-and-its-application/install/shelfino_description/share/shelfino_description/package.dsv'
[2.445s] INFO:colcon.colcon_core.shell:Creating package script '/home/seventeen/Robotics-and-its-application/install/shelfino_description/share/shelfino_description/package.sh'
[2.447s] INFO:colcon.colcon_core.shell:Creating package script '/home/seventeen/Robotics-and-its-application/install/shelfino_description/share/shelfino_description/package.bash'
[2.449s] INFO:colcon.colcon_core.shell:Creating package script '/home/seventeen/Robotics-and-its-application/install/shelfino_description/share/shelfino_description/package.zsh'
[2.451s] Level 1:colcon.colcon_core.environment:create_file_with_runtime_dependencies(/home/seventeen/Robotics-and-its-application/install/shelfino_description/share/colcon-core/packages/shelfino_description)
[2.455s] Level 1:colcon.colcon_core.environment:create_environment_scripts_only(shelfino_gazebo)
[2.457s] Level 1:colcon.colcon_core.environment:checking '/home/seventeen/Robotics-and-its-application/install/shelfino_gazebo' for CMake module files
[2.459s] Level 1:colcon.colcon_core.environment:checking '/home/seventeen/Robotics-and-its-application/install/shelfino_gazebo' for CMake config files
[2.461s] Level 1:colcon.colcon_core.shell:create_environment_hook('shelfino_gazebo', 'cmake_prefix_path')
[2.461s] INFO:colcon.colcon_core.shell:Creating environment hook '/home/seventeen/Robotics-and-its-application/install/shelfino_gazebo/share/shelfino_gazebo/hook/cmake_prefix_path.ps1'
[2.463s] INFO:colcon.colcon_core.shell:Creating environment descriptor '/home/seventeen/Robotics-and-its-application/install/shelfino_gazebo/share/shelfino_gazebo/hook/cmake_prefix_path.dsv'
[2.465s] INFO:colcon.colcon_core.shell:Creating environment hook '/home/seventeen/Robotics-and-its-application/install/shelfino_gazebo/share/shelfino_gazebo/hook/cmake_prefix_path.sh'
[2.468s] Level 1:colcon.colcon_core.environment:checking '/home/seventeen/Robotics-and-its-application/install/shelfino_gazebo/lib'
[2.468s] Level 1:colcon.colcon_core.environment:checking '/home/seventeen/Robotics-and-its-application/install/shelfino_gazebo/bin'
[2.468s] Level 1:colcon.colcon_core.environment:checking '/home/seventeen/Robotics-and-its-application/install/shelfino_gazebo/lib/pkgconfig/shelfino_gazebo.pc'
[2.469s] Level 1:colcon.colcon_core.environment:checking '/home/seventeen/Robotics-and-its-application/install/shelfino_gazebo/lib/python3.10/site-packages'
[2.470s] Level 1:colcon.colcon_core.environment:checking '/home/seventeen/Robotics-and-its-application/install/shelfino_gazebo/bin'
[2.472s] INFO:colcon.colcon_core.shell:Creating package script '/home/seventeen/Robotics-and-its-application/install/shelfino_gazebo/share/shelfino_gazebo/package.ps1'
[2.476s] INFO:colcon.colcon_core.shell:Creating package descriptor '/home/seventeen/Robotics-and-its-application/install/shelfino_gazebo/share/shelfino_gazebo/package.dsv'
[2.478s] INFO:colcon.colcon_core.shell:Creating package script '/home/seventeen/Robotics-and-its-application/install/shelfino_gazebo/share/shelfino_gazebo/package.sh'
[2.480s] INFO:colcon.colcon_core.shell:Creating package script '/home/seventeen/Robotics-and-its-application/install/shelfino_gazebo/share/shelfino_gazebo/package.bash'
[2.484s] INFO:colcon.colcon_core.shell:Creating package script '/home/seventeen/Robotics-and-its-application/install/shelfino_gazebo/share/shelfino_gazebo/package.zsh'
[2.487s] Level 1:colcon.colcon_core.environment:create_file_with_runtime_dependencies(/home/seventeen/Robotics-and-its-application/install/shelfino_gazebo/share/colcon-core/packages/shelfino_gazebo)
[2.681s] DEBUG:colcon.colcon_core.event_handler.log_command:Invoking command in '/home/seventeen/Robotics-and-its-application/build/obstacles_msgs': CMAKE_PREFIX_PATH=${CMAKE_PREFIX_PATH}:/opt/ros/humble /home/seventeen/.local/bin/cmake --install /home/seventeen/Robotics-and-its-application/build/obstacles_msgs
[2.975s] Level 1:colcon.colcon_core.environment:create_environment_scripts_only(obstacles_msgs)
[2.977s] Level 1:colcon.colcon_core.environment:checking '/home/seventeen/Robotics-and-its-application/install/obstacles_msgs' for CMake module files
[2.979s] DEBUG:colcon.colcon_core.event_handler.log_command:Invoked command in '/home/seventeen/Robotics-and-its-application/build/obstacles_msgs' returned '0': CMAKE_PREFIX_PATH=${CMAKE_PREFIX_PATH}:/opt/ros/humble /home/seventeen/.local/bin/cmake --install /home/seventeen/Robotics-and-its-application/build/obstacles_msgs
[2.980s] Level 1:colcon.colcon_core.environment:checking '/home/seventeen/Robotics-and-its-application/install/obstacles_msgs' for CMake config files
[2.982s] Level 1:colcon.colcon_core.shell:create_environment_hook('obstacles_msgs', 'cmake_prefix_path')
[2.983s] INFO:colcon.colcon_core.shell:Creating environment hook '/home/seventeen/Robotics-and-its-application/install/obstacles_msgs/share/obstacles_msgs/hook/cmake_prefix_path.ps1'
[2.985s] INFO:colcon.colcon_core.shell:Creating environment descriptor '/home/seventeen/Robotics-and-its-application/install/obstacles_msgs/share/obstacles_msgs/hook/cmake_prefix_path.dsv'
[2.986s] INFO:colcon.colcon_core.shell:Creating environment hook '/home/seventeen/Robotics-and-its-application/install/obstacles_msgs/share/obstacles_msgs/hook/cmake_prefix_path.sh'
[2.988s] Level 1:colcon.colcon_core.environment:checking '/home/seventeen/Robotics-and-its-application/install/obstacles_msgs/lib'
[2.989s] Level 1:colcon.colcon_core.shell:create_environment_hook('obstacles_msgs', 'ld_library_path_lib')
[2.990s] INFO:colcon.colcon_core.shell:Creating environment hook '/home/seventeen/Robotics-and-its-application/install/obstacles_msgs/share/obstacles_msgs/hook/ld_library_path_lib.ps1'
[2.991s] INFO:colcon.colcon_core.shell:Creating environment descriptor '/home/seventeen/Robotics-and-its-application/install/obstacles_msgs/share/obstacles_msgs/hook/ld_library_path_lib.dsv'
[2.992s] INFO:colcon.colcon_core.shell:Creating environment hook '/home/seventeen/Robotics-and-its-application/install/obstacles_msgs/share/obstacles_msgs/hook/ld_library_path_lib.sh'
[2.994s] Level 1:colcon.colcon_core.environment:checking '/home/seventeen/Robotics-and-its-application/install/obstacles_msgs/bin'
[2.994s] Level 1:colcon.colcon_core.environment:checking '/home/seventeen/Robotics-and-its-application/install/obstacles_msgs/lib/pkgconfig/obstacles_msgs.pc'
[2.995s] Level 1:colcon.colcon_core.environment:checking '/home/seventeen/Robotics-and-its-application/install/obstacles_msgs/lib/python3.10/site-packages'
[2.996s] Level 1:colcon.colcon_core.environment:checking '/home/seventeen/Robotics-and-its-application/install/obstacles_msgs/bin'
[2.997s] INFO:colcon.colcon_core.shell:Creating package script '/home/seventeen/Robotics-and-its-application/install/obstacles_msgs/share/obstacles_msgs/package.ps1'
[3.000s] INFO:colcon.colcon_core.shell:Creating package descriptor '/home/seventeen/Robotics-and-its-application/install/obstacles_msgs/share/obstacles_msgs/package.dsv'
[3.002s] INFO:colcon.colcon_core.shell:Creating package script '/home/seventeen/Robotics-and-its-application/install/obstacles_msgs/share/obstacles_msgs/package.sh'
[3.006s] INFO:colcon.colcon_core.shell:Creating package script '/home/seventeen/Robotics-and-its-application/install/obstacles_msgs/share/obstacles_msgs/package.bash'
[3.007s] INFO:colcon.colcon_core.shell:Creating package script '/home/seventeen/Robotics-and-its-application/install/obstacles_msgs/share/obstacles_msgs/package.zsh'
[3.008s] Level 1:colcon.colcon_core.environment:create_file_with_runtime_dependencies(/home/seventeen/Robotics-and-its-application/install/obstacles_msgs/share/colcon-core/packages/obstacles_msgs)
[3.388s] Level 1:colcon.colcon_core.environment:create_environment_scripts_only(obstacles_msgs)
[3.389s] Level 1:colcon.colcon_core.environment:checking '/home/seventeen/Robotics-and-its-application/install/obstacles_msgs' for CMake module files
[3.391s] Level 1:colcon.colcon_core.environment:checking '/home/seventeen/Robotics-and-its-application/install/obstacles_msgs' for CMake config files
[3.392s] Level 1:colcon.colcon_core.shell:create_environment_hook('obstacles_msgs', 'cmake_prefix_path')
[3.393s] INFO:colcon.colcon_core.shell:Creating environment hook '/home/seventeen/Robotics-and-its-application/install/obstacles_msgs/share/obstacles_msgs/hook/cmake_prefix_path.ps1'
[3.394s] INFO:colcon.colcon_core.shell:Creating environment descriptor '/home/seventeen/Robotics-and-its-application/install/obstacles_msgs/share/obstacles_msgs/hook/cmake_prefix_path.dsv'
[3.395s] INFO:colcon.colcon_core.shell:Creating environment hook '/home/seventeen/Robotics-and-its-application/install/obstacles_msgs/share/obstacles_msgs/hook/cmake_prefix_path.sh'
[3.396s] Level 1:colcon.colcon_core.environment:checking '/home/seventeen/Robotics-and-its-application/install/obstacles_msgs/lib'
[3.397s] Level 1:colcon.colcon_core.shell:create_environment_hook('obstacles_msgs', 'ld_library_path_lib')
[3.397s] INFO:colcon.colcon_core.shell:Creating environment hook '/home/seventeen/Robotics-and-its-application/install/obstacles_msgs/share/obstacles_msgs/hook/ld_library_path_lib.ps1'
[3.399s] INFO:colcon.colcon_core.shell:Creating environment descriptor '/home/seventeen/Robotics-and-its-application/install/obstacles_msgs/share/obstacles_msgs/hook/ld_library_path_lib.dsv'
[3.400s] INFO:colcon.colcon_core.shell:Creating environment hook '/home/seventeen/Robotics-and-its-application/install/obstacles_msgs/share/obstacles_msgs/hook/ld_library_path_lib.sh'
[3.401s] Level 1:colcon.colcon_core.environment:checking '/home/seventeen/Robotics-and-its-application/install/obstacles_msgs/bin'
[3.401s] Level 1:colcon.colcon_core.environment:checking '/home/seventeen/Robotics-and-its-application/install/obstacles_msgs/lib/pkgconfig/obstacles_msgs.pc'
[3.401s] Level 1:colcon.colcon_core.environment:checking '/home/seventeen/Robotics-and-its-application/install/obstacles_msgs/lib/python3.10/site-packages'
[3.402s] Level 1:colcon.colcon_core.environment:checking '/home/seventeen/Robotics-and-its-application/install/obstacles_msgs/bin'
[3.403s] INFO:colcon.colcon_core.shell:Creating package script '/home/seventeen/Robotics-and-its-application/install/obstacles_msgs/share/obstacles_msgs/package.ps1'
[3.405s] INFO:colcon.colcon_core.shell:Creating package descriptor '/home/seventeen/Robotics-and-its-application/install/obstacles_msgs/share/obstacles_msgs/package.dsv'
[3.408s] INFO:colcon.colcon_core.shell:Creating package script '/home/seventeen/Robotics-and-its-application/install/obstacles_msgs/share/obstacles_msgs/package.sh'
[3.410s] INFO:colcon.colcon_core.shell:Creating package script '/home/seventeen/Robotics-and-its-application/install/obstacles_msgs/share/obstacles_msgs/package.bash'
[3.412s] INFO:colcon.colcon_core.shell:Creating package script '/home/seventeen/Robotics-and-its-application/install/obstacles_msgs/share/obstacles_msgs/package.zsh'
[3.413s] Level 1:colcon.colcon_core.environment:create_file_with_runtime_dependencies(/home/seventeen/Robotics-and-its-application/install/obstacles_msgs/share/colcon-core/packages/obstacles_msgs)
[3.414s] INFO:colcon.colcon_ros.task.ament_cmake.build:Building ROS package in '/home/seventeen/Robotics-and-its-application/src/Shelfino_ROS2/map_pkg' with build type 'ament_cmake'
[3.415s] INFO:colcon.colcon_cmake.task.cmake.build:Building CMake package in '/home/seventeen/Robotics-and-its-application/src/Shelfino_ROS2/map_pkg'
[3.415s] INFO:colcon.colcon_core.shell:Skip shell extension 'powershell' for command environment: Not usable outside of PowerShell
[3.416s] DEBUG:colcon.colcon_core.shell:Skip shell extension 'dsv' for command environment
[3.444s] DEBUG:colcon.colcon_core.event_handler.log_command:Invoking command in '/home/seventeen/Robotics-and-its-application/build/map_pkg': CMAKE_PREFIX_PATH=/home/seventeen/Robotics-and-its-application/install/obstacles_msgs:/home/seventeen/Robotics-and-its-application/install/projects:/home/seventeen/Robotics-and-its-application/install/shelfino_navigation:/home/seventeen/Robotics-and-its-application/install/shelfino_gazebo:/home/seventeen/Robotics-and-its-application/install/shelfino_description:/home/seventeen/Robotics-and-its-application/install/map_pkg:/home/seventeen/Robotics-and-its-application/install/evader:/opt/ros/humble /home/seventeen/.local/bin/cmake --build /home/seventeen/Robotics-and-its-application/build/map_pkg -- -j8 -l8
[3.725s] DEBUG:colcon.colcon_core.event_handler.log_command:Invoked command in '/home/seventeen/Robotics-and-its-application/build/map_pkg' returned '0': CMAKE_PREFIX_PATH=/home/seventeen/Robotics-and-its-application/install/obstacles_msgs:/home/seventeen/Robotics-and-its-application/install/projects:/home/seventeen/Robotics-and-its-application/install/shelfino_navigation:/home/seventeen/Robotics-and-its-application/install/shelfino_gazebo:/home/seventeen/Robotics-and-its-application/install/shelfino_description:/home/seventeen/Robotics-and-its-application/install/map_pkg:/home/seventeen/Robotics-and-its-application/install/evader:/opt/ros/humble /home/seventeen/.local/bin/cmake --build /home/seventeen/Robotics-and-its-application/build/map_pkg -- -j8 -l8
[3.979s] DEBUG:colcon.colcon_core.event_handler.log_command:Invoking command in '/home/seventeen/Robotics-and-its-application/build/map_pkg': CMAKE_PREFIX_PATH=/home/seventeen/Robotics-and-its-application/install/obstacles_msgs:/home/seventeen/Robotics-and-its-application/install/projects:/home/seventeen/Robotics-and-its-application/install/shelfino_navigation:/home/seventeen/Robotics-and-its-application/install/shelfino_gazebo:/home/seventeen/Robotics-and-its-application/install/shelfino_description:/home/seventeen/Robotics-and-its-application/install/map_pkg:/home/seventeen/Robotics-and-its-application/install/evader:/opt/ros/humble /home/seventeen/.local/bin/cmake --install /home/seventeen/Robotics-and-its-application/build/map_pkg
[4.161s] Level 1:colcon.colcon_core.environment:create_environment_scripts_only(map_pkg)
[4.162s] Level 1:colcon.colcon_core.environment:checking '/home/seventeen/Robotics-and-its-application/install/map_pkg' for CMake module files
[4.166s] Level 1:colcon.colcon_core.environment:checking '/home/seventeen/Robotics-and-its-application/install/map_pkg' for CMake config files
[4.173s] Level 1:colcon.colcon_core.shell:create_environment_hook('map_pkg', 'cmake_prefix_path')
[4.173s] INFO:colcon.colcon_core.shell:Creating environment hook '/home/seventeen/Robotics-and-its-application/install/map_pkg/share/map_pkg/hook/cmake_prefix_path.ps1'
[4.176s] INFO:colcon.colcon_core.shell:Creating environment descriptor '/home/seventeen/Robotics-and-its-application/install/map_pkg/share/map_pkg/hook/cmake_prefix_path.dsv'
[4.178s] INFO:colcon.colcon_core.shell:Creating environment hook '/home/seventeen/Robotics-and-its-application/install/map_pkg/share/map_pkg/hook/cmake_prefix_path.sh'
[4.182s] Level 1:colcon.colcon_core.environment:checking '/home/seventeen/Robotics-and-its-application/install/map_pkg/lib'
[4.184s] Level 1:colcon.colcon_core.environment:checking '/home/seventeen/Robotics-and-its-application/install/map_pkg/bin'
[4.184s] Level 1:colcon.colcon_core.environment:checking '/home/seventeen/Robotics-and-its-application/install/map_pkg/lib/pkgconfig/map_pkg.pc'
[4.186s] Level 1:colcon.colcon_core.environment:checking '/home/seventeen/Robotics-and-its-application/install/map_pkg/lib/python3.10/site-packages'
[4.187s] Level 1:colcon.colcon_core.environment:checking '/home/seventeen/Robotics-and-its-application/install/map_pkg/bin'
[4.188s] INFO:colcon.colcon_core.shell:Creating package script '/home/seventeen/Robotics-and-its-application/install/map_pkg/share/map_pkg/package.ps1'
[4.191s] DEBUG:colcon.colcon_core.event_handler.log_command:Invoked command in '/home/seventeen/Robotics-and-its-application/build/map_pkg' returned '0': CMAKE_PREFIX_PATH=/home/seventeen/Robotics-and-its-application/install/obstacles_msgs:/home/seventeen/Robotics-and-its-application/install/projects:/home/seventeen/Robotics-and-its-application/install/shelfino_navigation:/home/seventeen/Robotics-and-its-application/install/shelfino_gazebo:/home/seventeen/Robotics-and-its-application/install/shelfino_description:/home/seventeen/Robotics-and-its-application/install/map_pkg:/home/seventeen/Robotics-and-its-application/install/evader:/opt/ros/humble /home/seventeen/.local/bin/cmake --install /home/seventeen/Robotics-and-its-application/build/map_pkg
[4.192s] INFO:colcon.colcon_core.shell:Creating package descriptor '/home/seventeen/Robotics-and-its-application/install/map_pkg/share/map_pkg/package.dsv'
[4.193s] INFO:colcon.colcon_core.shell:Creating package script '/home/seventeen/Robotics-and-its-application/install/map_pkg/share/map_pkg/package.sh'
[4.195s] INFO:colcon.colcon_core.shell:Creating package script '/home/seventeen/Robotics-and-its-application/install/map_pkg/share/map_pkg/package.bash'
[4.197s] INFO:colcon.colcon_core.shell:Creating package script '/home/seventeen/Robotics-and-its-application/install/map_pkg/share/map_pkg/package.zsh'
[4.199s] Level 1:colcon.colcon_core.environment:create_file_with_runtime_dependencies(/home/seventeen/Robotics-and-its-application/install/map_pkg/share/colcon-core/packages/map_pkg)
[4.457s] Level 1:colcon.colcon_core.environment:create_environment_scripts_only(map_pkg)
[4.458s] Level 1:colcon.colcon_core.environment:checking '/home/seventeen/Robotics-and-its-application/install/map_pkg' for CMake module files
[4.460s] Level 1:colcon.colcon_core.environment:checking '/home/seventeen/Robotics-and-its-application/install/map_pkg' for CMake config files
[4.461s] Level 1:colcon.colcon_core.shell:create_environment_hook('map_pkg', 'cmake_prefix_path')
[4.461s] INFO:colcon.colcon_core.shell:Creating environment hook '/home/seventeen/Robotics-and-its-application/install/map_pkg/share/map_pkg/hook/cmake_prefix_path.ps1'
[4.463s] INFO:colcon.colcon_core.shell:Creating environment descriptor '/home/seventeen/Robotics-and-its-application/install/map_pkg/share/map_pkg/hook/cmake_prefix_path.dsv'
[4.464s] INFO:colcon.colcon_core.shell:Creating environment hook '/home/seventeen/Robotics-and-its-application/install/map_pkg/share/map_pkg/hook/cmake_prefix_path.sh'
[4.466s] Level 1:colcon.colcon_core.environment:checking '/home/seventeen/Robotics-and-its-application/install/map_pkg/lib'
[4.467s] Level 1:colcon.colcon_core.environment:checking '/home/seventeen/Robotics-and-its-application/install/map_pkg/bin'
[4.467s] Level 1:colcon.colcon_core.environment:checking '/home/seventeen/Robotics-and-its-application/install/map_pkg/lib/pkgconfig/map_pkg.pc'
[4.467s] Level 1:colcon.colcon_core.environment:checking '/home/seventeen/Robotics-and-its-application/install/map_pkg/lib/python3.10/site-packages'
[4.468s] Level 1:colcon.colcon_core.environment:checking '/home/seventeen/Robotics-and-its-application/install/map_pkg/bin'
[4.469s] INFO:colcon.colcon_core.shell:Creating package script '/home/seventeen/Robotics-and-its-application/install/map_pkg/share/map_pkg/package.ps1'
[4.471s] INFO:colcon.colcon_core.shell:Creating package descriptor '/home/seventeen/Robotics-and-its-application/install/map_pkg/share/map_pkg/package.dsv'
[4.473s] INFO:colcon.colcon_core.shell:Creating package script '/home/seventeen/Robotics-and-its-application/install/map_pkg/share/map_pkg/package.sh'
[4.475s] INFO:colcon.colcon_core.shell:Creating package script '/home/seventeen/Robotics-and-its-application/install/map_pkg/share/map_pkg/package.bash'
[4.477s] INFO:colcon.colcon_core.shell:Creating package script '/home/seventeen/Robotics-and-its-application/install/map_pkg/share/map_pkg/package.zsh'
[4.479s] Level 1:colcon.colcon_core.environment:create_file_with_runtime_dependencies(/home/seventeen/Robotics-and-its-application/install/map_pkg/share/colcon-core/packages/map_pkg)
[4.480s] INFO:colcon.colcon_ros.task.ament_cmake.build:Building ROS package in '/home/seventeen/Robotics-and-its-application/src/Shelfino_ROS2/projects' with build type 'ament_cmake'
[4.480s] INFO:colcon.colcon_cmake.task.cmake.build:Building CMake package in '/home/seventeen/Robotics-and-its-application/src/Shelfino_ROS2/projects'
[4.481s] INFO:colcon.colcon_core.shell:Skip shell extension 'powershell' for command environment: Not usable outside of PowerShell
[4.481s] DEBUG:colcon.colcon_core.shell:Skip shell extension 'dsv' for command environment
[4.527s] DEBUG:colcon.colcon_core.event_handler.log_command:Invoking command in '/home/seventeen/Robotics-and-its-application/build/projects': CMAKE_PREFIX_PATH=/home/seventeen/Robotics-and-its-application/install/map_pkg:/home/seventeen/Robotics-and-its-application/install/shelfino_navigation:/home/seventeen/Robotics-and-its-application/install/shelfino_gazebo:/home/seventeen/Robotics-and-its-application/install/shelfino_description:/home/seventeen/Robotics-and-its-application/install/obstacles_msgs:/home/seventeen/Robotics-and-its-application/install/projects:/home/seventeen/Robotics-and-its-application/install/evader:/opt/ros/humble /home/seventeen/.local/bin/cmake --build /home/seventeen/Robotics-and-its-application/build/projects -- -j8 -l8
[4.735s] DEBUG:colcon.colcon_core.event_handler.log_command:Invoked command in '/home/seventeen/Robotics-and-its-application/build/projects' returned '0': CMAKE_PREFIX_PATH=/home/seventeen/Robotics-and-its-application/install/map_pkg:/home/seventeen/Robotics-and-its-application/install/shelfino_navigation:/home/seventeen/Robotics-and-its-application/install/shelfino_gazebo:/home/seventeen/Robotics-and-its-application/install/shelfino_description:/home/seventeen/Robotics-and-its-application/install/obstacles_msgs:/home/seventeen/Robotics-and-its-application/install/projects:/home/seventeen/Robotics-and-its-application/install/evader:/opt/ros/humble /home/seventeen/.local/bin/cmake --build /home/seventeen/Robotics-and-its-application/build/projects -- -j8 -l8
[4.939s] DEBUG:colcon.colcon_core.event_handler.log_command:Invoking command in '/home/seventeen/Robotics-and-its-application/build/projects': CMAKE_PREFIX_PATH=/home/seventeen/Robotics-and-its-application/install/map_pkg:/home/seventeen/Robotics-and-its-application/install/shelfino_navigation:/home/seventeen/Robotics-and-its-application/install/shelfino_gazebo:/home/seventeen/Robotics-and-its-application/install/shelfino_description:/home/seventeen/Robotics-and-its-application/install/obstacles_msgs:/home/seventeen/Robotics-and-its-application/install/projects:/home/seventeen/Robotics-and-its-application/install/evader:/opt/ros/humble /home/seventeen/.local/bin/cmake --install /home/seventeen/Robotics-and-its-application/build/projects
[5.113s] Level 1:colcon.colcon_core.environment:create_environment_scripts_only(projects)
[5.115s] Level 1:colcon.colcon_core.environment:checking '/home/seventeen/Robotics-and-its-application/install/projects' for CMake module files
[5.116s] DEBUG:colcon.colcon_core.event_handler.log_command:Invoked command in '/home/seventeen/Robotics-and-its-application/build/projects' returned '0': CMAKE_PREFIX_PATH=/home/seventeen/Robotics-and-its-application/install/map_pkg:/home/seventeen/Robotics-and-its-application/install/shelfino_navigation:/home/seventeen/Robotics-and-its-application/install/shelfino_gazebo:/home/seventeen/Robotics-and-its-application/install/shelfino_description:/home/seventeen/Robotics-and-its-application/install/obstacles_msgs:/home/seventeen/Robotics-and-its-application/install/projects:/home/seventeen/Robotics-and-its-application/install/evader:/opt/ros/humble /home/seventeen/.local/bin/cmake --install /home/seventeen/Robotics-and-its-application/build/projects
[5.118s] Level 1:colcon.colcon_core.environment:checking '/home/seventeen/Robotics-and-its-application/install/projects' for CMake config files
[5.118s] Level 1:colcon.colcon_core.shell:create_environment_hook('projects', 'cmake_prefix_path')
[5.119s] INFO:colcon.colcon_core.shell:Creating environment hook '/home/seventeen/Robotics-and-its-application/install/projects/share/projects/hook/cmake_prefix_path.ps1'
[5.122s] INFO:colcon.colcon_core.shell:Creating environment descriptor '/home/seventeen/Robotics-and-its-application/install/projects/share/projects/hook/cmake_prefix_path.dsv'
[5.124s] INFO:colcon.colcon_core.shell:Creating environment hook '/home/seventeen/Robotics-and-its-application/install/projects/share/projects/hook/cmake_prefix_path.sh'
[5.125s] Level 1:colcon.colcon_core.environment:checking '/home/seventeen/Robotics-and-its-application/install/projects/bin'
[5.126s] Level 1:colcon.colcon_core.environment:checking '/home/seventeen/Robotics-and-its-application/install/projects/lib/pkgconfig/projects.pc'
[5.126s] Level 1:colcon.colcon_core.environment:checking '/home/seventeen/Robotics-and-its-application/install/projects/lib/python3.10/site-packages'
[5.127s] Level 1:colcon.colcon_core.environment:checking '/home/seventeen/Robotics-and-its-application/install/projects/bin'
[5.128s] INFO:colcon.colcon_core.shell:Creating package script '/home/seventeen/Robotics-and-its-application/install/projects/share/projects/package.ps1'
[5.130s] INFO:colcon.colcon_core.shell:Creating package descriptor '/home/seventeen/Robotics-and-its-application/install/projects/share/projects/package.dsv'
[5.131s] INFO:colcon.colcon_core.shell:Creating package script '/home/seventeen/Robotics-and-its-application/install/projects/share/projects/package.sh'
[5.133s] INFO:colcon.colcon_core.shell:Creating package script '/home/seventeen/Robotics-and-its-application/install/projects/share/projects/package.bash'
[5.134s] INFO:colcon.colcon_core.shell:Creating package script '/home/seventeen/Robotics-and-its-application/install/projects/share/projects/package.zsh'
[5.135s] Level 1:colcon.colcon_core.environment:create_file_with_runtime_dependencies(/home/seventeen/Robotics-and-its-application/install/projects/share/colcon-core/packages/projects)
[5.341s] Level 1:colcon.colcon_core.environment:create_environment_scripts_only(projects)
[5.342s] Level 1:colcon.colcon_core.environment:checking '/home/seventeen/Robotics-and-its-application/install/projects' for CMake module files
[5.343s] Level 1:colcon.colcon_core.environment:checking '/home/seventeen/Robotics-and-its-application/install/projects' for CMake config files
[5.344s] Level 1:colcon.colcon_core.shell:create_environment_hook('projects', 'cmake_prefix_path')
[5.344s] INFO:colcon.colcon_core.shell:Creating environment hook '/home/seventeen/Robotics-and-its-application/install/projects/share/projects/hook/cmake_prefix_path.ps1'
[5.346s] INFO:colcon.colcon_core.shell:Creating environment descriptor '/home/seventeen/Robotics-and-its-application/install/projects/share/projects/hook/cmake_prefix_path.dsv'
[5.347s] INFO:colcon.colcon_core.shell:Creating environment hook '/home/seventeen/Robotics-and-its-application/install/projects/share/projects/hook/cmake_prefix_path.sh'
[5.349s] Level 1:colcon.colcon_core.environment:checking '/home/seventeen/Robotics-and-its-application/install/projects/bin'
[5.350s] Level 1:colcon.colcon_core.environment:checking '/home/seventeen/Robotics-and-its-application/install/projects/lib/pkgconfig/projects.pc'
[5.350s] Level 1:colcon.colcon_core.environment:checking '/home/seventeen/Robotics-and-its-application/install/projects/lib/python3.10/site-packages'
[5.351s] Level 1:colcon.colcon_core.environment:checking '/home/seventeen/Robotics-and-its-application/install/projects/bin'
[5.353s] INFO:colcon.colcon_core.shell:Creating package script '/home/seventeen/Robotics-and-its-application/install/projects/share/projects/package.ps1'
[5.354s] INFO:colcon.colcon_core.shell:Creating package descriptor '/home/seventeen/Robotics-and-its-application/install/projects/share/projects/package.dsv'
[5.356s] INFO:colcon.colcon_core.shell:Creating package script '/home/seventeen/Robotics-and-its-application/install/projects/share/projects/package.sh'
[5.358s] INFO:colcon.colcon_core.shell:Creating package script '/home/seventeen/Robotics-and-its-application/install/projects/share/projects/package.bash'
[5.360s] INFO:colcon.colcon_core.shell:Creating package script '/home/seventeen/Robotics-and-its-application/install/projects/share/projects/package.zsh'
[5.361s] Level 1:colcon.colcon_core.environment:create_file_with_runtime_dependencies(/home/seventeen/Robotics-and-its-application/install/projects/share/colcon-core/packages/projects)
[16.107s] DEBUG:colcon.colcon_core.event_handler.log_command:Invoked command in '/home/seventeen/Robotics-and-its-application/build/robot_planning' returned '2': CMAKE_PREFIX_PATH=${CMAKE_PREFIX_PATH}:/opt/ros/humble /home/seventeen/.local/bin/cmake --build /home/seventeen/Robotics-and-its-application/build/robot_planning -- -j8 -l8
[16.317s] Level 1:colcon.colcon_core.environment:create_environment_scripts_only(robot_planning)
[16.318s] Level 1:colcon.colcon_core.environment:checking '/home/seventeen/Robotics-and-its-application/install/robot_planning' for CMake module files
[16.318s] Level 1:colcon.colcon_core.environment:checking '/home/seventeen/Robotics-and-its-application/install/robot_planning' for CMake config files
[16.319s] Level 1:colcon.colcon_core.environment:checking '/home/seventeen/Robotics-and-its-application/install/robot_planning/bin'
[16.319s] Level 1:colcon.colcon_core.environment:checking '/home/seventeen/Robotics-and-its-application/install/robot_planning/lib/pkgconfig/robot_planning.pc'
[16.319s] Level 1:colcon.colcon_core.environment:checking '/home/seventeen/Robotics-and-its-application/install/robot_planning/lib/python3.10/site-packages'
[16.320s] Level 1:colcon.colcon_core.environment:checking '/home/seventeen/Robotics-and-its-application/install/robot_planning/bin'
[16.320s] INFO:colcon.colcon_core.shell:Creating package script '/home/seventeen/Robotics-and-its-application/install/robot_planning/share/robot_planning/package.ps1'
[16.321s] INFO:colcon.colcon_core.shell:Creating package descriptor '/home/seventeen/Robotics-and-its-application/install/robot_planning/share/robot_planning/package.dsv'
[16.322s] INFO:colcon.colcon_core.shell:Creating package script '/home/seventeen/Robotics-and-its-application/install/robot_planning/share/robot_planning/package.sh'
[16.323s] INFO:colcon.colcon_core.shell:Creating package script '/home/seventeen/Robotics-and-its-application/install/robot_planning/share/robot_planning/package.bash'
[16.323s] INFO:colcon.colcon_core.shell:Creating package script '/home/seventeen/Robotics-and-its-application/install/robot_planning/share/robot_planning/package.zsh'
[16.324s] Level 1:colcon.colcon_core.environment:create_file_with_runtime_dependencies(/home/seventeen/Robotics-and-its-application/install/robot_planning/share/colcon-core/packages/robot_planning)
[16.335s] DEBUG:colcon.colcon_parallel_executor.executor.parallel:closing loop
[16.335s] DEBUG:colcon.colcon_parallel_executor.executor.parallel:loop closed
[16.335s] DEBUG:colcon.colcon_parallel_executor.executor.parallel:run_until_complete finished with '2'
[16.335s] DEBUG:colcon.colcon_core.event_reactor:joining thread
[16.343s] INFO:colcon.colcon_core.plugin_system:Skipping extension 'colcon_notification.desktop_notification.terminal_notifier': Not used on non-Darwin systems
[16.343s] INFO:colcon.colcon_core.plugin_system:Skipping extension 'colcon_notification.desktop_notification.win32': Not used on non-Windows systems
[16.343s] INFO:colcon.colcon_notification.desktop_notification:Sending desktop notification using 'notify2'
[16.374s] DEBUG:colcon.colcon_core.event_reactor:joined thread
[16.376s] INFO:colcon.colcon_core.shell:Creating prefix script '/home/seventeen/Robotics-and-its-application/install/local_setup.ps1'
[16.380s] INFO:colcon.colcon_core.shell:Creating prefix util module '/home/seventeen/Robotics-and-its-application/install/_local_setup_util_ps1.py'
[16.386s] INFO:colcon.colcon_core.shell:Creating prefix chain script '/home/seventeen/Robotics-and-its-application/install/setup.ps1'
[16.390s] INFO:colcon.colcon_core.shell:Creating prefix script '/home/seventeen/Robotics-and-its-application/install/local_setup.sh'
[16.392s] INFO:colcon.colcon_core.shell:Creating prefix util module '/home/seventeen/Robotics-and-its-application/install/_local_setup_util_sh.py'
[16.394s] INFO:colcon.colcon_core.shell:Creating prefix chain script '/home/seventeen/Robotics-and-its-application/install/setup.sh'
[16.398s] INFO:colcon.colcon_core.shell:Creating prefix script '/home/seventeen/Robotics-and-its-application/install/local_setup.bash'
[16.400s] INFO:colcon.colcon_core.shell:Creating prefix chain script '/home/seventeen/Robotics-and-its-application/install/setup.bash'
[16.404s] INFO:colcon.colcon_core.shell:Creating prefix script '/home/seventeen/Robotics-and-its-application/install/local_setup.zsh'
[16.406s] INFO:colcon.colcon_core.shell:Creating prefix chain script '/home/seventeen/Robotics-and-its-application/install/setup.zsh'
