[0.013s] Invoking command in '/home/sincerejuliya/Documents/ros_ws/src/graph_for_task_planner_msg/build/graph_for_task_planner_msg': CMAKE_PREFIX_PATH=${CMAKE_PREFIX_PATH}:/home/sincerejuliya/Documents/ros_ws/src/install/obstacles_msgs:/opt/ros/humble /usr/bin/cmake /home/sincerejuliya/Documents/ros_ws/src/graph_for_task_planner_msg -DCMAKE_INSTALL_PREFIX=/home/sincerejuliya/Documents/ros_ws/src/graph_for_task_planner_msg/install/graph_for_task_planner_msg
[0.060s] -- The C compiler identification is GNU 11.4.0
[0.105s] -- The CXX compiler identification is GNU 11.4.0
[0.110s] -- Detecting C compiler ABI info
[0.172s] -- Detecting C compiler ABI info - done
[0.178s] -- Check for working C compiler: /usr/bin/cc - skipped
[0.178s] -- Detecting C compile features
[0.178s] -- Detecting C compile features - done
[0.180s] -- Detecting CXX compiler ABI info
[0.252s] -- Detecting CXX compiler ABI info - done
[0.257s] -- Check for working CXX compiler: /usr/bin/c++ - skipped
[0.257s] -- Detecting CXX compile features
[0.258s] -- Detecting CXX compile features - done
[0.262s] -- Found ament_cmake: 1.3.10 (/opt/ros/humble/share/ament_cmake/cmake)
[0.393s] -- Found Python3: /usr/bin/python3 (found version "3.10.12") found components: Interpreter 
[0.498s] -- Found rosidl_default_generators: 1.2.0 (/opt/ros/humble/share/rosidl_default_generators/cmake)
[0.505s] -- Using all available rosidl_typesupport_c: rosidl_typesupport_fastrtps_c;rosidl_typesupport_introspection_c
[0.517s] -- Found rosidl_adapter: 3.1.5 (/opt/ros/humble/share/rosidl_adapter/cmake)
[0.571s] -- Using all available rosidl_typesupport_cpp: rosidl_typesupport_fastrtps_cpp;rosidl_typesupport_introspection_cpp
[0.808s] -- Found ament_cmake_ros: 0.10.0 (/opt/ros/humble/share/ament_cmake_ros/cmake)
[0.968s] -- Using all available rosidl_typesupport_c: rosidl_typesupport_fastrtps_c;rosidl_typesupport_introspection_c
[1.160s] -- Using all available rosidl_typesupport_cpp: rosidl_typesupport_fastrtps_cpp;rosidl_typesupport_introspection_cpp
[1.179s] -- Found PythonInterp: /usr/bin/python3 (found suitable version "3.10.12", minimum required is "3.6") 
[1.183s] -- Found python_cmake_module: 0.10.0 (/opt/ros/humble/share/python_cmake_module/cmake)
[1.212s] -- Found PythonLibs: /usr/lib/x86_64-linux-gnu/libpython3.10.so (found suitable version "3.10.12", minimum required is "3.5") 
[1.212s] -- Using PYTHON_EXECUTABLE: /usr/bin/python3
[1.212s] -- Using PYTHON_INCLUDE_DIRS: /usr/include/python3.10
[1.212s] -- Using PYTHON_LIBRARIES: /usr/lib/x86_64-linux-gnu/libpython3.10.so
[1.231s] -- Found PythonExtra: .so  
[1.268s] -- Configuring done
[1.295s] -- Generating done
[1.298s] -- Build files have been written to: /home/sincerejuliya/Documents/ros_ws/src/graph_for_task_planner_msg/build/graph_for_task_planner_msg
[1.306s] Invoked command in '/home/sincerejuliya/Documents/ros_ws/src/graph_for_task_planner_msg/build/graph_for_task_planner_msg' returned '0': CMAKE_PREFIX_PATH=${CMAKE_PREFIX_PATH}:/home/sincerejuliya/Documents/ros_ws/src/install/obstacles_msgs:/opt/ros/humble /usr/bin/cmake /home/sincerejuliya/Documents/ros_ws/src/graph_for_task_planner_msg -DCMAKE_INSTALL_PREFIX=/home/sincerejuliya/Documents/ros_ws/src/graph_for_task_planner_msg/install/graph_for_task_planner_msg
[1.308s] Invoking command in '/home/sincerejuliya/Documents/ros_ws/src/graph_for_task_planner_msg/build/graph_for_task_planner_msg': CMAKE_PREFIX_PATH=${CMAKE_PREFIX_PATH}:/home/sincerejuliya/Documents/ros_ws/src/install/obstacles_msgs:/opt/ros/humble /usr/bin/cmake --build /home/sincerejuliya/Documents/ros_ws/src/graph_for_task_planner_msg/build/graph_for_task_planner_msg -- -j12 -l12
[1.346s] [  2%] [34m[1mGenerating C code for ROS interfaces[0m
[1.355s] [  4%] [34m[1mGenerating C++ code for ROS interfaces[0m
[1.364s] [  4%] Built target ament_cmake_python_copy_graph_for_task_planner_msg
[1.591s] running egg_info
[1.592s] creating graph_for_task_planner_msg.egg-info
[1.593s] writing graph_for_task_planner_msg.egg-info/PKG-INFO
[1.594s] writing dependency_links to graph_for_task_planner_msg.egg-info/dependency_links.txt
[1.594s] writing top-level names to graph_for_task_planner_msg.egg-info/top_level.txt
[1.595s] writing manifest file 'graph_for_task_planner_msg.egg-info/SOURCES.txt'
[1.596s] reading manifest file 'graph_for_task_planner_msg.egg-info/SOURCES.txt'
[1.597s] writing manifest file 'graph_for_task_planner_msg.egg-info/SOURCES.txt'
[1.612s] [  4%] Built target graph_for_task_planner_msg__cpp
[1.623s] [  8%] [34m[1mGenerating C++ type support dispatch for ROS interfaces[0m
[1.623s] [  8%] [34m[1mGenerating C++ introspection for ROS interfaces[0m
[1.624s] [  8%] Built target ament_cmake_python_build_graph_for_task_planner_msg_egg
[1.624s] [ 10%] [34m[1mGenerating C++ type support for eProsima Fast-RTPS[0m
[1.628s] [ 17%] [32mBuilding C object CMakeFiles/graph_for_task_planner_msg__rosidl_generator_c.dir/rosidl_generator_c/graph_for_task_planner_msg/msg/detail/point__functions.c.o[0m
[1.628s] [ 17%] [32mBuilding C object CMakeFiles/graph_for_task_planner_msg__rosidl_generator_c.dir/rosidl_generator_c/graph_for_task_planner_msg/msg/detail/graph__functions.c.o[0m
[1.628s] [ 17%] [32mBuilding C object CMakeFiles/graph_for_task_planner_msg__rosidl_generator_c.dir/rosidl_generator_c/graph_for_task_planner_msg/msg/detail/edge__functions.c.o[0m
[1.668s] [ 19%] [32m[1mLinking C shared library libgraph_for_task_planner_msg__rosidl_generator_c.so[0m
[1.703s] [ 19%] Built target graph_for_task_planner_msg__rosidl_generator_c
[1.713s] [ 25%] [34m[1mGenerating C type support dispatch for ROS interfaces[0m
[1.713s] [ 25%] [34m[1mGenerating C introspection for ROS interfaces[0m
[1.713s] [ 25%] [34m[1mGenerating C type support for eProsima Fast-RTPS[0m
[1.833s] [ 27%] [32mBuilding CXX object CMakeFiles/graph_for_task_planner_msg__rosidl_typesupport_cpp.dir/rosidl_typesupport_cpp/graph_for_task_planner_msg/msg/graph__type_support.cpp.o[0m
[1.833s] [ 31%] [32mBuilding CXX object CMakeFiles/graph_for_task_planner_msg__rosidl_typesupport_cpp.dir/rosidl_typesupport_cpp/graph_for_task_planner_msg/msg/edge__type_support.cpp.o[0m
[1.833s] [ 29%] [32mBuilding CXX object CMakeFiles/graph_for_task_planner_msg__rosidl_typesupport_cpp.dir/rosidl_typesupport_cpp/graph_for_task_planner_msg/msg/point__type_support.cpp.o[0m
[1.857s] [ 34%] [32mBuilding CXX object CMakeFiles/graph_for_task_planner_msg__rosidl_typesupport_introspection_cpp.dir/rosidl_typesupport_introspection_cpp/graph_for_task_planner_msg/msg/detail/graph__type_support.cpp.o[0m
[1.859s] [ 36%] [32mBuilding CXX object CMakeFiles/graph_for_task_planner_msg__rosidl_typesupport_introspection_cpp.dir/rosidl_typesupport_introspection_cpp/graph_for_task_planner_msg/msg/detail/point__type_support.cpp.o[0m
[1.862s] [ 38%] [32mBuilding CXX object CMakeFiles/graph_for_task_planner_msg__rosidl_typesupport_introspection_cpp.dir/rosidl_typesupport_introspection_cpp/graph_for_task_planner_msg/msg/detail/edge__type_support.cpp.o[0m
[1.877s] [ 44%] [32mBuilding CXX object CMakeFiles/graph_for_task_planner_msg__rosidl_typesupport_fastrtps_cpp.dir/rosidl_typesupport_fastrtps_cpp/graph_for_task_planner_msg/msg/detail/dds_fastrtps/graph__type_support.cpp.o[0m
[1.877s] [ 44%] [32mBuilding CXX object CMakeFiles/graph_for_task_planner_msg__rosidl_typesupport_fastrtps_cpp.dir/rosidl_typesupport_fastrtps_cpp/graph_for_task_planner_msg/msg/detail/dds_fastrtps/point__type_support.cpp.o[0m
[1.877s] [ 44%] [32mBuilding CXX object CMakeFiles/graph_for_task_planner_msg__rosidl_typesupport_fastrtps_cpp.dir/rosidl_typesupport_fastrtps_cpp/graph_for_task_planner_msg/msg/detail/dds_fastrtps/edge__type_support.cpp.o[0m
[2.000s] [ 46%] [32mBuilding CXX object CMakeFiles/graph_for_task_planner_msg__rosidl_typesupport_c.dir/rosidl_typesupport_c/graph_for_task_planner_msg/msg/graph__type_support.cpp.o[0m
[2.042s] [ 48%] [32mBuilding CXX object CMakeFiles/graph_for_task_planner_msg__rosidl_typesupport_c.dir/rosidl_typesupport_c/graph_for_task_planner_msg/msg/point__type_support.cpp.o[0m
[2.057s] [ 51%] [32mBuilding C object CMakeFiles/graph_for_task_planner_msg__rosidl_typesupport_introspection_c.dir/rosidl_typesupport_introspection_c/graph_for_task_planner_msg/msg/detail/graph__type_support.c.o[0m
[2.081s] [ 53%] [32mBuilding CXX object CMakeFiles/graph_for_task_planner_msg__rosidl_typesupport_fastrtps_c.dir/rosidl_typesupport_fastrtps_c/graph_for_task_planner_msg/msg/detail/graph__type_support_c.cpp.o[0m
[2.085s] [ 55%] [32mBuilding CXX object CMakeFiles/graph_for_task_planner_msg__rosidl_typesupport_c.dir/rosidl_typesupport_c/graph_for_task_planner_msg/msg/edge__type_support.cpp.o[0m
[2.120s] [ 57%] [32mBuilding C object CMakeFiles/graph_for_task_planner_msg__rosidl_typesupport_introspection_c.dir/rosidl_typesupport_introspection_c/graph_for_task_planner_msg/msg/detail/point__type_support.c.o[0m
[2.124s] [ 59%] [32m[1mLinking CXX shared library libgraph_for_task_planner_msg__rosidl_typesupport_c.so[0m
[2.162s] [ 61%] [32mBuilding C object CMakeFiles/graph_for_task_planner_msg__rosidl_typesupport_introspection_c.dir/rosidl_typesupport_introspection_c/graph_for_task_planner_msg/msg/detail/edge__type_support.c.o[0m
[2.167s] [ 65%] [32mBuilding CXX object CMakeFiles/graph_for_task_planner_msg__rosidl_typesupport_fastrtps_c.dir/rosidl_typesupport_fastrtps_c/graph_for_task_planner_msg/msg/detail/edge__type_support_c.cpp.o[0m
[2.168s] [ 65%] [32mBuilding CXX object CMakeFiles/graph_for_task_planner_msg__rosidl_typesupport_fastrtps_c.dir/rosidl_typesupport_fastrtps_c/graph_for_task_planner_msg/msg/detail/point__type_support_c.cpp.o[0m
[2.171s] [ 68%] [32m[1mLinking CXX shared library libgraph_for_task_planner_msg__rosidl_typesupport_cpp.so[0m
[2.195s] [ 68%] Built target graph_for_task_planner_msg__rosidl_typesupport_c
[2.210s] [ 70%] [32m[1mLinking C shared library libgraph_for_task_planner_msg__rosidl_typesupport_introspection_c.so[0m
[2.239s] [ 70%] Built target graph_for_task_planner_msg__rosidl_typesupport_cpp
[2.260s] [ 70%] Built target graph_for_task_planner_msg__rosidl_typesupport_introspection_c
[2.339s] [ 72%] [32m[1mLinking CXX shared library libgraph_for_task_planner_msg__rosidl_typesupport_introspection_cpp.so[0m
[2.379s] [ 74%] [32m[1mLinking CXX shared library libgraph_for_task_planner_msg__rosidl_typesupport_fastrtps_cpp.so[0m
[2.409s] [ 74%] Built target graph_for_task_planner_msg__rosidl_typesupport_introspection_cpp
[2.451s] [ 74%] Built target graph_for_task_planner_msg__rosidl_typesupport_fastrtps_cpp
[2.484s] [ 76%] [32m[1mLinking CXX shared library libgraph_for_task_planner_msg__rosidl_typesupport_fastrtps_c.so[0m
[2.544s] [ 76%] Built target graph_for_task_planner_msg__rosidl_typesupport_fastrtps_c
[2.564s] [ 76%] Built target graph_for_task_planner_msg
[2.582s] [ 78%] [34m[1mGenerating Python code for ROS interfaces[0m
[2.896s] [ 78%] Built target graph_for_task_planner_msg__py
[2.915s] [ 82%] [32mBuilding C object CMakeFiles/graph_for_task_planner_msg__rosidl_generator_py.dir/rosidl_generator_py/graph_for_task_planner_msg/msg/_point_s.c.o[0m
[2.915s] [ 82%] [32mBuilding C object CMakeFiles/graph_for_task_planner_msg__rosidl_generator_py.dir/rosidl_generator_py/graph_for_task_planner_msg/msg/_graph_s.c.o[0m
[2.915s] [ 85%] [32mBuilding C object CMakeFiles/graph_for_task_planner_msg__rosidl_generator_py.dir/rosidl_generator_py/graph_for_task_planner_msg/msg/_edge_s.c.o[0m
[2.995s] [ 87%] [32m[1mLinking C shared library rosidl_generator_py/graph_for_task_planner_msg/libgraph_for_task_planner_msg__rosidl_generator_py.so[0m
[3.030s] [ 87%] Built target graph_for_task_planner_msg__rosidl_generator_py
[3.050s] [ 93%] [32mBuilding C object CMakeFiles/graph_for_task_planner_msg__rosidl_typesupport_fastrtps_c__pyext.dir/rosidl_generator_py/graph_for_task_planner_msg/_graph_for_task_planner_msg_s.ep.rosidl_typesupport_fastrtps_c.c.o[0m
[3.050s] [ 93%] [32mBuilding C object CMakeFiles/graph_for_task_planner_msg__rosidl_typesupport_c__pyext.dir/rosidl_generator_py/graph_for_task_planner_msg/_graph_for_task_planner_msg_s.ep.rosidl_typesupport_c.c.o[0m
[3.050s] [ 93%] [32mBuilding C object CMakeFiles/graph_for_task_planner_msg__rosidl_typesupport_introspection_c__pyext.dir/rosidl_generator_py/graph_for_task_planner_msg/_graph_for_task_planner_msg_s.ep.rosidl_typesupport_introspection_c.c.o[0m
[3.123s] [ 97%] [32m[1mLinking C shared library rosidl_generator_py/graph_for_task_planner_msg/graph_for_task_planner_msg_s__rosidl_typesupport_c.cpython-310-x86_64-linux-gnu.so[0m
[3.123s] [ 97%] [32m[1mLinking C shared library rosidl_generator_py/graph_for_task_planner_msg/graph_for_task_planner_msg_s__rosidl_typesupport_introspection_c.cpython-310-x86_64-linux-gnu.so[0m
[3.127s] [100%] [32m[1mLinking C shared library rosidl_generator_py/graph_for_task_planner_msg/graph_for_task_planner_msg_s__rosidl_typesupport_fastrtps_c.cpython-310-x86_64-linux-gnu.so[0m
[3.152s] [100%] Built target graph_for_task_planner_msg__rosidl_typesupport_c__pyext
[3.152s] [100%] Built target graph_for_task_planner_msg__rosidl_typesupport_introspection_c__pyext
[3.156s] [100%] Built target graph_for_task_planner_msg__rosidl_typesupport_fastrtps_c__pyext
[3.167s] Invoked command in '/home/sincerejuliya/Documents/ros_ws/src/graph_for_task_planner_msg/build/graph_for_task_planner_msg' returned '0': CMAKE_PREFIX_PATH=${CMAKE_PREFIX_PATH}:/home/sincerejuliya/Documents/ros_ws/src/install/obstacles_msgs:/opt/ros/humble /usr/bin/cmake --build /home/sincerejuliya/Documents/ros_ws/src/graph_for_task_planner_msg/build/graph_for_task_planner_msg -- -j12 -l12
[3.287s] Invoking command in '/home/sincerejuliya/Documents/ros_ws/src/graph_for_task_planner_msg/build/graph_for_task_planner_msg': CMAKE_PREFIX_PATH=${CMAKE_PREFIX_PATH}:/home/sincerejuliya/Documents/ros_ws/src/install/obstacles_msgs:/opt/ros/humble /usr/bin/cmake --install /home/sincerejuliya/Documents/ros_ws/src/graph_for_task_planner_msg/build/graph_for_task_planner_msg
[3.294s] -- Install configuration: ""
[3.294s] -- Installing: /home/sincerejuliya/Documents/ros_ws/src/graph_for_task_planner_msg/install/graph_for_task_planner_msg/share/ament_index/resource_index/rosidl_interfaces/graph_for_task_planner_msg
[3.294s] -- Up-to-date: /home/sincerejuliya/Documents/ros_ws/src/graph_for_task_planner_msg/install/graph_for_task_planner_msg/include/graph_for_task_planner_msg/graph_for_task_planner_msg
[3.294s] -- Up-to-date: /home/sincerejuliya/Documents/ros_ws/src/graph_for_task_planner_msg/install/graph_for_task_planner_msg/include/graph_for_task_planner_msg/graph_for_task_planner_msg/msg
[3.294s] -- Installing: /home/sincerejuliya/Documents/ros_ws/src/graph_for_task_planner_msg/install/graph_for_task_planner_msg/include/graph_for_task_planner_msg/graph_for_task_planner_msg/msg/rosidl_generator_c__visibility_control.h
[3.294s] -- Installing: /home/sincerejuliya/Documents/ros_ws/src/graph_for_task_planner_msg/install/graph_for_task_planner_msg/include/graph_for_task_planner_msg/graph_for_task_planner_msg/msg/point.h
[3.294s] -- Installing: /home/sincerejuliya/Documents/ros_ws/src/graph_for_task_planner_msg/install/graph_for_task_planner_msg/include/graph_for_task_planner_msg/graph_for_task_planner_msg/msg/graph.h
[3.295s] -- Installing: /home/sincerejuliya/Documents/ros_ws/src/graph_for_task_planner_msg/install/graph_for_task_planner_msg/include/graph_for_task_planner_msg/graph_for_task_planner_msg/msg/edge.h
[3.295s] -- Up-to-date: /home/sincerejuliya/Documents/ros_ws/src/graph_for_task_planner_msg/install/graph_for_task_planner_msg/include/graph_for_task_planner_msg/graph_for_task_planner_msg/msg/detail
[3.295s] -- Installing: /home/sincerejuliya/Documents/ros_ws/src/graph_for_task_planner_msg/install/graph_for_task_planner_msg/include/graph_for_task_planner_msg/graph_for_task_planner_msg/msg/detail/point__functions.h
[3.295s] -- Installing: /home/sincerejuliya/Documents/ros_ws/src/graph_for_task_planner_msg/install/graph_for_task_planner_msg/include/graph_for_task_planner_msg/graph_for_task_planner_msg/msg/detail/graph__struct.h
[3.295s] -- Installing: /home/sincerejuliya/Documents/ros_ws/src/graph_for_task_planner_msg/install/graph_for_task_planner_msg/include/graph_for_task_planner_msg/graph_for_task_planner_msg/msg/detail/point__functions.c
[3.295s] -- Installing: /home/sincerejuliya/Documents/ros_ws/src/graph_for_task_planner_msg/install/graph_for_task_planner_msg/include/graph_for_task_planner_msg/graph_for_task_planner_msg/msg/detail/point__struct.h
[3.295s] -- Installing: /home/sincerejuliya/Documents/ros_ws/src/graph_for_task_planner_msg/install/graph_for_task_planner_msg/include/graph_for_task_planner_msg/graph_for_task_planner_msg/msg/detail/graph__functions.h
[3.295s] -- Installing: /home/sincerejuliya/Documents/ros_ws/src/graph_for_task_planner_msg/install/graph_for_task_planner_msg/include/graph_for_task_planner_msg/graph_for_task_planner_msg/msg/detail/graph__type_support.h
[3.296s] -- Installing: /home/sincerejuliya/Documents/ros_ws/src/graph_for_task_planner_msg/install/graph_for_task_planner_msg/include/graph_for_task_planner_msg/graph_for_task_planner_msg/msg/detail/graph__functions.c
[3.296s] -- Installing: /home/sincerejuliya/Documents/ros_ws/src/graph_for_task_planner_msg/install/graph_for_task_planner_msg/include/graph_for_task_planner_msg/graph_for_task_planner_msg/msg/detail/point__type_support.h
[3.296s] -- Installing: /home/sincerejuliya/Documents/ros_ws/src/graph_for_task_planner_msg/install/graph_for_task_planner_msg/include/graph_for_task_planner_msg/graph_for_task_planner_msg/msg/detail/edge__functions.h
[3.296s] -- Installing: /home/sincerejuliya/Documents/ros_ws/src/graph_for_task_planner_msg/install/graph_for_task_planner_msg/include/graph_for_task_planner_msg/graph_for_task_planner_msg/msg/detail/edge__type_support.h
[3.296s] -- Installing: /home/sincerejuliya/Documents/ros_ws/src/graph_for_task_planner_msg/install/graph_for_task_planner_msg/include/graph_for_task_planner_msg/graph_for_task_planner_msg/msg/detail/edge__functions.c
[3.296s] -- Installing: /home/sincerejuliya/Documents/ros_ws/src/graph_for_task_planner_msg/install/graph_for_task_planner_msg/include/graph_for_task_planner_msg/graph_for_task_planner_msg/msg/detail/edge__struct.h
[3.296s] -- Up-to-date: /home/sincerejuliya/Documents/ros_ws/src/graph_for_task_planner_msg/install/graph_for_task_planner_msg/share/graph_for_task_planner_msg/environment/library_path.sh
[3.296s] -- Installing: /home/sincerejuliya/Documents/ros_ws/src/graph_for_task_planner_msg/install/graph_for_task_planner_msg/share/graph_for_task_planner_msg/environment/library_path.dsv
[3.297s] -- Installing: /home/sincerejuliya/Documents/ros_ws/src/graph_for_task_planner_msg/install/graph_for_task_planner_msg/lib/libgraph_for_task_planner_msg__rosidl_generator_c.so
[3.297s] -- Set runtime path of "/home/sincerejuliya/Documents/ros_ws/src/graph_for_task_planner_msg/install/graph_for_task_planner_msg/lib/libgraph_for_task_planner_msg__rosidl_generator_c.so" to ""
[3.297s] -- Up-to-date: /home/sincerejuliya/Documents/ros_ws/src/graph_for_task_planner_msg/install/graph_for_task_planner_msg/include/graph_for_task_planner_msg/graph_for_task_planner_msg
[3.297s] -- Up-to-date: /home/sincerejuliya/Documents/ros_ws/src/graph_for_task_planner_msg/install/graph_for_task_planner_msg/include/graph_for_task_planner_msg/graph_for_task_planner_msg/msg
[3.297s] -- Up-to-date: /home/sincerejuliya/Documents/ros_ws/src/graph_for_task_planner_msg/install/graph_for_task_planner_msg/include/graph_for_task_planner_msg/graph_for_task_planner_msg/msg/detail
[3.297s] -- Installing: /home/sincerejuliya/Documents/ros_ws/src/graph_for_task_planner_msg/install/graph_for_task_planner_msg/include/graph_for_task_planner_msg/graph_for_task_planner_msg/msg/detail/edge__rosidl_typesupport_fastrtps_c.h
[3.297s] -- Installing: /home/sincerejuliya/Documents/ros_ws/src/graph_for_task_planner_msg/install/graph_for_task_planner_msg/include/graph_for_task_planner_msg/graph_for_task_planner_msg/msg/detail/point__rosidl_typesupport_fastrtps_c.h
[3.298s] -- Installing: /home/sincerejuliya/Documents/ros_ws/src/graph_for_task_planner_msg/install/graph_for_task_planner_msg/include/graph_for_task_planner_msg/graph_for_task_planner_msg/msg/detail/graph__rosidl_typesupport_fastrtps_c.h
[3.298s] -- Installing: /home/sincerejuliya/Documents/ros_ws/src/graph_for_task_planner_msg/install/graph_for_task_planner_msg/include/graph_for_task_planner_msg/graph_for_task_planner_msg/msg/rosidl_typesupport_fastrtps_c__visibility_control.h
[3.298s] -- Installing: /home/sincerejuliya/Documents/ros_ws/src/graph_for_task_planner_msg/install/graph_for_task_planner_msg/lib/libgraph_for_task_planner_msg__rosidl_typesupport_fastrtps_c.so
[3.298s] -- Set runtime path of "/home/sincerejuliya/Documents/ros_ws/src/graph_for_task_planner_msg/install/graph_for_task_planner_msg/lib/libgraph_for_task_planner_msg__rosidl_typesupport_fastrtps_c.so" to ""
[3.298s] -- Up-to-date: /home/sincerejuliya/Documents/ros_ws/src/graph_for_task_planner_msg/install/graph_for_task_planner_msg/include/graph_for_task_planner_msg/graph_for_task_planner_msg
[3.298s] -- Up-to-date: /home/sincerejuliya/Documents/ros_ws/src/graph_for_task_planner_msg/install/graph_for_task_planner_msg/include/graph_for_task_planner_msg/graph_for_task_planner_msg/msg
[3.298s] -- Installing: /home/sincerejuliya/Documents/ros_ws/src/graph_for_task_planner_msg/install/graph_for_task_planner_msg/include/graph_for_task_planner_msg/graph_for_task_planner_msg/msg/rosidl_typesupport_introspection_c__visibility_control.h
[3.299s] -- Up-to-date: /home/sincerejuliya/Documents/ros_ws/src/graph_for_task_planner_msg/install/graph_for_task_planner_msg/include/graph_for_task_planner_msg/graph_for_task_planner_msg/msg/detail
[3.299s] -- Installing: /home/sincerejuliya/Documents/ros_ws/src/graph_for_task_planner_msg/install/graph_for_task_planner_msg/include/graph_for_task_planner_msg/graph_for_task_planner_msg/msg/detail/point__rosidl_typesupport_introspection_c.h
[3.299s] -- Installing: /home/sincerejuliya/Documents/ros_ws/src/graph_for_task_planner_msg/install/graph_for_task_planner_msg/include/graph_for_task_planner_msg/graph_for_task_planner_msg/msg/detail/point__type_support.c
[3.299s] -- Installing: /home/sincerejuliya/Documents/ros_ws/src/graph_for_task_planner_msg/install/graph_for_task_planner_msg/include/graph_for_task_planner_msg/graph_for_task_planner_msg/msg/detail/graph__rosidl_typesupport_introspection_c.h
[3.299s] -- Installing: /home/sincerejuliya/Documents/ros_ws/src/graph_for_task_planner_msg/install/graph_for_task_planner_msg/include/graph_for_task_planner_msg/graph_for_task_planner_msg/msg/detail/edge__rosidl_typesupport_introspection_c.h
[3.299s] -- Installing: /home/sincerejuliya/Documents/ros_ws/src/graph_for_task_planner_msg/install/graph_for_task_planner_msg/include/graph_for_task_planner_msg/graph_for_task_planner_msg/msg/detail/edge__type_support.c
[3.299s] -- Installing: /home/sincerejuliya/Documents/ros_ws/src/graph_for_task_planner_msg/install/graph_for_task_planner_msg/include/graph_for_task_planner_msg/graph_for_task_planner_msg/msg/detail/graph__type_support.c
[3.299s] -- Installing: /home/sincerejuliya/Documents/ros_ws/src/graph_for_task_planner_msg/install/graph_for_task_planner_msg/lib/libgraph_for_task_planner_msg__rosidl_typesupport_introspection_c.so
[3.300s] -- Set runtime path of "/home/sincerejuliya/Documents/ros_ws/src/graph_for_task_planner_msg/install/graph_for_task_planner_msg/lib/libgraph_for_task_planner_msg__rosidl_typesupport_introspection_c.so" to ""
[3.300s] -- Installing: /home/sincerejuliya/Documents/ros_ws/src/graph_for_task_planner_msg/install/graph_for_task_planner_msg/lib/libgraph_for_task_planner_msg__rosidl_typesupport_c.so
[3.300s] -- Set runtime path of "/home/sincerejuliya/Documents/ros_ws/src/graph_for_task_planner_msg/install/graph_for_task_planner_msg/lib/libgraph_for_task_planner_msg__rosidl_typesupport_c.so" to ""
[3.300s] -- Up-to-date: /home/sincerejuliya/Documents/ros_ws/src/graph_for_task_planner_msg/install/graph_for_task_planner_msg/include/graph_for_task_planner_msg/graph_for_task_planner_msg
[3.300s] -- Up-to-date: /home/sincerejuliya/Documents/ros_ws/src/graph_for_task_planner_msg/install/graph_for_task_planner_msg/include/graph_for_task_planner_msg/graph_for_task_planner_msg/msg
[3.301s] -- Installing: /home/sincerejuliya/Documents/ros_ws/src/graph_for_task_planner_msg/install/graph_for_task_planner_msg/include/graph_for_task_planner_msg/graph_for_task_planner_msg/msg/point.hpp
[3.301s] -- Installing: /home/sincerejuliya/Documents/ros_ws/src/graph_for_task_planner_msg/install/graph_for_task_planner_msg/include/graph_for_task_planner_msg/graph_for_task_planner_msg/msg/edge.hpp
[3.301s] -- Installing: /home/sincerejuliya/Documents/ros_ws/src/graph_for_task_planner_msg/install/graph_for_task_planner_msg/include/graph_for_task_planner_msg/graph_for_task_planner_msg/msg/graph.hpp
[3.301s] -- Up-to-date: /home/sincerejuliya/Documents/ros_ws/src/graph_for_task_planner_msg/install/graph_for_task_planner_msg/include/graph_for_task_planner_msg/graph_for_task_planner_msg/msg/detail
[3.301s] -- Installing: /home/sincerejuliya/Documents/ros_ws/src/graph_for_task_planner_msg/install/graph_for_task_planner_msg/include/graph_for_task_planner_msg/graph_for_task_planner_msg/msg/detail/graph__struct.hpp
[3.301s] -- Installing: /home/sincerejuliya/Documents/ros_ws/src/graph_for_task_planner_msg/install/graph_for_task_planner_msg/include/graph_for_task_planner_msg/graph_for_task_planner_msg/msg/detail/graph__builder.hpp
[3.301s] -- Installing: /home/sincerejuliya/Documents/ros_ws/src/graph_for_task_planner_msg/install/graph_for_task_planner_msg/include/graph_for_task_planner_msg/graph_for_task_planner_msg/msg/detail/edge__builder.hpp
[3.301s] -- Installing: /home/sincerejuliya/Documents/ros_ws/src/graph_for_task_planner_msg/install/graph_for_task_planner_msg/include/graph_for_task_planner_msg/graph_for_task_planner_msg/msg/detail/edge__struct.hpp
[3.301s] -- Installing: /home/sincerejuliya/Documents/ros_ws/src/graph_for_task_planner_msg/install/graph_for_task_planner_msg/include/graph_for_task_planner_msg/graph_for_task_planner_msg/msg/detail/point__traits.hpp
[3.302s] -- Installing: /home/sincerejuliya/Documents/ros_ws/src/graph_for_task_planner_msg/install/graph_for_task_planner_msg/include/graph_for_task_planner_msg/graph_for_task_planner_msg/msg/detail/graph__traits.hpp
[3.302s] -- Installing: /home/sincerejuliya/Documents/ros_ws/src/graph_for_task_planner_msg/install/graph_for_task_planner_msg/include/graph_for_task_planner_msg/graph_for_task_planner_msg/msg/detail/point__builder.hpp
[3.302s] -- Installing: /home/sincerejuliya/Documents/ros_ws/src/graph_for_task_planner_msg/install/graph_for_task_planner_msg/include/graph_for_task_planner_msg/graph_for_task_planner_msg/msg/detail/point__struct.hpp
[3.302s] -- Installing: /home/sincerejuliya/Documents/ros_ws/src/graph_for_task_planner_msg/install/graph_for_task_planner_msg/include/graph_for_task_planner_msg/graph_for_task_planner_msg/msg/detail/edge__traits.hpp
[3.302s] -- Up-to-date: /home/sincerejuliya/Documents/ros_ws/src/graph_for_task_planner_msg/install/graph_for_task_planner_msg/include/graph_for_task_planner_msg/graph_for_task_planner_msg
[3.302s] -- Up-to-date: /home/sincerejuliya/Documents/ros_ws/src/graph_for_task_planner_msg/install/graph_for_task_planner_msg/include/graph_for_task_planner_msg/graph_for_task_planner_msg/msg
[3.302s] -- Installing: /home/sincerejuliya/Documents/ros_ws/src/graph_for_task_planner_msg/install/graph_for_task_planner_msg/include/graph_for_task_planner_msg/graph_for_task_planner_msg/msg/rosidl_typesupport_fastrtps_cpp__visibility_control.h
[3.302s] -- Up-to-date: /home/sincerejuliya/Documents/ros_ws/src/graph_for_task_planner_msg/install/graph_for_task_planner_msg/include/graph_for_task_planner_msg/graph_for_task_planner_msg/msg/detail
[3.302s] -- Up-to-date: /home/sincerejuliya/Documents/ros_ws/src/graph_for_task_planner_msg/install/graph_for_task_planner_msg/include/graph_for_task_planner_msg/graph_for_task_planner_msg/msg/detail/dds_fastrtps
[3.303s] -- Installing: /home/sincerejuliya/Documents/ros_ws/src/graph_for_task_planner_msg/install/graph_for_task_planner_msg/include/graph_for_task_planner_msg/graph_for_task_planner_msg/msg/detail/point__rosidl_typesupport_fastrtps_cpp.hpp
[3.303s] -- Installing: /home/sincerejuliya/Documents/ros_ws/src/graph_for_task_planner_msg/install/graph_for_task_planner_msg/include/graph_for_task_planner_msg/graph_for_task_planner_msg/msg/detail/edge__rosidl_typesupport_fastrtps_cpp.hpp
[3.303s] -- Installing: /home/sincerejuliya/Documents/ros_ws/src/graph_for_task_planner_msg/install/graph_for_task_planner_msg/include/graph_for_task_planner_msg/graph_for_task_planner_msg/msg/detail/graph__rosidl_typesupport_fastrtps_cpp.hpp
[3.303s] -- Installing: /home/sincerejuliya/Documents/ros_ws/src/graph_for_task_planner_msg/install/graph_for_task_planner_msg/lib/libgraph_for_task_planner_msg__rosidl_typesupport_fastrtps_cpp.so
[3.303s] -- Set runtime path of "/home/sincerejuliya/Documents/ros_ws/src/graph_for_task_planner_msg/install/graph_for_task_planner_msg/lib/libgraph_for_task_planner_msg__rosidl_typesupport_fastrtps_cpp.so" to ""
[3.304s] -- Up-to-date: /home/sincerejuliya/Documents/ros_ws/src/graph_for_task_planner_msg/install/graph_for_task_planner_msg/include/graph_for_task_planner_msg/graph_for_task_planner_msg
[3.304s] -- Up-to-date: /home/sincerejuliya/Documents/ros_ws/src/graph_for_task_planner_msg/install/graph_for_task_planner_msg/include/graph_for_task_planner_msg/graph_for_task_planner_msg/msg
[3.304s] -- Up-to-date: /home/sincerejuliya/Documents/ros_ws/src/graph_for_task_planner_msg/install/graph_for_task_planner_msg/include/graph_for_task_planner_msg/graph_for_task_planner_msg/msg/detail
[3.304s] -- Installing: /home/sincerejuliya/Documents/ros_ws/src/graph_for_task_planner_msg/install/graph_for_task_planner_msg/include/graph_for_task_planner_msg/graph_for_task_planner_msg/msg/detail/graph__rosidl_typesupport_introspection_cpp.hpp
[3.304s] -- Installing: /home/sincerejuliya/Documents/ros_ws/src/graph_for_task_planner_msg/install/graph_for_task_planner_msg/include/graph_for_task_planner_msg/graph_for_task_planner_msg/msg/detail/point__type_support.cpp
[3.304s] -- Installing: /home/sincerejuliya/Documents/ros_ws/src/graph_for_task_planner_msg/install/graph_for_task_planner_msg/include/graph_for_task_planner_msg/graph_for_task_planner_msg/msg/detail/point__rosidl_typesupport_introspection_cpp.hpp
[3.304s] -- Installing: /home/sincerejuliya/Documents/ros_ws/src/graph_for_task_planner_msg/install/graph_for_task_planner_msg/include/graph_for_task_planner_msg/graph_for_task_planner_msg/msg/detail/edge__rosidl_typesupport_introspection_cpp.hpp
[3.304s] -- Installing: /home/sincerejuliya/Documents/ros_ws/src/graph_for_task_planner_msg/install/graph_for_task_planner_msg/include/graph_for_task_planner_msg/graph_for_task_planner_msg/msg/detail/graph__type_support.cpp
[3.304s] -- Installing: /home/sincerejuliya/Documents/ros_ws/src/graph_for_task_planner_msg/install/graph_for_task_planner_msg/include/graph_for_task_planner_msg/graph_for_task_planner_msg/msg/detail/edge__type_support.cpp
[3.305s] -- Installing: /home/sincerejuliya/Documents/ros_ws/src/graph_for_task_planner_msg/install/graph_for_task_planner_msg/lib/libgraph_for_task_planner_msg__rosidl_typesupport_introspection_cpp.so
[3.305s] -- Set runtime path of "/home/sincerejuliya/Documents/ros_ws/src/graph_for_task_planner_msg/install/graph_for_task_planner_msg/lib/libgraph_for_task_planner_msg__rosidl_typesupport_introspection_cpp.so" to ""
[3.305s] -- Installing: /home/sincerejuliya/Documents/ros_ws/src/graph_for_task_planner_msg/install/graph_for_task_planner_msg/lib/libgraph_for_task_planner_msg__rosidl_typesupport_cpp.so
[3.306s] -- Set runtime path of "/home/sincerejuliya/Documents/ros_ws/src/graph_for_task_planner_msg/install/graph_for_task_planner_msg/lib/libgraph_for_task_planner_msg__rosidl_typesupport_cpp.so" to ""
[3.306s] -- Installing: /home/sincerejuliya/Documents/ros_ws/src/graph_for_task_planner_msg/install/graph_for_task_planner_msg/share/graph_for_task_planner_msg/environment/pythonpath.sh
[3.306s] -- Installing: /home/sincerejuliya/Documents/ros_ws/src/graph_for_task_planner_msg/install/graph_for_task_planner_msg/share/graph_for_task_planner_msg/environment/pythonpath.dsv
[3.306s] -- Up-to-date: /home/sincerejuliya/Documents/ros_ws/src/graph_for_task_planner_msg/install/graph_for_task_planner_msg/local/lib/python3.10/dist-packages/graph_for_task_planner_msg-0.0.0-py3.10.egg-info
[3.306s] -- Installing: /home/sincerejuliya/Documents/ros_ws/src/graph_for_task_planner_msg/install/graph_for_task_planner_msg/local/lib/python3.10/dist-packages/graph_for_task_planner_msg-0.0.0-py3.10.egg-info/SOURCES.txt
[3.306s] -- Installing: /home/sincerejuliya/Documents/ros_ws/src/graph_for_task_planner_msg/install/graph_for_task_planner_msg/local/lib/python3.10/dist-packages/graph_for_task_planner_msg-0.0.0-py3.10.egg-info/PKG-INFO
[3.306s] -- Installing: /home/sincerejuliya/Documents/ros_ws/src/graph_for_task_planner_msg/install/graph_for_task_planner_msg/local/lib/python3.10/dist-packages/graph_for_task_planner_msg-0.0.0-py3.10.egg-info/top_level.txt
[3.306s] -- Installing: /home/sincerejuliya/Documents/ros_ws/src/graph_for_task_planner_msg/install/graph_for_task_planner_msg/local/lib/python3.10/dist-packages/graph_for_task_planner_msg-0.0.0-py3.10.egg-info/dependency_links.txt
[3.307s] -- Up-to-date: /home/sincerejuliya/Documents/ros_ws/src/graph_for_task_planner_msg/install/graph_for_task_planner_msg/local/lib/python3.10/dist-packages/graph_for_task_planner_msg
[3.307s] -- Installing: /home/sincerejuliya/Documents/ros_ws/src/graph_for_task_planner_msg/install/graph_for_task_planner_msg/local/lib/python3.10/dist-packages/graph_for_task_planner_msg/_graph_for_task_planner_msg_s.ep.rosidl_typesupport_fastrtps_c.c
[3.307s] -- Installing: /home/sincerejuliya/Documents/ros_ws/src/graph_for_task_planner_msg/install/graph_for_task_planner_msg/local/lib/python3.10/dist-packages/graph_for_task_planner_msg/graph_for_task_planner_msg_s__rosidl_typesupport_introspection_c.cpython-310-x86_64-linux-gnu.so
[3.307s] -- Installing: /home/sincerejuliya/Documents/ros_ws/src/graph_for_task_planner_msg/install/graph_for_task_planner_msg/local/lib/python3.10/dist-packages/graph_for_task_planner_msg/libgraph_for_task_planner_msg__rosidl_generator_py.so
[3.307s] -- Installing: /home/sincerejuliya/Documents/ros_ws/src/graph_for_task_planner_msg/install/graph_for_task_planner_msg/local/lib/python3.10/dist-packages/graph_for_task_planner_msg/_graph_for_task_planner_msg_s.ep.rosidl_typesupport_c.c
[3.307s] -- Installing: /home/sincerejuliya/Documents/ros_ws/src/graph_for_task_planner_msg/install/graph_for_task_planner_msg/local/lib/python3.10/dist-packages/graph_for_task_planner_msg/graph_for_task_planner_msg_s__rosidl_typesupport_fastrtps_c.cpython-310-x86_64-linux-gnu.so
[3.307s] -- Installing: /home/sincerejuliya/Documents/ros_ws/src/graph_for_task_planner_msg/install/graph_for_task_planner_msg/local/lib/python3.10/dist-packages/graph_for_task_planner_msg/__init__.py
[3.307s] -- Installing: /home/sincerejuliya/Documents/ros_ws/src/graph_for_task_planner_msg/install/graph_for_task_planner_msg/local/lib/python3.10/dist-packages/graph_for_task_planner_msg/graph_for_task_planner_msg_s__rosidl_typesupport_c.cpython-310-x86_64-linux-gnu.so
[3.308s] -- Installing: /home/sincerejuliya/Documents/ros_ws/src/graph_for_task_planner_msg/install/graph_for_task_planner_msg/local/lib/python3.10/dist-packages/graph_for_task_planner_msg/_graph_for_task_planner_msg_s.ep.rosidl_typesupport_introspection_c.c
[3.308s] -- Up-to-date: /home/sincerejuliya/Documents/ros_ws/src/graph_for_task_planner_msg/install/graph_for_task_planner_msg/local/lib/python3.10/dist-packages/graph_for_task_planner_msg/msg
[3.308s] -- Installing: /home/sincerejuliya/Documents/ros_ws/src/graph_for_task_planner_msg/install/graph_for_task_planner_msg/local/lib/python3.10/dist-packages/graph_for_task_planner_msg/msg/_graph.py
[3.308s] -- Installing: /home/sincerejuliya/Documents/ros_ws/src/graph_for_task_planner_msg/install/graph_for_task_planner_msg/local/lib/python3.10/dist-packages/graph_for_task_planner_msg/msg/_point.py
[3.308s] -- Installing: /home/sincerejuliya/Documents/ros_ws/src/graph_for_task_planner_msg/install/graph_for_task_planner_msg/local/lib/python3.10/dist-packages/graph_for_task_planner_msg/msg/_point_s.c
[3.308s] -- Installing: /home/sincerejuliya/Documents/ros_ws/src/graph_for_task_planner_msg/install/graph_for_task_planner_msg/local/lib/python3.10/dist-packages/graph_for_task_planner_msg/msg/__init__.py
[3.308s] -- Installing: /home/sincerejuliya/Documents/ros_ws/src/graph_for_task_planner_msg/install/graph_for_task_planner_msg/local/lib/python3.10/dist-packages/graph_for_task_planner_msg/msg/_edge_s.c
[3.308s] -- Installing: /home/sincerejuliya/Documents/ros_ws/src/graph_for_task_planner_msg/install/graph_for_task_planner_msg/local/lib/python3.10/dist-packages/graph_for_task_planner_msg/msg/_graph_s.c
[3.309s] -- Installing: /home/sincerejuliya/Documents/ros_ws/src/graph_for_task_planner_msg/install/graph_for_task_planner_msg/local/lib/python3.10/dist-packages/graph_for_task_planner_msg/msg/_edge.py
[3.343s] Listing '/home/sincerejuliya/Documents/ros_ws/src/graph_for_task_planner_msg/install/graph_for_task_planner_msg/local/lib/python3.10/dist-packages/graph_for_task_planner_msg'...
[3.343s] Compiling '/home/sincerejuliya/Documents/ros_ws/src/graph_for_task_planner_msg/install/graph_for_task_planner_msg/local/lib/python3.10/dist-packages/graph_for_task_planner_msg/__init__.py'...
[3.343s] Listing '/home/sincerejuliya/Documents/ros_ws/src/graph_for_task_planner_msg/install/graph_for_task_planner_msg/local/lib/python3.10/dist-packages/graph_for_task_planner_msg/msg'...
[3.343s] Compiling '/home/sincerejuliya/Documents/ros_ws/src/graph_for_task_planner_msg/install/graph_for_task_planner_msg/local/lib/python3.10/dist-packages/graph_for_task_planner_msg/msg/__init__.py'...
[3.343s] Compiling '/home/sincerejuliya/Documents/ros_ws/src/graph_for_task_planner_msg/install/graph_for_task_planner_msg/local/lib/python3.10/dist-packages/graph_for_task_planner_msg/msg/_edge.py'...
[3.343s] Compiling '/home/sincerejuliya/Documents/ros_ws/src/graph_for_task_planner_msg/install/graph_for_task_planner_msg/local/lib/python3.10/dist-packages/graph_for_task_planner_msg/msg/_graph.py'...
[3.343s] Compiling '/home/sincerejuliya/Documents/ros_ws/src/graph_for_task_planner_msg/install/graph_for_task_planner_msg/local/lib/python3.10/dist-packages/graph_for_task_planner_msg/msg/_point.py'...
[3.347s] -- Installing: /home/sincerejuliya/Documents/ros_ws/src/graph_for_task_planner_msg/install/graph_for_task_planner_msg/local/lib/python3.10/dist-packages/graph_for_task_planner_msg/graph_for_task_planner_msg_s__rosidl_typesupport_fastrtps_c.cpython-310-x86_64-linux-gnu.so
[3.347s] -- Set runtime path of "/home/sincerejuliya/Documents/ros_ws/src/graph_for_task_planner_msg/install/graph_for_task_planner_msg/local/lib/python3.10/dist-packages/graph_for_task_planner_msg/graph_for_task_planner_msg_s__rosidl_typesupport_fastrtps_c.cpython-310-x86_64-linux-gnu.so" to ""
[3.347s] -- Installing: /home/sincerejuliya/Documents/ros_ws/src/graph_for_task_planner_msg/install/graph_for_task_planner_msg/local/lib/python3.10/dist-packages/graph_for_task_planner_msg/graph_for_task_planner_msg_s__rosidl_typesupport_introspection_c.cpython-310-x86_64-linux-gnu.so
[3.347s] -- Set runtime path of "/home/sincerejuliya/Documents/ros_ws/src/graph_for_task_planner_msg/install/graph_for_task_planner_msg/local/lib/python3.10/dist-packages/graph_for_task_planner_msg/graph_for_task_planner_msg_s__rosidl_typesupport_introspection_c.cpython-310-x86_64-linux-gnu.so" to ""
[3.347s] -- Installing: /home/sincerejuliya/Documents/ros_ws/src/graph_for_task_planner_msg/install/graph_for_task_planner_msg/local/lib/python3.10/dist-packages/graph_for_task_planner_msg/graph_for_task_planner_msg_s__rosidl_typesupport_c.cpython-310-x86_64-linux-gnu.so
[3.348s] -- Set runtime path of "/home/sincerejuliya/Documents/ros_ws/src/graph_for_task_planner_msg/install/graph_for_task_planner_msg/local/lib/python3.10/dist-packages/graph_for_task_planner_msg/graph_for_task_planner_msg_s__rosidl_typesupport_c.cpython-310-x86_64-linux-gnu.so" to ""
[3.348s] -- Installing: /home/sincerejuliya/Documents/ros_ws/src/graph_for_task_planner_msg/install/graph_for_task_planner_msg/lib/libgraph_for_task_planner_msg__rosidl_generator_py.so
[3.348s] -- Set runtime path of "/home/sincerejuliya/Documents/ros_ws/src/graph_for_task_planner_msg/install/graph_for_task_planner_msg/lib/libgraph_for_task_planner_msg__rosidl_generator_py.so" to ""
[3.348s] -- Installing: /home/sincerejuliya/Documents/ros_ws/src/graph_for_task_planner_msg/install/graph_for_task_planner_msg/share/graph_for_task_planner_msg/msg/Graph.idl
[3.348s] -- Installing: /home/sincerejuliya/Documents/ros_ws/src/graph_for_task_planner_msg/install/graph_for_task_planner_msg/share/graph_for_task_planner_msg/msg/Point.idl
[3.349s] -- Installing: /home/sincerejuliya/Documents/ros_ws/src/graph_for_task_planner_msg/install/graph_for_task_planner_msg/share/graph_for_task_planner_msg/msg/Edge.idl
[3.349s] -- Up-to-date: /home/sincerejuliya/Documents/ros_ws/src/graph_for_task_planner_msg/install/graph_for_task_planner_msg/share/graph_for_task_planner_msg/msg/Graph.msg
[3.349s] -- Up-to-date: /home/sincerejuliya/Documents/ros_ws/src/graph_for_task_planner_msg/install/graph_for_task_planner_msg/share/graph_for_task_planner_msg/msg/Point.msg
[3.349s] -- Up-to-date: /home/sincerejuliya/Documents/ros_ws/src/graph_for_task_planner_msg/install/graph_for_task_planner_msg/share/graph_for_task_planner_msg/msg/Edge.msg
[3.349s] -- Installing: /home/sincerejuliya/Documents/ros_ws/src/graph_for_task_planner_msg/install/graph_for_task_planner_msg/share/ament_index/resource_index/package_run_dependencies/graph_for_task_planner_msg
[3.349s] -- Installing: /home/sincerejuliya/Documents/ros_ws/src/graph_for_task_planner_msg/install/graph_for_task_planner_msg/share/ament_index/resource_index/parent_prefix_path/graph_for_task_planner_msg
[3.349s] -- Up-to-date: /home/sincerejuliya/Documents/ros_ws/src/graph_for_task_planner_msg/install/graph_for_task_planner_msg/share/graph_for_task_planner_msg/environment/ament_prefix_path.sh
[3.349s] -- Installing: /home/sincerejuliya/Documents/ros_ws/src/graph_for_task_planner_msg/install/graph_for_task_planner_msg/share/graph_for_task_planner_msg/environment/ament_prefix_path.dsv
[3.349s] -- Up-to-date: /home/sincerejuliya/Documents/ros_ws/src/graph_for_task_planner_msg/install/graph_for_task_planner_msg/share/graph_for_task_planner_msg/environment/path.sh
[3.349s] -- Installing: /home/sincerejuliya/Documents/ros_ws/src/graph_for_task_planner_msg/install/graph_for_task_planner_msg/share/graph_for_task_planner_msg/environment/path.dsv
[3.350s] -- Installing: /home/sincerejuliya/Documents/ros_ws/src/graph_for_task_planner_msg/install/graph_for_task_planner_msg/share/graph_for_task_planner_msg/local_setup.bash
[3.350s] -- Installing: /home/sincerejuliya/Documents/ros_ws/src/graph_for_task_planner_msg/install/graph_for_task_planner_msg/share/graph_for_task_planner_msg/local_setup.sh
[3.350s] -- Installing: /home/sincerejuliya/Documents/ros_ws/src/graph_for_task_planner_msg/install/graph_for_task_planner_msg/share/graph_for_task_planner_msg/local_setup.zsh
[3.350s] -- Installing: /home/sincerejuliya/Documents/ros_ws/src/graph_for_task_planner_msg/install/graph_for_task_planner_msg/share/graph_for_task_planner_msg/local_setup.dsv
[3.350s] -- Installing: /home/sincerejuliya/Documents/ros_ws/src/graph_for_task_planner_msg/install/graph_for_task_planner_msg/share/graph_for_task_planner_msg/package.dsv
[3.350s] -- Installing: /home/sincerejuliya/Documents/ros_ws/src/graph_for_task_planner_msg/install/graph_for_task_planner_msg/share/ament_index/resource_index/packages/graph_for_task_planner_msg
[3.351s] -- Installing: /home/sincerejuliya/Documents/ros_ws/src/graph_for_task_planner_msg/install/graph_for_task_planner_msg/share/graph_for_task_planner_msg/cmake/export_graph_for_task_planner_msg__rosidl_generator_cExport.cmake
[3.351s] -- Installing: /home/sincerejuliya/Documents/ros_ws/src/graph_for_task_planner_msg/install/graph_for_task_planner_msg/share/graph_for_task_planner_msg/cmake/export_graph_for_task_planner_msg__rosidl_generator_cExport-noconfig.cmake
[3.351s] -- Installing: /home/sincerejuliya/Documents/ros_ws/src/graph_for_task_planner_msg/install/graph_for_task_planner_msg/share/graph_for_task_planner_msg/cmake/export_graph_for_task_planner_msg__rosidl_typesupport_fastrtps_cExport.cmake
[3.351s] -- Installing: /home/sincerejuliya/Documents/ros_ws/src/graph_for_task_planner_msg/install/graph_for_task_planner_msg/share/graph_for_task_planner_msg/cmake/export_graph_for_task_planner_msg__rosidl_typesupport_fastrtps_cExport-noconfig.cmake
[3.351s] -- Installing: /home/sincerejuliya/Documents/ros_ws/src/graph_for_task_planner_msg/install/graph_for_task_planner_msg/share/graph_for_task_planner_msg/cmake/graph_for_task_planner_msg__rosidl_typesupport_introspection_cExport.cmake
[3.352s] -- Installing: /home/sincerejuliya/Documents/ros_ws/src/graph_for_task_planner_msg/install/graph_for_task_planner_msg/share/graph_for_task_planner_msg/cmake/graph_for_task_planner_msg__rosidl_typesupport_introspection_cExport-noconfig.cmake
[3.352s] -- Installing: /home/sincerejuliya/Documents/ros_ws/src/graph_for_task_planner_msg/install/graph_for_task_planner_msg/share/graph_for_task_planner_msg/cmake/graph_for_task_planner_msg__rosidl_typesupport_cExport.cmake
[3.352s] -- Installing: /home/sincerejuliya/Documents/ros_ws/src/graph_for_task_planner_msg/install/graph_for_task_planner_msg/share/graph_for_task_planner_msg/cmake/graph_for_task_planner_msg__rosidl_typesupport_cExport-noconfig.cmake
[3.352s] -- Installing: /home/sincerejuliya/Documents/ros_ws/src/graph_for_task_planner_msg/install/graph_for_task_planner_msg/share/graph_for_task_planner_msg/cmake/export_graph_for_task_planner_msg__rosidl_generator_cppExport.cmake
[3.352s] -- Installing: /home/sincerejuliya/Documents/ros_ws/src/graph_for_task_planner_msg/install/graph_for_task_planner_msg/share/graph_for_task_planner_msg/cmake/export_graph_for_task_planner_msg__rosidl_typesupport_fastrtps_cppExport.cmake
[3.352s] -- Installing: /home/sincerejuliya/Documents/ros_ws/src/graph_for_task_planner_msg/install/graph_for_task_planner_msg/share/graph_for_task_planner_msg/cmake/export_graph_for_task_planner_msg__rosidl_typesupport_fastrtps_cppExport-noconfig.cmake
[3.353s] -- Installing: /home/sincerejuliya/Documents/ros_ws/src/graph_for_task_planner_msg/install/graph_for_task_planner_msg/share/graph_for_task_planner_msg/cmake/graph_for_task_planner_msg__rosidl_typesupport_introspection_cppExport.cmake
[3.353s] -- Installing: /home/sincerejuliya/Documents/ros_ws/src/graph_for_task_planner_msg/install/graph_for_task_planner_msg/share/graph_for_task_planner_msg/cmake/graph_for_task_planner_msg__rosidl_typesupport_introspection_cppExport-noconfig.cmake
[3.353s] -- Installing: /home/sincerejuliya/Documents/ros_ws/src/graph_for_task_planner_msg/install/graph_for_task_planner_msg/share/graph_for_task_planner_msg/cmake/graph_for_task_planner_msg__rosidl_typesupport_cppExport.cmake
[3.353s] -- Installing: /home/sincerejuliya/Documents/ros_ws/src/graph_for_task_planner_msg/install/graph_for_task_planner_msg/share/graph_for_task_planner_msg/cmake/graph_for_task_planner_msg__rosidl_typesupport_cppExport-noconfig.cmake
[3.353s] -- Installing: /home/sincerejuliya/Documents/ros_ws/src/graph_for_task_planner_msg/install/graph_for_task_planner_msg/share/graph_for_task_planner_msg/cmake/export_graph_for_task_planner_msg__rosidl_generator_pyExport.cmake
[3.354s] -- Installing: /home/sincerejuliya/Documents/ros_ws/src/graph_for_task_planner_msg/install/graph_for_task_planner_msg/share/graph_for_task_planner_msg/cmake/export_graph_for_task_planner_msg__rosidl_generator_pyExport-noconfig.cmake
[3.354s] -- Installing: /home/sincerejuliya/Documents/ros_ws/src/graph_for_task_planner_msg/install/graph_for_task_planner_msg/share/graph_for_task_planner_msg/cmake/rosidl_cmake-extras.cmake
[3.354s] -- Installing: /home/sincerejuliya/Documents/ros_ws/src/graph_for_task_planner_msg/install/graph_for_task_planner_msg/share/graph_for_task_planner_msg/cmake/ament_cmake_export_include_directories-extras.cmake
[3.354s] -- Installing: /home/sincerejuliya/Documents/ros_ws/src/graph_for_task_planner_msg/install/graph_for_task_planner_msg/share/graph_for_task_planner_msg/cmake/ament_cmake_export_libraries-extras.cmake
[3.354s] -- Installing: /home/sincerejuliya/Documents/ros_ws/src/graph_for_task_planner_msg/install/graph_for_task_planner_msg/share/graph_for_task_planner_msg/cmake/ament_cmake_export_targets-extras.cmake
[3.354s] -- Installing: /home/sincerejuliya/Documents/ros_ws/src/graph_for_task_planner_msg/install/graph_for_task_planner_msg/share/graph_for_task_planner_msg/cmake/rosidl_cmake_export_typesupport_targets-extras.cmake
[3.354s] -- Installing: /home/sincerejuliya/Documents/ros_ws/src/graph_for_task_planner_msg/install/graph_for_task_planner_msg/share/graph_for_task_planner_msg/cmake/ament_cmake_export_dependencies-extras.cmake
[3.355s] -- Installing: /home/sincerejuliya/Documents/ros_ws/src/graph_for_task_planner_msg/install/graph_for_task_planner_msg/share/graph_for_task_planner_msg/cmake/rosidl_cmake_export_typesupport_libraries-extras.cmake
[3.355s] -- Installing: /home/sincerejuliya/Documents/ros_ws/src/graph_for_task_planner_msg/install/graph_for_task_planner_msg/share/graph_for_task_planner_msg/cmake/graph_for_task_planner_msgConfig.cmake
[3.355s] -- Installing: /home/sincerejuliya/Documents/ros_ws/src/graph_for_task_planner_msg/install/graph_for_task_planner_msg/share/graph_for_task_planner_msg/cmake/graph_for_task_planner_msgConfig-version.cmake
[3.355s] -- Installing: /home/sincerejuliya/Documents/ros_ws/src/graph_for_task_planner_msg/install/graph_for_task_planner_msg/share/graph_for_task_planner_msg/package.xml
[3.358s] Invoked command in '/home/sincerejuliya/Documents/ros_ws/src/graph_for_task_planner_msg/build/graph_for_task_planner_msg' returned '0': CMAKE_PREFIX_PATH=${CMAKE_PREFIX_PATH}:/home/sincerejuliya/Documents/ros_ws/src/install/obstacles_msgs:/opt/ros/humble /usr/bin/cmake --install /home/sincerejuliya/Documents/ros_ws/src/graph_for_task_planner_msg/build/graph_for_task_planner_msg
