[0.060s] Invoking command in '/home/seventeen/Robotics-and-its-application/build/evader': CMAKE_PREFIX_PATH=${CMAKE_PREFIX_PATH}:/opt/ros/humble /home/seventeen/.local/bin/cmake --build /home/seventeen/Robotics-and-its-application/build/evader -- -j8 -l8
[0.384s] [100%] Built target evader
[0.418s] Invoked command in '/home/seventeen/Robotics-and-its-application/build/evader' returned '0': CMAKE_PREFIX_PATH=${CMAKE_PREFIX_PATH}:/opt/ros/humble /home/seventeen/.local/bin/cmake --build /home/seventeen/Robotics-and-its-application/build/evader -- -j8 -l8
[0.798s] Invoking command in '/home/seventeen/Robotics-and-its-application/build/evader': CMAKE_PREFIX_PATH=${CMAKE_PREFIX_PATH}:/opt/ros/humble /home/seventeen/.local/bin/cmake --install /home/seventeen/Robotics-and-its-application/build/evader
[1.042s] -- Install configuration: ""
[1.043s] -- Up-to-date: /home/seventeen/Robotics-and-its-application/install/evader/lib/evader/evader
[1.052s] -- Up-to-date: /home/seventeen/Robotics-and-its-application/install/evader/share/ament_index/resource_index/package_run_dependencies/evader
[1.052s] -- Up-to-date: /home/seventeen/Robotics-and-its-application/install/evader/share/ament_index/resource_index/parent_prefix_path/evader
[1.052s] -- Up-to-date: /home/seventeen/Robotics-and-its-application/install/evader/share/evader/environment/ament_prefix_path.sh
[1.053s] -- Up-to-date: /home/seventeen/Robotics-and-its-application/install/evader/share/evader/environment/ament_prefix_path.dsv
[1.053s] -- Up-to-date: /home/seventeen/Robotics-and-its-application/install/evader/share/evader/environment/path.sh
[1.053s] -- Up-to-date: /home/seventeen/Robotics-and-its-application/install/evader/share/evader/environment/path.dsv
[1.053s] -- Up-to-date: /home/seventeen/Robotics-and-its-application/install/evader/share/evader/local_setup.bash
[1.054s] -- Up-to-date: /home/seventeen/Robotics-and-its-application/install/evader/share/evader/local_setup.sh
[1.054s] -- Up-to-date: /home/seventeen/Robotics-and-its-application/install/evader/share/evader/local_setup.zsh
[1.054s] -- Up-to-date: /home/seventeen/Robotics-and-its-application/install/evader/share/evader/local_setup.dsv
[1.054s] -- Installing: /home/seventeen/Robotics-and-its-application/install/evader/share/evader/package.dsv
[1.054s] -- Up-to-date: /home/seventeen/Robotics-and-its-application/install/evader/share/ament_index/resource_index/packages/evader
[1.054s] -- Up-to-date: /home/seventeen/Robotics-and-its-application/install/evader/share/evader/cmake/evaderConfig.cmake
[1.055s] -- Up-to-date: /home/seventeen/Robotics-and-its-application/install/evader/share/evader/cmake/evaderConfig-version.cmake
[1.055s] -- Up-to-date: /home/seventeen/Robotics-and-its-application/install/evader/share/evader/package.xml
[1.115s] Invoked command in '/home/seventeen/Robotics-and-its-application/build/evader' returned '0': CMAKE_PREFIX_PATH=${CMAKE_PREFIX_PATH}:/opt/ros/humble /home/seventeen/.local/bin/cmake --install /home/seventeen/Robotics-and-its-application/build/evader
