[0.186s] DEBUG:colcon:Command line arguments: ['/usr/bin/colcon', 'build']
[0.186s] DEBUG:colcon:Parsed command line arguments: Namespace(log_base=None, log_level=None, verb_name='build', build_base='build', install_base='install', merge_install=False, symlink_install=False, test_result_base=None, continue_on_error=False, executor='parallel', parallel_workers=8, event_handlers=None, ignore_user_meta=False, metas=['./colcon.meta'], base_paths=['.'], packages_ignore=None, packages_ignore_regex=None, paths=None, packages_up_to=None, packages_up_to_regex=None, packages_above=None, packages_above_and_dependencies=None, packages_above_depth=None, packages_select_by_dep=None, packages_skip_by_dep=None, packages_skip_up_to=None, packages_select_build_failed=False, packages_skip_build_finished=False, packages_select_test_failures=False, packages_skip_test_passed=False, packages_select=None, packages_skip=None, packages_select_regex=None, packages_skip_regex=None, packages_start=None, packages_end=None, allow_overriding=[], cmake_args=None, cmake_target=None, cmake_target_skip_unavailable=False, cmake_clean_cache=False, cmake_clean_first=False, cmake_force_configure=False, ament_cmake_args=None, catkin_cmake_args=None, catkin_skip_building_tests=False, mixin_files=None, mixin=None, verb_parser=<colcon_mixin.mixin.mixin_argument.MixinArgumentDecorator object at 0x7759adbe6ef0>, verb_extension=<colcon_core.verb.build.BuildVerb object at 0x7759add475b0>, main=<bound method BuildVerb.main of <colcon_core.verb.build.BuildVerb object at 0x7759add475b0>>, mixin_verb=('build',))
[0.514s] Level 1:colcon.colcon_core.package_discovery:discover_packages(colcon_meta) check parameters
[0.514s] Level 1:colcon.colcon_core.package_discovery:discover_packages(recursive) check parameters
[0.514s] Level 1:colcon.colcon_core.package_discovery:discover_packages(ignore) check parameters
[0.514s] Level 1:colcon.colcon_core.package_discovery:discover_packages(path) check parameters
[0.514s] Level 1:colcon.colcon_core.package_discovery:discover_packages(colcon_meta) discover
[0.514s] Level 1:colcon.colcon_core.package_discovery:discover_packages(recursive) discover
[0.514s] INFO:colcon.colcon_core.package_discovery:Crawling recursively for packages in '/home/seventeen/Robotics-and-its-application'
[0.515s] Level 1:colcon.colcon_core.package_identification:_identify(.) by extensions ['ignore', 'ignore_ament_install']
[0.515s] Level 1:colcon.colcon_core.package_identification:_identify(.) by extension 'ignore'
[0.515s] Level 1:colcon.colcon_core.package_identification:_identify(.) by extension 'ignore_ament_install'
[0.515s] Level 1:colcon.colcon_core.package_identification:_identify(.) by extensions ['colcon_pkg']
[0.515s] Level 1:colcon.colcon_core.package_identification:_identify(.) by extension 'colcon_pkg'
[0.515s] Level 1:colcon.colcon_core.package_identification:_identify(.) by extensions ['colcon_meta']
[0.515s] Level 1:colcon.colcon_core.package_identification:_identify(.) by extension 'colcon_meta'
[0.515s] Level 1:colcon.colcon_core.package_identification:_identify(.) by extensions ['ros']
[0.515s] Level 1:colcon.colcon_core.package_identification:_identify(.) by extension 'ros'
[0.534s] Level 1:colcon.colcon_core.package_identification:_identify(.) by extensions ['cmake', 'python']
[0.534s] Level 1:colcon.colcon_core.package_identification:_identify(.) by extension 'cmake'
[0.534s] Level 1:colcon.colcon_core.package_identification:_identify(.) by extension 'python'
[0.534s] Level 1:colcon.colcon_core.package_identification:_identify(.) by extensions ['python_setup_py']
[0.534s] Level 1:colcon.colcon_core.package_identification:_identify(.) by extension 'python_setup_py'
[0.534s] Level 1:colcon.colcon_core.package_identification:_identify(build) by extensions ['ignore', 'ignore_ament_install']
[0.534s] Level 1:colcon.colcon_core.package_identification:_identify(build) by extension 'ignore'
[0.534s] Level 1:colcon.colcon_core.package_identification:_identify(build) ignored
[0.535s] Level 1:colcon.colcon_core.package_identification:_identify(install) by extensions ['ignore', 'ignore_ament_install']
[0.535s] Level 1:colcon.colcon_core.package_identification:_identify(install) by extension 'ignore'
[0.535s] Level 1:colcon.colcon_core.package_identification:_identify(install) ignored
[0.535s] Level 1:colcon.colcon_core.package_identification:_identify(log) by extensions ['ignore', 'ignore_ament_install']
[0.535s] Level 1:colcon.colcon_core.package_identification:_identify(log) by extension 'ignore'
[0.535s] Level 1:colcon.colcon_core.package_identification:_identify(log) ignored
[0.535s] Level 1:colcon.colcon_core.package_identification:_identify(src) by extensions ['ignore', 'ignore_ament_install']
[0.536s] Level 1:colcon.colcon_core.package_identification:_identify(src) by extension 'ignore'
[0.536s] Level 1:colcon.colcon_core.package_identification:_identify(src) by extension 'ignore_ament_install'
[0.536s] Level 1:colcon.colcon_core.package_identification:_identify(src) by extensions ['colcon_pkg']
[0.536s] Level 1:colcon.colcon_core.package_identification:_identify(src) by extension 'colcon_pkg'
[0.536s] Level 1:colcon.colcon_core.package_identification:_identify(src) by extensions ['colcon_meta']
[0.536s] Level 1:colcon.colcon_core.package_identification:_identify(src) by extension 'colcon_meta'
[0.536s] Level 1:colcon.colcon_core.package_identification:_identify(src) by extensions ['ros']
[0.536s] Level 1:colcon.colcon_core.package_identification:_identify(src) by extension 'ros'
[0.536s] Level 1:colcon.colcon_core.package_identification:_identify(src) by extensions ['cmake', 'python']
[0.536s] Level 1:colcon.colcon_core.package_identification:_identify(src) by extension 'cmake'
[0.536s] Level 1:colcon.colcon_core.package_identification:_identify(src) by extension 'python'
[0.536s] Level 1:colcon.colcon_core.package_identification:_identify(src) by extensions ['python_setup_py']
[0.537s] Level 1:colcon.colcon_core.package_identification:_identify(src) by extension 'python_setup_py'
[0.537s] Level 1:colcon.colcon_core.package_identification:_identify(src/Shelfino_ROS2) by extensions ['ignore', 'ignore_ament_install']
[0.537s] Level 1:colcon.colcon_core.package_identification:_identify(src/Shelfino_ROS2) by extension 'ignore'
[0.537s] Level 1:colcon.colcon_core.package_identification:_identify(src/Shelfino_ROS2) by extension 'ignore_ament_install'
[0.537s] Level 1:colcon.colcon_core.package_identification:_identify(src/Shelfino_ROS2) by extensions ['colcon_pkg']
[0.537s] Level 1:colcon.colcon_core.package_identification:_identify(src/Shelfino_ROS2) by extension 'colcon_pkg'
[0.537s] Level 1:colcon.colcon_core.package_identification:_identify(src/Shelfino_ROS2) by extensions ['colcon_meta']
[0.537s] Level 1:colcon.colcon_core.package_identification:_identify(src/Shelfino_ROS2) by extension 'colcon_meta'
[0.537s] Level 1:colcon.colcon_core.package_identification:_identify(src/Shelfino_ROS2) by extensions ['ros']
[0.537s] Level 1:colcon.colcon_core.package_identification:_identify(src/Shelfino_ROS2) by extension 'ros'
[0.538s] Level 1:colcon.colcon_core.package_identification:_identify(src/Shelfino_ROS2) by extensions ['cmake', 'python']
[0.538s] Level 1:colcon.colcon_core.package_identification:_identify(src/Shelfino_ROS2) by extension 'cmake'
[0.538s] Level 1:colcon.colcon_core.package_identification:_identify(src/Shelfino_ROS2) by extension 'python'
[0.538s] Level 1:colcon.colcon_core.package_identification:_identify(src/Shelfino_ROS2) by extensions ['python_setup_py']
[0.538s] Level 1:colcon.colcon_core.package_identification:_identify(src/Shelfino_ROS2) by extension 'python_setup_py'
[0.538s] Level 1:colcon.colcon_core.package_identification:_identify(src/Shelfino_ROS2/assets) by extensions ['ignore', 'ignore_ament_install']
[0.538s] Level 1:colcon.colcon_core.package_identification:_identify(src/Shelfino_ROS2/assets) by extension 'ignore'
[0.538s] Level 1:colcon.colcon_core.package_identification:_identify(src/Shelfino_ROS2/assets) by extension 'ignore_ament_install'
[0.538s] Level 1:colcon.colcon_core.package_identification:_identify(src/Shelfino_ROS2/assets) by extensions ['colcon_pkg']
[0.538s] Level 1:colcon.colcon_core.package_identification:_identify(src/Shelfino_ROS2/assets) by extension 'colcon_pkg'
[0.538s] Level 1:colcon.colcon_core.package_identification:_identify(src/Shelfino_ROS2/assets) by extensions ['colcon_meta']
[0.539s] Level 1:colcon.colcon_core.package_identification:_identify(src/Shelfino_ROS2/assets) by extension 'colcon_meta'
[0.539s] Level 1:colcon.colcon_core.package_identification:_identify(src/Shelfino_ROS2/assets) by extensions ['ros']
[0.539s] Level 1:colcon.colcon_core.package_identification:_identify(src/Shelfino_ROS2/assets) by extension 'ros'
[0.539s] Level 1:colcon.colcon_core.package_identification:_identify(src/Shelfino_ROS2/assets) by extensions ['cmake', 'python']
[0.539s] Level 1:colcon.colcon_core.package_identification:_identify(src/Shelfino_ROS2/assets) by extension 'cmake'
[0.539s] Level 1:colcon.colcon_core.package_identification:_identify(src/Shelfino_ROS2/assets) by extension 'python'
[0.539s] Level 1:colcon.colcon_core.package_identification:_identify(src/Shelfino_ROS2/assets) by extensions ['python_setup_py']
[0.539s] Level 1:colcon.colcon_core.package_identification:_identify(src/Shelfino_ROS2/assets) by extension 'python_setup_py'
[0.539s] Level 1:colcon.colcon_core.package_identification:_identify(src/Shelfino_ROS2/assets/images) by extensions ['ignore', 'ignore_ament_install']
[0.539s] Level 1:colcon.colcon_core.package_identification:_identify(src/Shelfino_ROS2/assets/images) by extension 'ignore'
[0.539s] Level 1:colcon.colcon_core.package_identification:_identify(src/Shelfino_ROS2/assets/images) by extension 'ignore_ament_install'
[0.540s] Level 1:colcon.colcon_core.package_identification:_identify(src/Shelfino_ROS2/assets/images) by extensions ['colcon_pkg']
[0.540s] Level 1:colcon.colcon_core.package_identification:_identify(src/Shelfino_ROS2/assets/images) by extension 'colcon_pkg'
[0.540s] Level 1:colcon.colcon_core.package_identification:_identify(src/Shelfino_ROS2/assets/images) by extensions ['colcon_meta']
[0.540s] Level 1:colcon.colcon_core.package_identification:_identify(src/Shelfino_ROS2/assets/images) by extension 'colcon_meta'
[0.540s] Level 1:colcon.colcon_core.package_identification:_identify(src/Shelfino_ROS2/assets/images) by extensions ['ros']
[0.540s] Level 1:colcon.colcon_core.package_identification:_identify(src/Shelfino_ROS2/assets/images) by extension 'ros'
[0.540s] Level 1:colcon.colcon_core.package_identification:_identify(src/Shelfino_ROS2/assets/images) by extensions ['cmake', 'python']
[0.540s] Level 1:colcon.colcon_core.package_identification:_identify(src/Shelfino_ROS2/assets/images) by extension 'cmake'
[0.540s] Level 1:colcon.colcon_core.package_identification:_identify(src/Shelfino_ROS2/assets/images) by extension 'python'
[0.540s] Level 1:colcon.colcon_core.package_identification:_identify(src/Shelfino_ROS2/assets/images) by extensions ['python_setup_py']
[0.540s] Level 1:colcon.colcon_core.package_identification:_identify(src/Shelfino_ROS2/assets/images) by extension 'python_setup_py'
[0.540s] Level 1:colcon.colcon_core.package_identification:_identify(src/Shelfino_ROS2/evader) by extensions ['ignore', 'ignore_ament_install']
[0.541s] Level 1:colcon.colcon_core.package_identification:_identify(src/Shelfino_ROS2/evader) by extension 'ignore'
[0.541s] Level 1:colcon.colcon_core.package_identification:_identify(src/Shelfino_ROS2/evader) by extension 'ignore_ament_install'
[0.541s] Level 1:colcon.colcon_core.package_identification:_identify(src/Shelfino_ROS2/evader) by extensions ['colcon_pkg']
[0.541s] Level 1:colcon.colcon_core.package_identification:_identify(src/Shelfino_ROS2/evader) by extension 'colcon_pkg'
[0.541s] Level 1:colcon.colcon_core.package_identification:_identify(src/Shelfino_ROS2/evader) by extensions ['colcon_meta']
[0.541s] Level 1:colcon.colcon_core.package_identification:_identify(src/Shelfino_ROS2/evader) by extension 'colcon_meta'
[0.541s] Level 1:colcon.colcon_core.package_identification:_identify(src/Shelfino_ROS2/evader) by extensions ['ros']
[0.541s] Level 1:colcon.colcon_core.package_identification:_identify(src/Shelfino_ROS2/evader) by extension 'ros'
[0.546s] DEBUG:colcon.colcon_core.package_identification:Package 'src/Shelfino_ROS2/evader' with type 'ros.ament_cmake' and name 'evader'
[0.546s] Level 1:colcon.colcon_core.package_identification:_identify(src/Shelfino_ROS2/map_pkg) by extensions ['ignore', 'ignore_ament_install']
[0.546s] Level 1:colcon.colcon_core.package_identification:_identify(src/Shelfino_ROS2/map_pkg) by extension 'ignore'
[0.546s] Level 1:colcon.colcon_core.package_identification:_identify(src/Shelfino_ROS2/map_pkg) by extension 'ignore_ament_install'
[0.547s] Level 1:colcon.colcon_core.package_identification:_identify(src/Shelfino_ROS2/map_pkg) by extensions ['colcon_pkg']
[0.547s] Level 1:colcon.colcon_core.package_identification:_identify(src/Shelfino_ROS2/map_pkg) by extension 'colcon_pkg'
[0.547s] Level 1:colcon.colcon_core.package_identification:_identify(src/Shelfino_ROS2/map_pkg) by extensions ['colcon_meta']
[0.547s] Level 1:colcon.colcon_core.package_identification:_identify(src/Shelfino_ROS2/map_pkg) by extension 'colcon_meta'
[0.547s] Level 1:colcon.colcon_core.package_identification:_identify(src/Shelfino_ROS2/map_pkg) by extensions ['ros']
[0.547s] Level 1:colcon.colcon_core.package_identification:_identify(src/Shelfino_ROS2/map_pkg) by extension 'ros'
[0.549s] DEBUG:colcon.colcon_core.package_identification:Package 'src/Shelfino_ROS2/map_pkg' with type 'ros.ament_cmake' and name 'map_pkg'
[0.550s] Level 1:colcon.colcon_core.package_identification:_identify(src/Shelfino_ROS2/obstacles_msgs) by extensions ['ignore', 'ignore_ament_install']
[0.550s] Level 1:colcon.colcon_core.package_identification:_identify(src/Shelfino_ROS2/obstacles_msgs) by extension 'ignore'
[0.550s] Level 1:colcon.colcon_core.package_identification:_identify(src/Shelfino_ROS2/obstacles_msgs) by extension 'ignore_ament_install'
[0.550s] Level 1:colcon.colcon_core.package_identification:_identify(src/Shelfino_ROS2/obstacles_msgs) by extensions ['colcon_pkg']
[0.550s] Level 1:colcon.colcon_core.package_identification:_identify(src/Shelfino_ROS2/obstacles_msgs) by extension 'colcon_pkg'
[0.550s] Level 1:colcon.colcon_core.package_identification:_identify(src/Shelfino_ROS2/obstacles_msgs) by extensions ['colcon_meta']
[0.550s] Level 1:colcon.colcon_core.package_identification:_identify(src/Shelfino_ROS2/obstacles_msgs) by extension 'colcon_meta'
[0.550s] Level 1:colcon.colcon_core.package_identification:_identify(src/Shelfino_ROS2/obstacles_msgs) by extensions ['ros']
[0.550s] Level 1:colcon.colcon_core.package_identification:_identify(src/Shelfino_ROS2/obstacles_msgs) by extension 'ros'
[0.551s] DEBUG:colcon.colcon_core.package_identification:Package 'src/Shelfino_ROS2/obstacles_msgs' with type 'ros.ament_cmake' and name 'obstacles_msgs'
[0.552s] Level 1:colcon.colcon_core.package_identification:_identify(src/Shelfino_ROS2/projects) by extensions ['ignore', 'ignore_ament_install']
[0.552s] Level 1:colcon.colcon_core.package_identification:_identify(src/Shelfino_ROS2/projects) by extension 'ignore'
[0.552s] Level 1:colcon.colcon_core.package_identification:_identify(src/Shelfino_ROS2/projects) by extension 'ignore_ament_install'
[0.552s] Level 1:colcon.colcon_core.package_identification:_identify(src/Shelfino_ROS2/projects) by extensions ['colcon_pkg']
[0.552s] Level 1:colcon.colcon_core.package_identification:_identify(src/Shelfino_ROS2/projects) by extension 'colcon_pkg'
[0.552s] Level 1:colcon.colcon_core.package_identification:_identify(src/Shelfino_ROS2/projects) by extensions ['colcon_meta']
[0.552s] Level 1:colcon.colcon_core.package_identification:_identify(src/Shelfino_ROS2/projects) by extension 'colcon_meta'
[0.552s] Level 1:colcon.colcon_core.package_identification:_identify(src/Shelfino_ROS2/projects) by extensions ['ros']
[0.552s] Level 1:colcon.colcon_core.package_identification:_identify(src/Shelfino_ROS2/projects) by extension 'ros'
[0.554s] DEBUG:colcon.colcon_core.package_identification:Package 'src/Shelfino_ROS2/projects' with type 'ros.ament_cmake' and name 'projects'
[0.554s] Level 1:colcon.colcon_core.package_identification:_identify(src/Shelfino_ROS2/shelfino_description) by extensions ['ignore', 'ignore_ament_install']
[0.554s] Level 1:colcon.colcon_core.package_identification:_identify(src/Shelfino_ROS2/shelfino_description) by extension 'ignore'
[0.554s] Level 1:colcon.colcon_core.package_identification:_identify(src/Shelfino_ROS2/shelfino_description) by extension 'ignore_ament_install'
[0.554s] Level 1:colcon.colcon_core.package_identification:_identify(src/Shelfino_ROS2/shelfino_description) by extensions ['colcon_pkg']
[0.554s] Level 1:colcon.colcon_core.package_identification:_identify(src/Shelfino_ROS2/shelfino_description) by extension 'colcon_pkg'
[0.554s] Level 1:colcon.colcon_core.package_identification:_identify(src/Shelfino_ROS2/shelfino_description) by extensions ['colcon_meta']
[0.554s] Level 1:colcon.colcon_core.package_identification:_identify(src/Shelfino_ROS2/shelfino_description) by extension 'colcon_meta'
[0.555s] Level 1:colcon.colcon_core.package_identification:_identify(src/Shelfino_ROS2/shelfino_description) by extensions ['ros']
[0.555s] Level 1:colcon.colcon_core.package_identification:_identify(src/Shelfino_ROS2/shelfino_description) by extension 'ros'
[0.556s] DEBUG:colcon.colcon_core.package_identification:Package 'src/Shelfino_ROS2/shelfino_description' with type 'ros.ament_cmake' and name 'shelfino_description'
[0.556s] Level 1:colcon.colcon_core.package_identification:_identify(src/Shelfino_ROS2/shelfino_gazebo) by extensions ['ignore', 'ignore_ament_install']
[0.556s] Level 1:colcon.colcon_core.package_identification:_identify(src/Shelfino_ROS2/shelfino_gazebo) by extension 'ignore'
[0.556s] Level 1:colcon.colcon_core.package_identification:_identify(src/Shelfino_ROS2/shelfino_gazebo) by extension 'ignore_ament_install'
[0.556s] Level 1:colcon.colcon_core.package_identification:_identify(src/Shelfino_ROS2/shelfino_gazebo) by extensions ['colcon_pkg']
[0.556s] Level 1:colcon.colcon_core.package_identification:_identify(src/Shelfino_ROS2/shelfino_gazebo) by extension 'colcon_pkg'
[0.556s] Level 1:colcon.colcon_core.package_identification:_identify(src/Shelfino_ROS2/shelfino_gazebo) by extensions ['colcon_meta']
[0.556s] Level 1:colcon.colcon_core.package_identification:_identify(src/Shelfino_ROS2/shelfino_gazebo) by extension 'colcon_meta'
[0.557s] Level 1:colcon.colcon_core.package_identification:_identify(src/Shelfino_ROS2/shelfino_gazebo) by extensions ['ros']
[0.557s] Level 1:colcon.colcon_core.package_identification:_identify(src/Shelfino_ROS2/shelfino_gazebo) by extension 'ros'
[0.560s] DEBUG:colcon.colcon_core.package_identification:Package 'src/Shelfino_ROS2/shelfino_gazebo' with type 'ros.ament_cmake' and name 'shelfino_gazebo'
[0.560s] Level 1:colcon.colcon_core.package_identification:_identify(src/Shelfino_ROS2/shelfino_navigation) by extensions ['ignore', 'ignore_ament_install']
[0.560s] Level 1:colcon.colcon_core.package_identification:_identify(src/Shelfino_ROS2/shelfino_navigation) by extension 'ignore'
[0.560s] Level 1:colcon.colcon_core.package_identification:_identify(src/Shelfino_ROS2/shelfino_navigation) by extension 'ignore_ament_install'
[0.561s] Level 1:colcon.colcon_core.package_identification:_identify(src/Shelfino_ROS2/shelfino_navigation) by extensions ['colcon_pkg']
[0.561s] Level 1:colcon.colcon_core.package_identification:_identify(src/Shelfino_ROS2/shelfino_navigation) by extension 'colcon_pkg'
[0.561s] Level 1:colcon.colcon_core.package_identification:_identify(src/Shelfino_ROS2/shelfino_navigation) by extensions ['colcon_meta']
[0.561s] Level 1:colcon.colcon_core.package_identification:_identify(src/Shelfino_ROS2/shelfino_navigation) by extension 'colcon_meta'
[0.561s] Level 1:colcon.colcon_core.package_identification:_identify(src/Shelfino_ROS2/shelfino_navigation) by extensions ['ros']
[0.561s] Level 1:colcon.colcon_core.package_identification:_identify(src/Shelfino_ROS2/shelfino_navigation) by extension 'ros'
[0.562s] DEBUG:colcon.colcon_core.package_identification:Package 'src/Shelfino_ROS2/shelfino_navigation' with type 'ros.ament_cmake' and name 'shelfino_navigation'
[0.562s] Level 1:colcon.colcon_core.package_identification:_identify(src/Shelfino_ROS2/shelfino_node) by extensions ['ignore', 'ignore_ament_install']
[0.563s] Level 1:colcon.colcon_core.package_identification:_identify(src/Shelfino_ROS2/shelfino_node) by extension 'ignore'
[0.563s] Level 1:colcon.colcon_core.package_identification:_identify(src/Shelfino_ROS2/shelfino_node) ignored
[0.563s] Level 1:colcon.colcon_core.package_discovery:discover_packages(recursive) using defaults
[0.563s] Level 1:colcon.colcon_core.package_discovery:discover_packages(ignore) discover
[0.563s] Level 1:colcon.colcon_core.package_discovery:discover_packages(ignore) using defaults
[0.563s] Level 1:colcon.colcon_core.package_discovery:discover_packages(path) discover
[0.563s] Level 1:colcon.colcon_core.package_discovery:discover_packages(path) using defaults
[0.615s] Level 1:colcon.colcon_core.package_discovery:discover_packages(prefix_path) check parameters
[0.615s] Level 1:colcon.colcon_core.package_discovery:discover_packages(prefix_path) discover
[0.620s] DEBUG:colcon.colcon_installed_package_information.package_discovery:Found 354 installed packages in /opt/ros/humble
[0.623s] Level 1:colcon.colcon_core.package_discovery:discover_packages(prefix_path) using defaults
[0.700s] Level 5:colcon.colcon_core.verb:set package 'evader' build argument 'cmake_args' from command line to 'None'
[0.700s] Level 5:colcon.colcon_core.verb:set package 'evader' build argument 'cmake_target' from command line to 'None'
[0.701s] Level 5:colcon.colcon_core.verb:set package 'evader' build argument 'cmake_target_skip_unavailable' from command line to 'False'
[0.701s] Level 5:colcon.colcon_core.verb:set package 'evader' build argument 'cmake_clean_cache' from command line to 'False'
[0.701s] Level 5:colcon.colcon_core.verb:set package 'evader' build argument 'cmake_clean_first' from command line to 'False'
[0.701s] Level 5:colcon.colcon_core.verb:set package 'evader' build argument 'cmake_force_configure' from command line to 'False'
[0.701s] Level 5:colcon.colcon_core.verb:set package 'evader' build argument 'ament_cmake_args' from command line to 'None'
[0.701s] Level 5:colcon.colcon_core.verb:set package 'evader' build argument 'catkin_cmake_args' from command line to 'None'
[0.701s] Level 5:colcon.colcon_core.verb:set package 'evader' build argument 'catkin_skip_building_tests' from command line to 'False'
[0.701s] DEBUG:colcon.colcon_core.verb:Building package 'evader' with the following arguments: {'ament_cmake_args': None, 'build_base': '/home/seventeen/Robotics-and-its-application/build/evader', 'catkin_cmake_args': None, 'catkin_skip_building_tests': False, 'cmake_args': None, 'cmake_clean_cache': False, 'cmake_clean_first': False, 'cmake_force_configure': False, 'cmake_target': None, 'cmake_target_skip_unavailable': False, 'install_base': '/home/seventeen/Robotics-and-its-application/install/evader', 'merge_install': False, 'path': '/home/seventeen/Robotics-and-its-application/src/Shelfino_ROS2/evader', 'symlink_install': False, 'test_result_base': None}
[0.702s] Level 5:colcon.colcon_core.verb:set package 'obstacles_msgs' build argument 'cmake_args' from command line to 'None'
[0.702s] Level 5:colcon.colcon_core.verb:set package 'obstacles_msgs' build argument 'cmake_target' from command line to 'None'
[0.702s] Level 5:colcon.colcon_core.verb:set package 'obstacles_msgs' build argument 'cmake_target_skip_unavailable' from command line to 'False'
[0.702s] Level 5:colcon.colcon_core.verb:set package 'obstacles_msgs' build argument 'cmake_clean_cache' from command line to 'False'
[0.702s] Level 5:colcon.colcon_core.verb:set package 'obstacles_msgs' build argument 'cmake_clean_first' from command line to 'False'
[0.702s] Level 5:colcon.colcon_core.verb:set package 'obstacles_msgs' build argument 'cmake_force_configure' from command line to 'False'
[0.702s] Level 5:colcon.colcon_core.verb:set package 'obstacles_msgs' build argument 'ament_cmake_args' from command line to 'None'
[0.702s] Level 5:colcon.colcon_core.verb:set package 'obstacles_msgs' build argument 'catkin_cmake_args' from command line to 'None'
[0.702s] Level 5:colcon.colcon_core.verb:set package 'obstacles_msgs' build argument 'catkin_skip_building_tests' from command line to 'False'
[0.702s] DEBUG:colcon.colcon_core.verb:Building package 'obstacles_msgs' with the following arguments: {'ament_cmake_args': None, 'build_base': '/home/seventeen/Robotics-and-its-application/build/obstacles_msgs', 'catkin_cmake_args': None, 'catkin_skip_building_tests': False, 'cmake_args': None, 'cmake_clean_cache': False, 'cmake_clean_first': False, 'cmake_force_configure': False, 'cmake_target': None, 'cmake_target_skip_unavailable': False, 'install_base': '/home/seventeen/Robotics-and-its-application/install/obstacles_msgs', 'merge_install': False, 'path': '/home/seventeen/Robotics-and-its-application/src/Shelfino_ROS2/obstacles_msgs', 'symlink_install': False, 'test_result_base': None}
[0.703s] Level 5:colcon.colcon_core.verb:set package 'shelfino_description' build argument 'cmake_args' from command line to 'None'
[0.703s] Level 5:colcon.colcon_core.verb:set package 'shelfino_description' build argument 'cmake_target' from command line to 'None'
[0.703s] Level 5:colcon.colcon_core.verb:set package 'shelfino_description' build argument 'cmake_target_skip_unavailable' from command line to 'False'
[0.703s] Level 5:colcon.colcon_core.verb:set package 'shelfino_description' build argument 'cmake_clean_cache' from command line to 'False'
[0.703s] Level 5:colcon.colcon_core.verb:set package 'shelfino_description' build argument 'cmake_clean_first' from command line to 'False'
[0.703s] Level 5:colcon.colcon_core.verb:set package 'shelfino_description' build argument 'cmake_force_configure' from command line to 'False'
[0.703s] Level 5:colcon.colcon_core.verb:set package 'shelfino_description' build argument 'ament_cmake_args' from command line to 'None'
[0.703s] Level 5:colcon.colcon_core.verb:set package 'shelfino_description' build argument 'catkin_cmake_args' from command line to 'None'
[0.703s] Level 5:colcon.colcon_core.verb:set package 'shelfino_description' build argument 'catkin_skip_building_tests' from command line to 'False'
[0.703s] DEBUG:colcon.colcon_core.verb:Building package 'shelfino_description' with the following arguments: {'ament_cmake_args': None, 'build_base': '/home/seventeen/Robotics-and-its-application/build/shelfino_description', 'catkin_cmake_args': None, 'catkin_skip_building_tests': False, 'cmake_args': None, 'cmake_clean_cache': False, 'cmake_clean_first': False, 'cmake_force_configure': False, 'cmake_target': None, 'cmake_target_skip_unavailable': False, 'install_base': '/home/seventeen/Robotics-and-its-application/install/shelfino_description', 'merge_install': False, 'path': '/home/seventeen/Robotics-and-its-application/src/Shelfino_ROS2/shelfino_description', 'symlink_install': False, 'test_result_base': None}
[0.704s] Level 5:colcon.colcon_core.verb:set package 'shelfino_gazebo' build argument 'cmake_args' from command line to 'None'
[0.704s] Level 5:colcon.colcon_core.verb:set package 'shelfino_gazebo' build argument 'cmake_target' from command line to 'None'
[0.704s] Level 5:colcon.colcon_core.verb:set package 'shelfino_gazebo' build argument 'cmake_target_skip_unavailable' from command line to 'False'
[0.704s] Level 5:colcon.colcon_core.verb:set package 'shelfino_gazebo' build argument 'cmake_clean_cache' from command line to 'False'
[0.704s] Level 5:colcon.colcon_core.verb:set package 'shelfino_gazebo' build argument 'cmake_clean_first' from command line to 'False'
[0.704s] Level 5:colcon.colcon_core.verb:set package 'shelfino_gazebo' build argument 'cmake_force_configure' from command line to 'False'
[0.704s] Level 5:colcon.colcon_core.verb:set package 'shelfino_gazebo' build argument 'ament_cmake_args' from command line to 'None'
[0.704s] Level 5:colcon.colcon_core.verb:set package 'shelfino_gazebo' build argument 'catkin_cmake_args' from command line to 'None'
[0.704s] Level 5:colcon.colcon_core.verb:set package 'shelfino_gazebo' build argument 'catkin_skip_building_tests' from command line to 'False'
[0.704s] DEBUG:colcon.colcon_core.verb:Building package 'shelfino_gazebo' with the following arguments: {'ament_cmake_args': None, 'build_base': '/home/seventeen/Robotics-and-its-application/build/shelfino_gazebo', 'catkin_cmake_args': None, 'catkin_skip_building_tests': False, 'cmake_args': None, 'cmake_clean_cache': False, 'cmake_clean_first': False, 'cmake_force_configure': False, 'cmake_target': None, 'cmake_target_skip_unavailable': False, 'install_base': '/home/seventeen/Robotics-and-its-application/install/shelfino_gazebo', 'merge_install': False, 'path': '/home/seventeen/Robotics-and-its-application/src/Shelfino_ROS2/shelfino_gazebo', 'symlink_install': False, 'test_result_base': None}
[0.705s] Level 5:colcon.colcon_core.verb:set package 'shelfino_navigation' build argument 'cmake_args' from command line to 'None'
[0.705s] Level 5:colcon.colcon_core.verb:set package 'shelfino_navigation' build argument 'cmake_target' from command line to 'None'
[0.705s] Level 5:colcon.colcon_core.verb:set package 'shelfino_navigation' build argument 'cmake_target_skip_unavailable' from command line to 'False'
[0.705s] Level 5:colcon.colcon_core.verb:set package 'shelfino_navigation' build argument 'cmake_clean_cache' from command line to 'False'
[0.705s] Level 5:colcon.colcon_core.verb:set package 'shelfino_navigation' build argument 'cmake_clean_first' from command line to 'False'
[0.705s] Level 5:colcon.colcon_core.verb:set package 'shelfino_navigation' build argument 'cmake_force_configure' from command line to 'False'
[0.705s] Level 5:colcon.colcon_core.verb:set package 'shelfino_navigation' build argument 'ament_cmake_args' from command line to 'None'
[0.705s] Level 5:colcon.colcon_core.verb:set package 'shelfino_navigation' build argument 'catkin_cmake_args' from command line to 'None'
[0.705s] Level 5:colcon.colcon_core.verb:set package 'shelfino_navigation' build argument 'catkin_skip_building_tests' from command line to 'False'
[0.705s] DEBUG:colcon.colcon_core.verb:Building package 'shelfino_navigation' with the following arguments: {'ament_cmake_args': None, 'build_base': '/home/seventeen/Robotics-and-its-application/build/shelfino_navigation', 'catkin_cmake_args': None, 'catkin_skip_building_tests': False, 'cmake_args': None, 'cmake_clean_cache': False, 'cmake_clean_first': False, 'cmake_force_configure': False, 'cmake_target': None, 'cmake_target_skip_unavailable': False, 'install_base': '/home/seventeen/Robotics-and-its-application/install/shelfino_navigation', 'merge_install': False, 'path': '/home/seventeen/Robotics-and-its-application/src/Shelfino_ROS2/shelfino_navigation', 'symlink_install': False, 'test_result_base': None}
[0.706s] Level 5:colcon.colcon_core.verb:set package 'map_pkg' build argument 'cmake_args' from command line to 'None'
[0.706s] Level 5:colcon.colcon_core.verb:set package 'map_pkg' build argument 'cmake_target' from command line to 'None'
[0.706s] Level 5:colcon.colcon_core.verb:set package 'map_pkg' build argument 'cmake_target_skip_unavailable' from command line to 'False'
[0.706s] Level 5:colcon.colcon_core.verb:set package 'map_pkg' build argument 'cmake_clean_cache' from command line to 'False'
[0.706s] Level 5:colcon.colcon_core.verb:set package 'map_pkg' build argument 'cmake_clean_first' from command line to 'False'
[0.706s] Level 5:colcon.colcon_core.verb:set package 'map_pkg' build argument 'cmake_force_configure' from command line to 'False'
[0.706s] Level 5:colcon.colcon_core.verb:set package 'map_pkg' build argument 'ament_cmake_args' from command line to 'None'
[0.706s] Level 5:colcon.colcon_core.verb:set package 'map_pkg' build argument 'catkin_cmake_args' from command line to 'None'
[0.706s] Level 5:colcon.colcon_core.verb:set package 'map_pkg' build argument 'catkin_skip_building_tests' from command line to 'False'
[0.706s] DEBUG:colcon.colcon_core.verb:Building package 'map_pkg' with the following arguments: {'ament_cmake_args': None, 'build_base': '/home/seventeen/Robotics-and-its-application/build/map_pkg', 'catkin_cmake_args': None, 'catkin_skip_building_tests': False, 'cmake_args': None, 'cmake_clean_cache': False, 'cmake_clean_first': False, 'cmake_force_configure': False, 'cmake_target': None, 'cmake_target_skip_unavailable': False, 'install_base': '/home/seventeen/Robotics-and-its-application/install/map_pkg', 'merge_install': False, 'path': '/home/seventeen/Robotics-and-its-application/src/Shelfino_ROS2/map_pkg', 'symlink_install': False, 'test_result_base': None}
[0.707s] Level 5:colcon.colcon_core.verb:set package 'projects' build argument 'cmake_args' from command line to 'None'
[0.707s] Level 5:colcon.colcon_core.verb:set package 'projects' build argument 'cmake_target' from command line to 'None'
[0.707s] Level 5:colcon.colcon_core.verb:set package 'projects' build argument 'cmake_target_skip_unavailable' from command line to 'False'
[0.707s] Level 5:colcon.colcon_core.verb:set package 'projects' build argument 'cmake_clean_cache' from command line to 'False'
[0.707s] Level 5:colcon.colcon_core.verb:set package 'projects' build argument 'cmake_clean_first' from command line to 'False'
[0.707s] Level 5:colcon.colcon_core.verb:set package 'projects' build argument 'cmake_force_configure' from command line to 'False'
[0.707s] Level 5:colcon.colcon_core.verb:set package 'projects' build argument 'ament_cmake_args' from command line to 'None'
[0.707s] Level 5:colcon.colcon_core.verb:set package 'projects' build argument 'catkin_cmake_args' from command line to 'None'
[0.707s] Level 5:colcon.colcon_core.verb:set package 'projects' build argument 'catkin_skip_building_tests' from command line to 'False'
[0.707s] DEBUG:colcon.colcon_core.verb:Building package 'projects' with the following arguments: {'ament_cmake_args': None, 'build_base': '/home/seventeen/Robotics-and-its-application/build/projects', 'catkin_cmake_args': None, 'catkin_skip_building_tests': False, 'cmake_args': None, 'cmake_clean_cache': False, 'cmake_clean_first': False, 'cmake_force_configure': False, 'cmake_target': None, 'cmake_target_skip_unavailable': False, 'install_base': '/home/seventeen/Robotics-and-its-application/install/projects', 'merge_install': False, 'path': '/home/seventeen/Robotics-and-its-application/src/Shelfino_ROS2/projects', 'symlink_install': False, 'test_result_base': None}
[0.708s] INFO:colcon.colcon_core.executor:Executing jobs using 'parallel' executor
[0.709s] DEBUG:colcon.colcon_parallel_executor.executor.parallel:run_until_complete
[0.710s] INFO:colcon.colcon_ros.task.ament_cmake.build:Building ROS package in '/home/seventeen/Robotics-and-its-application/src/Shelfino_ROS2/obstacles_msgs' with build type 'ament_cmake'
[0.710s] INFO:colcon.colcon_cmake.task.cmake.build:Building CMake package in '/home/seventeen/Robotics-and-its-application/src/Shelfino_ROS2/obstacles_msgs'
[0.714s] INFO:colcon.colcon_core.plugin_system:Skipping extension 'colcon_core.shell.bat': Not used on non-Windows systems
[0.714s] INFO:colcon.colcon_core.shell:Skip shell extension 'powershell' for command environment: Not usable outside of PowerShell
[0.714s] DEBUG:colcon.colcon_core.shell:Skip shell extension 'dsv' for command environment
[0.720s] INFO:colcon.colcon_ros.task.ament_cmake.build:Building ROS package in '/home/seventeen/Robotics-and-its-application/src/Shelfino_ROS2/shelfino_description' with build type 'ament_cmake'
[0.721s] INFO:colcon.colcon_cmake.task.cmake.build:Building CMake package in '/home/seventeen/Robotics-and-its-application/src/Shelfino_ROS2/shelfino_description'
[0.721s] INFO:colcon.colcon_core.shell:Skip shell extension 'powershell' for command environment: Not usable outside of PowerShell
[0.721s] DEBUG:colcon.colcon_core.shell:Skip shell extension 'dsv' for command environment
[0.727s] INFO:colcon.colcon_ros.task.ament_cmake.build:Building ROS package in '/home/seventeen/Robotics-and-its-application/src/Shelfino_ROS2/shelfino_gazebo' with build type 'ament_cmake'
[0.728s] INFO:colcon.colcon_cmake.task.cmake.build:Building CMake package in '/home/seventeen/Robotics-and-its-application/src/Shelfino_ROS2/shelfino_gazebo'
[0.728s] INFO:colcon.colcon_core.shell:Skip shell extension 'powershell' for command environment: Not usable outside of PowerShell
[0.728s] DEBUG:colcon.colcon_core.shell:Skip shell extension 'dsv' for command environment
[0.734s] INFO:colcon.colcon_ros.task.ament_cmake.build:Building ROS package in '/home/seventeen/Robotics-and-its-application/src/Shelfino_ROS2/shelfino_navigation' with build type 'ament_cmake'
[0.734s] INFO:colcon.colcon_cmake.task.cmake.build:Building CMake package in '/home/seventeen/Robotics-and-its-application/src/Shelfino_ROS2/shelfino_navigation'
[0.734s] INFO:colcon.colcon_core.shell:Skip shell extension 'powershell' for command environment: Not usable outside of PowerShell
[0.734s] DEBUG:colcon.colcon_core.shell:Skip shell extension 'dsv' for command environment
[0.742s] INFO:colcon.colcon_ros.task.ament_cmake.build:Building ROS package in '/home/seventeen/Robotics-and-its-application/src/Shelfino_ROS2/evader' with build type 'ament_cmake'
[0.742s] INFO:colcon.colcon_cmake.task.cmake.build:Building CMake package in '/home/seventeen/Robotics-and-its-application/src/Shelfino_ROS2/evader'
[0.743s] INFO:colcon.colcon_core.shell:Skip shell extension 'powershell' for command environment: Not usable outside of PowerShell
[0.744s] DEBUG:colcon.colcon_core.shell:Skip shell extension 'dsv' for command environment
[0.761s] DEBUG:colcon.colcon_core.event_handler.log_command:Invoking command in '/home/seventeen/Robotics-and-its-application/build/obstacles_msgs': CMAKE_PREFIX_PATH=/opt/ros/humble /home/seventeen/.local/bin/cmake --build /home/seventeen/Robotics-and-its-application/build/obstacles_msgs -- -j8 -l8
[0.768s] DEBUG:colcon.colcon_core.event_handler.log_command:Invoking command in '/home/seventeen/Robotics-and-its-application/build/shelfino_description': CMAKE_PREFIX_PATH=/opt/ros/humble /home/seventeen/.local/bin/cmake --build /home/seventeen/Robotics-and-its-application/build/shelfino_description -- -j8 -l8
[0.778s] DEBUG:colcon.colcon_core.event_handler.log_command:Invoking command in '/home/seventeen/Robotics-and-its-application/build/shelfino_gazebo': CMAKE_PREFIX_PATH=/opt/ros/humble /home/seventeen/.local/bin/cmake --build /home/seventeen/Robotics-and-its-application/build/shelfino_gazebo -- -j8 -l8
[0.788s] DEBUG:colcon.colcon_core.event_handler.log_command:Invoking command in '/home/seventeen/Robotics-and-its-application/build/shelfino_navigation': CMAKE_PREFIX_PATH=/opt/ros/humble /home/seventeen/.local/bin/cmake --build /home/seventeen/Robotics-and-its-application/build/shelfino_navigation -- -j8 -l8
[0.797s] DEBUG:colcon.colcon_core.event_handler.log_command:Invoking command in '/home/seventeen/Robotics-and-its-application/build/evader': CMAKE_PREFIX_PATH=/opt/ros/humble /home/seventeen/.local/bin/cmake --build /home/seventeen/Robotics-and-its-application/build/evader -- -j8 -l8
[1.696s] DEBUG:colcon.colcon_core.event_handler.log_command:Invoked command in '/home/seventeen/Robotics-and-its-application/build/shelfino_navigation' returned '0': CMAKE_PREFIX_PATH=/opt/ros/humble /home/seventeen/.local/bin/cmake --build /home/seventeen/Robotics-and-its-application/build/shelfino_navigation -- -j8 -l8
[1.700s] DEBUG:colcon.colcon_core.event_handler.log_command:Invoked command in '/home/seventeen/Robotics-and-its-application/build/shelfino_description' returned '0': CMAKE_PREFIX_PATH=/opt/ros/humble /home/seventeen/.local/bin/cmake --build /home/seventeen/Robotics-and-its-application/build/shelfino_description -- -j8 -l8
[2.033s] DEBUG:colcon.colcon_core.event_handler.log_command:Invoking command in '/home/seventeen/Robotics-and-its-application/build/shelfino_navigation': CMAKE_PREFIX_PATH=/opt/ros/humble /home/seventeen/.local/bin/cmake --install /home/seventeen/Robotics-and-its-application/build/shelfino_navigation
[2.039s] DEBUG:colcon.colcon_core.event_handler.log_command:Invoking command in '/home/seventeen/Robotics-and-its-application/build/shelfino_description': CMAKE_PREFIX_PATH=/opt/ros/humble /home/seventeen/.local/bin/cmake --install /home/seventeen/Robotics-and-its-application/build/shelfino_description
[2.257s] Level 1:colcon.colcon_core.environment:create_environment_scripts_only(shelfino_navigation)
[2.266s] DEBUG:colcon.colcon_core.event_handler.log_command:Invoked command in '/home/seventeen/Robotics-and-its-application/build/shelfino_navigation' returned '0': CMAKE_PREFIX_PATH=/opt/ros/humble /home/seventeen/.local/bin/cmake --install /home/seventeen/Robotics-and-its-application/build/shelfino_navigation
[2.275s] Level 1:colcon.colcon_core.environment:checking '/home/seventeen/Robotics-and-its-application/install/shelfino_navigation' for CMake module files
[2.278s] Level 1:colcon.colcon_core.environment:checking '/home/seventeen/Robotics-and-its-application/install/shelfino_navigation' for CMake config files
[2.284s] Level 1:colcon.colcon_core.shell:create_environment_hook('shelfino_navigation', 'cmake_prefix_path')
[2.284s] INFO:colcon.colcon_core.shell:Creating environment hook '/home/seventeen/Robotics-and-its-application/install/shelfino_navigation/share/shelfino_navigation/hook/cmake_prefix_path.ps1'
[2.286s] INFO:colcon.colcon_core.shell:Creating environment descriptor '/home/seventeen/Robotics-and-its-application/install/shelfino_navigation/share/shelfino_navigation/hook/cmake_prefix_path.dsv'
[2.287s] INFO:colcon.colcon_core.shell:Creating environment hook '/home/seventeen/Robotics-and-its-application/install/shelfino_navigation/share/shelfino_navigation/hook/cmake_prefix_path.sh'
[2.289s] Level 1:colcon.colcon_core.environment:checking '/home/seventeen/Robotics-and-its-application/install/shelfino_navigation/bin'
[2.289s] Level 1:colcon.colcon_core.environment:checking '/home/seventeen/Robotics-and-its-application/install/shelfino_navigation/lib/pkgconfig/shelfino_navigation.pc'
[2.290s] Level 1:colcon.colcon_core.environment:checking '/home/seventeen/Robotics-and-its-application/install/shelfino_navigation/lib/python3.10/site-packages'
[2.290s] Level 1:colcon.colcon_core.environment:checking '/home/seventeen/Robotics-and-its-application/install/shelfino_navigation/bin'
[2.291s] INFO:colcon.colcon_core.shell:Creating package script '/home/seventeen/Robotics-and-its-application/install/shelfino_navigation/share/shelfino_navigation/package.ps1'
[2.293s] INFO:colcon.colcon_core.shell:Creating package descriptor '/home/seventeen/Robotics-and-its-application/install/shelfino_navigation/share/shelfino_navigation/package.dsv'
[2.295s] INFO:colcon.colcon_core.shell:Creating package script '/home/seventeen/Robotics-and-its-application/install/shelfino_navigation/share/shelfino_navigation/package.sh'
[2.297s] INFO:colcon.colcon_core.shell:Creating package script '/home/seventeen/Robotics-and-its-application/install/shelfino_navigation/share/shelfino_navigation/package.bash'
[2.299s] INFO:colcon.colcon_core.shell:Creating package script '/home/seventeen/Robotics-and-its-application/install/shelfino_navigation/share/shelfino_navigation/package.zsh'
[2.301s] Level 1:colcon.colcon_core.environment:create_file_with_runtime_dependencies(/home/seventeen/Robotics-and-its-application/install/shelfino_navigation/share/colcon-core/packages/shelfino_navigation)
[2.305s] Level 1:colcon.colcon_core.environment:create_environment_scripts_only(shelfino_description)
[2.306s] DEBUG:colcon.colcon_core.event_handler.log_command:Invoked command in '/home/seventeen/Robotics-and-its-application/build/shelfino_description' returned '0': CMAKE_PREFIX_PATH=/opt/ros/humble /home/seventeen/.local/bin/cmake --install /home/seventeen/Robotics-and-its-application/build/shelfino_description
[2.306s] Level 1:colcon.colcon_core.environment:checking '/home/seventeen/Robotics-and-its-application/install/shelfino_description' for CMake module files
[2.307s] Level 1:colcon.colcon_core.environment:checking '/home/seventeen/Robotics-and-its-application/install/shelfino_description' for CMake config files
[2.308s] Level 1:colcon.colcon_core.shell:create_environment_hook('shelfino_description', 'cmake_prefix_path')
[2.308s] INFO:colcon.colcon_core.shell:Creating environment hook '/home/seventeen/Robotics-and-its-application/install/shelfino_description/share/shelfino_description/hook/cmake_prefix_path.ps1'
[2.309s] INFO:colcon.colcon_core.shell:Creating environment descriptor '/home/seventeen/Robotics-and-its-application/install/shelfino_description/share/shelfino_description/hook/cmake_prefix_path.dsv'
[2.310s] INFO:colcon.colcon_core.shell:Creating environment hook '/home/seventeen/Robotics-and-its-application/install/shelfino_description/share/shelfino_description/hook/cmake_prefix_path.sh'
[2.311s] Level 1:colcon.colcon_core.environment:checking '/home/seventeen/Robotics-and-its-application/install/shelfino_description/bin'
[2.312s] Level 1:colcon.colcon_core.environment:checking '/home/seventeen/Robotics-and-its-application/install/shelfino_description/lib/pkgconfig/shelfino_description.pc'
[2.312s] Level 1:colcon.colcon_core.environment:checking '/home/seventeen/Robotics-and-its-application/install/shelfino_description/lib/python3.10/site-packages'
[2.313s] Level 1:colcon.colcon_core.environment:checking '/home/seventeen/Robotics-and-its-application/install/shelfino_description/bin'
[2.314s] INFO:colcon.colcon_core.shell:Creating package script '/home/seventeen/Robotics-and-its-application/install/shelfino_description/share/shelfino_description/package.ps1'
[2.315s] INFO:colcon.colcon_core.shell:Creating package descriptor '/home/seventeen/Robotics-and-its-application/install/shelfino_description/share/shelfino_description/package.dsv'
[2.316s] INFO:colcon.colcon_core.shell:Creating package script '/home/seventeen/Robotics-and-its-application/install/shelfino_description/share/shelfino_description/package.sh'
[2.317s] INFO:colcon.colcon_core.shell:Creating package script '/home/seventeen/Robotics-and-its-application/install/shelfino_description/share/shelfino_description/package.bash'
[2.318s] INFO:colcon.colcon_core.shell:Creating package script '/home/seventeen/Robotics-and-its-application/install/shelfino_description/share/shelfino_description/package.zsh'
[2.319s] Level 1:colcon.colcon_core.environment:create_file_with_runtime_dependencies(/home/seventeen/Robotics-and-its-application/install/shelfino_description/share/colcon-core/packages/shelfino_description)
[2.498s] Level 1:colcon.colcon_core.environment:create_environment_scripts_only(shelfino_description)
[2.498s] Level 1:colcon.colcon_core.environment:checking '/home/seventeen/Robotics-and-its-application/install/shelfino_description' for CMake module files
[2.499s] Level 1:colcon.colcon_core.environment:checking '/home/seventeen/Robotics-and-its-application/install/shelfino_description' for CMake config files
[2.500s] Level 1:colcon.colcon_core.shell:create_environment_hook('shelfino_description', 'cmake_prefix_path')
[2.500s] INFO:colcon.colcon_core.shell:Creating environment hook '/home/seventeen/Robotics-and-its-application/install/shelfino_description/share/shelfino_description/hook/cmake_prefix_path.ps1'
[2.502s] INFO:colcon.colcon_core.shell:Creating environment descriptor '/home/seventeen/Robotics-and-its-application/install/shelfino_description/share/shelfino_description/hook/cmake_prefix_path.dsv'
[2.503s] INFO:colcon.colcon_core.shell:Creating environment hook '/home/seventeen/Robotics-and-its-application/install/shelfino_description/share/shelfino_description/hook/cmake_prefix_path.sh'
[2.504s] Level 1:colcon.colcon_core.environment:checking '/home/seventeen/Robotics-and-its-application/install/shelfino_description/bin'
[2.504s] Level 1:colcon.colcon_core.environment:checking '/home/seventeen/Robotics-and-its-application/install/shelfino_description/lib/pkgconfig/shelfino_description.pc'
[2.505s] Level 1:colcon.colcon_core.environment:checking '/home/seventeen/Robotics-and-its-application/install/shelfino_description/lib/python3.10/site-packages'
[2.505s] Level 1:colcon.colcon_core.environment:checking '/home/seventeen/Robotics-and-its-application/install/shelfino_description/bin'
[2.506s] INFO:colcon.colcon_core.shell:Creating package script '/home/seventeen/Robotics-and-its-application/install/shelfino_description/share/shelfino_description/package.ps1'
[2.507s] INFO:colcon.colcon_core.shell:Creating package descriptor '/home/seventeen/Robotics-and-its-application/install/shelfino_description/share/shelfino_description/package.dsv'
[2.508s] INFO:colcon.colcon_core.shell:Creating package script '/home/seventeen/Robotics-and-its-application/install/shelfino_description/share/shelfino_description/package.sh'
[2.509s] INFO:colcon.colcon_core.shell:Creating package script '/home/seventeen/Robotics-and-its-application/install/shelfino_description/share/shelfino_description/package.bash'
[2.510s] INFO:colcon.colcon_core.shell:Creating package script '/home/seventeen/Robotics-and-its-application/install/shelfino_description/share/shelfino_description/package.zsh'
[2.511s] Level 1:colcon.colcon_core.environment:create_file_with_runtime_dependencies(/home/seventeen/Robotics-and-its-application/install/shelfino_description/share/colcon-core/packages/shelfino_description)
[2.514s] Level 1:colcon.colcon_core.environment:create_environment_scripts_only(shelfino_navigation)
[2.514s] Level 1:colcon.colcon_core.environment:checking '/home/seventeen/Robotics-and-its-application/install/shelfino_navigation' for CMake module files
[2.516s] Level 1:colcon.colcon_core.environment:checking '/home/seventeen/Robotics-and-its-application/install/shelfino_navigation' for CMake config files
[2.516s] Level 1:colcon.colcon_core.shell:create_environment_hook('shelfino_navigation', 'cmake_prefix_path')
[2.517s] INFO:colcon.colcon_core.shell:Creating environment hook '/home/seventeen/Robotics-and-its-application/install/shelfino_navigation/share/shelfino_navigation/hook/cmake_prefix_path.ps1'
[2.518s] INFO:colcon.colcon_core.shell:Creating environment descriptor '/home/seventeen/Robotics-and-its-application/install/shelfino_navigation/share/shelfino_navigation/hook/cmake_prefix_path.dsv'
[2.518s] INFO:colcon.colcon_core.shell:Creating environment hook '/home/seventeen/Robotics-and-its-application/install/shelfino_navigation/share/shelfino_navigation/hook/cmake_prefix_path.sh'
[2.520s] Level 1:colcon.colcon_core.environment:checking '/home/seventeen/Robotics-and-its-application/install/shelfino_navigation/bin'
[2.520s] Level 1:colcon.colcon_core.environment:checking '/home/seventeen/Robotics-and-its-application/install/shelfino_navigation/lib/pkgconfig/shelfino_navigation.pc'
[2.520s] Level 1:colcon.colcon_core.environment:checking '/home/seventeen/Robotics-and-its-application/install/shelfino_navigation/lib/python3.10/site-packages'
[2.520s] Level 1:colcon.colcon_core.environment:checking '/home/seventeen/Robotics-and-its-application/install/shelfino_navigation/bin'
[2.521s] INFO:colcon.colcon_core.shell:Creating package script '/home/seventeen/Robotics-and-its-application/install/shelfino_navigation/share/shelfino_navigation/package.ps1'
[2.522s] INFO:colcon.colcon_core.shell:Creating package descriptor '/home/seventeen/Robotics-and-its-application/install/shelfino_navigation/share/shelfino_navigation/package.dsv'
[2.523s] INFO:colcon.colcon_core.shell:Creating package script '/home/seventeen/Robotics-and-its-application/install/shelfino_navigation/share/shelfino_navigation/package.sh'
[2.524s] INFO:colcon.colcon_core.shell:Creating package script '/home/seventeen/Robotics-and-its-application/install/shelfino_navigation/share/shelfino_navigation/package.bash'
[2.526s] INFO:colcon.colcon_core.shell:Creating package script '/home/seventeen/Robotics-and-its-application/install/shelfino_navigation/share/shelfino_navigation/package.zsh'
[2.527s] Level 1:colcon.colcon_core.environment:create_file_with_runtime_dependencies(/home/seventeen/Robotics-and-its-application/install/shelfino_navigation/share/colcon-core/packages/shelfino_navigation)
[6.423s] DEBUG:colcon.colcon_core.event_handler.log_command:Invoked command in '/home/seventeen/Robotics-and-its-application/build/obstacles_msgs' returned '0': CMAKE_PREFIX_PATH=/opt/ros/humble /home/seventeen/.local/bin/cmake --build /home/seventeen/Robotics-and-its-application/build/obstacles_msgs -- -j8 -l8
[6.738s] DEBUG:colcon.colcon_core.event_handler.log_command:Invoking command in '/home/seventeen/Robotics-and-its-application/build/obstacles_msgs': CMAKE_PREFIX_PATH=/opt/ros/humble /home/seventeen/.local/bin/cmake --install /home/seventeen/Robotics-and-its-application/build/obstacles_msgs
[6.975s] Level 1:colcon.colcon_core.environment:create_environment_scripts_only(obstacles_msgs)
[6.976s] Level 1:colcon.colcon_core.environment:checking '/home/seventeen/Robotics-and-its-application/install/obstacles_msgs' for CMake module files
[6.978s] DEBUG:colcon.colcon_core.event_handler.log_command:Invoked command in '/home/seventeen/Robotics-and-its-application/build/obstacles_msgs' returned '0': CMAKE_PREFIX_PATH=/opt/ros/humble /home/seventeen/.local/bin/cmake --install /home/seventeen/Robotics-and-its-application/build/obstacles_msgs
[6.980s] Level 1:colcon.colcon_core.environment:checking '/home/seventeen/Robotics-and-its-application/install/obstacles_msgs' for CMake config files
[6.986s] Level 1:colcon.colcon_core.shell:create_environment_hook('obstacles_msgs', 'cmake_prefix_path')
[6.990s] INFO:colcon.colcon_core.shell:Creating environment hook '/home/seventeen/Robotics-and-its-application/install/obstacles_msgs/share/obstacles_msgs/hook/cmake_prefix_path.ps1'
[6.991s] INFO:colcon.colcon_core.shell:Creating environment descriptor '/home/seventeen/Robotics-and-its-application/install/obstacles_msgs/share/obstacles_msgs/hook/cmake_prefix_path.dsv'
[6.992s] INFO:colcon.colcon_core.shell:Creating environment hook '/home/seventeen/Robotics-and-its-application/install/obstacles_msgs/share/obstacles_msgs/hook/cmake_prefix_path.sh'
[6.994s] Level 1:colcon.colcon_core.environment:checking '/home/seventeen/Robotics-and-its-application/install/obstacles_msgs/lib'
[6.994s] Level 1:colcon.colcon_core.shell:create_environment_hook('obstacles_msgs', 'ld_library_path_lib')
[6.995s] INFO:colcon.colcon_core.shell:Creating environment hook '/home/seventeen/Robotics-and-its-application/install/obstacles_msgs/share/obstacles_msgs/hook/ld_library_path_lib.ps1'
[6.997s] INFO:colcon.colcon_core.shell:Creating environment descriptor '/home/seventeen/Robotics-and-its-application/install/obstacles_msgs/share/obstacles_msgs/hook/ld_library_path_lib.dsv'
[6.998s] INFO:colcon.colcon_core.shell:Creating environment hook '/home/seventeen/Robotics-and-its-application/install/obstacles_msgs/share/obstacles_msgs/hook/ld_library_path_lib.sh'
[6.999s] Level 1:colcon.colcon_core.environment:checking '/home/seventeen/Robotics-and-its-application/install/obstacles_msgs/bin'
[6.999s] Level 1:colcon.colcon_core.environment:checking '/home/seventeen/Robotics-and-its-application/install/obstacles_msgs/lib/pkgconfig/obstacles_msgs.pc'
[7.000s] Level 1:colcon.colcon_core.environment:checking '/home/seventeen/Robotics-and-its-application/install/obstacles_msgs/lib/python3.10/site-packages'
[7.000s] Level 1:colcon.colcon_core.environment:checking '/home/seventeen/Robotics-and-its-application/install/obstacles_msgs/bin'
[7.001s] INFO:colcon.colcon_core.shell:Creating package script '/home/seventeen/Robotics-and-its-application/install/obstacles_msgs/share/obstacles_msgs/package.ps1'
[7.002s] INFO:colcon.colcon_core.shell:Creating package descriptor '/home/seventeen/Robotics-and-its-application/install/obstacles_msgs/share/obstacles_msgs/package.dsv'
[7.003s] INFO:colcon.colcon_core.shell:Creating package script '/home/seventeen/Robotics-and-its-application/install/obstacles_msgs/share/obstacles_msgs/package.sh'
[7.004s] INFO:colcon.colcon_core.shell:Creating package script '/home/seventeen/Robotics-and-its-application/install/obstacles_msgs/share/obstacles_msgs/package.bash'
[7.005s] INFO:colcon.colcon_core.shell:Creating package script '/home/seventeen/Robotics-and-its-application/install/obstacles_msgs/share/obstacles_msgs/package.zsh'
[7.005s] Level 1:colcon.colcon_core.environment:create_file_with_runtime_dependencies(/home/seventeen/Robotics-and-its-application/install/obstacles_msgs/share/colcon-core/packages/obstacles_msgs)
[7.338s] Level 1:colcon.colcon_core.environment:create_environment_scripts_only(obstacles_msgs)
[7.339s] Level 1:colcon.colcon_core.environment:checking '/home/seventeen/Robotics-and-its-application/install/obstacles_msgs' for CMake module files
[7.340s] Level 1:colcon.colcon_core.environment:checking '/home/seventeen/Robotics-and-its-application/install/obstacles_msgs' for CMake config files
[7.341s] Level 1:colcon.colcon_core.shell:create_environment_hook('obstacles_msgs', 'cmake_prefix_path')
[7.342s] INFO:colcon.colcon_core.shell:Creating environment hook '/home/seventeen/Robotics-and-its-application/install/obstacles_msgs/share/obstacles_msgs/hook/cmake_prefix_path.ps1'
[7.343s] INFO:colcon.colcon_core.shell:Creating environment descriptor '/home/seventeen/Robotics-and-its-application/install/obstacles_msgs/share/obstacles_msgs/hook/cmake_prefix_path.dsv'
[7.344s] INFO:colcon.colcon_core.shell:Creating environment hook '/home/seventeen/Robotics-and-its-application/install/obstacles_msgs/share/obstacles_msgs/hook/cmake_prefix_path.sh'
[7.346s] Level 1:colcon.colcon_core.environment:checking '/home/seventeen/Robotics-and-its-application/install/obstacles_msgs/lib'
[7.346s] Level 1:colcon.colcon_core.shell:create_environment_hook('obstacles_msgs', 'ld_library_path_lib')
[7.346s] INFO:colcon.colcon_core.shell:Creating environment hook '/home/seventeen/Robotics-and-its-application/install/obstacles_msgs/share/obstacles_msgs/hook/ld_library_path_lib.ps1'
[7.347s] INFO:colcon.colcon_core.shell:Creating environment descriptor '/home/seventeen/Robotics-and-its-application/install/obstacles_msgs/share/obstacles_msgs/hook/ld_library_path_lib.dsv'
[7.348s] INFO:colcon.colcon_core.shell:Creating environment hook '/home/seventeen/Robotics-and-its-application/install/obstacles_msgs/share/obstacles_msgs/hook/ld_library_path_lib.sh'
[7.349s] Level 1:colcon.colcon_core.environment:checking '/home/seventeen/Robotics-and-its-application/install/obstacles_msgs/bin'
[7.350s] Level 1:colcon.colcon_core.environment:checking '/home/seventeen/Robotics-and-its-application/install/obstacles_msgs/lib/pkgconfig/obstacles_msgs.pc'
[7.350s] Level 1:colcon.colcon_core.environment:checking '/home/seventeen/Robotics-and-its-application/install/obstacles_msgs/lib/python3.10/site-packages'
[7.350s] Level 1:colcon.colcon_core.environment:checking '/home/seventeen/Robotics-and-its-application/install/obstacles_msgs/bin'
[7.351s] INFO:colcon.colcon_core.shell:Creating package script '/home/seventeen/Robotics-and-its-application/install/obstacles_msgs/share/obstacles_msgs/package.ps1'
[7.352s] INFO:colcon.colcon_core.shell:Creating package descriptor '/home/seventeen/Robotics-and-its-application/install/obstacles_msgs/share/obstacles_msgs/package.dsv'
[7.353s] INFO:colcon.colcon_core.shell:Creating package script '/home/seventeen/Robotics-and-its-application/install/obstacles_msgs/share/obstacles_msgs/package.sh'
[7.355s] INFO:colcon.colcon_core.shell:Creating package script '/home/seventeen/Robotics-and-its-application/install/obstacles_msgs/share/obstacles_msgs/package.bash'
[7.356s] INFO:colcon.colcon_core.shell:Creating package script '/home/seventeen/Robotics-and-its-application/install/obstacles_msgs/share/obstacles_msgs/package.zsh'
[7.357s] Level 1:colcon.colcon_core.environment:create_file_with_runtime_dependencies(/home/seventeen/Robotics-and-its-application/install/obstacles_msgs/share/colcon-core/packages/obstacles_msgs)
[7.358s] INFO:colcon.colcon_ros.task.ament_cmake.build:Building ROS package in '/home/seventeen/Robotics-and-its-application/src/Shelfino_ROS2/map_pkg' with build type 'ament_cmake'
[7.359s] INFO:colcon.colcon_cmake.task.cmake.build:Building CMake package in '/home/seventeen/Robotics-and-its-application/src/Shelfino_ROS2/map_pkg'
[7.360s] INFO:colcon.colcon_core.shell:Skip shell extension 'powershell' for command environment: Not usable outside of PowerShell
[7.360s] DEBUG:colcon.colcon_core.shell:Skip shell extension 'dsv' for command environment
[7.391s] DEBUG:colcon.colcon_core.event_handler.log_command:Invoking command in '/home/seventeen/Robotics-and-its-application/build/map_pkg': AMENT_PREFIX_PATH=/home/seventeen/Robotics-and-its-application/install/obstacles_msgs:${AMENT_PREFIX_PATH} CMAKE_PREFIX_PATH=/home/seventeen/Robotics-and-its-application/install/obstacles_msgs:/opt/ros/humble LD_LIBRARY_PATH=/home/seventeen/Robotics-and-its-application/install/obstacles_msgs/lib:${LD_LIBRARY_PATH} PYTHONPATH=/home/seventeen/Robotics-and-its-application/install/obstacles_msgs/local/lib/python3.10/dist-packages:${PYTHONPATH} /home/seventeen/.local/bin/cmake --build /home/seventeen/Robotics-and-its-application/build/map_pkg -- -j8 -l8
[32.288s] DEBUG:colcon.colcon_core.event_handler.log_command:Invoked command in '/home/seventeen/Robotics-and-its-application/build/map_pkg' returned '0': AMENT_PREFIX_PATH=/home/seventeen/Robotics-and-its-application/install/obstacles_msgs:${AMENT_PREFIX_PATH} CMAKE_PREFIX_PATH=/home/seventeen/Robotics-and-its-application/install/obstacles_msgs:/opt/ros/humble LD_LIBRARY_PATH=/home/seventeen/Robotics-and-its-application/install/obstacles_msgs/lib:${LD_LIBRARY_PATH} PYTHONPATH=/home/seventeen/Robotics-and-its-application/install/obstacles_msgs/local/lib/python3.10/dist-packages:${PYTHONPATH} /home/seventeen/.local/bin/cmake --build /home/seventeen/Robotics-and-its-application/build/map_pkg -- -j8 -l8
[32.528s] DEBUG:colcon.colcon_core.event_handler.log_command:Invoking command in '/home/seventeen/Robotics-and-its-application/build/map_pkg': AMENT_PREFIX_PATH=/home/seventeen/Robotics-and-its-application/install/obstacles_msgs:${AMENT_PREFIX_PATH} CMAKE_PREFIX_PATH=/home/seventeen/Robotics-and-its-application/install/obstacles_msgs:/opt/ros/humble LD_LIBRARY_PATH=/home/seventeen/Robotics-and-its-application/install/obstacles_msgs/lib:${LD_LIBRARY_PATH} PYTHONPATH=/home/seventeen/Robotics-and-its-application/install/obstacles_msgs/local/lib/python3.10/dist-packages:${PYTHONPATH} /home/seventeen/.local/bin/cmake --install /home/seventeen/Robotics-and-its-application/build/map_pkg
[32.709s] Level 1:colcon.colcon_core.environment:create_environment_scripts_only(map_pkg)
[32.710s] Level 1:colcon.colcon_core.environment:checking '/home/seventeen/Robotics-and-its-application/install/map_pkg' for CMake module files
[32.712s] DEBUG:colcon.colcon_core.event_handler.log_command:Invoked command in '/home/seventeen/Robotics-and-its-application/build/map_pkg' returned '0': AMENT_PREFIX_PATH=/home/seventeen/Robotics-and-its-application/install/obstacles_msgs:${AMENT_PREFIX_PATH} CMAKE_PREFIX_PATH=/home/seventeen/Robotics-and-its-application/install/obstacles_msgs:/opt/ros/humble LD_LIBRARY_PATH=/home/seventeen/Robotics-and-its-application/install/obstacles_msgs/lib:${LD_LIBRARY_PATH} PYTHONPATH=/home/seventeen/Robotics-and-its-application/install/obstacles_msgs/local/lib/python3.10/dist-packages:${PYTHONPATH} /home/seventeen/.local/bin/cmake --install /home/seventeen/Robotics-and-its-application/build/map_pkg
[32.713s] Level 1:colcon.colcon_core.environment:checking '/home/seventeen/Robotics-and-its-application/install/map_pkg' for CMake config files
[32.713s] Level 1:colcon.colcon_core.shell:create_environment_hook('map_pkg', 'cmake_prefix_path')
[32.714s] INFO:colcon.colcon_core.shell:Creating environment hook '/home/seventeen/Robotics-and-its-application/install/map_pkg/share/map_pkg/hook/cmake_prefix_path.ps1'
[32.716s] INFO:colcon.colcon_core.shell:Creating environment descriptor '/home/seventeen/Robotics-and-its-application/install/map_pkg/share/map_pkg/hook/cmake_prefix_path.dsv'
[32.717s] INFO:colcon.colcon_core.shell:Creating environment hook '/home/seventeen/Robotics-and-its-application/install/map_pkg/share/map_pkg/hook/cmake_prefix_path.sh'
[32.718s] Level 1:colcon.colcon_core.environment:checking '/home/seventeen/Robotics-and-its-application/install/map_pkg/lib'
[32.718s] Level 1:colcon.colcon_core.environment:checking '/home/seventeen/Robotics-and-its-application/install/map_pkg/bin'
[32.718s] Level 1:colcon.colcon_core.environment:checking '/home/seventeen/Robotics-and-its-application/install/map_pkg/lib/pkgconfig/map_pkg.pc'
[32.719s] Level 1:colcon.colcon_core.environment:checking '/home/seventeen/Robotics-and-its-application/install/map_pkg/lib/python3.10/site-packages'
[32.719s] Level 1:colcon.colcon_core.environment:checking '/home/seventeen/Robotics-and-its-application/install/map_pkg/bin'
[32.720s] INFO:colcon.colcon_core.shell:Creating package script '/home/seventeen/Robotics-and-its-application/install/map_pkg/share/map_pkg/package.ps1'
[32.721s] INFO:colcon.colcon_core.shell:Creating package descriptor '/home/seventeen/Robotics-and-its-application/install/map_pkg/share/map_pkg/package.dsv'
[32.722s] INFO:colcon.colcon_core.shell:Creating package script '/home/seventeen/Robotics-and-its-application/install/map_pkg/share/map_pkg/package.sh'
[32.723s] INFO:colcon.colcon_core.shell:Creating package script '/home/seventeen/Robotics-and-its-application/install/map_pkg/share/map_pkg/package.bash'
[32.725s] INFO:colcon.colcon_core.shell:Creating package script '/home/seventeen/Robotics-and-its-application/install/map_pkg/share/map_pkg/package.zsh'
[32.726s] Level 1:colcon.colcon_core.environment:create_file_with_runtime_dependencies(/home/seventeen/Robotics-and-its-application/install/map_pkg/share/colcon-core/packages/map_pkg)
[32.962s] Level 1:colcon.colcon_core.environment:create_environment_scripts_only(map_pkg)
[32.962s] Level 1:colcon.colcon_core.environment:checking '/home/seventeen/Robotics-and-its-application/install/map_pkg' for CMake module files
[32.963s] Level 1:colcon.colcon_core.environment:checking '/home/seventeen/Robotics-and-its-application/install/map_pkg' for CMake config files
[32.964s] Level 1:colcon.colcon_core.shell:create_environment_hook('map_pkg', 'cmake_prefix_path')
[32.964s] INFO:colcon.colcon_core.shell:Creating environment hook '/home/seventeen/Robotics-and-its-application/install/map_pkg/share/map_pkg/hook/cmake_prefix_path.ps1'
[32.965s] INFO:colcon.colcon_core.shell:Creating environment descriptor '/home/seventeen/Robotics-and-its-application/install/map_pkg/share/map_pkg/hook/cmake_prefix_path.dsv'
[32.966s] INFO:colcon.colcon_core.shell:Creating environment hook '/home/seventeen/Robotics-and-its-application/install/map_pkg/share/map_pkg/hook/cmake_prefix_path.sh'
[32.967s] Level 1:colcon.colcon_core.environment:checking '/home/seventeen/Robotics-and-its-application/install/map_pkg/lib'
[32.968s] Level 1:colcon.colcon_core.environment:checking '/home/seventeen/Robotics-and-its-application/install/map_pkg/bin'
[32.968s] Level 1:colcon.colcon_core.environment:checking '/home/seventeen/Robotics-and-its-application/install/map_pkg/lib/pkgconfig/map_pkg.pc'
[32.968s] Level 1:colcon.colcon_core.environment:checking '/home/seventeen/Robotics-and-its-application/install/map_pkg/lib/python3.10/site-packages'
[32.968s] Level 1:colcon.colcon_core.environment:checking '/home/seventeen/Robotics-and-its-application/install/map_pkg/bin'
[32.969s] INFO:colcon.colcon_core.shell:Creating package script '/home/seventeen/Robotics-and-its-application/install/map_pkg/share/map_pkg/package.ps1'
[32.971s] INFO:colcon.colcon_core.shell:Creating package descriptor '/home/seventeen/Robotics-and-its-application/install/map_pkg/share/map_pkg/package.dsv'
[32.972s] INFO:colcon.colcon_core.shell:Creating package script '/home/seventeen/Robotics-and-its-application/install/map_pkg/share/map_pkg/package.sh'
[32.973s] INFO:colcon.colcon_core.shell:Creating package script '/home/seventeen/Robotics-and-its-application/install/map_pkg/share/map_pkg/package.bash'
[32.974s] INFO:colcon.colcon_core.shell:Creating package script '/home/seventeen/Robotics-and-its-application/install/map_pkg/share/map_pkg/package.zsh'
[32.975s] Level 1:colcon.colcon_core.environment:create_file_with_runtime_dependencies(/home/seventeen/Robotics-and-its-application/install/map_pkg/share/colcon-core/packages/map_pkg)
[36.601s] DEBUG:colcon.colcon_core.event_handler.log_command:Invoked command in '/home/seventeen/Robotics-and-its-application/build/shelfino_gazebo' returned '0': CMAKE_PREFIX_PATH=/opt/ros/humble /home/seventeen/.local/bin/cmake --build /home/seventeen/Robotics-and-its-application/build/shelfino_gazebo -- -j8 -l8
[36.813s] DEBUG:colcon.colcon_core.event_handler.log_command:Invoking command in '/home/seventeen/Robotics-and-its-application/build/shelfino_gazebo': CMAKE_PREFIX_PATH=/opt/ros/humble /home/seventeen/.local/bin/cmake --install /home/seventeen/Robotics-and-its-application/build/shelfino_gazebo
[37.001s] Level 1:colcon.colcon_core.environment:create_environment_scripts_only(shelfino_gazebo)
[37.002s] Level 1:colcon.colcon_core.environment:checking '/home/seventeen/Robotics-and-its-application/install/shelfino_gazebo' for CMake module files
[37.003s] DEBUG:colcon.colcon_core.event_handler.log_command:Invoked command in '/home/seventeen/Robotics-and-its-application/build/shelfino_gazebo' returned '0': CMAKE_PREFIX_PATH=/opt/ros/humble /home/seventeen/.local/bin/cmake --install /home/seventeen/Robotics-and-its-application/build/shelfino_gazebo
[37.004s] Level 1:colcon.colcon_core.environment:checking '/home/seventeen/Robotics-and-its-application/install/shelfino_gazebo' for CMake config files
[37.004s] Level 1:colcon.colcon_core.shell:create_environment_hook('shelfino_gazebo', 'cmake_prefix_path')
[37.005s] INFO:colcon.colcon_core.shell:Creating environment hook '/home/seventeen/Robotics-and-its-application/install/shelfino_gazebo/share/shelfino_gazebo/hook/cmake_prefix_path.ps1'
[37.006s] INFO:colcon.colcon_core.shell:Creating environment descriptor '/home/seventeen/Robotics-and-its-application/install/shelfino_gazebo/share/shelfino_gazebo/hook/cmake_prefix_path.dsv'
[37.007s] INFO:colcon.colcon_core.shell:Creating environment hook '/home/seventeen/Robotics-and-its-application/install/shelfino_gazebo/share/shelfino_gazebo/hook/cmake_prefix_path.sh'
[37.009s] Level 1:colcon.colcon_core.environment:checking '/home/seventeen/Robotics-and-its-application/install/shelfino_gazebo/lib'
[37.009s] Level 1:colcon.colcon_core.environment:checking '/home/seventeen/Robotics-and-its-application/install/shelfino_gazebo/bin'
[37.009s] Level 1:colcon.colcon_core.environment:checking '/home/seventeen/Robotics-and-its-application/install/shelfino_gazebo/lib/pkgconfig/shelfino_gazebo.pc'
[37.010s] Level 1:colcon.colcon_core.environment:checking '/home/seventeen/Robotics-and-its-application/install/shelfino_gazebo/lib/python3.10/site-packages'
[37.010s] Level 1:colcon.colcon_core.environment:checking '/home/seventeen/Robotics-and-its-application/install/shelfino_gazebo/bin'
[37.011s] INFO:colcon.colcon_core.shell:Creating package script '/home/seventeen/Robotics-and-its-application/install/shelfino_gazebo/share/shelfino_gazebo/package.ps1'
[37.012s] INFO:colcon.colcon_core.shell:Creating package descriptor '/home/seventeen/Robotics-and-its-application/install/shelfino_gazebo/share/shelfino_gazebo/package.dsv'
[37.013s] INFO:colcon.colcon_core.shell:Creating package script '/home/seventeen/Robotics-and-its-application/install/shelfino_gazebo/share/shelfino_gazebo/package.sh'
[37.014s] INFO:colcon.colcon_core.shell:Creating package script '/home/seventeen/Robotics-and-its-application/install/shelfino_gazebo/share/shelfino_gazebo/package.bash'
[37.015s] INFO:colcon.colcon_core.shell:Creating package script '/home/seventeen/Robotics-and-its-application/install/shelfino_gazebo/share/shelfino_gazebo/package.zsh'
[37.016s] Level 1:colcon.colcon_core.environment:create_file_with_runtime_dependencies(/home/seventeen/Robotics-and-its-application/install/shelfino_gazebo/share/colcon-core/packages/shelfino_gazebo)
[37.212s] Level 1:colcon.colcon_core.environment:create_environment_scripts_only(shelfino_gazebo)
[37.212s] Level 1:colcon.colcon_core.environment:checking '/home/seventeen/Robotics-and-its-application/install/shelfino_gazebo' for CMake module files
[37.214s] Level 1:colcon.colcon_core.environment:checking '/home/seventeen/Robotics-and-its-application/install/shelfino_gazebo' for CMake config files
[37.214s] Level 1:colcon.colcon_core.shell:create_environment_hook('shelfino_gazebo', 'cmake_prefix_path')
[37.215s] INFO:colcon.colcon_core.shell:Creating environment hook '/home/seventeen/Robotics-and-its-application/install/shelfino_gazebo/share/shelfino_gazebo/hook/cmake_prefix_path.ps1'
[37.215s] INFO:colcon.colcon_core.shell:Creating environment descriptor '/home/seventeen/Robotics-and-its-application/install/shelfino_gazebo/share/shelfino_gazebo/hook/cmake_prefix_path.dsv'
[37.216s] INFO:colcon.colcon_core.shell:Creating environment hook '/home/seventeen/Robotics-and-its-application/install/shelfino_gazebo/share/shelfino_gazebo/hook/cmake_prefix_path.sh'
[37.217s] Level 1:colcon.colcon_core.environment:checking '/home/seventeen/Robotics-and-its-application/install/shelfino_gazebo/lib'
[37.217s] Level 1:colcon.colcon_core.environment:checking '/home/seventeen/Robotics-and-its-application/install/shelfino_gazebo/bin'
[37.218s] Level 1:colcon.colcon_core.environment:checking '/home/seventeen/Robotics-and-its-application/install/shelfino_gazebo/lib/pkgconfig/shelfino_gazebo.pc'
[37.218s] Level 1:colcon.colcon_core.environment:checking '/home/seventeen/Robotics-and-its-application/install/shelfino_gazebo/lib/python3.10/site-packages'
[37.218s] Level 1:colcon.colcon_core.environment:checking '/home/seventeen/Robotics-and-its-application/install/shelfino_gazebo/bin'
[37.219s] INFO:colcon.colcon_core.shell:Creating package script '/home/seventeen/Robotics-and-its-application/install/shelfino_gazebo/share/shelfino_gazebo/package.ps1'
[37.220s] INFO:colcon.colcon_core.shell:Creating package descriptor '/home/seventeen/Robotics-and-its-application/install/shelfino_gazebo/share/shelfino_gazebo/package.dsv'
[37.221s] INFO:colcon.colcon_core.shell:Creating package script '/home/seventeen/Robotics-and-its-application/install/shelfino_gazebo/share/shelfino_gazebo/package.sh'
[37.222s] INFO:colcon.colcon_core.shell:Creating package script '/home/seventeen/Robotics-and-its-application/install/shelfino_gazebo/share/shelfino_gazebo/package.bash'
[37.223s] INFO:colcon.colcon_core.shell:Creating package script '/home/seventeen/Robotics-and-its-application/install/shelfino_gazebo/share/shelfino_gazebo/package.zsh'
[37.224s] Level 1:colcon.colcon_core.environment:create_file_with_runtime_dependencies(/home/seventeen/Robotics-and-its-application/install/shelfino_gazebo/share/colcon-core/packages/shelfino_gazebo)
[37.224s] INFO:colcon.colcon_ros.task.ament_cmake.build:Building ROS package in '/home/seventeen/Robotics-and-its-application/src/Shelfino_ROS2/projects' with build type 'ament_cmake'
[37.224s] INFO:colcon.colcon_cmake.task.cmake.build:Building CMake package in '/home/seventeen/Robotics-and-its-application/src/Shelfino_ROS2/projects'
[37.225s] INFO:colcon.colcon_core.shell:Skip shell extension 'powershell' for command environment: Not usable outside of PowerShell
[37.225s] DEBUG:colcon.colcon_core.shell:Skip shell extension 'dsv' for command environment
[37.259s] DEBUG:colcon.colcon_core.event_handler.log_command:Invoking command in '/home/seventeen/Robotics-and-its-application/build/projects': AMENT_PREFIX_PATH=/home/seventeen/Robotics-and-its-application/install/map_pkg:/home/seventeen/Robotics-and-its-application/install/shelfino_navigation:/home/seventeen/Robotics-and-its-application/install/shelfino_gazebo:/home/seventeen/Robotics-and-its-application/install/shelfino_description:/home/seventeen/Robotics-and-its-application/install/obstacles_msgs:${AMENT_PREFIX_PATH} CMAKE_PREFIX_PATH=/home/seventeen/Robotics-and-its-application/install/map_pkg:/home/seventeen/Robotics-and-its-application/install/shelfino_navigation:/home/seventeen/Robotics-and-its-application/install/shelfino_gazebo:/home/seventeen/Robotics-and-its-application/install/shelfino_description:/home/seventeen/Robotics-and-its-application/install/obstacles_msgs:/opt/ros/humble LD_LIBRARY_PATH=/home/seventeen/Robotics-and-its-application/install/obstacles_msgs/lib:${LD_LIBRARY_PATH} PYTHONPATH=/home/seventeen/Robotics-and-its-application/install/obstacles_msgs/local/lib/python3.10/dist-packages:${PYTHONPATH} /home/seventeen/.local/bin/cmake --build /home/seventeen/Robotics-and-its-application/build/projects -- -j8 -l8
[37.934s] DEBUG:colcon.colcon_core.event_handler.log_command:Invoked command in '/home/seventeen/Robotics-and-its-application/build/projects' returned '0': AMENT_PREFIX_PATH=/home/seventeen/Robotics-and-its-application/install/map_pkg:/home/seventeen/Robotics-and-its-application/install/shelfino_navigation:/home/seventeen/Robotics-and-its-application/install/shelfino_gazebo:/home/seventeen/Robotics-and-its-application/install/shelfino_description:/home/seventeen/Robotics-and-its-application/install/obstacles_msgs:${AMENT_PREFIX_PATH} CMAKE_PREFIX_PATH=/home/seventeen/Robotics-and-its-application/install/map_pkg:/home/seventeen/Robotics-and-its-application/install/shelfino_navigation:/home/seventeen/Robotics-and-its-application/install/shelfino_gazebo:/home/seventeen/Robotics-and-its-application/install/shelfino_description:/home/seventeen/Robotics-and-its-application/install/obstacles_msgs:/opt/ros/humble LD_LIBRARY_PATH=/home/seventeen/Robotics-and-its-application/install/obstacles_msgs/lib:${LD_LIBRARY_PATH} PYTHONPATH=/home/seventeen/Robotics-and-its-application/install/obstacles_msgs/local/lib/python3.10/dist-packages:${PYTHONPATH} /home/seventeen/.local/bin/cmake --build /home/seventeen/Robotics-and-its-application/build/projects -- -j8 -l8
[38.082s] DEBUG:colcon.colcon_core.event_handler.log_command:Invoking command in '/home/seventeen/Robotics-and-its-application/build/projects': AMENT_PREFIX_PATH=/home/seventeen/Robotics-and-its-application/install/map_pkg:/home/seventeen/Robotics-and-its-application/install/shelfino_navigation:/home/seventeen/Robotics-and-its-application/install/shelfino_gazebo:/home/seventeen/Robotics-and-its-application/install/shelfino_description:/home/seventeen/Robotics-and-its-application/install/obstacles_msgs:${AMENT_PREFIX_PATH} CMAKE_PREFIX_PATH=/home/seventeen/Robotics-and-its-application/install/map_pkg:/home/seventeen/Robotics-and-its-application/install/shelfino_navigation:/home/seventeen/Robotics-and-its-application/install/shelfino_gazebo:/home/seventeen/Robotics-and-its-application/install/shelfino_description:/home/seventeen/Robotics-and-its-application/install/obstacles_msgs:/opt/ros/humble LD_LIBRARY_PATH=/home/seventeen/Robotics-and-its-application/install/obstacles_msgs/lib:${LD_LIBRARY_PATH} PYTHONPATH=/home/seventeen/Robotics-and-its-application/install/obstacles_msgs/local/lib/python3.10/dist-packages:${PYTHONPATH} /home/seventeen/.local/bin/cmake --install /home/seventeen/Robotics-and-its-application/build/projects
[38.240s] Level 1:colcon.colcon_core.environment:create_environment_scripts_only(projects)
[38.241s] Level 1:colcon.colcon_core.environment:checking '/home/seventeen/Robotics-and-its-application/install/projects' for CMake module files
[38.242s] DEBUG:colcon.colcon_core.event_handler.log_command:Invoked command in '/home/seventeen/Robotics-and-its-application/build/projects' returned '0': AMENT_PREFIX_PATH=/home/seventeen/Robotics-and-its-application/install/map_pkg:/home/seventeen/Robotics-and-its-application/install/shelfino_navigation:/home/seventeen/Robotics-and-its-application/install/shelfino_gazebo:/home/seventeen/Robotics-and-its-application/install/shelfino_description:/home/seventeen/Robotics-and-its-application/install/obstacles_msgs:${AMENT_PREFIX_PATH} CMAKE_PREFIX_PATH=/home/seventeen/Robotics-and-its-application/install/map_pkg:/home/seventeen/Robotics-and-its-application/install/shelfino_navigation:/home/seventeen/Robotics-and-its-application/install/shelfino_gazebo:/home/seventeen/Robotics-and-its-application/install/shelfino_description:/home/seventeen/Robotics-and-its-application/install/obstacles_msgs:/opt/ros/humble LD_LIBRARY_PATH=/home/seventeen/Robotics-and-its-application/install/obstacles_msgs/lib:${LD_LIBRARY_PATH} PYTHONPATH=/home/seventeen/Robotics-and-its-application/install/obstacles_msgs/local/lib/python3.10/dist-packages:${PYTHONPATH} /home/seventeen/.local/bin/cmake --install /home/seventeen/Robotics-and-its-application/build/projects
[38.243s] Level 1:colcon.colcon_core.environment:checking '/home/seventeen/Robotics-and-its-application/install/projects' for CMake config files
[38.243s] Level 1:colcon.colcon_core.shell:create_environment_hook('projects', 'cmake_prefix_path')
[38.243s] INFO:colcon.colcon_core.shell:Creating environment hook '/home/seventeen/Robotics-and-its-application/install/projects/share/projects/hook/cmake_prefix_path.ps1'
[38.244s] INFO:colcon.colcon_core.shell:Creating environment descriptor '/home/seventeen/Robotics-and-its-application/install/projects/share/projects/hook/cmake_prefix_path.dsv'
[38.245s] INFO:colcon.colcon_core.shell:Creating environment hook '/home/seventeen/Robotics-and-its-application/install/projects/share/projects/hook/cmake_prefix_path.sh'
[38.246s] Level 1:colcon.colcon_core.environment:checking '/home/seventeen/Robotics-and-its-application/install/projects/bin'
[38.246s] Level 1:colcon.colcon_core.environment:checking '/home/seventeen/Robotics-and-its-application/install/projects/lib/pkgconfig/projects.pc'
[38.246s] Level 1:colcon.colcon_core.environment:checking '/home/seventeen/Robotics-and-its-application/install/projects/lib/python3.10/site-packages'
[38.247s] Level 1:colcon.colcon_core.environment:checking '/home/seventeen/Robotics-and-its-application/install/projects/bin'
[38.247s] INFO:colcon.colcon_core.shell:Creating package script '/home/seventeen/Robotics-and-its-application/install/projects/share/projects/package.ps1'
[38.248s] INFO:colcon.colcon_core.shell:Creating package descriptor '/home/seventeen/Robotics-and-its-application/install/projects/share/projects/package.dsv'
[38.249s] INFO:colcon.colcon_core.shell:Creating package script '/home/seventeen/Robotics-and-its-application/install/projects/share/projects/package.sh'
[38.250s] INFO:colcon.colcon_core.shell:Creating package script '/home/seventeen/Robotics-and-its-application/install/projects/share/projects/package.bash'
[38.250s] INFO:colcon.colcon_core.shell:Creating package script '/home/seventeen/Robotics-and-its-application/install/projects/share/projects/package.zsh'
[38.251s] Level 1:colcon.colcon_core.environment:create_file_with_runtime_dependencies(/home/seventeen/Robotics-and-its-application/install/projects/share/colcon-core/packages/projects)
[38.430s] Level 1:colcon.colcon_core.environment:create_environment_scripts_only(projects)
[38.431s] Level 1:colcon.colcon_core.environment:checking '/home/seventeen/Robotics-and-its-application/install/projects' for CMake module files
[38.433s] Level 1:colcon.colcon_core.environment:checking '/home/seventeen/Robotics-and-its-application/install/projects' for CMake config files
[38.434s] Level 1:colcon.colcon_core.shell:create_environment_hook('projects', 'cmake_prefix_path')
[38.434s] INFO:colcon.colcon_core.shell:Creating environment hook '/home/seventeen/Robotics-and-its-application/install/projects/share/projects/hook/cmake_prefix_path.ps1'
[38.436s] INFO:colcon.colcon_core.shell:Creating environment descriptor '/home/seventeen/Robotics-and-its-application/install/projects/share/projects/hook/cmake_prefix_path.dsv'
[38.438s] INFO:colcon.colcon_core.shell:Creating environment hook '/home/seventeen/Robotics-and-its-application/install/projects/share/projects/hook/cmake_prefix_path.sh'
[38.440s] Level 1:colcon.colcon_core.environment:checking '/home/seventeen/Robotics-and-its-application/install/projects/bin'
[38.440s] Level 1:colcon.colcon_core.environment:checking '/home/seventeen/Robotics-and-its-application/install/projects/lib/pkgconfig/projects.pc'
[38.441s] Level 1:colcon.colcon_core.environment:checking '/home/seventeen/Robotics-and-its-application/install/projects/lib/python3.10/site-packages'
[38.442s] Level 1:colcon.colcon_core.environment:checking '/home/seventeen/Robotics-and-its-application/install/projects/bin'
[38.443s] INFO:colcon.colcon_core.shell:Creating package script '/home/seventeen/Robotics-and-its-application/install/projects/share/projects/package.ps1'
[38.445s] INFO:colcon.colcon_core.shell:Creating package descriptor '/home/seventeen/Robotics-and-its-application/install/projects/share/projects/package.dsv'
[38.447s] INFO:colcon.colcon_core.shell:Creating package script '/home/seventeen/Robotics-and-its-application/install/projects/share/projects/package.sh'
[38.449s] INFO:colcon.colcon_core.shell:Creating package script '/home/seventeen/Robotics-and-its-application/install/projects/share/projects/package.bash'
[38.451s] INFO:colcon.colcon_core.shell:Creating package script '/home/seventeen/Robotics-and-its-application/install/projects/share/projects/package.zsh'
[38.453s] Level 1:colcon.colcon_core.environment:create_file_with_runtime_dependencies(/home/seventeen/Robotics-and-its-application/install/projects/share/colcon-core/packages/projects)
[40.821s] DEBUG:colcon.colcon_core.event_handler.log_command:Invoked command in '/home/seventeen/Robotics-and-its-application/build/evader' returned '0': CMAKE_PREFIX_PATH=/opt/ros/humble /home/seventeen/.local/bin/cmake --build /home/seventeen/Robotics-and-its-application/build/evader -- -j8 -l8
[41.010s] DEBUG:colcon.colcon_core.event_handler.log_command:Invoking command in '/home/seventeen/Robotics-and-its-application/build/evader': CMAKE_PREFIX_PATH=/opt/ros/humble /home/seventeen/.local/bin/cmake --install /home/seventeen/Robotics-and-its-application/build/evader
[41.165s] Level 1:colcon.colcon_core.environment:create_environment_scripts_only(evader)
[41.166s] Level 1:colcon.colcon_core.environment:checking '/home/seventeen/Robotics-and-its-application/install/evader' for CMake module files
[41.167s] DEBUG:colcon.colcon_core.event_handler.log_command:Invoked command in '/home/seventeen/Robotics-and-its-application/build/evader' returned '0': CMAKE_PREFIX_PATH=/opt/ros/humble /home/seventeen/.local/bin/cmake --install /home/seventeen/Robotics-and-its-application/build/evader
[41.168s] Level 1:colcon.colcon_core.environment:checking '/home/seventeen/Robotics-and-its-application/install/evader' for CMake config files
[41.169s] Level 1:colcon.colcon_core.shell:create_environment_hook('evader', 'cmake_prefix_path')
[41.169s] INFO:colcon.colcon_core.shell:Creating environment hook '/home/seventeen/Robotics-and-its-application/install/evader/share/evader/hook/cmake_prefix_path.ps1'
[41.170s] INFO:colcon.colcon_core.shell:Creating environment descriptor '/home/seventeen/Robotics-and-its-application/install/evader/share/evader/hook/cmake_prefix_path.dsv'
[41.171s] INFO:colcon.colcon_core.shell:Creating environment hook '/home/seventeen/Robotics-and-its-application/install/evader/share/evader/hook/cmake_prefix_path.sh'
[41.172s] Level 1:colcon.colcon_core.environment:checking '/home/seventeen/Robotics-and-its-application/install/evader/lib'
[41.172s] Level 1:colcon.colcon_core.environment:checking '/home/seventeen/Robotics-and-its-application/install/evader/bin'
[41.172s] Level 1:colcon.colcon_core.environment:checking '/home/seventeen/Robotics-and-its-application/install/evader/lib/pkgconfig/evader.pc'
[41.172s] Level 1:colcon.colcon_core.environment:checking '/home/seventeen/Robotics-and-its-application/install/evader/lib/python3.10/site-packages'
[41.173s] Level 1:colcon.colcon_core.environment:checking '/home/seventeen/Robotics-and-its-application/install/evader/bin'
[41.173s] INFO:colcon.colcon_core.shell:Creating package script '/home/seventeen/Robotics-and-its-application/install/evader/share/evader/package.ps1'
[41.174s] INFO:colcon.colcon_core.shell:Creating package descriptor '/home/seventeen/Robotics-and-its-application/install/evader/share/evader/package.dsv'
[41.175s] INFO:colcon.colcon_core.shell:Creating package script '/home/seventeen/Robotics-and-its-application/install/evader/share/evader/package.sh'
[41.175s] INFO:colcon.colcon_core.shell:Creating package script '/home/seventeen/Robotics-and-its-application/install/evader/share/evader/package.bash'
[41.176s] INFO:colcon.colcon_core.shell:Creating package script '/home/seventeen/Robotics-and-its-application/install/evader/share/evader/package.zsh'
[41.177s] Level 1:colcon.colcon_core.environment:create_file_with_runtime_dependencies(/home/seventeen/Robotics-and-its-application/install/evader/share/colcon-core/packages/evader)
[41.361s] Level 1:colcon.colcon_core.environment:create_environment_scripts_only(evader)
[41.362s] Level 1:colcon.colcon_core.environment:checking '/home/seventeen/Robotics-and-its-application/install/evader' for CMake module files
[41.364s] Level 1:colcon.colcon_core.environment:checking '/home/seventeen/Robotics-and-its-application/install/evader' for CMake config files
[41.365s] Level 1:colcon.colcon_core.shell:create_environment_hook('evader', 'cmake_prefix_path')
[41.365s] INFO:colcon.colcon_core.shell:Creating environment hook '/home/seventeen/Robotics-and-its-application/install/evader/share/evader/hook/cmake_prefix_path.ps1'
[41.367s] INFO:colcon.colcon_core.shell:Creating environment descriptor '/home/seventeen/Robotics-and-its-application/install/evader/share/evader/hook/cmake_prefix_path.dsv'
[41.368s] INFO:colcon.colcon_core.shell:Creating environment hook '/home/seventeen/Robotics-and-its-application/install/evader/share/evader/hook/cmake_prefix_path.sh'
[41.370s] Level 1:colcon.colcon_core.environment:checking '/home/seventeen/Robotics-and-its-application/install/evader/lib'
[41.370s] Level 1:colcon.colcon_core.environment:checking '/home/seventeen/Robotics-and-its-application/install/evader/bin'
[41.370s] Level 1:colcon.colcon_core.environment:checking '/home/seventeen/Robotics-and-its-application/install/evader/lib/pkgconfig/evader.pc'
[41.371s] Level 1:colcon.colcon_core.environment:checking '/home/seventeen/Robotics-and-its-application/install/evader/lib/python3.10/site-packages'
[41.372s] Level 1:colcon.colcon_core.environment:checking '/home/seventeen/Robotics-and-its-application/install/evader/bin'
[41.373s] INFO:colcon.colcon_core.shell:Creating package script '/home/seventeen/Robotics-and-its-application/install/evader/share/evader/package.ps1'
[41.375s] INFO:colcon.colcon_core.shell:Creating package descriptor '/home/seventeen/Robotics-and-its-application/install/evader/share/evader/package.dsv'
[41.376s] INFO:colcon.colcon_core.shell:Creating package script '/home/seventeen/Robotics-and-its-application/install/evader/share/evader/package.sh'
[41.378s] INFO:colcon.colcon_core.shell:Creating package script '/home/seventeen/Robotics-and-its-application/install/evader/share/evader/package.bash'
[41.379s] INFO:colcon.colcon_core.shell:Creating package script '/home/seventeen/Robotics-and-its-application/install/evader/share/evader/package.zsh'
[41.381s] Level 1:colcon.colcon_core.environment:create_file_with_runtime_dependencies(/home/seventeen/Robotics-and-its-application/install/evader/share/colcon-core/packages/evader)
[41.382s] DEBUG:colcon.colcon_parallel_executor.executor.parallel:closing loop
[41.382s] DEBUG:colcon.colcon_parallel_executor.executor.parallel:loop closed
[41.383s] DEBUG:colcon.colcon_parallel_executor.executor.parallel:run_until_complete finished with '0'
[41.383s] DEBUG:colcon.colcon_core.event_reactor:joining thread
[41.403s] INFO:colcon.colcon_core.plugin_system:Skipping extension 'colcon_notification.desktop_notification.terminal_notifier': Not used on non-Darwin systems
[41.404s] INFO:colcon.colcon_core.plugin_system:Skipping extension 'colcon_notification.desktop_notification.win32': Not used on non-Windows systems
[41.404s] INFO:colcon.colcon_notification.desktop_notification:Sending desktop notification using 'notify2'
[41.434s] DEBUG:colcon.colcon_core.event_reactor:joined thread
[41.434s] INFO:colcon.colcon_core.shell:Creating prefix script '/home/seventeen/Robotics-and-its-application/install/local_setup.ps1'
[41.437s] INFO:colcon.colcon_core.shell:Creating prefix util module '/home/seventeen/Robotics-and-its-application/install/_local_setup_util_ps1.py'
[41.442s] INFO:colcon.colcon_core.shell:Creating prefix chain script '/home/seventeen/Robotics-and-its-application/install/setup.ps1'
[41.445s] INFO:colcon.colcon_core.shell:Creating prefix script '/home/seventeen/Robotics-and-its-application/install/local_setup.sh'
[41.446s] INFO:colcon.colcon_core.shell:Creating prefix util module '/home/seventeen/Robotics-and-its-application/install/_local_setup_util_sh.py'
[41.448s] INFO:colcon.colcon_core.shell:Creating prefix chain script '/home/seventeen/Robotics-and-its-application/install/setup.sh'
[41.451s] INFO:colcon.colcon_core.shell:Creating prefix script '/home/seventeen/Robotics-and-its-application/install/local_setup.bash'
[41.452s] INFO:colcon.colcon_core.shell:Creating prefix chain script '/home/seventeen/Robotics-and-its-application/install/setup.bash'
[41.455s] INFO:colcon.colcon_core.shell:Creating prefix script '/home/seventeen/Robotics-and-its-application/install/local_setup.zsh'
[41.456s] INFO:colcon.colcon_core.shell:Creating prefix chain script '/home/seventeen/Robotics-and-its-application/install/setup.zsh'
