[0.064s] Invoking command in '/home/seventeen/Robotics-and-its-application/build/shelfino_description': CMAKE_PREFIX_PATH=${CMAKE_PREFIX_PATH}:/opt/ros/humble /home/seventeen/.local/bin/cmake --build /home/seventeen/Robotics-and-its-application/build/shelfino_description -- -j8 -l8
[0.281s] Invoked command in '/home/seventeen/Robotics-and-its-application/build/shelfino_description' returned '0': CMAKE_PREFIX_PATH=${CMAKE_PREFIX_PATH}:/opt/ros/humble /home/seventeen/.local/bin/cmake --build /home/seventeen/Robotics-and-its-application/build/shelfino_description -- -j8 -l8
[0.803s] Invoking command in '/home/seventeen/Robotics-and-its-application/build/shelfino_description': CMAKE_PREFIX_PATH=${CMAKE_PREFIX_PATH}:/opt/ros/humble /home/seventeen/.local/bin/cmake --install /home/seventeen/Robotics-and-its-application/build/shelfino_description
[1.009s] -- Install configuration: ""
[1.010s] -- Up-to-date: /home/seventeen/Robotics-and-its-application/install/shelfino_description/share/shelfino_description/launch
[1.010s] -- Up-to-date: /home/seventeen/Robotics-and-its-application/install/shelfino_description/share/shelfino_description/launch/rsp.launch.py
[1.011s] -- Up-to-date: /home/seventeen/Robotics-and-its-application/install/shelfino_description/share/shelfino_description/models
[1.012s] -- Up-to-date: /home/seventeen/Robotics-and-its-application/install/shelfino_description/share/shelfino_description/models/xmas_hat
[1.013s] -- Up-to-date: /home/seventeen/Robotics-and-its-application/install/shelfino_description/share/shelfino_description/models/xmas_hat/model.sdf
[1.013s] -- Up-to-date: /home/seventeen/Robotics-and-its-application/install/shelfino_description/share/shelfino_description/models/xmas_hat/materials
[1.015s] -- Up-to-date: /home/seventeen/Robotics-and-its-application/install/shelfino_description/share/shelfino_description/models/xmas_hat/materials/textures
[1.016s] -- Up-to-date: /home/seventeen/Robotics-and-its-application/install/shelfino_description/share/shelfino_description/models/xmas_hat/materials/textures/Material.001 Base Color.png
[1.016s] -- Up-to-date: /home/seventeen/Robotics-and-its-application/install/shelfino_description/share/shelfino_description/models/xmas_hat/materials/textures/xmas_hat.png
[1.016s] -- Up-to-date: /home/seventeen/Robotics-and-its-application/install/shelfino_description/share/shelfino_description/models/xmas_hat/meshes
[1.016s] -- Up-to-date: /home/seventeen/Robotics-and-its-application/install/shelfino_description/share/shelfino_description/models/xmas_hat/meshes/xmas_hat.dae
[1.016s] -- Up-to-date: /home/seventeen/Robotics-and-its-application/install/shelfino_description/share/shelfino_description/models/xmas_hat/model.config
[1.020s] -- Up-to-date: /home/seventeen/Robotics-and-its-application/install/shelfino_description/share/shelfino_description/models/shelfino_v1
[1.020s] -- Up-to-date: /home/seventeen/Robotics-and-its-application/install/shelfino_description/share/shelfino_description/models/shelfino_v1/gazebo_classic_controls.xacro
[1.020s] -- Up-to-date: /home/seventeen/Robotics-and-its-application/install/shelfino_description/share/shelfino_description/models/shelfino_v1/xmas_hat.xacro
[1.021s] -- Up-to-date: /home/seventeen/Robotics-and-its-application/install/shelfino_description/share/shelfino_description/models/shelfino_v1/wheels.xacro
[1.021s] -- Up-to-date: /home/seventeen/Robotics-and-its-application/install/shelfino_description/share/shelfino_description/models/shelfino_v1/shelfino_body.xacro
[1.021s] -- Up-to-date: /home/seventeen/Robotics-and-its-application/install/shelfino_description/share/shelfino_description/models/shelfino_v1/lidar.xacro
[1.021s] -- Up-to-date: /home/seventeen/Robotics-and-its-application/install/shelfino_description/share/shelfino_description/models/shelfino_v1/materials.xacro
[1.022s] -- Up-to-date: /home/seventeen/Robotics-and-its-application/install/shelfino_description/share/shelfino_description/models/shelfino_v1.xacro
[1.022s] -- Up-to-date: /home/seventeen/Robotics-and-its-application/install/shelfino_description/share/shelfino_description/rviz
[1.028s] -- Up-to-date: /home/seventeen/Robotics-and-its-application/install/shelfino_description/share/shelfino_description/rviz/shelfino.rviz
[1.028s] -- Up-to-date: /home/seventeen/Robotics-and-its-application/install/shelfino_description/share/ament_index/resource_index/package_run_dependencies/shelfino_description
[1.029s] -- Up-to-date: /home/seventeen/Robotics-and-its-application/install/shelfino_description/share/ament_index/resource_index/parent_prefix_path/shelfino_description
[1.029s] -- Up-to-date: /home/seventeen/Robotics-and-its-application/install/shelfino_description/share/shelfino_description/environment/ament_prefix_path.sh
[1.034s] -- Up-to-date: /home/seventeen/Robotics-and-its-application/install/shelfino_description/share/shelfino_description/environment/ament_prefix_path.dsv
[1.034s] -- Up-to-date: /home/seventeen/Robotics-and-its-application/install/shelfino_description/share/shelfino_description/environment/path.sh
[1.034s] -- Up-to-date: /home/seventeen/Robotics-and-its-application/install/shelfino_description/share/shelfino_description/environment/path.dsv
[1.035s] -- Up-to-date: /home/seventeen/Robotics-and-its-application/install/shelfino_description/share/shelfino_description/local_setup.bash
[1.035s] -- Up-to-date: /home/seventeen/Robotics-and-its-application/install/shelfino_description/share/shelfino_description/local_setup.sh
[1.035s] -- Up-to-date: /home/seventeen/Robotics-and-its-application/install/shelfino_description/share/shelfino_description/local_setup.zsh
[1.035s] -- Up-to-date: /home/seventeen/Robotics-and-its-application/install/shelfino_description/share/shelfino_description/local_setup.dsv
[1.035s] -- Installing: /home/seventeen/Robotics-and-its-application/install/shelfino_description/share/shelfino_description/package.dsv
[1.037s] -- Up-to-date: /home/seventeen/Robotics-and-its-application/install/shelfino_description/share/ament_index/resource_index/packages/shelfino_description
[1.037s] -- Up-to-date: /home/seventeen/Robotics-and-its-application/install/shelfino_description/share/shelfino_description/cmake/shelfino_descriptionConfig.cmake
[1.037s] -- Up-to-date: /home/seventeen/Robotics-and-its-application/install/shelfino_description/share/shelfino_description/cmake/shelfino_descriptionConfig-version.cmake
[1.042s] -- Up-to-date: /home/seventeen/Robotics-and-its-application/install/shelfino_description/share/shelfino_description/package.xml
[1.112s] Invoked command in '/home/seventeen/Robotics-and-its-application/build/shelfino_description' returned '0': CMAKE_PREFIX_PATH=${CMAKE_PREFIX_PATH}:/opt/ros/humble /home/seventeen/.local/bin/cmake --install /home/seventeen/Robotics-and-its-application/build/shelfino_description
