[0.072s] Invoking command in '/home/seventeen/Robotics-and-its-application/build/obstacles_msgs': CMAKE_PREFIX_PATH=${CMAKE_PREFIX_PATH}:/opt/ros/humble /home/seventeen/.local/bin/cmake --build /home/seventeen/Robotics-and-its-application/build/obstacles_msgs -- -j8 -l8
[0.317s] [ 10%] Built target obstacles_msgs__rosidl_generator_c
[0.317s] [ 12%] Built target obstacles_msgs__cpp
[0.339s] [ 12%] Built target ament_cmake_python_copy_obstacles_msgs
[0.365s] [ 23%] Built target obstacles_msgs__rosidl_typesupport_c
[0.376s] [ 33%] Built target obstacles_msgs__rosidl_typesupport_introspection_cpp
[0.376s] [ 43%] Built target obstacles_msgs__rosidl_typesupport_cpp
[0.380s] [ 53%] Built target obstacles_msgs__rosidl_typesupport_introspection_c
[0.387s] [ 64%] Built target obstacles_msgs__rosidl_typesupport_fastrtps_c
[0.393s] [ 74%] Built target obstacles_msgs__rosidl_typesupport_fastrtps_cpp
[0.444s] [ 74%] Built target obstacles_msgs
[0.486s] [ 76%] Built target obstacles_msgs__py
[0.517s] [ 84%] Built target obstacles_msgs__rosidl_generator_py
[0.589s] [ 89%] Built target obstacles_msgs__rosidl_typesupport_introspection_c__pyext
[0.590s] [ 94%] Built target obstacles_msgs__rosidl_typesupport_c__pyext
[0.592s] [100%] Built target obstacles_msgs__rosidl_typesupport_fastrtps_c__pyext
[1.279s] running egg_info
[1.282s] writing obstacles_msgs.egg-info/PKG-INFO
[1.282s] writing dependency_links to obstacles_msgs.egg-info/dependency_links.txt
[1.283s] writing top-level names to obstacles_msgs.egg-info/top_level.txt
[1.298s] reading manifest file 'obstacles_msgs.egg-info/SOURCES.txt'
[1.302s] writing manifest file 'obstacles_msgs.egg-info/SOURCES.txt'
[1.379s] [100%] Built target ament_cmake_python_build_obstacles_msgs_egg
[1.401s] Invoked command in '/home/seventeen/Robotics-and-its-application/build/obstacles_msgs' returned '0': CMAKE_PREFIX_PATH=${CMAKE_PREFIX_PATH}:/opt/ros/humble /home/seventeen/.local/bin/cmake --build /home/seventeen/Robotics-and-its-application/build/obstacles_msgs -- -j8 -l8
