[100%] Built target destroy_shelfino
-- Install configuration: ""
-- Up-to-date: /home/seventeen/Robotics-and-its-application/install/shelfino_gazebo/lib/shelfino_gazebo/destroy_shelfino
-- Up-to-date: /home/seventeen/Robotics-and-its-application/install/shelfino_gazebo/share/shelfino_gazebo/launch
-- Up-to-date: /home/seventeen/Robotics-and-its-application/install/shelfino_gazebo/share/shelfino_gazebo/launch/shelfino.launch.py
-- Up-to-date: /home/seventeen/Robotics-and-its-application/install/shelfino_gazebo/share/shelfino_gazebo/worlds
-- Up-to-date: /home/seventeen/Robotics-and-its-application/install/shelfino_gazebo/share/shelfino_gazebo/worlds/hexagon_new
-- Up-to-date: /home/seventeen/Robotics-and-its-application/install/shelfino_gazebo/share/shelfino_gazebo/worlds/hexagon_new/model.sdf
-- Up-to-date: /home/seventeen/Robotics-and-its-application/install/shelfino_gazebo/share/shelfino_gazebo/worlds/hexagon_new/model.config
-- Up-to-date: /home/seventeen/Robotics-and-its-application/install/shelfino_gazebo/share/shelfino_gazebo/worlds/labIoTOT.world
-- Up-to-date: /home/seventeen/Robotics-and-its-application/install/shelfino_gazebo/share/shelfino_gazebo/worlds/empty.world
-- Up-to-date: /home/seventeen/Robotics-and-its-application/install/shelfino_gazebo/share/shelfino_gazebo/worlds/hexagon.world
-- Up-to-date: /home/seventeen/Robotics-and-its-application/install/shelfino_gazebo/share/shelfino_gazebo/worlds/hexagon_world
-- Up-to-date: /home/seventeen/Robotics-and-its-application/install/shelfino_gazebo/share/shelfino_gazebo/worlds/hexagon_world/model.sdf
-- Up-to-date: /home/seventeen/Robotics-and-its-application/install/shelfino_gazebo/share/shelfino_gazebo/worlds/hexagon_world/meshes
-- Up-to-date: /home/seventeen/Robotics-and-its-application/install/shelfino_gazebo/share/shelfino_gazebo/worlds/hexagon_world/meshes/hexagon.dae
-- Up-to-date: /home/seventeen/Robotics-and-its-application/install/shelfino_gazebo/share/shelfino_gazebo/worlds/hexagon_world/meshes/wall.dae
-- Up-to-date: /home/seventeen/Robotics-and-its-application/install/shelfino_gazebo/share/shelfino_gazebo/worlds/hexagon_world/model.config
-- Up-to-date: /home/seventeen/Robotics-and-its-application/install/shelfino_gazebo/share/shelfino_gazebo/worlds/hexagon_world/model-1_4.sdf
-- Up-to-date: /home/seventeen/Robotics-and-its-application/install/shelfino_gazebo/share/shelfino_gazebo/worlds/povo.world
-- Up-to-date: /home/seventeen/Robotics-and-its-application/install/shelfino_gazebo/share/shelfino_gazebo/worlds/rectangle_world
-- Up-to-date: /home/seventeen/Robotics-and-its-application/install/shelfino_gazebo/share/shelfino_gazebo/worlds/rectangle_world/model.sdf
-- Up-to-date: /home/seventeen/Robotics-and-its-application/install/shelfino_gazebo/share/shelfino_gazebo/worlds/rectangle_world/model.config
-- Up-to-date: /home/seventeen/Robotics-and-its-application/install/shelfino_gazebo/share/ament_index/resource_index/package_run_dependencies/shelfino_gazebo
-- Up-to-date: /home/seventeen/Robotics-and-its-application/install/shelfino_gazebo/share/ament_index/resource_index/parent_prefix_path/shelfino_gazebo
-- Up-to-date: /home/seventeen/Robotics-and-its-application/install/shelfino_gazebo/share/shelfino_gazebo/environment/ament_prefix_path.sh
-- Up-to-date: /home/seventeen/Robotics-and-its-application/install/shelfino_gazebo/share/shelfino_gazebo/environment/ament_prefix_path.dsv
-- Up-to-date: /home/seventeen/Robotics-and-its-application/install/shelfino_gazebo/share/shelfino_gazebo/environment/path.sh
-- Up-to-date: /home/seventeen/Robotics-and-its-application/install/shelfino_gazebo/share/shelfino_gazebo/environment/path.dsv
-- Up-to-date: /home/seventeen/Robotics-and-its-application/install/shelfino_gazebo/share/shelfino_gazebo/local_setup.bash
-- Up-to-date: /home/seventeen/Robotics-and-its-application/install/shelfino_gazebo/share/shelfino_gazebo/local_setup.sh
-- Up-to-date: /home/seventeen/Robotics-and-its-application/install/shelfino_gazebo/share/shelfino_gazebo/local_setup.zsh
-- Up-to-date: /home/seventeen/Robotics-and-its-application/install/shelfino_gazebo/share/shelfino_gazebo/local_setup.dsv
-- Installing: /home/seventeen/Robotics-and-its-application/install/shelfino_gazebo/share/shelfino_gazebo/package.dsv
-- Up-to-date: /home/seventeen/Robotics-and-its-application/install/shelfino_gazebo/share/ament_index/resource_index/packages/shelfino_gazebo
-- Up-to-date: /home/seventeen/Robotics-and-its-application/install/shelfino_gazebo/share/shelfino_gazebo/cmake/shelfino_gazeboConfig.cmake
-- Up-to-date: /home/seventeen/Robotics-and-its-application/install/shelfino_gazebo/share/shelfino_gazebo/cmake/shelfino_gazeboConfig-version.cmake
-- Up-to-date: /home/seventeen/Robotics-and-its-application/install/shelfino_gazebo/share/shelfino_gazebo/package.xml
