[0.065s] Invoking command in '/home/seventeen/Robotics-and-its-application/build/shelfino_gazebo': CMAKE_PREFIX_PATH=${CMAKE_PREFIX_PATH}:/opt/ros/humble /home/seventeen/.local/bin/cmake --build /home/seventeen/Robotics-and-its-application/build/shelfino_gazebo -- -j8 -l8
[0.321s] [100%] Built target destroy_shelfino
[0.340s] Invoked command in '/home/seventeen/Robotics-and-its-application/build/shelfino_gazebo' returned '0': CMAKE_PREFIX_PATH=${CMAKE_PREFIX_PATH}:/opt/ros/humble /home/seventeen/.local/bin/cmake --build /home/seventeen/Robotics-and-its-application/build/shelfino_gazebo -- -j8 -l8
[0.809s] Invoking command in '/home/seventeen/Robotics-and-its-application/build/shelfino_gazebo': CMAKE_PREFIX_PATH=${CMAKE_PREFIX_PATH}:/opt/ros/humble /home/seventeen/.local/bin/cmake --install /home/seventeen/Robotics-and-its-application/build/shelfino_gazebo
[1.049s] -- Install configuration: ""
[1.050s] -- Up-to-date: /home/seventeen/Robotics-and-its-application/install/shelfino_gazebo/lib/shelfino_gazebo/destroy_shelfino
[1.050s] -- Up-to-date: /home/seventeen/Robotics-and-its-application/install/shelfino_gazebo/share/shelfino_gazebo/launch
[1.051s] -- Up-to-date: /home/seventeen/Robotics-and-its-application/install/shelfino_gazebo/share/shelfino_gazebo/launch/shelfino.launch.py
[1.051s] -- Up-to-date: /home/seventeen/Robotics-and-its-application/install/shelfino_gazebo/share/shelfino_gazebo/worlds
[1.052s] -- Up-to-date: /home/seventeen/Robotics-and-its-application/install/shelfino_gazebo/share/shelfino_gazebo/worlds/hexagon_new
[1.052s] -- Up-to-date: /home/seventeen/Robotics-and-its-application/install/shelfino_gazebo/share/shelfino_gazebo/worlds/hexagon_new/model.sdf
[1.052s] -- Up-to-date: /home/seventeen/Robotics-and-its-application/install/shelfino_gazebo/share/shelfino_gazebo/worlds/hexagon_new/model.config
[1.053s] -- Up-to-date: /home/seventeen/Robotics-and-its-application/install/shelfino_gazebo/share/shelfino_gazebo/worlds/labIoTOT.world
[1.053s] -- Up-to-date: /home/seventeen/Robotics-and-its-application/install/shelfino_gazebo/share/shelfino_gazebo/worlds/empty.world
[1.053s] -- Up-to-date: /home/seventeen/Robotics-and-its-application/install/shelfino_gazebo/share/shelfino_gazebo/worlds/hexagon.world
[1.054s] -- Up-to-date: /home/seventeen/Robotics-and-its-application/install/shelfino_gazebo/share/shelfino_gazebo/worlds/hexagon_world
[1.057s] -- Up-to-date: /home/seventeen/Robotics-and-its-application/install/shelfino_gazebo/share/shelfino_gazebo/worlds/hexagon_world/model.sdf
[1.057s] -- Up-to-date: /home/seventeen/Robotics-and-its-application/install/shelfino_gazebo/share/shelfino_gazebo/worlds/hexagon_world/meshes
[1.057s] -- Up-to-date: /home/seventeen/Robotics-and-its-application/install/shelfino_gazebo/share/shelfino_gazebo/worlds/hexagon_world/meshes/hexagon.dae
[1.057s] -- Up-to-date: /home/seventeen/Robotics-and-its-application/install/shelfino_gazebo/share/shelfino_gazebo/worlds/hexagon_world/meshes/wall.dae
[1.058s] -- Up-to-date: /home/seventeen/Robotics-and-its-application/install/shelfino_gazebo/share/shelfino_gazebo/worlds/hexagon_world/model.config
[1.058s] -- Up-to-date: /home/seventeen/Robotics-and-its-application/install/shelfino_gazebo/share/shelfino_gazebo/worlds/hexagon_world/model-1_4.sdf
[1.058s] -- Up-to-date: /home/seventeen/Robotics-and-its-application/install/shelfino_gazebo/share/shelfino_gazebo/worlds/povo.world
[1.058s] -- Up-to-date: /home/seventeen/Robotics-and-its-application/install/shelfino_gazebo/share/shelfino_gazebo/worlds/rectangle_world
[1.058s] -- Up-to-date: /home/seventeen/Robotics-and-its-application/install/shelfino_gazebo/share/shelfino_gazebo/worlds/rectangle_world/model.sdf
[1.058s] -- Up-to-date: /home/seventeen/Robotics-and-its-application/install/shelfino_gazebo/share/shelfino_gazebo/worlds/rectangle_world/model.config
[1.059s] -- Up-to-date: /home/seventeen/Robotics-and-its-application/install/shelfino_gazebo/share/ament_index/resource_index/package_run_dependencies/shelfino_gazebo
[1.059s] -- Up-to-date: /home/seventeen/Robotics-and-its-application/install/shelfino_gazebo/share/ament_index/resource_index/parent_prefix_path/shelfino_gazebo
[1.060s] -- Up-to-date: /home/seventeen/Robotics-and-its-application/install/shelfino_gazebo/share/shelfino_gazebo/environment/ament_prefix_path.sh
[1.060s] -- Up-to-date: /home/seventeen/Robotics-and-its-application/install/shelfino_gazebo/share/shelfino_gazebo/environment/ament_prefix_path.dsv
[1.061s] -- Up-to-date: /home/seventeen/Robotics-and-its-application/install/shelfino_gazebo/share/shelfino_gazebo/environment/path.sh
[1.061s] -- Up-to-date: /home/seventeen/Robotics-and-its-application/install/shelfino_gazebo/share/shelfino_gazebo/environment/path.dsv
[1.061s] -- Up-to-date: /home/seventeen/Robotics-and-its-application/install/shelfino_gazebo/share/shelfino_gazebo/local_setup.bash
[1.062s] -- Up-to-date: /home/seventeen/Robotics-and-its-application/install/shelfino_gazebo/share/shelfino_gazebo/local_setup.sh
[1.062s] -- Up-to-date: /home/seventeen/Robotics-and-its-application/install/shelfino_gazebo/share/shelfino_gazebo/local_setup.zsh
[1.063s] -- Up-to-date: /home/seventeen/Robotics-and-its-application/install/shelfino_gazebo/share/shelfino_gazebo/local_setup.dsv
[1.064s] -- Installing: /home/seventeen/Robotics-and-its-application/install/shelfino_gazebo/share/shelfino_gazebo/package.dsv
[1.065s] -- Up-to-date: /home/seventeen/Robotics-and-its-application/install/shelfino_gazebo/share/ament_index/resource_index/packages/shelfino_gazebo
[1.065s] -- Up-to-date: /home/seventeen/Robotics-and-its-application/install/shelfino_gazebo/share/shelfino_gazebo/cmake/shelfino_gazeboConfig.cmake
[1.065s] -- Up-to-date: /home/seventeen/Robotics-and-its-application/install/shelfino_gazebo/share/shelfino_gazebo/cmake/shelfino_gazeboConfig-version.cmake
[1.073s] -- Up-to-date: /home/seventeen/Robotics-and-its-application/install/shelfino_gazebo/share/shelfino_gazebo/package.xml
[1.113s] Invoked command in '/home/seventeen/Robotics-and-its-application/build/shelfino_gazebo' returned '0': CMAKE_PREFIX_PATH=${CMAKE_PREFIX_PATH}:/opt/ros/humble /home/seventeen/.local/bin/cmake --install /home/seventeen/Robotics-and-its-application/build/shelfino_gazebo
