[0.026s] Invoking command in '/home/seventeen/Robotics-and-its-application/build/map_pkg': CMAKE_PREFIX_PATH=/home/seventeen/Robotics-and-its-application/install/obstacles_msgs:/home/seventeen/Robotics-and-its-application/install/projects:/home/seventeen/Robotics-and-its-application/install/shelfino_navigation:/home/seventeen/Robotics-and-its-application/install/shelfino_gazebo:/home/seventeen/Robotics-and-its-application/install/shelfino_description:/home/seventeen/Robotics-and-its-application/install/map_pkg:/home/seventeen/Robotics-and-its-application/install/evader:/opt/ros/humble /home/seventeen/.local/bin/cmake --build /home/seventeen/Robotics-and-its-application/build/map_pkg -- -j8 -l8
[0.273s] [ 20%] Built target send_obstacles
[0.273s] [ 40%] Built target send_timeout
[0.287s] [ 60%] Built target send_gates
[0.289s] [ 80%] Built target send_victims
[0.290s] [100%] Built target send_borders
[0.307s] Invoked command in '/home/seventeen/Robotics-and-its-application/build/map_pkg' returned '0': CMAKE_PREFIX_PATH=/home/seventeen/Robotics-and-its-application/install/obstacles_msgs:/home/seventeen/Robotics-and-its-application/install/projects:/home/seventeen/Robotics-and-its-application/install/shelfino_navigation:/home/seventeen/Robotics-and-its-application/install/shelfino_gazebo:/home/seventeen/Robotics-and-its-application/install/shelfino_description:/home/seventeen/Robotics-and-its-application/install/map_pkg:/home/seventeen/Robotics-and-its-application/install/evader:/opt/ros/humble /home/seventeen/.local/bin/cmake --build /home/seventeen/Robotics-and-its-application/build/map_pkg -- -j8 -l8
[0.561s] Invoking command in '/home/seventeen/Robotics-and-its-application/build/map_pkg': CMAKE_PREFIX_PATH=/home/seventeen/Robotics-and-its-application/install/obstacles_msgs:/home/seventeen/Robotics-and-its-application/install/projects:/home/seventeen/Robotics-and-its-application/install/shelfino_navigation:/home/seventeen/Robotics-and-its-application/install/shelfino_gazebo:/home/seventeen/Robotics-and-its-application/install/shelfino_description:/home/seventeen/Robotics-and-its-application/install/map_pkg:/home/seventeen/Robotics-and-its-application/install/evader:/opt/ros/humble /home/seventeen/.local/bin/cmake --install /home/seventeen/Robotics-and-its-application/build/map_pkg
[0.733s] -- Install configuration: ""
[0.733s] -- Up-to-date: /home/seventeen/Robotics-and-its-application/install/map_pkg/share/map_pkg/launch
[0.735s] -- Up-to-date: /home/seventeen/Robotics-and-its-application/install/map_pkg/share/map_pkg/launch/spawn_map.launch.py
[0.736s] -- Up-to-date: /home/seventeen/Robotics-and-its-application/install/map_pkg/share/map_pkg/launch/mapscripts
[0.737s] -- Up-to-date: /home/seventeen/Robotics-and-its-application/install/map_pkg/share/map_pkg/launch/mapscripts/spawn_borders.py
[0.737s] -- Up-to-date: /home/seventeen/Robotics-and-its-application/install/map_pkg/share/map_pkg/launch/mapscripts/spawn_utility_.py
[0.737s] -- Up-to-date: /home/seventeen/Robotics-and-its-application/install/map_pkg/share/map_pkg/launch/mapscripts/spawn_obstacles.py
[0.738s] -- Up-to-date: /home/seventeen/Robotics-and-its-application/install/map_pkg/share/map_pkg/launch/mapscripts/geo_utility.py
[0.738s] -- Up-to-date: /home/seventeen/Robotics-and-its-application/install/map_pkg/share/map_pkg/launch/mapscripts/spawn_gates.py
[0.739s] -- Up-to-date: /home/seventeen/Robotics-and-its-application/install/map_pkg/share/map_pkg/models
[0.739s] -- Up-to-date: /home/seventeen/Robotics-and-its-application/install/map_pkg/share/map_pkg/models/cylinder
[0.739s] -- Up-to-date: /home/seventeen/Robotics-and-its-application/install/map_pkg/share/map_pkg/models/cylinder/model.sdf
[0.740s] -- Up-to-date: /home/seventeen/Robotics-and-its-application/install/map_pkg/share/map_pkg/models/cylinder/model.config
[0.740s] -- Up-to-date: /home/seventeen/Robotics-and-its-application/install/map_pkg/share/map_pkg/models/gate
[0.740s] -- Up-to-date: /home/seventeen/Robotics-and-its-application/install/map_pkg/share/map_pkg/models/gate/model.sdf
[0.740s] -- Up-to-date: /home/seventeen/Robotics-and-its-application/install/map_pkg/share/map_pkg/models/gate/model.config
[0.741s] -- Up-to-date: /home/seventeen/Robotics-and-its-application/install/map_pkg/share/map_pkg/models/box
[0.741s] -- Up-to-date: /home/seventeen/Robotics-and-its-application/install/map_pkg/share/map_pkg/models/box/model.sdf
[0.741s] -- Up-to-date: /home/seventeen/Robotics-and-its-application/install/map_pkg/share/map_pkg/models/box/model.config
[0.741s] -- Up-to-date: /home/seventeen/Robotics-and-its-application/install/map_pkg/share/map_pkg/models/victim
[0.742s] -- Up-to-date: /home/seventeen/Robotics-and-its-application/install/map_pkg/share/map_pkg/models/victim/model.sdf
[0.742s] -- Up-to-date: /home/seventeen/Robotics-and-its-application/install/map_pkg/share/map_pkg/models/victim/model.config
[0.743s] -- Up-to-date: /home/seventeen/Robotics-and-its-application/install/map_pkg/share/map_pkg/config
[0.745s] -- Up-to-date: /home/seventeen/Robotics-and-its-application/install/map_pkg/share/map_pkg/config/demos
[0.746s] -- Up-to-date: /home/seventeen/Robotics-and-its-application/install/map_pkg/share/map_pkg/config/demos/victims
[0.746s] -- Up-to-date: /home/seventeen/Robotics-and-its-application/install/map_pkg/share/map_pkg/config/demos/victims/victims2.yaml
[0.746s] -- Up-to-date: /home/seventeen/Robotics-and-its-application/install/map_pkg/share/map_pkg/config/demos/victims/victims4.yaml
[0.747s] -- Up-to-date: /home/seventeen/Robotics-and-its-application/install/map_pkg/share/map_pkg/config/demos/victims/victims1.yaml
[0.747s] -- Up-to-date: /home/seventeen/Robotics-and-its-application/install/map_pkg/share/map_pkg/config/demos/victims/victims3.yaml
[0.747s] -- Up-to-date: /home/seventeen/Robotics-and-its-application/install/map_pkg/share/map_pkg/config/demos/evacuation
[0.747s] -- Up-to-date: /home/seventeen/Robotics-and-its-application/install/map_pkg/share/map_pkg/config/demos/evacuation/evacuation3.yaml
[0.748s] -- Up-to-date: /home/seventeen/Robotics-and-its-application/install/map_pkg/share/map_pkg/config/demos/evacuation/evacuation2.yaml
[0.748s] -- Up-to-date: /home/seventeen/Robotics-and-its-application/install/map_pkg/share/map_pkg/config/demos/evacuation/evacuation4.yaml
[0.749s] -- Up-to-date: /home/seventeen/Robotics-and-its-application/install/map_pkg/share/map_pkg/config/demos/evacuation/evacuation1.yaml
[0.749s] -- Up-to-date: /home/seventeen/Robotics-and-its-application/install/map_pkg/share/map_pkg/config/map_config.yaml
[0.750s] -- Up-to-date: /home/seventeen/Robotics-and-its-application/install/map_pkg/lib/map_pkg/send_borders
[0.750s] -- Up-to-date: /home/seventeen/Robotics-and-its-application/install/map_pkg/lib/map_pkg/send_gates
[0.750s] -- Up-to-date: /home/seventeen/Robotics-and-its-application/install/map_pkg/lib/map_pkg/send_obstacles
[0.751s] -- Up-to-date: /home/seventeen/Robotics-and-its-application/install/map_pkg/lib/map_pkg/send_victims
[0.751s] -- Up-to-date: /home/seventeen/Robotics-and-its-application/install/map_pkg/lib/map_pkg/send_timeout
[0.751s] -- Up-to-date: /home/seventeen/Robotics-and-its-application/install/map_pkg/lib/map_pkg/create_map_pgm.py
[0.751s] -- Up-to-date: /home/seventeen/Robotics-and-its-application/install/map_pkg/lib/map_pkg/generate_config_file.py
[0.751s] -- Up-to-date: /home/seventeen/Robotics-and-its-application/install/map_pkg/share/ament_index/resource_index/package_run_dependencies/map_pkg
[0.752s] -- Up-to-date: /home/seventeen/Robotics-and-its-application/install/map_pkg/share/ament_index/resource_index/parent_prefix_path/map_pkg
[0.752s] -- Up-to-date: /home/seventeen/Robotics-and-its-application/install/map_pkg/share/map_pkg/environment/ament_prefix_path.sh
[0.753s] -- Up-to-date: /home/seventeen/Robotics-and-its-application/install/map_pkg/share/map_pkg/environment/ament_prefix_path.dsv
[0.754s] -- Up-to-date: /home/seventeen/Robotics-and-its-application/install/map_pkg/share/map_pkg/environment/path.sh
[0.756s] -- Up-to-date: /home/seventeen/Robotics-and-its-application/install/map_pkg/share/map_pkg/environment/path.dsv
[0.758s] -- Up-to-date: /home/seventeen/Robotics-and-its-application/install/map_pkg/share/map_pkg/local_setup.bash
[0.760s] -- Up-to-date: /home/seventeen/Robotics-and-its-application/install/map_pkg/share/map_pkg/local_setup.sh
[0.761s] -- Up-to-date: /home/seventeen/Robotics-and-its-application/install/map_pkg/share/map_pkg/local_setup.zsh
[0.763s] -- Up-to-date: /home/seventeen/Robotics-and-its-application/install/map_pkg/share/map_pkg/local_setup.dsv
[0.764s] -- Installing: /home/seventeen/Robotics-and-its-application/install/map_pkg/share/map_pkg/package.dsv
[0.766s] -- Up-to-date: /home/seventeen/Robotics-and-its-application/install/map_pkg/share/ament_index/resource_index/packages/map_pkg
[0.767s] -- Up-to-date: /home/seventeen/Robotics-and-its-application/install/map_pkg/share/map_pkg/cmake/map_pkgConfig.cmake
[0.771s] -- Up-to-date: /home/seventeen/Robotics-and-its-application/install/map_pkg/share/map_pkg/cmake/map_pkgConfig-version.cmake
[0.773s] -- Up-to-date: /home/seventeen/Robotics-and-its-application/install/map_pkg/share/map_pkg/package.xml
[0.773s] Invoked command in '/home/seventeen/Robotics-and-its-application/build/map_pkg' returned '0': CMAKE_PREFIX_PATH=/home/seventeen/Robotics-and-its-application/install/obstacles_msgs:/home/seventeen/Robotics-and-its-application/install/projects:/home/seventeen/Robotics-and-its-application/install/shelfino_navigation:/home/seventeen/Robotics-and-its-application/install/shelfino_gazebo:/home/seventeen/Robotics-and-its-application/install/shelfino_description:/home/seventeen/Robotics-and-its-application/install/map_pkg:/home/seventeen/Robotics-and-its-application/install/evader:/opt/ros/humble /home/seventeen/.local/bin/cmake --install /home/seventeen/Robotics-and-its-application/build/map_pkg
