[0.011s] Invoking command in '/home/sincerejuliya/Documents/ros_ws/src/graph_for_task_planner_msg/build/graph_for_task_planner_msg': CMAKE_PREFIX_PATH=${CMAKE_PREFIX_PATH}:/home/sincerejuliya/Documents/ros_ws/src/install/obstacles_msgs:/opt/ros/humble /usr/bin/cmake /home/sincerejuliya/Documents/ros_ws/src/graph_for_task_planner_msg -DCMAKE_INSTALL_PREFIX=/home/sincerejuliya/Documents/ros_ws/src/graph_for_task_planner_msg/install/graph_for_task_planner_msg
[0.067s] -- The C compiler identification is GNU 11.4.0
[0.112s] -- The CXX compiler identification is GNU 11.4.0
[0.118s] -- Detecting C compiler ABI info
[0.179s] -- Detecting C compiler ABI info - done
[0.184s] -- Check for working C compiler: /usr/bin/cc - skipped
[0.184s] -- Detecting C compile features
[0.185s] -- Detecting C compile features - done
[0.187s] -- Detecting CXX compiler ABI info
[0.255s] -- Detecting CXX compiler ABI info - done
[0.260s] -- Check for working CXX compiler: /usr/bin/c++ - skipped
[0.260s] -- Detecting CXX compile features
[0.261s] -- Detecting CXX compile features - done
[0.264s] -- Found rosidl_default_generators: 1.2.0 (/opt/ros/humble/share/rosidl_default_generators/cmake)
[0.268s] -- Found ament_cmake_core: 1.3.10 (/opt/ros/humble/share/ament_cmake_core/cmake)
[0.385s] -- Found Python3: /usr/bin/python3 (found version "3.10.12") found components: Interpreter 
[0.441s] -- Using all available rosidl_typesupport_c: rosidl_typesupport_fastrtps_c;rosidl_typesupport_introspection_c
[0.455s] -- Found rosidl_adapter: 3.1.5 (/opt/ros/humble/share/rosidl_adapter/cmake)
[0.558s] -- Using all available rosidl_typesupport_cpp: rosidl_typesupport_fastrtps_cpp;rosidl_typesupport_introspection_cpp
[0.737s] [31mCMake Error at /opt/ros/humble/share/rosidl_cmake/cmake/rosidl_generate_interfaces.cmake:229 (message):
[0.737s]   Packages installing interfaces must include
[0.737s]   '<member_of_group>rosidl_interface_packages</member_of_group>' in their
[0.737s]   package.xml
[0.737s] Call Stack (most recent call first):
[0.737s]   CMakeLists.txt:11 (rosidl_generate_interfaces)
[0.737s] 
[0.737s] [0m
[0.737s] -- Configuring incomplete, errors occurred!
[0.737s] See also "/home/sincerejuliya/Documents/ros_ws/src/graph_for_task_planner_msg/build/graph_for_task_planner_msg/CMakeFiles/CMakeOutput.log".
[0.744s] Invoked command in '/home/sincerejuliya/Documents/ros_ws/src/graph_for_task_planner_msg/build/graph_for_task_planner_msg' returned '1': CMAKE_PREFIX_PATH=${CMAKE_PREFIX_PATH}:/home/sincerejuliya/Documents/ros_ws/src/install/obstacles_msgs:/opt/ros/humble /usr/bin/cmake /home/sincerejuliya/Documents/ros_ws/src/graph_for_task_planner_msg -DCMAKE_INSTALL_PREFIX=/home/sincerejuliya/Documents/ros_ws/src/graph_for_task_planner_msg/install/graph_for_task_planner_msg
