[0.064s] Invoking command in '/home/seventeen/Robotics-and-its-application/build/obstacles_msgs': CMAKE_PREFIX_PATH=/opt/ros/humble /home/seventeen/.local/bin/cmake /home/seventeen/Robotics-and-its-application/src/Shelfino_ROS2/obstacles_msgs -DCMAKE_INSTALL_PREFIX=/home/seventeen/Robotics-and-its-application/install/obstacles_msgs
[0.280s] [0mCMake Deprecation Warning at CMakeLists.txt:1 (cmake_minimum_required):
[0.280s]   Compatibility with CMake < 3.10 will be removed from a future version of
[0.280s]   CMake.
[0.280s] 
[0.281s]   Update the VERSION argument <min> value or use a ...<max> suffix to tell
[0.281s]   CMake that the project does not need compatibility with older versions.
[0.281s] 
[0.282s] [0m
[0.407s] -- The C compiler identification is GNU 11.4.0
[0.573s] -- The CXX compiler identification is GNU 11.4.0
[0.594s] -- Detecting C compiler ABI info
[0.771s] -- Detecting C compiler ABI info - done
[0.817s] -- Check for working C compiler: /usr/bin/cc - skipped
[0.819s] -- Detecting C compile features
[0.819s] -- Detecting C compile features - done
[0.855s] -- Detecting CXX compiler ABI info
[1.057s] -- Detecting CXX compiler ABI info - done
[1.103s] -- Check for working CXX compiler: /usr/bin/c++ - skipped
[1.107s] -- Detecting CXX compile features
[1.107s] -- Detecting CXX compile features - done
[1.126s] -- Found ament_cmake: 1.3.10 (/opt/ros/humble/share/ament_cmake/cmake)
[1.503s] -- Found Python3: /usr/bin/python3 (found version "3.10.12") found components: Interpreter
[1.757s] -- Found builtin_interfaces: 1.2.1 (/opt/ros/humble/share/builtin_interfaces/cmake)
[1.875s] -- Found rosidl_generator_c: 3.1.5 (/opt/ros/humble/share/rosidl_generator_c/cmake)
[1.889s] -- Found rosidl_adapter: 3.1.5 (/opt/ros/humble/share/rosidl_adapter/cmake)
[1.918s] -- Found rosidl_generator_cpp: 3.1.5 (/opt/ros/humble/share/rosidl_generator_cpp/cmake)
[1.952s] -- Using all available rosidl_typesupport_c: rosidl_typesupport_fastrtps_c;rosidl_typesupport_introspection_c
[1.999s] -- Using all available rosidl_typesupport_cpp: rosidl_typesupport_fastrtps_cpp;rosidl_typesupport_introspection_cpp
[2.036s] -- Found geometry_msgs: 4.2.4 (/opt/ros/humble/share/geometry_msgs/cmake)
[2.121s] -- Found rosidl_default_generators: 1.2.0 (/opt/ros/humble/share/rosidl_default_generators/cmake)
[3.072s] -- Found ament_cmake_ros: 0.10.0 (/opt/ros/humble/share/ament_cmake_ros/cmake)
[4.814s] -- Using all available rosidl_typesupport_c: rosidl_typesupport_fastrtps_c;rosidl_typesupport_introspection_c
[5.458s] -- Using all available rosidl_typesupport_cpp: rosidl_typesupport_fastrtps_cpp;rosidl_typesupport_introspection_cpp
[5.475s] [33mCMake Warning (dev) at /opt/ros/humble/share/rosidl_generator_py/cmake/rosidl_generator_py_generate_interfaces.cmake:20 (find_package):
[5.475s]   Policy CMP0148 is not set: The FindPythonInterp and FindPythonLibs modules
[5.475s]   are removed.  Run "cmake --help-policy CMP0148" for policy details.  Use
[5.475s]   the cmake_policy command to set the policy and suppress this warning.
[5.476s] 
[5.476s] Call Stack (most recent call first):
[5.476s]   /opt/ros/humble/share/ament_cmake_core/cmake/core/ament_execute_extensions.cmake:48 (include)
[5.476s]   /opt/ros/humble/share/rosidl_cmake/cmake/rosidl_generate_interfaces.cmake:286 (ament_execute_extensions)
[5.476s]   CMakeLists.txt:20 (rosidl_generate_interfaces)
[5.476s] This warning is for project developers.  Use -Wno-dev to suppress it.
[5.476s] [0m
[5.513s] -- Found PythonInterp: /usr/bin/python3 (found suitable version "3.10.12", minimum required is "3.6")
[5.520s] -- Found python_cmake_module: 0.10.0 (/opt/ros/humble/share/python_cmake_module/cmake)
[5.522s] [33mCMake Warning (dev) at /opt/ros/humble/share/python_cmake_module/cmake/Modules/FindPythonExtra.cmake:52 (find_package):
[5.523s]   Policy CMP0148 is not set: The FindPythonInterp and FindPythonLibs modules
[5.523s]   are removed.  Run "cmake --help-policy CMP0148" for policy details.  Use
[5.523s]   the cmake_policy command to set the policy and suppress this warning.
[5.523s] 
[5.523s] Call Stack (most recent call first):
[5.523s]   /opt/ros/humble/share/rosidl_generator_py/cmake/rosidl_generator_py_generate_interfaces.cmake:23 (find_package)
[5.523s]   /opt/ros/humble/share/ament_cmake_core/cmake/core/ament_execute_extensions.cmake:48 (include)
[5.523s]   /opt/ros/humble/share/rosidl_cmake/cmake/rosidl_generate_interfaces.cmake:286 (ament_execute_extensions)
[5.524s]   CMakeLists.txt:20 (rosidl_generate_interfaces)
[5.524s] This warning is for project developers.  Use -Wno-dev to suppress it.
[5.524s] [0m
[5.572s] [33mCMake Warning (dev) at /opt/ros/humble/share/python_cmake_module/cmake/Modules/FindPythonExtra.cmake:140 (find_package):
[5.572s]   Policy CMP0148 is not set: The FindPythonInterp and FindPythonLibs modules
[5.573s]   are removed.  Run "cmake --help-policy CMP0148" for policy details.  Use
[5.573s]   the cmake_policy command to set the policy and suppress this warning.
[5.573s] 
[5.573s] Call Stack (most recent call first):
[5.574s]   /opt/ros/humble/share/rosidl_generator_py/cmake/rosidl_generator_py_generate_interfaces.cmake:23 (find_package)
[5.574s]   /opt/ros/humble/share/ament_cmake_core/cmake/core/ament_execute_extensions.cmake:48 (include)
[5.574s]   /opt/ros/humble/share/rosidl_cmake/cmake/rosidl_generate_interfaces.cmake:286 (ament_execute_extensions)
[5.574s]   CMakeLists.txt:20 (rosidl_generate_interfaces)
[5.574s] This warning is for project developers.  Use -Wno-dev to suppress it.
[5.575s] [0m
[5.595s] -- Found PythonLibs: /usr/lib/x86_64-linux-gnu/libpython3.10.so (found suitable version "3.10.12", minimum required is "3.5")
[5.595s] -- Using PYTHON_EXECUTABLE: /usr/bin/python3
[5.596s] -- Using PYTHON_INCLUDE_DIRS: /usr/include/python3.10
[5.596s] -- Using PYTHON_LIBRARIES: /usr/lib/x86_64-linux-gnu/libpython3.10.so
[5.639s] -- Found PythonExtra: .so
[5.826s] -- Configuring done (5.6s)
[5.928s] -- Generating done (0.1s)
[5.929s] -- Build files have been written to: /home/seventeen/Robotics-and-its-application/build/obstacles_msgs
