[0.077s] Invoking command in '/home/seventeen/Robotics-and-its-application/build/obstacles_msgs': CMAKE_PREFIX_PATH=${CMAKE_PREFIX_PATH}:/opt/ros/humble /home/seventeen/.local/bin/cmake --build /home/seventeen/Robotics-and-its-application/build/obstacles_msgs -- -j8 -l8
[0.381s] [  2%] Built target obstacles_msgs__cpp
[0.389s] [  2%] Built target ament_cmake_python_copy_obstacles_msgs
[0.391s] [ 12%] Built target obstacles_msgs__rosidl_generator_c
[0.455s] [ 23%] Built target obstacles_msgs__rosidl_typesupport_introspection_cpp
[0.469s] [ 33%] Built target obstacles_msgs__rosidl_typesupport_fastrtps_cpp
[0.476s] [ 43%] Built target obstacles_msgs__rosidl_typesupport_fastrtps_c
[0.478s] [ 53%] Built target obstacles_msgs__rosidl_typesupport_cpp
[0.479s] [ 64%] Built target obstacles_msgs__rosidl_typesupport_c
[0.486s] [ 74%] Built target obstacles_msgs__rosidl_typesupport_introspection_c
[0.532s] [ 74%] Built target obstacles_msgs
[0.594s] [ 76%] Built target obstacles_msgs__py
[0.658s] [ 84%] Built target obstacles_msgs__rosidl_generator_py
[0.710s] [ 89%] Built target obstacles_msgs__rosidl_typesupport_introspection_c__pyext
[0.718s] [ 94%] Built target obstacles_msgs__rosidl_typesupport_fastrtps_c__pyext
[0.721s] [100%] Built target obstacles_msgs__rosidl_typesupport_c__pyext
[1.169s] running egg_info
[1.185s] writing obstacles_msgs.egg-info/PKG-INFO
[1.185s] writing dependency_links to obstacles_msgs.egg-info/dependency_links.txt
[1.185s] writing top-level names to obstacles_msgs.egg-info/top_level.txt
[1.188s] reading manifest file 'obstacles_msgs.egg-info/SOURCES.txt'
[1.189s] writing manifest file 'obstacles_msgs.egg-info/SOURCES.txt'
[1.233s] [100%] Built target ament_cmake_python_build_obstacles_msgs_egg
[1.302s] Invoked command in '/home/seventeen/Robotics-and-its-application/build/obstacles_msgs' returned '0': CMAKE_PREFIX_PATH=${CMAKE_PREFIX_PATH}:/opt/ros/humble /home/seventeen/.local/bin/cmake --build /home/seventeen/Robotics-and-its-application/build/obstacles_msgs -- -j8 -l8
[1.704s] Invoking command in '/home/seventeen/Robotics-and-its-application/build/obstacles_msgs': CMAKE_PREFIX_PATH=${CMAKE_PREFIX_PATH}:/opt/ros/humble /home/seventeen/.local/bin/cmake --install /home/seventeen/Robotics-and-its-application/build/obstacles_msgs
[1.865s] -- Install configuration: ""
[1.866s] -- Up-to-date: /home/seventeen/Robotics-and-its-application/install/obstacles_msgs/share/ament_index/resource_index/rosidl_interfaces/obstacles_msgs
[1.867s] -- Up-to-date: /home/seventeen/Robotics-and-its-application/install/obstacles_msgs/include/obstacles_msgs/obstacles_msgs
[1.867s] -- Up-to-date: /home/seventeen/Robotics-and-its-application/install/obstacles_msgs/include/obstacles_msgs/obstacles_msgs/msg
[1.868s] -- Up-to-date: /home/seventeen/Robotics-and-its-application/install/obstacles_msgs/include/obstacles_msgs/obstacles_msgs/msg/rosidl_generator_c__visibility_control.h
[1.869s] -- Up-to-date: /home/seventeen/Robotics-and-its-application/install/obstacles_msgs/include/obstacles_msgs/obstacles_msgs/msg/obstacle_msg.h
[1.869s] -- Up-to-date: /home/seventeen/Robotics-and-its-application/install/obstacles_msgs/include/obstacles_msgs/obstacles_msgs/msg/detail
[1.869s] -- Up-to-date: /home/seventeen/Robotics-and-its-application/install/obstacles_msgs/include/obstacles_msgs/obstacles_msgs/msg/detail/obstacle_msg__struct.h
[1.870s] -- Up-to-date: /home/seventeen/Robotics-and-its-application/install/obstacles_msgs/include/obstacles_msgs/obstacles_msgs/msg/detail/obstacle_array_msg__struct.h
[1.870s] -- Up-to-date: /home/seventeen/Robotics-and-its-application/install/obstacles_msgs/include/obstacles_msgs/obstacles_msgs/msg/detail/obstacle_array_msg__functions.h
[1.870s] -- Up-to-date: /home/seventeen/Robotics-and-its-application/install/obstacles_msgs/include/obstacles_msgs/obstacles_msgs/msg/detail/obstacle_msg__functions.h
[1.871s] -- Up-to-date: /home/seventeen/Robotics-and-its-application/install/obstacles_msgs/include/obstacles_msgs/obstacles_msgs/msg/detail/obstacle_array_msg__type_support.h
[1.871s] -- Up-to-date: /home/seventeen/Robotics-and-its-application/install/obstacles_msgs/include/obstacles_msgs/obstacles_msgs/msg/detail/obstacle_msg__functions.c
[1.871s] -- Up-to-date: /home/seventeen/Robotics-and-its-application/install/obstacles_msgs/include/obstacles_msgs/obstacles_msgs/msg/detail/obstacle_msg__type_support.h
[1.872s] -- Up-to-date: /home/seventeen/Robotics-and-its-application/install/obstacles_msgs/include/obstacles_msgs/obstacles_msgs/msg/detail/obstacle_array_msg__functions.c
[1.872s] -- Up-to-date: /home/seventeen/Robotics-and-its-application/install/obstacles_msgs/include/obstacles_msgs/obstacles_msgs/msg/obstacle_array_msg.h
[1.872s] -- Up-to-date: /home/seventeen/Robotics-and-its-application/install/obstacles_msgs/share/obstacles_msgs/environment/library_path.sh
[1.872s] -- Up-to-date: /home/seventeen/Robotics-and-its-application/install/obstacles_msgs/share/obstacles_msgs/environment/library_path.dsv
[1.873s] -- Up-to-date: /home/seventeen/Robotics-and-its-application/install/obstacles_msgs/lib/libobstacles_msgs__rosidl_generator_c.so
[1.873s] -- Up-to-date: /home/seventeen/Robotics-and-its-application/install/obstacles_msgs/include/obstacles_msgs/obstacles_msgs
[1.873s] -- Up-to-date: /home/seventeen/Robotics-and-its-application/install/obstacles_msgs/include/obstacles_msgs/obstacles_msgs/msg
[1.874s] -- Up-to-date: /home/seventeen/Robotics-and-its-application/install/obstacles_msgs/include/obstacles_msgs/obstacles_msgs/msg/detail
[1.874s] -- Up-to-date: /home/seventeen/Robotics-and-its-application/install/obstacles_msgs/include/obstacles_msgs/obstacles_msgs/msg/detail/obstacle_array_msg__rosidl_typesupport_fastrtps_c.h
[1.874s] -- Up-to-date: /home/seventeen/Robotics-and-its-application/install/obstacles_msgs/include/obstacles_msgs/obstacles_msgs/msg/detail/obstacle_msg__rosidl_typesupport_fastrtps_c.h
[1.874s] -- Up-to-date: /home/seventeen/Robotics-and-its-application/install/obstacles_msgs/include/obstacles_msgs/obstacles_msgs/msg/rosidl_typesupport_fastrtps_c__visibility_control.h
[1.875s] -- Up-to-date: /home/seventeen/Robotics-and-its-application/install/obstacles_msgs/lib/libobstacles_msgs__rosidl_typesupport_fastrtps_c.so
[1.875s] -- Up-to-date: /home/seventeen/Robotics-and-its-application/install/obstacles_msgs/include/obstacles_msgs/obstacles_msgs
[1.875s] -- Up-to-date: /home/seventeen/Robotics-and-its-application/install/obstacles_msgs/include/obstacles_msgs/obstacles_msgs/msg
[1.875s] -- Up-to-date: /home/seventeen/Robotics-and-its-application/install/obstacles_msgs/include/obstacles_msgs/obstacles_msgs/msg/obstacle_msg.hpp
[1.876s] -- Up-to-date: /home/seventeen/Robotics-and-its-application/install/obstacles_msgs/include/obstacles_msgs/obstacles_msgs/msg/detail
[1.876s] -- Up-to-date: /home/seventeen/Robotics-and-its-application/install/obstacles_msgs/include/obstacles_msgs/obstacles_msgs/msg/detail/obstacle_msg__traits.hpp
[1.876s] -- Up-to-date: /home/seventeen/Robotics-and-its-application/install/obstacles_msgs/include/obstacles_msgs/obstacles_msgs/msg/detail/obstacle_msg__struct.hpp
[1.876s] -- Up-to-date: /home/seventeen/Robotics-and-its-application/install/obstacles_msgs/include/obstacles_msgs/obstacles_msgs/msg/detail/obstacle_array_msg__builder.hpp
[1.877s] -- Up-to-date: /home/seventeen/Robotics-and-its-application/install/obstacles_msgs/include/obstacles_msgs/obstacles_msgs/msg/detail/obstacle_msg__builder.hpp
[1.877s] -- Up-to-date: /home/seventeen/Robotics-and-its-application/install/obstacles_msgs/include/obstacles_msgs/obstacles_msgs/msg/detail/obstacle_array_msg__struct.hpp
[1.877s] -- Up-to-date: /home/seventeen/Robotics-and-its-application/install/obstacles_msgs/include/obstacles_msgs/obstacles_msgs/msg/detail/obstacle_array_msg__traits.hpp
[1.877s] -- Up-to-date: /home/seventeen/Robotics-and-its-application/install/obstacles_msgs/include/obstacles_msgs/obstacles_msgs/msg/obstacle_array_msg.hpp
[1.877s] -- Up-to-date: /home/seventeen/Robotics-and-its-application/install/obstacles_msgs/include/obstacles_msgs/obstacles_msgs
[1.878s] -- Up-to-date: /home/seventeen/Robotics-and-its-application/install/obstacles_msgs/include/obstacles_msgs/obstacles_msgs/msg
[1.878s] -- Up-to-date: /home/seventeen/Robotics-and-its-application/install/obstacles_msgs/include/obstacles_msgs/obstacles_msgs/msg/rosidl_typesupport_fastrtps_cpp__visibility_control.h
[1.878s] -- Up-to-date: /home/seventeen/Robotics-and-its-application/install/obstacles_msgs/include/obstacles_msgs/obstacles_msgs/msg/detail
[1.878s] -- Up-to-date: /home/seventeen/Robotics-and-its-application/install/obstacles_msgs/include/obstacles_msgs/obstacles_msgs/msg/detail/obstacle_array_msg__rosidl_typesupport_fastrtps_cpp.hpp
[1.879s] -- Up-to-date: /home/seventeen/Robotics-and-its-application/install/obstacles_msgs/include/obstacles_msgs/obstacles_msgs/msg/detail/dds_fastrtps
[1.879s] -- Up-to-date: /home/seventeen/Robotics-and-its-application/install/obstacles_msgs/include/obstacles_msgs/obstacles_msgs/msg/detail/obstacle_msg__rosidl_typesupport_fastrtps_cpp.hpp
[1.879s] -- Up-to-date: /home/seventeen/Robotics-and-its-application/install/obstacles_msgs/lib/libobstacles_msgs__rosidl_typesupport_fastrtps_cpp.so
[1.879s] -- Up-to-date: /home/seventeen/Robotics-and-its-application/install/obstacles_msgs/include/obstacles_msgs/obstacles_msgs
[1.879s] -- Up-to-date: /home/seventeen/Robotics-and-its-application/install/obstacles_msgs/include/obstacles_msgs/obstacles_msgs/msg
[1.880s] -- Up-to-date: /home/seventeen/Robotics-and-its-application/install/obstacles_msgs/include/obstacles_msgs/obstacles_msgs/msg/rosidl_typesupport_introspection_c__visibility_control.h
[1.880s] -- Up-to-date: /home/seventeen/Robotics-and-its-application/install/obstacles_msgs/include/obstacles_msgs/obstacles_msgs/msg/detail
[1.880s] -- Up-to-date: /home/seventeen/Robotics-and-its-application/install/obstacles_msgs/include/obstacles_msgs/obstacles_msgs/msg/detail/obstacle_msg__rosidl_typesupport_introspection_c.h
[1.880s] -- Up-to-date: /home/seventeen/Robotics-and-its-application/install/obstacles_msgs/include/obstacles_msgs/obstacles_msgs/msg/detail/obstacle_array_msg__type_support.c
[1.881s] -- Up-to-date: /home/seventeen/Robotics-and-its-application/install/obstacles_msgs/include/obstacles_msgs/obstacles_msgs/msg/detail/obstacle_msg__type_support.c
[1.881s] -- Up-to-date: /home/seventeen/Robotics-and-its-application/install/obstacles_msgs/include/obstacles_msgs/obstacles_msgs/msg/detail/obstacle_array_msg__rosidl_typesupport_introspection_c.h
[1.881s] -- Up-to-date: /home/seventeen/Robotics-and-its-application/install/obstacles_msgs/lib/libobstacles_msgs__rosidl_typesupport_introspection_c.so
[1.881s] -- Up-to-date: /home/seventeen/Robotics-and-its-application/install/obstacles_msgs/lib/libobstacles_msgs__rosidl_typesupport_c.so
[1.881s] -- Up-to-date: /home/seventeen/Robotics-and-its-application/install/obstacles_msgs/include/obstacles_msgs/obstacles_msgs
[1.882s] -- Up-to-date: /home/seventeen/Robotics-and-its-application/install/obstacles_msgs/include/obstacles_msgs/obstacles_msgs/msg
[1.882s] -- Up-to-date: /home/seventeen/Robotics-and-its-application/install/obstacles_msgs/include/obstacles_msgs/obstacles_msgs/msg/detail
[1.882s] -- Up-to-date: /home/seventeen/Robotics-and-its-application/install/obstacles_msgs/include/obstacles_msgs/obstacles_msgs/msg/detail/obstacle_msg__type_support.cpp
[1.882s] -- Up-to-date: /home/seventeen/Robotics-and-its-application/install/obstacles_msgs/include/obstacles_msgs/obstacles_msgs/msg/detail/obstacle_array_msg__rosidl_typesupport_introspection_cpp.hpp
[1.882s] -- Up-to-date: /home/seventeen/Robotics-and-its-application/install/obstacles_msgs/include/obstacles_msgs/obstacles_msgs/msg/detail/obstacle_array_msg__type_support.cpp
[1.883s] -- Up-to-date: /home/seventeen/Robotics-and-its-application/install/obstacles_msgs/include/obstacles_msgs/obstacles_msgs/msg/detail/obstacle_msg__rosidl_typesupport_introspection_cpp.hpp
[1.883s] -- Up-to-date: /home/seventeen/Robotics-and-its-application/install/obstacles_msgs/lib/libobstacles_msgs__rosidl_typesupport_introspection_cpp.so
[1.883s] -- Up-to-date: /home/seventeen/Robotics-and-its-application/install/obstacles_msgs/lib/libobstacles_msgs__rosidl_typesupport_cpp.so
[1.883s] -- Up-to-date: /home/seventeen/Robotics-and-its-application/install/obstacles_msgs/share/obstacles_msgs/environment/pythonpath.sh
[1.883s] -- Up-to-date: /home/seventeen/Robotics-and-its-application/install/obstacles_msgs/share/obstacles_msgs/environment/pythonpath.dsv
[1.884s] -- Up-to-date: /home/seventeen/Robotics-and-its-application/install/obstacles_msgs/local/lib/python3.10/dist-packages/obstacles_msgs-0.1.2-py3.10.egg-info
[1.884s] -- Installing: /home/seventeen/Robotics-and-its-application/install/obstacles_msgs/local/lib/python3.10/dist-packages/obstacles_msgs-0.1.2-py3.10.egg-info/dependency_links.txt
[1.884s] -- Installing: /home/seventeen/Robotics-and-its-application/install/obstacles_msgs/local/lib/python3.10/dist-packages/obstacles_msgs-0.1.2-py3.10.egg-info/PKG-INFO
[1.884s] -- Installing: /home/seventeen/Robotics-and-its-application/install/obstacles_msgs/local/lib/python3.10/dist-packages/obstacles_msgs-0.1.2-py3.10.egg-info/top_level.txt
[1.884s] -- Installing: /home/seventeen/Robotics-and-its-application/install/obstacles_msgs/local/lib/python3.10/dist-packages/obstacles_msgs-0.1.2-py3.10.egg-info/SOURCES.txt
[1.885s] -- Up-to-date: /home/seventeen/Robotics-and-its-application/install/obstacles_msgs/local/lib/python3.10/dist-packages/obstacles_msgs
[1.885s] -- Up-to-date: /home/seventeen/Robotics-and-its-application/install/obstacles_msgs/local/lib/python3.10/dist-packages/obstacles_msgs/libobstacles_msgs__rosidl_generator_py.so
[1.885s] -- Up-to-date: /home/seventeen/Robotics-and-its-application/install/obstacles_msgs/local/lib/python3.10/dist-packages/obstacles_msgs/obstacles_msgs_s__rosidl_typesupport_introspection_c.cpython-310-x86_64-linux-gnu.so
[1.885s] -- Up-to-date: /home/seventeen/Robotics-and-its-application/install/obstacles_msgs/local/lib/python3.10/dist-packages/obstacles_msgs/msg
[1.885s] -- Up-to-date: /home/seventeen/Robotics-and-its-application/install/obstacles_msgs/local/lib/python3.10/dist-packages/obstacles_msgs/msg/_obstacle_msg.py
[1.886s] -- Up-to-date: /home/seventeen/Robotics-and-its-application/install/obstacles_msgs/local/lib/python3.10/dist-packages/obstacles_msgs/msg/_obstacle_array_msg.py
[1.886s] -- Up-to-date: /home/seventeen/Robotics-and-its-application/install/obstacles_msgs/local/lib/python3.10/dist-packages/obstacles_msgs/msg/_obstacle_array_msg_s.c
[1.886s] -- Up-to-date: /home/seventeen/Robotics-and-its-application/install/obstacles_msgs/local/lib/python3.10/dist-packages/obstacles_msgs/msg/__init__.py
[1.886s] -- Up-to-date: /home/seventeen/Robotics-and-its-application/install/obstacles_msgs/local/lib/python3.10/dist-packages/obstacles_msgs/msg/_obstacle_msg_s.c
[1.886s] -- Up-to-date: /home/seventeen/Robotics-and-its-application/install/obstacles_msgs/local/lib/python3.10/dist-packages/obstacles_msgs/obstacles_msgs_s__rosidl_typesupport_fastrtps_c.cpython-310-x86_64-linux-gnu.so
[1.887s] -- Up-to-date: /home/seventeen/Robotics-and-its-application/install/obstacles_msgs/local/lib/python3.10/dist-packages/obstacles_msgs/__init__.py
[1.887s] -- Up-to-date: /home/seventeen/Robotics-and-its-application/install/obstacles_msgs/local/lib/python3.10/dist-packages/obstacles_msgs/obstacles_msgs_s__rosidl_typesupport_c.cpython-310-x86_64-linux-gnu.so
[1.887s] -- Up-to-date: /home/seventeen/Robotics-and-its-application/install/obstacles_msgs/local/lib/python3.10/dist-packages/obstacles_msgs/_obstacles_msgs_s.ep.rosidl_typesupport_fastrtps_c.c
[1.887s] -- Up-to-date: /home/seventeen/Robotics-and-its-application/install/obstacles_msgs/local/lib/python3.10/dist-packages/obstacles_msgs/_obstacles_msgs_s.ep.rosidl_typesupport_c.c
[1.887s] -- Up-to-date: /home/seventeen/Robotics-and-its-application/install/obstacles_msgs/local/lib/python3.10/dist-packages/obstacles_msgs/_obstacles_msgs_s.ep.rosidl_typesupport_introspection_c.c
[1.934s] Listing '/home/seventeen/Robotics-and-its-application/install/obstacles_msgs/local/lib/python3.10/dist-packages/obstacles_msgs'...
[1.935s] Listing '/home/seventeen/Robotics-and-its-application/install/obstacles_msgs/local/lib/python3.10/dist-packages/obstacles_msgs/msg'...
[1.944s] -- Up-to-date: /home/seventeen/Robotics-and-its-application/install/obstacles_msgs/local/lib/python3.10/dist-packages/obstacles_msgs/obstacles_msgs_s__rosidl_typesupport_fastrtps_c.cpython-310-x86_64-linux-gnu.so
[1.944s] -- Up-to-date: /home/seventeen/Robotics-and-its-application/install/obstacles_msgs/local/lib/python3.10/dist-packages/obstacles_msgs/obstacles_msgs_s__rosidl_typesupport_introspection_c.cpython-310-x86_64-linux-gnu.so
[1.945s] -- Up-to-date: /home/seventeen/Robotics-and-its-application/install/obstacles_msgs/local/lib/python3.10/dist-packages/obstacles_msgs/obstacles_msgs_s__rosidl_typesupport_c.cpython-310-x86_64-linux-gnu.so
[1.946s] -- Up-to-date: /home/seventeen/Robotics-and-its-application/install/obstacles_msgs/lib/libobstacles_msgs__rosidl_generator_py.so
[1.946s] -- Up-to-date: /home/seventeen/Robotics-and-its-application/install/obstacles_msgs/share/obstacles_msgs/msg/ObstacleMsg.idl
[1.946s] -- Up-to-date: /home/seventeen/Robotics-and-its-application/install/obstacles_msgs/share/obstacles_msgs/msg/ObstacleArrayMsg.idl
[1.947s] -- Up-to-date: /home/seventeen/Robotics-and-its-application/install/obstacles_msgs/share/obstacles_msgs/msg/ObstacleMsg.msg
[1.947s] -- Up-to-date: /home/seventeen/Robotics-and-its-application/install/obstacles_msgs/share/obstacles_msgs/msg/ObstacleArrayMsg.msg
[1.947s] -- Up-to-date: /home/seventeen/Robotics-and-its-application/install/obstacles_msgs/share/ament_index/resource_index/package_run_dependencies/obstacles_msgs
[1.947s] -- Up-to-date: /home/seventeen/Robotics-and-its-application/install/obstacles_msgs/share/ament_index/resource_index/parent_prefix_path/obstacles_msgs
[1.948s] -- Up-to-date: /home/seventeen/Robotics-and-its-application/install/obstacles_msgs/share/obstacles_msgs/environment/ament_prefix_path.sh
[1.948s] -- Up-to-date: /home/seventeen/Robotics-and-its-application/install/obstacles_msgs/share/obstacles_msgs/environment/ament_prefix_path.dsv
[1.948s] -- Up-to-date: /home/seventeen/Robotics-and-its-application/install/obstacles_msgs/share/obstacles_msgs/environment/path.sh
[1.949s] -- Up-to-date: /home/seventeen/Robotics-and-its-application/install/obstacles_msgs/share/obstacles_msgs/environment/path.dsv
[1.949s] -- Up-to-date: /home/seventeen/Robotics-and-its-application/install/obstacles_msgs/share/obstacles_msgs/local_setup.bash
[1.949s] -- Up-to-date: /home/seventeen/Robotics-and-its-application/install/obstacles_msgs/share/obstacles_msgs/local_setup.sh
[1.949s] -- Up-to-date: /home/seventeen/Robotics-and-its-application/install/obstacles_msgs/share/obstacles_msgs/local_setup.zsh
[1.949s] -- Up-to-date: /home/seventeen/Robotics-and-its-application/install/obstacles_msgs/share/obstacles_msgs/local_setup.dsv
[1.950s] -- Installing: /home/seventeen/Robotics-and-its-application/install/obstacles_msgs/share/obstacles_msgs/package.dsv
[1.950s] -- Up-to-date: /home/seventeen/Robotics-and-its-application/install/obstacles_msgs/share/ament_index/resource_index/packages/obstacles_msgs
[1.950s] -- Up-to-date: /home/seventeen/Robotics-and-its-application/install/obstacles_msgs/share/obstacles_msgs/cmake/export_obstacles_msgs__rosidl_generator_cExport.cmake
[1.950s] -- Up-to-date: /home/seventeen/Robotics-and-its-application/install/obstacles_msgs/share/obstacles_msgs/cmake/export_obstacles_msgs__rosidl_generator_cExport-noconfig.cmake
[1.951s] -- Up-to-date: /home/seventeen/Robotics-and-its-application/install/obstacles_msgs/share/obstacles_msgs/cmake/export_obstacles_msgs__rosidl_typesupport_fastrtps_cExport.cmake
[1.951s] -- Up-to-date: /home/seventeen/Robotics-and-its-application/install/obstacles_msgs/share/obstacles_msgs/cmake/export_obstacles_msgs__rosidl_typesupport_fastrtps_cExport-noconfig.cmake
[1.951s] -- Up-to-date: /home/seventeen/Robotics-and-its-application/install/obstacles_msgs/share/obstacles_msgs/cmake/export_obstacles_msgs__rosidl_generator_cppExport.cmake
[1.952s] -- Up-to-date: /home/seventeen/Robotics-and-its-application/install/obstacles_msgs/share/obstacles_msgs/cmake/export_obstacles_msgs__rosidl_typesupport_fastrtps_cppExport.cmake
[1.952s] -- Up-to-date: /home/seventeen/Robotics-and-its-application/install/obstacles_msgs/share/obstacles_msgs/cmake/export_obstacles_msgs__rosidl_typesupport_fastrtps_cppExport-noconfig.cmake
[1.952s] -- Up-to-date: /home/seventeen/Robotics-and-its-application/install/obstacles_msgs/share/obstacles_msgs/cmake/obstacles_msgs__rosidl_typesupport_introspection_cExport.cmake
[1.952s] -- Up-to-date: /home/seventeen/Robotics-and-its-application/install/obstacles_msgs/share/obstacles_msgs/cmake/obstacles_msgs__rosidl_typesupport_introspection_cExport-noconfig.cmake
[1.952s] -- Up-to-date: /home/seventeen/Robotics-and-its-application/install/obstacles_msgs/share/obstacles_msgs/cmake/obstacles_msgs__rosidl_typesupport_cExport.cmake
[1.953s] -- Up-to-date: /home/seventeen/Robotics-and-its-application/install/obstacles_msgs/share/obstacles_msgs/cmake/obstacles_msgs__rosidl_typesupport_cExport-noconfig.cmake
[1.953s] -- Up-to-date: /home/seventeen/Robotics-and-its-application/install/obstacles_msgs/share/obstacles_msgs/cmake/obstacles_msgs__rosidl_typesupport_introspection_cppExport.cmake
[1.953s] -- Up-to-date: /home/seventeen/Robotics-and-its-application/install/obstacles_msgs/share/obstacles_msgs/cmake/obstacles_msgs__rosidl_typesupport_introspection_cppExport-noconfig.cmake
[1.953s] -- Up-to-date: /home/seventeen/Robotics-and-its-application/install/obstacles_msgs/share/obstacles_msgs/cmake/obstacles_msgs__rosidl_typesupport_cppExport.cmake
[1.953s] -- Up-to-date: /home/seventeen/Robotics-and-its-application/install/obstacles_msgs/share/obstacles_msgs/cmake/obstacles_msgs__rosidl_typesupport_cppExport-noconfig.cmake
[1.954s] -- Up-to-date: /home/seventeen/Robotics-and-its-application/install/obstacles_msgs/share/obstacles_msgs/cmake/export_obstacles_msgs__rosidl_generator_pyExport.cmake
[1.954s] -- Up-to-date: /home/seventeen/Robotics-and-its-application/install/obstacles_msgs/share/obstacles_msgs/cmake/export_obstacles_msgs__rosidl_generator_pyExport-noconfig.cmake
[1.955s] -- Up-to-date: /home/seventeen/Robotics-and-its-application/install/obstacles_msgs/share/obstacles_msgs/cmake/rosidl_cmake-extras.cmake
[1.956s] -- Up-to-date: /home/seventeen/Robotics-and-its-application/install/obstacles_msgs/share/obstacles_msgs/cmake/ament_cmake_export_dependencies-extras.cmake
[1.956s] -- Up-to-date: /home/seventeen/Robotics-and-its-application/install/obstacles_msgs/share/obstacles_msgs/cmake/ament_cmake_export_include_directories-extras.cmake
[1.956s] -- Up-to-date: /home/seventeen/Robotics-and-its-application/install/obstacles_msgs/share/obstacles_msgs/cmake/ament_cmake_export_libraries-extras.cmake
[1.956s] -- Up-to-date: /home/seventeen/Robotics-and-its-application/install/obstacles_msgs/share/obstacles_msgs/cmake/ament_cmake_export_targets-extras.cmake
[1.957s] -- Up-to-date: /home/seventeen/Robotics-and-its-application/install/obstacles_msgs/share/obstacles_msgs/cmake/rosidl_cmake_export_typesupport_targets-extras.cmake
[1.958s] -- Up-to-date: /home/seventeen/Robotics-and-its-application/install/obstacles_msgs/share/obstacles_msgs/cmake/rosidl_cmake_export_typesupport_libraries-extras.cmake
[1.958s] -- Up-to-date: /home/seventeen/Robotics-and-its-application/install/obstacles_msgs/share/obstacles_msgs/cmake/obstacles_msgsConfig.cmake
[1.958s] -- Up-to-date: /home/seventeen/Robotics-and-its-application/install/obstacles_msgs/share/obstacles_msgs/cmake/obstacles_msgsConfig-version.cmake
[1.958s] -- Up-to-date: /home/seventeen/Robotics-and-its-application/install/obstacles_msgs/share/obstacles_msgs/package.xml
[1.959s] Invoked command in '/home/seventeen/Robotics-and-its-application/build/obstacles_msgs' returned '0': CMAKE_PREFIX_PATH=${CMAKE_PREFIX_PATH}:/opt/ros/humble /home/seventeen/.local/bin/cmake --install /home/seventeen/Robotics-and-its-application/build/obstacles_msgs
