[0.046s] Invoking command in '/home/seventeen/Robotics-and-its-application/build/projects': CMAKE_PREFIX_PATH=/home/seventeen/Robotics-and-its-application/install/map_pkg:/home/seventeen/Robotics-and-its-application/install/shelfino_navigation:/home/seventeen/Robotics-and-its-application/install/shelfino_gazebo:/home/seventeen/Robotics-and-its-application/install/shelfino_description:/home/seventeen/Robotics-and-its-application/install/obstacles_msgs:/home/seventeen/Robotics-and-its-application/install/projects:/home/seventeen/Robotics-and-its-application/install/evader:/opt/ros/humble /home/seventeen/.local/bin/cmake --build /home/seventeen/Robotics-and-its-application/build/projects -- -j8 -l8
[0.342s] Invoked command in '/home/seventeen/Robotics-and-its-application/build/projects' returned '0': CMAKE_PREFIX_PATH=/home/seventeen/Robotics-and-its-application/install/map_pkg:/home/seventeen/Robotics-and-its-application/install/shelfino_navigation:/home/seventeen/Robotics-and-its-application/install/shelfino_gazebo:/home/seventeen/Robotics-and-its-application/install/shelfino_description:/home/seventeen/Robotics-and-its-application/install/obstacles_msgs:/home/seventeen/Robotics-and-its-application/install/projects:/home/seventeen/Robotics-and-its-application/install/evader:/opt/ros/humble /home/seventeen/.local/bin/cmake --build /home/seventeen/Robotics-and-its-application/build/projects -- -j8 -l8
[0.633s] Invoking command in '/home/seventeen/Robotics-and-its-application/build/projects': CMAKE_PREFIX_PATH=/home/seventeen/Robotics-and-its-application/install/map_pkg:/home/seventeen/Robotics-and-its-application/install/shelfino_navigation:/home/seventeen/Robotics-and-its-application/install/shelfino_gazebo:/home/seventeen/Robotics-and-its-application/install/shelfino_description:/home/seventeen/Robotics-and-its-application/install/obstacles_msgs:/home/seventeen/Robotics-and-its-application/install/projects:/home/seventeen/Robotics-and-its-application/install/evader:/opt/ros/humble /home/seventeen/.local/bin/cmake --install /home/seventeen/Robotics-and-its-application/build/projects
[0.893s] -- Install configuration: ""
[0.893s] -- Up-to-date: /home/seventeen/Robotics-and-its-application/install/projects/share/projects/launch
[0.894s] -- Up-to-date: /home/seventeen/Robotics-and-its-application/install/projects/share/projects/launch/victims.launch.py
[0.894s] -- Up-to-date: /home/seventeen/Robotics-and-its-application/install/projects/share/projects/launch/evader.launch.py
[0.895s] -- Up-to-date: /home/seventeen/Robotics-and-its-application/install/projects/share/projects/launch/evacuation.launch.py
[0.895s] -- Up-to-date: /home/seventeen/Robotics-and-its-application/install/projects/share/ament_index/resource_index/package_run_dependencies/projects
[0.895s] -- Up-to-date: /home/seventeen/Robotics-and-its-application/install/projects/share/ament_index/resource_index/parent_prefix_path/projects
[0.896s] -- Up-to-date: /home/seventeen/Robotics-and-its-application/install/projects/share/projects/environment/ament_prefix_path.sh
[0.896s] -- Up-to-date: /home/seventeen/Robotics-and-its-application/install/projects/share/projects/environment/ament_prefix_path.dsv
[0.896s] -- Up-to-date: /home/seventeen/Robotics-and-its-application/install/projects/share/projects/environment/path.sh
[0.896s] -- Up-to-date: /home/seventeen/Robotics-and-its-application/install/projects/share/projects/environment/path.dsv
[0.897s] -- Up-to-date: /home/seventeen/Robotics-and-its-application/install/projects/share/projects/local_setup.bash
[0.897s] -- Up-to-date: /home/seventeen/Robotics-and-its-application/install/projects/share/projects/local_setup.sh
[0.897s] -- Up-to-date: /home/seventeen/Robotics-and-its-application/install/projects/share/projects/local_setup.zsh
[0.897s] -- Up-to-date: /home/seventeen/Robotics-and-its-application/install/projects/share/projects/local_setup.dsv
[0.898s] -- Installing: /home/seventeen/Robotics-and-its-application/install/projects/share/projects/package.dsv
[0.898s] -- Up-to-date: /home/seventeen/Robotics-and-its-application/install/projects/share/ament_index/resource_index/packages/projects
[0.898s] -- Up-to-date: /home/seventeen/Robotics-and-its-application/install/projects/share/projects/cmake/projectsConfig.cmake
[0.898s] -- Up-to-date: /home/seventeen/Robotics-and-its-application/install/projects/share/projects/cmake/projectsConfig-version.cmake
[0.899s] -- Up-to-date: /home/seventeen/Robotics-and-its-application/install/projects/share/projects/package.xml
[0.902s] Invoked command in '/home/seventeen/Robotics-and-its-application/build/projects' returned '0': CMAKE_PREFIX_PATH=/home/seventeen/Robotics-and-its-application/install/map_pkg:/home/seventeen/Robotics-and-its-application/install/shelfino_navigation:/home/seventeen/Robotics-and-its-application/install/shelfino_gazebo:/home/seventeen/Robotics-and-its-application/install/shelfino_description:/home/seventeen/Robotics-and-its-application/install/obstacles_msgs:/home/seventeen/Robotics-and-its-application/install/projects:/home/seventeen/Robotics-and-its-application/install/evader:/opt/ros/humble /home/seventeen/.local/bin/cmake --install /home/seventeen/Robotics-and-its-application/build/projects
