[0.016s] Invoking command in '/home/seventeen/Robotics-and-its-application/build/robot_planning': /home/seventeen/.local/bin/cmake /home/seventeen/Robotics-and-its-application/src/robot_planning -DCMAKE_INSTALL_PREFIX=/home/seventeen/Robotics-and-its-application/install/robot_planning
[0.150s] [0mCMake Deprecation Warning at CMakeLists.txt:1 (cmake_minimum_required):
[0.150s]   Compatibility with CMake < 3.10 will be removed from a future version of
[0.150s]   CMake.
[0.151s] 
[0.151s]   Update the VERSION argument <min> value or use a ...<max> suffix to tell
[0.151s]   CMake that the project does not need compatibility with older versions.
[0.151s] 
[0.151s] [0m
[0.198s] -- Configuring incomplete, errors occurred!
[0.198s] [31mCMake Error at CMakeLists.txt:9 (find_package):
[0.198s]   By not providing "Findament_cmake.cmake" in CMAKE_MODULE_PATH this project
[0.198s]   has asked CMake to find a package configuration file provided by
[0.198s]   "ament_cmake", but CMake did not find one.
[0.199s] 
[0.199s]   Could not find a package configuration file provided by "ament_cmake" with
[0.199s]   any of the following names:
[0.199s] 
[0.199s]     ament_cmakeConfig.cmake
[0.199s]     ament_cmake-config.cmake
[0.200s] 
[0.200s]   Add the installation prefix of "ament_cmake" to CMAKE_PREFIX_PATH or set
[0.200s]   "ament_cmake_DIR" to a directory containing one of the above files.  If
[0.200s]   "ament_cmake" provides a separate development package or SDK, be sure it
[0.200s]   has been installed.
[0.200s] 
[0.200s] [0m
[0.203s] Invoked command in '/home/seventeen/Robotics-and-its-application/build/robot_planning' returned '1': /home/seventeen/.local/bin/cmake /home/seventeen/Robotics-and-its-application/src/robot_planning -DCMAKE_INSTALL_PREFIX=/home/seventeen/Robotics-and-its-application/install/robot_planning
