[0.184s] DEBUG:colcon:Command line arguments: ['/usr/bin/colcon', 'build']
[0.185s] DEBUG:colcon:Parsed command line arguments: Namespace(log_base=None, log_level=None, verb_name='build', build_base='build', install_base='install', merge_install=False, symlink_install=False, test_result_base=None, continue_on_error=False, executor='parallel', parallel_workers=8, event_handlers=None, ignore_user_meta=False, metas=['./colcon.meta'], base_paths=['.'], packages_ignore=None, packages_ignore_regex=None, paths=None, packages_up_to=None, packages_up_to_regex=None, packages_above=None, packages_above_and_dependencies=None, packages_above_depth=None, packages_select_by_dep=None, packages_skip_by_dep=None, packages_skip_up_to=None, packages_select_build_failed=False, packages_skip_build_finished=False, packages_select_test_failures=False, packages_skip_test_passed=False, packages_select=None, packages_skip=None, packages_select_regex=None, packages_skip_regex=None, packages_start=None, packages_end=None, allow_overriding=[], cmake_args=None, cmake_target=None, cmake_target_skip_unavailable=False, cmake_clean_cache=False, cmake_clean_first=False, cmake_force_configure=False, ament_cmake_args=None, catkin_cmake_args=None, catkin_skip_building_tests=False, mixin_files=None, mixin=None, verb_parser=<colcon_mixin.mixin.mixin_argument.MixinArgumentDecorator object at 0x72460c64b130>, verb_extension=<colcon_core.verb.build.BuildVerb object at 0x72460c7537f0>, main=<bound method BuildVerb.main of <colcon_core.verb.build.BuildVerb object at 0x72460c7537f0>>, mixin_verb=('build',))
[0.521s] Level 1:colcon.colcon_core.package_discovery:discover_packages(colcon_meta) check parameters
[0.521s] Level 1:colcon.colcon_core.package_discovery:discover_packages(recursive) check parameters
[0.521s] Level 1:colcon.colcon_core.package_discovery:discover_packages(ignore) check parameters
[0.521s] Level 1:colcon.colcon_core.package_discovery:discover_packages(path) check parameters
[0.521s] Level 1:colcon.colcon_core.package_discovery:discover_packages(colcon_meta) discover
[0.522s] Level 1:colcon.colcon_core.package_discovery:discover_packages(recursive) discover
[0.522s] INFO:colcon.colcon_core.package_discovery:Crawling recursively for packages in '/home/seventeen/Robotics-and-its-application'
[0.522s] Level 1:colcon.colcon_core.package_identification:_identify(.) by extensions ['ignore', 'ignore_ament_install']
[0.522s] Level 1:colcon.colcon_core.package_identification:_identify(.) by extension 'ignore'
[0.522s] Level 1:colcon.colcon_core.package_identification:_identify(.) by extension 'ignore_ament_install'
[0.522s] Level 1:colcon.colcon_core.package_identification:_identify(.) by extensions ['colcon_pkg']
[0.522s] Level 1:colcon.colcon_core.package_identification:_identify(.) by extension 'colcon_pkg'
[0.523s] Level 1:colcon.colcon_core.package_identification:_identify(.) by extensions ['colcon_meta']
[0.523s] Level 1:colcon.colcon_core.package_identification:_identify(.) by extension 'colcon_meta'
[0.523s] Level 1:colcon.colcon_core.package_identification:_identify(.) by extensions ['ros']
[0.523s] Level 1:colcon.colcon_core.package_identification:_identify(.) by extension 'ros'
[0.541s] Level 1:colcon.colcon_core.package_identification:_identify(.) by extensions ['cmake', 'python']
[0.542s] Level 1:colcon.colcon_core.package_identification:_identify(.) by extension 'cmake'
[0.542s] Level 1:colcon.colcon_core.package_identification:_identify(.) by extension 'python'
[0.542s] Level 1:colcon.colcon_core.package_identification:_identify(.) by extensions ['python_setup_py']
[0.542s] Level 1:colcon.colcon_core.package_identification:_identify(.) by extension 'python_setup_py'
[0.542s] Level 1:colcon.colcon_core.package_identification:_identify(build) by extensions ['ignore', 'ignore_ament_install']
[0.542s] Level 1:colcon.colcon_core.package_identification:_identify(build) by extension 'ignore'
[0.543s] Level 1:colcon.colcon_core.package_identification:_identify(build) ignored
[0.543s] Level 1:colcon.colcon_core.package_identification:_identify(install) by extensions ['ignore', 'ignore_ament_install']
[0.543s] Level 1:colcon.colcon_core.package_identification:_identify(install) by extension 'ignore'
[0.543s] Level 1:colcon.colcon_core.package_identification:_identify(install) ignored
[0.543s] Level 1:colcon.colcon_core.package_identification:_identify(log) by extensions ['ignore', 'ignore_ament_install']
[0.544s] Level 1:colcon.colcon_core.package_identification:_identify(log) by extension 'ignore'
[0.544s] Level 1:colcon.colcon_core.package_identification:_identify(log) ignored
[0.544s] Level 1:colcon.colcon_core.package_identification:_identify(robot_planning) by extensions ['ignore', 'ignore_ament_install']
[0.544s] Level 1:colcon.colcon_core.package_identification:_identify(robot_planning) by extension 'ignore'
[0.544s] Level 1:colcon.colcon_core.package_identification:_identify(robot_planning) by extension 'ignore_ament_install'
[0.544s] Level 1:colcon.colcon_core.package_identification:_identify(robot_planning) by extensions ['colcon_pkg']
[0.544s] Level 1:colcon.colcon_core.package_identification:_identify(robot_planning) by extension 'colcon_pkg'
[0.544s] Level 1:colcon.colcon_core.package_identification:_identify(robot_planning) by extensions ['colcon_meta']
[0.545s] Level 1:colcon.colcon_core.package_identification:_identify(robot_planning) by extension 'colcon_meta'
[0.545s] Level 1:colcon.colcon_core.package_identification:_identify(robot_planning) by extensions ['ros']
[0.545s] Level 1:colcon.colcon_core.package_identification:_identify(robot_planning) by extension 'ros'
[0.545s] Level 1:colcon.colcon_core.package_identification:_identify(robot_planning) by extensions ['cmake', 'python']
[0.545s] Level 1:colcon.colcon_core.package_identification:_identify(robot_planning) by extension 'cmake'
[0.545s] Level 1:colcon.colcon_core.package_identification:_identify(robot_planning) by extension 'python'
[0.545s] Level 1:colcon.colcon_core.package_identification:_identify(robot_planning) by extensions ['python_setup_py']
[0.545s] Level 1:colcon.colcon_core.package_identification:_identify(robot_planning) by extension 'python_setup_py'
[0.545s] Level 1:colcon.colcon_core.package_identification:_identify(robot_planning/src) by extensions ['ignore', 'ignore_ament_install']
[0.546s] Level 1:colcon.colcon_core.package_identification:_identify(robot_planning/src) by extension 'ignore'
[0.546s] Level 1:colcon.colcon_core.package_identification:_identify(robot_planning/src) by extension 'ignore_ament_install'
[0.546s] Level 1:colcon.colcon_core.package_identification:_identify(robot_planning/src) by extensions ['colcon_pkg']
[0.546s] Level 1:colcon.colcon_core.package_identification:_identify(robot_planning/src) by extension 'colcon_pkg'
[0.546s] Level 1:colcon.colcon_core.package_identification:_identify(robot_planning/src) by extensions ['colcon_meta']
[0.546s] Level 1:colcon.colcon_core.package_identification:_identify(robot_planning/src) by extension 'colcon_meta'
[0.546s] Level 1:colcon.colcon_core.package_identification:_identify(robot_planning/src) by extensions ['ros']
[0.546s] Level 1:colcon.colcon_core.package_identification:_identify(robot_planning/src) by extension 'ros'
[0.547s] Level 1:colcon.colcon_core.package_identification:_identify(robot_planning/src) by extensions ['cmake', 'python']
[0.547s] Level 1:colcon.colcon_core.package_identification:_identify(robot_planning/src) by extension 'cmake'
[0.547s] Level 1:colcon.colcon_core.package_identification:_identify(robot_planning/src) by extension 'python'
[0.547s] Level 1:colcon.colcon_core.package_identification:_identify(robot_planning/src) by extensions ['python_setup_py']
[0.547s] Level 1:colcon.colcon_core.package_identification:_identify(robot_planning/src) by extension 'python_setup_py'
[0.547s] Level 1:colcon.colcon_core.package_identification:_identify(src) by extensions ['ignore', 'ignore_ament_install']
[0.547s] Level 1:colcon.colcon_core.package_identification:_identify(src) by extension 'ignore'
[0.547s] Level 1:colcon.colcon_core.package_identification:_identify(src) by extension 'ignore_ament_install'
[0.548s] Level 1:colcon.colcon_core.package_identification:_identify(src) by extensions ['colcon_pkg']
[0.548s] Level 1:colcon.colcon_core.package_identification:_identify(src) by extension 'colcon_pkg'
[0.548s] Level 1:colcon.colcon_core.package_identification:_identify(src) by extensions ['colcon_meta']
[0.548s] Level 1:colcon.colcon_core.package_identification:_identify(src) by extension 'colcon_meta'
[0.548s] Level 1:colcon.colcon_core.package_identification:_identify(src) by extensions ['ros']
[0.548s] Level 1:colcon.colcon_core.package_identification:_identify(src) by extension 'ros'
[0.548s] Level 1:colcon.colcon_core.package_identification:_identify(src) by extensions ['cmake', 'python']
[0.548s] Level 1:colcon.colcon_core.package_identification:_identify(src) by extension 'cmake'
[0.548s] Level 1:colcon.colcon_core.package_identification:_identify(src) by extension 'python'
[0.548s] Level 1:colcon.colcon_core.package_identification:_identify(src) by extensions ['python_setup_py']
[0.548s] Level 1:colcon.colcon_core.package_identification:_identify(src) by extension 'python_setup_py'
[0.549s] Level 1:colcon.colcon_core.package_identification:_identify(src/Shelfino_ROS2) by extensions ['ignore', 'ignore_ament_install']
[0.549s] Level 1:colcon.colcon_core.package_identification:_identify(src/Shelfino_ROS2) by extension 'ignore'
[0.549s] Level 1:colcon.colcon_core.package_identification:_identify(src/Shelfino_ROS2) by extension 'ignore_ament_install'
[0.549s] Level 1:colcon.colcon_core.package_identification:_identify(src/Shelfino_ROS2) by extensions ['colcon_pkg']
[0.549s] Level 1:colcon.colcon_core.package_identification:_identify(src/Shelfino_ROS2) by extension 'colcon_pkg'
[0.549s] Level 1:colcon.colcon_core.package_identification:_identify(src/Shelfino_ROS2) by extensions ['colcon_meta']
[0.549s] Level 1:colcon.colcon_core.package_identification:_identify(src/Shelfino_ROS2) by extension 'colcon_meta'
[0.549s] Level 1:colcon.colcon_core.package_identification:_identify(src/Shelfino_ROS2) by extensions ['ros']
[0.550s] Level 1:colcon.colcon_core.package_identification:_identify(src/Shelfino_ROS2) by extension 'ros'
[0.550s] Level 1:colcon.colcon_core.package_identification:_identify(src/Shelfino_ROS2) by extensions ['cmake', 'python']
[0.550s] Level 1:colcon.colcon_core.package_identification:_identify(src/Shelfino_ROS2) by extension 'cmake'
[0.550s] Level 1:colcon.colcon_core.package_identification:_identify(src/Shelfino_ROS2) by extension 'python'
[0.550s] Level 1:colcon.colcon_core.package_identification:_identify(src/Shelfino_ROS2) by extensions ['python_setup_py']
[0.550s] Level 1:colcon.colcon_core.package_identification:_identify(src/Shelfino_ROS2) by extension 'python_setup_py'
[0.550s] Level 1:colcon.colcon_core.package_identification:_identify(src/Shelfino_ROS2/assets) by extensions ['ignore', 'ignore_ament_install']
[0.550s] Level 1:colcon.colcon_core.package_identification:_identify(src/Shelfino_ROS2/assets) by extension 'ignore'
[0.551s] Level 1:colcon.colcon_core.package_identification:_identify(src/Shelfino_ROS2/assets) by extension 'ignore_ament_install'
[0.551s] Level 1:colcon.colcon_core.package_identification:_identify(src/Shelfino_ROS2/assets) by extensions ['colcon_pkg']
[0.551s] Level 1:colcon.colcon_core.package_identification:_identify(src/Shelfino_ROS2/assets) by extension 'colcon_pkg'
[0.551s] Level 1:colcon.colcon_core.package_identification:_identify(src/Shelfino_ROS2/assets) by extensions ['colcon_meta']
[0.551s] Level 1:colcon.colcon_core.package_identification:_identify(src/Shelfino_ROS2/assets) by extension 'colcon_meta'
[0.551s] Level 1:colcon.colcon_core.package_identification:_identify(src/Shelfino_ROS2/assets) by extensions ['ros']
[0.551s] Level 1:colcon.colcon_core.package_identification:_identify(src/Shelfino_ROS2/assets) by extension 'ros'
[0.551s] Level 1:colcon.colcon_core.package_identification:_identify(src/Shelfino_ROS2/assets) by extensions ['cmake', 'python']
[0.551s] Level 1:colcon.colcon_core.package_identification:_identify(src/Shelfino_ROS2/assets) by extension 'cmake'
[0.552s] Level 1:colcon.colcon_core.package_identification:_identify(src/Shelfino_ROS2/assets) by extension 'python'
[0.552s] Level 1:colcon.colcon_core.package_identification:_identify(src/Shelfino_ROS2/assets) by extensions ['python_setup_py']
[0.552s] Level 1:colcon.colcon_core.package_identification:_identify(src/Shelfino_ROS2/assets) by extension 'python_setup_py'
[0.552s] Level 1:colcon.colcon_core.package_identification:_identify(src/Shelfino_ROS2/assets/images) by extensions ['ignore', 'ignore_ament_install']
[0.552s] Level 1:colcon.colcon_core.package_identification:_identify(src/Shelfino_ROS2/assets/images) by extension 'ignore'
[0.552s] Level 1:colcon.colcon_core.package_identification:_identify(src/Shelfino_ROS2/assets/images) by extension 'ignore_ament_install'
[0.552s] Level 1:colcon.colcon_core.package_identification:_identify(src/Shelfino_ROS2/assets/images) by extensions ['colcon_pkg']
[0.552s] Level 1:colcon.colcon_core.package_identification:_identify(src/Shelfino_ROS2/assets/images) by extension 'colcon_pkg'
[0.553s] Level 1:colcon.colcon_core.package_identification:_identify(src/Shelfino_ROS2/assets/images) by extensions ['colcon_meta']
[0.553s] Level 1:colcon.colcon_core.package_identification:_identify(src/Shelfino_ROS2/assets/images) by extension 'colcon_meta'
[0.553s] Level 1:colcon.colcon_core.package_identification:_identify(src/Shelfino_ROS2/assets/images) by extensions ['ros']
[0.553s] Level 1:colcon.colcon_core.package_identification:_identify(src/Shelfino_ROS2/assets/images) by extension 'ros'
[0.553s] Level 1:colcon.colcon_core.package_identification:_identify(src/Shelfino_ROS2/assets/images) by extensions ['cmake', 'python']
[0.553s] Level 1:colcon.colcon_core.package_identification:_identify(src/Shelfino_ROS2/assets/images) by extension 'cmake'
[0.553s] Level 1:colcon.colcon_core.package_identification:_identify(src/Shelfino_ROS2/assets/images) by extension 'python'
[0.553s] Level 1:colcon.colcon_core.package_identification:_identify(src/Shelfino_ROS2/assets/images) by extensions ['python_setup_py']
[0.553s] Level 1:colcon.colcon_core.package_identification:_identify(src/Shelfino_ROS2/assets/images) by extension 'python_setup_py'
[0.554s] Level 1:colcon.colcon_core.package_identification:_identify(src/Shelfino_ROS2/evader) by extensions ['ignore', 'ignore_ament_install']
[0.554s] Level 1:colcon.colcon_core.package_identification:_identify(src/Shelfino_ROS2/evader) by extension 'ignore'
[0.554s] Level 1:colcon.colcon_core.package_identification:_identify(src/Shelfino_ROS2/evader) by extension 'ignore_ament_install'
[0.554s] Level 1:colcon.colcon_core.package_identification:_identify(src/Shelfino_ROS2/evader) by extensions ['colcon_pkg']
[0.554s] Level 1:colcon.colcon_core.package_identification:_identify(src/Shelfino_ROS2/evader) by extension 'colcon_pkg'
[0.554s] Level 1:colcon.colcon_core.package_identification:_identify(src/Shelfino_ROS2/evader) by extensions ['colcon_meta']
[0.554s] Level 1:colcon.colcon_core.package_identification:_identify(src/Shelfino_ROS2/evader) by extension 'colcon_meta'
[0.554s] Level 1:colcon.colcon_core.package_identification:_identify(src/Shelfino_ROS2/evader) by extensions ['ros']
[0.554s] Level 1:colcon.colcon_core.package_identification:_identify(src/Shelfino_ROS2/evader) by extension 'ros'
[0.559s] DEBUG:colcon.colcon_core.package_identification:Package 'src/Shelfino_ROS2/evader' with type 'ros.ament_cmake' and name 'evader'
[0.560s] Level 1:colcon.colcon_core.package_identification:_identify(src/Shelfino_ROS2/map_pkg) by extensions ['ignore', 'ignore_ament_install']
[0.560s] Level 1:colcon.colcon_core.package_identification:_identify(src/Shelfino_ROS2/map_pkg) by extension 'ignore'
[0.560s] Level 1:colcon.colcon_core.package_identification:_identify(src/Shelfino_ROS2/map_pkg) by extension 'ignore_ament_install'
[0.560s] Level 1:colcon.colcon_core.package_identification:_identify(src/Shelfino_ROS2/map_pkg) by extensions ['colcon_pkg']
[0.560s] Level 1:colcon.colcon_core.package_identification:_identify(src/Shelfino_ROS2/map_pkg) by extension 'colcon_pkg'
[0.560s] Level 1:colcon.colcon_core.package_identification:_identify(src/Shelfino_ROS2/map_pkg) by extensions ['colcon_meta']
[0.561s] Level 1:colcon.colcon_core.package_identification:_identify(src/Shelfino_ROS2/map_pkg) by extension 'colcon_meta'
[0.561s] Level 1:colcon.colcon_core.package_identification:_identify(src/Shelfino_ROS2/map_pkg) by extensions ['ros']
[0.561s] Level 1:colcon.colcon_core.package_identification:_identify(src/Shelfino_ROS2/map_pkg) by extension 'ros'
[0.563s] DEBUG:colcon.colcon_core.package_identification:Package 'src/Shelfino_ROS2/map_pkg' with type 'ros.ament_cmake' and name 'map_pkg'
[0.564s] Level 1:colcon.colcon_core.package_identification:_identify(src/Shelfino_ROS2/obstacles_msgs) by extensions ['ignore', 'ignore_ament_install']
[0.564s] Level 1:colcon.colcon_core.package_identification:_identify(src/Shelfino_ROS2/obstacles_msgs) by extension 'ignore'
[0.564s] Level 1:colcon.colcon_core.package_identification:_identify(src/Shelfino_ROS2/obstacles_msgs) by extension 'ignore_ament_install'
[0.564s] Level 1:colcon.colcon_core.package_identification:_identify(src/Shelfino_ROS2/obstacles_msgs) by extensions ['colcon_pkg']
[0.564s] Level 1:colcon.colcon_core.package_identification:_identify(src/Shelfino_ROS2/obstacles_msgs) by extension 'colcon_pkg'
[0.564s] Level 1:colcon.colcon_core.package_identification:_identify(src/Shelfino_ROS2/obstacles_msgs) by extensions ['colcon_meta']
[0.564s] Level 1:colcon.colcon_core.package_identification:_identify(src/Shelfino_ROS2/obstacles_msgs) by extension 'colcon_meta'
[0.565s] Level 1:colcon.colcon_core.package_identification:_identify(src/Shelfino_ROS2/obstacles_msgs) by extensions ['ros']
[0.565s] Level 1:colcon.colcon_core.package_identification:_identify(src/Shelfino_ROS2/obstacles_msgs) by extension 'ros'
[0.566s] DEBUG:colcon.colcon_core.package_identification:Package 'src/Shelfino_ROS2/obstacles_msgs' with type 'ros.ament_cmake' and name 'obstacles_msgs'
[0.566s] Level 1:colcon.colcon_core.package_identification:_identify(src/Shelfino_ROS2/projects) by extensions ['ignore', 'ignore_ament_install']
[0.566s] Level 1:colcon.colcon_core.package_identification:_identify(src/Shelfino_ROS2/projects) by extension 'ignore'
[0.566s] Level 1:colcon.colcon_core.package_identification:_identify(src/Shelfino_ROS2/projects) by extension 'ignore_ament_install'
[0.566s] Level 1:colcon.colcon_core.package_identification:_identify(src/Shelfino_ROS2/projects) by extensions ['colcon_pkg']
[0.566s] Level 1:colcon.colcon_core.package_identification:_identify(src/Shelfino_ROS2/projects) by extension 'colcon_pkg'
[0.567s] Level 1:colcon.colcon_core.package_identification:_identify(src/Shelfino_ROS2/projects) by extensions ['colcon_meta']
[0.567s] Level 1:colcon.colcon_core.package_identification:_identify(src/Shelfino_ROS2/projects) by extension 'colcon_meta'
[0.567s] Level 1:colcon.colcon_core.package_identification:_identify(src/Shelfino_ROS2/projects) by extensions ['ros']
[0.567s] Level 1:colcon.colcon_core.package_identification:_identify(src/Shelfino_ROS2/projects) by extension 'ros'
[0.568s] DEBUG:colcon.colcon_core.package_identification:Package 'src/Shelfino_ROS2/projects' with type 'ros.ament_cmake' and name 'projects'
[0.569s] Level 1:colcon.colcon_core.package_identification:_identify(src/Shelfino_ROS2/shelfino_description) by extensions ['ignore', 'ignore_ament_install']
[0.569s] Level 1:colcon.colcon_core.package_identification:_identify(src/Shelfino_ROS2/shelfino_description) by extension 'ignore'
[0.569s] Level 1:colcon.colcon_core.package_identification:_identify(src/Shelfino_ROS2/shelfino_description) by extension 'ignore_ament_install'
[0.569s] Level 1:colcon.colcon_core.package_identification:_identify(src/Shelfino_ROS2/shelfino_description) by extensions ['colcon_pkg']
[0.569s] Level 1:colcon.colcon_core.package_identification:_identify(src/Shelfino_ROS2/shelfino_description) by extension 'colcon_pkg'
[0.569s] Level 1:colcon.colcon_core.package_identification:_identify(src/Shelfino_ROS2/shelfino_description) by extensions ['colcon_meta']
[0.569s] Level 1:colcon.colcon_core.package_identification:_identify(src/Shelfino_ROS2/shelfino_description) by extension 'colcon_meta'
[0.569s] Level 1:colcon.colcon_core.package_identification:_identify(src/Shelfino_ROS2/shelfino_description) by extensions ['ros']
[0.569s] Level 1:colcon.colcon_core.package_identification:_identify(src/Shelfino_ROS2/shelfino_description) by extension 'ros'
[0.571s] DEBUG:colcon.colcon_core.package_identification:Package 'src/Shelfino_ROS2/shelfino_description' with type 'ros.ament_cmake' and name 'shelfino_description'
[0.571s] Level 1:colcon.colcon_core.package_identification:_identify(src/Shelfino_ROS2/shelfino_gazebo) by extensions ['ignore', 'ignore_ament_install']
[0.571s] Level 1:colcon.colcon_core.package_identification:_identify(src/Shelfino_ROS2/shelfino_gazebo) by extension 'ignore'
[0.571s] Level 1:colcon.colcon_core.package_identification:_identify(src/Shelfino_ROS2/shelfino_gazebo) by extension 'ignore_ament_install'
[0.571s] Level 1:colcon.colcon_core.package_identification:_identify(src/Shelfino_ROS2/shelfino_gazebo) by extensions ['colcon_pkg']
[0.571s] Level 1:colcon.colcon_core.package_identification:_identify(src/Shelfino_ROS2/shelfino_gazebo) by extension 'colcon_pkg'
[0.572s] Level 1:colcon.colcon_core.package_identification:_identify(src/Shelfino_ROS2/shelfino_gazebo) by extensions ['colcon_meta']
[0.572s] Level 1:colcon.colcon_core.package_identification:_identify(src/Shelfino_ROS2/shelfino_gazebo) by extension 'colcon_meta'
[0.572s] Level 1:colcon.colcon_core.package_identification:_identify(src/Shelfino_ROS2/shelfino_gazebo) by extensions ['ros']
[0.572s] Level 1:colcon.colcon_core.package_identification:_identify(src/Shelfino_ROS2/shelfino_gazebo) by extension 'ros'
[0.575s] DEBUG:colcon.colcon_core.package_identification:Package 'src/Shelfino_ROS2/shelfino_gazebo' with type 'ros.ament_cmake' and name 'shelfino_gazebo'
[0.576s] Level 1:colcon.colcon_core.package_identification:_identify(src/Shelfino_ROS2/shelfino_navigation) by extensions ['ignore', 'ignore_ament_install']
[0.576s] Level 1:colcon.colcon_core.package_identification:_identify(src/Shelfino_ROS2/shelfino_navigation) by extension 'ignore'
[0.576s] Level 1:colcon.colcon_core.package_identification:_identify(src/Shelfino_ROS2/shelfino_navigation) by extension 'ignore_ament_install'
[0.576s] Level 1:colcon.colcon_core.package_identification:_identify(src/Shelfino_ROS2/shelfino_navigation) by extensions ['colcon_pkg']
[0.576s] Level 1:colcon.colcon_core.package_identification:_identify(src/Shelfino_ROS2/shelfino_navigation) by extension 'colcon_pkg'
[0.576s] Level 1:colcon.colcon_core.package_identification:_identify(src/Shelfino_ROS2/shelfino_navigation) by extensions ['colcon_meta']
[0.576s] Level 1:colcon.colcon_core.package_identification:_identify(src/Shelfino_ROS2/shelfino_navigation) by extension 'colcon_meta'
[0.576s] Level 1:colcon.colcon_core.package_identification:_identify(src/Shelfino_ROS2/shelfino_navigation) by extensions ['ros']
[0.577s] Level 1:colcon.colcon_core.package_identification:_identify(src/Shelfino_ROS2/shelfino_navigation) by extension 'ros'
[0.578s] DEBUG:colcon.colcon_core.package_identification:Package 'src/Shelfino_ROS2/shelfino_navigation' with type 'ros.ament_cmake' and name 'shelfino_navigation'
[0.578s] Level 1:colcon.colcon_core.package_identification:_identify(src/Shelfino_ROS2/shelfino_node) by extensions ['ignore', 'ignore_ament_install']
[0.578s] Level 1:colcon.colcon_core.package_identification:_identify(src/Shelfino_ROS2/shelfino_node) by extension 'ignore'
[0.579s] Level 1:colcon.colcon_core.package_identification:_identify(src/Shelfino_ROS2/shelfino_node) ignored
[0.579s] Level 1:colcon.colcon_core.package_identification:_identify(src/robot_planning) by extensions ['ignore', 'ignore_ament_install']
[0.579s] Level 1:colcon.colcon_core.package_identification:_identify(src/robot_planning) by extension 'ignore'
[0.579s] Level 1:colcon.colcon_core.package_identification:_identify(src/robot_planning) by extension 'ignore_ament_install'
[0.579s] Level 1:colcon.colcon_core.package_identification:_identify(src/robot_planning) by extensions ['colcon_pkg']
[0.579s] Level 1:colcon.colcon_core.package_identification:_identify(src/robot_planning) by extension 'colcon_pkg'
[0.579s] Level 1:colcon.colcon_core.package_identification:_identify(src/robot_planning) by extensions ['colcon_meta']
[0.579s] Level 1:colcon.colcon_core.package_identification:_identify(src/robot_planning) by extension 'colcon_meta'
[0.580s] Level 1:colcon.colcon_core.package_identification:_identify(src/robot_planning) by extensions ['ros']
[0.580s] Level 1:colcon.colcon_core.package_identification:_identify(src/robot_planning) by extension 'ros'
[0.581s] DEBUG:colcon.colcon_core.package_identification:Package 'src/robot_planning' with type 'ros.ament_cmake' and name 'robot_planning'
[0.581s] Level 1:colcon.colcon_core.package_discovery:discover_packages(recursive) using defaults
[0.581s] Level 1:colcon.colcon_core.package_discovery:discover_packages(ignore) discover
[0.581s] Level 1:colcon.colcon_core.package_discovery:discover_packages(ignore) using defaults
[0.581s] Level 1:colcon.colcon_core.package_discovery:discover_packages(path) discover
[0.581s] Level 1:colcon.colcon_core.package_discovery:discover_packages(path) using defaults
[0.634s] Level 1:colcon.colcon_core.package_discovery:discover_packages(prefix_path) check parameters
[0.634s] Level 1:colcon.colcon_core.package_discovery:discover_packages(prefix_path) discover
[0.638s] DEBUG:colcon.colcon_installed_package_information.package_discovery:Found 8 installed packages in /home/seventeen/Robotics-and-its-application/install
[0.641s] DEBUG:colcon.colcon_installed_package_information.package_discovery:Found 354 installed packages in /opt/ros/humble
[0.644s] Level 1:colcon.colcon_core.package_discovery:discover_packages(prefix_path) using defaults
[0.722s] Level 5:colcon.colcon_core.verb:set package 'evader' build argument 'cmake_args' from command line to 'None'
[0.722s] Level 5:colcon.colcon_core.verb:set package 'evader' build argument 'cmake_target' from command line to 'None'
[0.722s] Level 5:colcon.colcon_core.verb:set package 'evader' build argument 'cmake_target_skip_unavailable' from command line to 'False'
[0.722s] Level 5:colcon.colcon_core.verb:set package 'evader' build argument 'cmake_clean_cache' from command line to 'False'
[0.722s] Level 5:colcon.colcon_core.verb:set package 'evader' build argument 'cmake_clean_first' from command line to 'False'
[0.722s] Level 5:colcon.colcon_core.verb:set package 'evader' build argument 'cmake_force_configure' from command line to 'False'
[0.723s] Level 5:colcon.colcon_core.verb:set package 'evader' build argument 'ament_cmake_args' from command line to 'None'
[0.723s] Level 5:colcon.colcon_core.verb:set package 'evader' build argument 'catkin_cmake_args' from command line to 'None'
[0.723s] Level 5:colcon.colcon_core.verb:set package 'evader' build argument 'catkin_skip_building_tests' from command line to 'False'
[0.723s] DEBUG:colcon.colcon_core.verb:Building package 'evader' with the following arguments: {'ament_cmake_args': None, 'build_base': '/home/seventeen/Robotics-and-its-application/build/evader', 'catkin_cmake_args': None, 'catkin_skip_building_tests': False, 'cmake_args': None, 'cmake_clean_cache': False, 'cmake_clean_first': False, 'cmake_force_configure': False, 'cmake_target': None, 'cmake_target_skip_unavailable': False, 'install_base': '/home/seventeen/Robotics-and-its-application/install/evader', 'merge_install': False, 'path': '/home/seventeen/Robotics-and-its-application/src/Shelfino_ROS2/evader', 'symlink_install': False, 'test_result_base': None}
[0.724s] Level 5:colcon.colcon_core.verb:set package 'obstacles_msgs' build argument 'cmake_args' from command line to 'None'
[0.724s] Level 5:colcon.colcon_core.verb:set package 'obstacles_msgs' build argument 'cmake_target' from command line to 'None'
[0.724s] Level 5:colcon.colcon_core.verb:set package 'obstacles_msgs' build argument 'cmake_target_skip_unavailable' from command line to 'False'
[0.724s] Level 5:colcon.colcon_core.verb:set package 'obstacles_msgs' build argument 'cmake_clean_cache' from command line to 'False'
[0.724s] Level 5:colcon.colcon_core.verb:set package 'obstacles_msgs' build argument 'cmake_clean_first' from command line to 'False'
[0.724s] Level 5:colcon.colcon_core.verb:set package 'obstacles_msgs' build argument 'cmake_force_configure' from command line to 'False'
[0.724s] Level 5:colcon.colcon_core.verb:set package 'obstacles_msgs' build argument 'ament_cmake_args' from command line to 'None'
[0.724s] Level 5:colcon.colcon_core.verb:set package 'obstacles_msgs' build argument 'catkin_cmake_args' from command line to 'None'
[0.724s] Level 5:colcon.colcon_core.verb:set package 'obstacles_msgs' build argument 'catkin_skip_building_tests' from command line to 'False'
[0.724s] DEBUG:colcon.colcon_core.verb:Building package 'obstacles_msgs' with the following arguments: {'ament_cmake_args': None, 'build_base': '/home/seventeen/Robotics-and-its-application/build/obstacles_msgs', 'catkin_cmake_args': None, 'catkin_skip_building_tests': False, 'cmake_args': None, 'cmake_clean_cache': False, 'cmake_clean_first': False, 'cmake_force_configure': False, 'cmake_target': None, 'cmake_target_skip_unavailable': False, 'install_base': '/home/seventeen/Robotics-and-its-application/install/obstacles_msgs', 'merge_install': False, 'path': '/home/seventeen/Robotics-and-its-application/src/Shelfino_ROS2/obstacles_msgs', 'symlink_install': False, 'test_result_base': None}
[0.725s] Level 5:colcon.colcon_core.verb:set package 'robot_planning' build argument 'cmake_args' from command line to 'None'
[0.725s] Level 5:colcon.colcon_core.verb:set package 'robot_planning' build argument 'cmake_target' from command line to 'None'
[0.725s] Level 5:colcon.colcon_core.verb:set package 'robot_planning' build argument 'cmake_target_skip_unavailable' from command line to 'False'
[0.725s] Level 5:colcon.colcon_core.verb:set package 'robot_planning' build argument 'cmake_clean_cache' from command line to 'False'
[0.725s] Level 5:colcon.colcon_core.verb:set package 'robot_planning' build argument 'cmake_clean_first' from command line to 'False'
[0.725s] Level 5:colcon.colcon_core.verb:set package 'robot_planning' build argument 'cmake_force_configure' from command line to 'False'
[0.725s] Level 5:colcon.colcon_core.verb:set package 'robot_planning' build argument 'ament_cmake_args' from command line to 'None'
[0.725s] Level 5:colcon.colcon_core.verb:set package 'robot_planning' build argument 'catkin_cmake_args' from command line to 'None'
[0.725s] Level 5:colcon.colcon_core.verb:set package 'robot_planning' build argument 'catkin_skip_building_tests' from command line to 'False'
[0.725s] DEBUG:colcon.colcon_core.verb:Building package 'robot_planning' with the following arguments: {'ament_cmake_args': None, 'build_base': '/home/seventeen/Robotics-and-its-application/build/robot_planning', 'catkin_cmake_args': None, 'catkin_skip_building_tests': False, 'cmake_args': None, 'cmake_clean_cache': False, 'cmake_clean_first': False, 'cmake_force_configure': False, 'cmake_target': None, 'cmake_target_skip_unavailable': False, 'install_base': '/home/seventeen/Robotics-and-its-application/install/robot_planning', 'merge_install': False, 'path': '/home/seventeen/Robotics-and-its-application/src/robot_planning', 'symlink_install': False, 'test_result_base': None}
[0.726s] Level 5:colcon.colcon_core.verb:set package 'shelfino_description' build argument 'cmake_args' from command line to 'None'
[0.726s] Level 5:colcon.colcon_core.verb:set package 'shelfino_description' build argument 'cmake_target' from command line to 'None'
[0.726s] Level 5:colcon.colcon_core.verb:set package 'shelfino_description' build argument 'cmake_target_skip_unavailable' from command line to 'False'
[0.726s] Level 5:colcon.colcon_core.verb:set package 'shelfino_description' build argument 'cmake_clean_cache' from command line to 'False'
[0.726s] Level 5:colcon.colcon_core.verb:set package 'shelfino_description' build argument 'cmake_clean_first' from command line to 'False'
[0.726s] Level 5:colcon.colcon_core.verb:set package 'shelfino_description' build argument 'cmake_force_configure' from command line to 'False'
[0.727s] Level 5:colcon.colcon_core.verb:set package 'shelfino_description' build argument 'ament_cmake_args' from command line to 'None'
[0.727s] Level 5:colcon.colcon_core.verb:set package 'shelfino_description' build argument 'catkin_cmake_args' from command line to 'None'
[0.727s] Level 5:colcon.colcon_core.verb:set package 'shelfino_description' build argument 'catkin_skip_building_tests' from command line to 'False'
[0.727s] DEBUG:colcon.colcon_core.verb:Building package 'shelfino_description' with the following arguments: {'ament_cmake_args': None, 'build_base': '/home/seventeen/Robotics-and-its-application/build/shelfino_description', 'catkin_cmake_args': None, 'catkin_skip_building_tests': False, 'cmake_args': None, 'cmake_clean_cache': False, 'cmake_clean_first': False, 'cmake_force_configure': False, 'cmake_target': None, 'cmake_target_skip_unavailable': False, 'install_base': '/home/seventeen/Robotics-and-its-application/install/shelfino_description', 'merge_install': False, 'path': '/home/seventeen/Robotics-and-its-application/src/Shelfino_ROS2/shelfino_description', 'symlink_install': False, 'test_result_base': None}
[0.728s] Level 5:colcon.colcon_core.verb:set package 'shelfino_gazebo' build argument 'cmake_args' from command line to 'None'
[0.728s] Level 5:colcon.colcon_core.verb:set package 'shelfino_gazebo' build argument 'cmake_target' from command line to 'None'
[0.728s] Level 5:colcon.colcon_core.verb:set package 'shelfino_gazebo' build argument 'cmake_target_skip_unavailable' from command line to 'False'
[0.728s] Level 5:colcon.colcon_core.verb:set package 'shelfino_gazebo' build argument 'cmake_clean_cache' from command line to 'False'
[0.728s] Level 5:colcon.colcon_core.verb:set package 'shelfino_gazebo' build argument 'cmake_clean_first' from command line to 'False'
[0.728s] Level 5:colcon.colcon_core.verb:set package 'shelfino_gazebo' build argument 'cmake_force_configure' from command line to 'False'
[0.728s] Level 5:colcon.colcon_core.verb:set package 'shelfino_gazebo' build argument 'ament_cmake_args' from command line to 'None'
[0.728s] Level 5:colcon.colcon_core.verb:set package 'shelfino_gazebo' build argument 'catkin_cmake_args' from command line to 'None'
[0.728s] Level 5:colcon.colcon_core.verb:set package 'shelfino_gazebo' build argument 'catkin_skip_building_tests' from command line to 'False'
[0.728s] DEBUG:colcon.colcon_core.verb:Building package 'shelfino_gazebo' with the following arguments: {'ament_cmake_args': None, 'build_base': '/home/seventeen/Robotics-and-its-application/build/shelfino_gazebo', 'catkin_cmake_args': None, 'catkin_skip_building_tests': False, 'cmake_args': None, 'cmake_clean_cache': False, 'cmake_clean_first': False, 'cmake_force_configure': False, 'cmake_target': None, 'cmake_target_skip_unavailable': False, 'install_base': '/home/seventeen/Robotics-and-its-application/install/shelfino_gazebo', 'merge_install': False, 'path': '/home/seventeen/Robotics-and-its-application/src/Shelfino_ROS2/shelfino_gazebo', 'symlink_install': False, 'test_result_base': None}
[0.729s] Level 5:colcon.colcon_core.verb:set package 'shelfino_navigation' build argument 'cmake_args' from command line to 'None'
[0.729s] Level 5:colcon.colcon_core.verb:set package 'shelfino_navigation' build argument 'cmake_target' from command line to 'None'
[0.729s] Level 5:colcon.colcon_core.verb:set package 'shelfino_navigation' build argument 'cmake_target_skip_unavailable' from command line to 'False'
[0.729s] Level 5:colcon.colcon_core.verb:set package 'shelfino_navigation' build argument 'cmake_clean_cache' from command line to 'False'
[0.729s] Level 5:colcon.colcon_core.verb:set package 'shelfino_navigation' build argument 'cmake_clean_first' from command line to 'False'
[0.729s] Level 5:colcon.colcon_core.verb:set package 'shelfino_navigation' build argument 'cmake_force_configure' from command line to 'False'
[0.729s] Level 5:colcon.colcon_core.verb:set package 'shelfino_navigation' build argument 'ament_cmake_args' from command line to 'None'
[0.729s] Level 5:colcon.colcon_core.verb:set package 'shelfino_navigation' build argument 'catkin_cmake_args' from command line to 'None'
[0.729s] Level 5:colcon.colcon_core.verb:set package 'shelfino_navigation' build argument 'catkin_skip_building_tests' from command line to 'False'
[0.730s] DEBUG:colcon.colcon_core.verb:Building package 'shelfino_navigation' with the following arguments: {'ament_cmake_args': None, 'build_base': '/home/seventeen/Robotics-and-its-application/build/shelfino_navigation', 'catkin_cmake_args': None, 'catkin_skip_building_tests': False, 'cmake_args': None, 'cmake_clean_cache': False, 'cmake_clean_first': False, 'cmake_force_configure': False, 'cmake_target': None, 'cmake_target_skip_unavailable': False, 'install_base': '/home/seventeen/Robotics-and-its-application/install/shelfino_navigation', 'merge_install': False, 'path': '/home/seventeen/Robotics-and-its-application/src/Shelfino_ROS2/shelfino_navigation', 'symlink_install': False, 'test_result_base': None}
[0.730s] Level 5:colcon.colcon_core.verb:set package 'map_pkg' build argument 'cmake_args' from command line to 'None'
[0.730s] Level 5:colcon.colcon_core.verb:set package 'map_pkg' build argument 'cmake_target' from command line to 'None'
[0.730s] Level 5:colcon.colcon_core.verb:set package 'map_pkg' build argument 'cmake_target_skip_unavailable' from command line to 'False'
[0.730s] Level 5:colcon.colcon_core.verb:set package 'map_pkg' build argument 'cmake_clean_cache' from command line to 'False'
[0.730s] Level 5:colcon.colcon_core.verb:set package 'map_pkg' build argument 'cmake_clean_first' from command line to 'False'
[0.730s] Level 5:colcon.colcon_core.verb:set package 'map_pkg' build argument 'cmake_force_configure' from command line to 'False'
[0.731s] Level 5:colcon.colcon_core.verb:set package 'map_pkg' build argument 'ament_cmake_args' from command line to 'None'
[0.731s] Level 5:colcon.colcon_core.verb:set package 'map_pkg' build argument 'catkin_cmake_args' from command line to 'None'
[0.731s] Level 5:colcon.colcon_core.verb:set package 'map_pkg' build argument 'catkin_skip_building_tests' from command line to 'False'
[0.731s] DEBUG:colcon.colcon_core.verb:Building package 'map_pkg' with the following arguments: {'ament_cmake_args': None, 'build_base': '/home/seventeen/Robotics-and-its-application/build/map_pkg', 'catkin_cmake_args': None, 'catkin_skip_building_tests': False, 'cmake_args': None, 'cmake_clean_cache': False, 'cmake_clean_first': False, 'cmake_force_configure': False, 'cmake_target': None, 'cmake_target_skip_unavailable': False, 'install_base': '/home/seventeen/Robotics-and-its-application/install/map_pkg', 'merge_install': False, 'path': '/home/seventeen/Robotics-and-its-application/src/Shelfino_ROS2/map_pkg', 'symlink_install': False, 'test_result_base': None}
[0.731s] Level 5:colcon.colcon_core.verb:set package 'projects' build argument 'cmake_args' from command line to 'None'
[0.732s] Level 5:colcon.colcon_core.verb:set package 'projects' build argument 'cmake_target' from command line to 'None'
[0.732s] Level 5:colcon.colcon_core.verb:set package 'projects' build argument 'cmake_target_skip_unavailable' from command line to 'False'
[0.732s] Level 5:colcon.colcon_core.verb:set package 'projects' build argument 'cmake_clean_cache' from command line to 'False'
[0.732s] Level 5:colcon.colcon_core.verb:set package 'projects' build argument 'cmake_clean_first' from command line to 'False'
[0.732s] Level 5:colcon.colcon_core.verb:set package 'projects' build argument 'cmake_force_configure' from command line to 'False'
[0.732s] Level 5:colcon.colcon_core.verb:set package 'projects' build argument 'ament_cmake_args' from command line to 'None'
[0.732s] Level 5:colcon.colcon_core.verb:set package 'projects' build argument 'catkin_cmake_args' from command line to 'None'
[0.732s] Level 5:colcon.colcon_core.verb:set package 'projects' build argument 'catkin_skip_building_tests' from command line to 'False'
[0.732s] DEBUG:colcon.colcon_core.verb:Building package 'projects' with the following arguments: {'ament_cmake_args': None, 'build_base': '/home/seventeen/Robotics-and-its-application/build/projects', 'catkin_cmake_args': None, 'catkin_skip_building_tests': False, 'cmake_args': None, 'cmake_clean_cache': False, 'cmake_clean_first': False, 'cmake_force_configure': False, 'cmake_target': None, 'cmake_target_skip_unavailable': False, 'install_base': '/home/seventeen/Robotics-and-its-application/install/projects', 'merge_install': False, 'path': '/home/seventeen/Robotics-and-its-application/src/Shelfino_ROS2/projects', 'symlink_install': False, 'test_result_base': None}
[0.732s] INFO:colcon.colcon_core.executor:Executing jobs using 'parallel' executor
[0.734s] DEBUG:colcon.colcon_parallel_executor.executor.parallel:run_until_complete
[0.735s] INFO:colcon.colcon_ros.task.ament_cmake.build:Building ROS package in '/home/seventeen/Robotics-and-its-application/src/Shelfino_ROS2/obstacles_msgs' with build type 'ament_cmake'
[0.735s] INFO:colcon.colcon_cmake.task.cmake.build:Building CMake package in '/home/seventeen/Robotics-and-its-application/src/Shelfino_ROS2/obstacles_msgs'
[0.740s] INFO:colcon.colcon_core.plugin_system:Skipping extension 'colcon_core.shell.bat': Not used on non-Windows systems
[0.740s] INFO:colcon.colcon_core.shell:Skip shell extension 'powershell' for command environment: Not usable outside of PowerShell
[0.740s] DEBUG:colcon.colcon_core.shell:Skip shell extension 'dsv' for command environment
[0.748s] INFO:colcon.colcon_ros.task.ament_cmake.build:Building ROS package in '/home/seventeen/Robotics-and-its-application/src/Shelfino_ROS2/shelfino_description' with build type 'ament_cmake'
[0.748s] INFO:colcon.colcon_cmake.task.cmake.build:Building CMake package in '/home/seventeen/Robotics-and-its-application/src/Shelfino_ROS2/shelfino_description'
[0.749s] INFO:colcon.colcon_core.shell:Skip shell extension 'powershell' for command environment: Not usable outside of PowerShell
[0.749s] DEBUG:colcon.colcon_core.shell:Skip shell extension 'dsv' for command environment
[0.757s] INFO:colcon.colcon_ros.task.ament_cmake.build:Building ROS package in '/home/seventeen/Robotics-and-its-application/src/Shelfino_ROS2/shelfino_gazebo' with build type 'ament_cmake'
[0.757s] INFO:colcon.colcon_cmake.task.cmake.build:Building CMake package in '/home/seventeen/Robotics-and-its-application/src/Shelfino_ROS2/shelfino_gazebo'
[0.758s] INFO:colcon.colcon_core.shell:Skip shell extension 'powershell' for command environment: Not usable outside of PowerShell
[0.758s] DEBUG:colcon.colcon_core.shell:Skip shell extension 'dsv' for command environment
[0.765s] INFO:colcon.colcon_ros.task.ament_cmake.build:Building ROS package in '/home/seventeen/Robotics-and-its-application/src/Shelfino_ROS2/shelfino_navigation' with build type 'ament_cmake'
[0.765s] INFO:colcon.colcon_cmake.task.cmake.build:Building CMake package in '/home/seventeen/Robotics-and-its-application/src/Shelfino_ROS2/shelfino_navigation'
[0.766s] INFO:colcon.colcon_core.shell:Skip shell extension 'powershell' for command environment: Not usable outside of PowerShell
[0.766s] DEBUG:colcon.colcon_core.shell:Skip shell extension 'dsv' for command environment
[0.776s] INFO:colcon.colcon_ros.task.ament_cmake.build:Building ROS package in '/home/seventeen/Robotics-and-its-application/src/Shelfino_ROS2/evader' with build type 'ament_cmake'
[0.776s] INFO:colcon.colcon_cmake.task.cmake.build:Building CMake package in '/home/seventeen/Robotics-and-its-application/src/Shelfino_ROS2/evader'
[0.777s] INFO:colcon.colcon_core.shell:Skip shell extension 'powershell' for command environment: Not usable outside of PowerShell
[0.777s] DEBUG:colcon.colcon_core.shell:Skip shell extension 'dsv' for command environment
[0.785s] INFO:colcon.colcon_ros.task.ament_cmake.build:Building ROS package in '/home/seventeen/Robotics-and-its-application/src/robot_planning' with build type 'ament_cmake'
[0.785s] INFO:colcon.colcon_cmake.task.cmake.build:Building CMake package in '/home/seventeen/Robotics-and-its-application/src/robot_planning'
[0.786s] INFO:colcon.colcon_core.shell:Skip shell extension 'powershell' for command environment: Not usable outside of PowerShell
[0.786s] DEBUG:colcon.colcon_core.shell:Skip shell extension 'dsv' for command environment
[0.808s] DEBUG:colcon.colcon_core.event_handler.log_command:Invoking command in '/home/seventeen/Robotics-and-its-application/build/obstacles_msgs': CMAKE_PREFIX_PATH=${CMAKE_PREFIX_PATH}:/opt/ros/humble /home/seventeen/.local/bin/cmake --build /home/seventeen/Robotics-and-its-application/build/obstacles_msgs -- -j8 -l8
[0.814s] DEBUG:colcon.colcon_core.event_handler.log_command:Invoking command in '/home/seventeen/Robotics-and-its-application/build/shelfino_description': CMAKE_PREFIX_PATH=${CMAKE_PREFIX_PATH}:/opt/ros/humble /home/seventeen/.local/bin/cmake --build /home/seventeen/Robotics-and-its-application/build/shelfino_description -- -j8 -l8
[0.820s] DEBUG:colcon.colcon_core.event_handler.log_command:Invoking command in '/home/seventeen/Robotics-and-its-application/build/shelfino_gazebo': CMAKE_PREFIX_PATH=${CMAKE_PREFIX_PATH}:/opt/ros/humble /home/seventeen/.local/bin/cmake --build /home/seventeen/Robotics-and-its-application/build/shelfino_gazebo -- -j8 -l8
[0.827s] DEBUG:colcon.colcon_core.event_handler.log_command:Invoking command in '/home/seventeen/Robotics-and-its-application/build/shelfino_navigation': CMAKE_PREFIX_PATH=${CMAKE_PREFIX_PATH}:/opt/ros/humble /home/seventeen/.local/bin/cmake --build /home/seventeen/Robotics-and-its-application/build/shelfino_navigation -- -j8 -l8
[0.839s] DEBUG:colcon.colcon_core.event_handler.log_command:Invoking command in '/home/seventeen/Robotics-and-its-application/build/evader': CMAKE_PREFIX_PATH=${CMAKE_PREFIX_PATH}:/opt/ros/humble /home/seventeen/.local/bin/cmake --build /home/seventeen/Robotics-and-its-application/build/evader -- -j8 -l8
[0.848s] DEBUG:colcon.colcon_core.event_handler.log_command:Invoking command in '/home/seventeen/Robotics-and-its-application/build/robot_planning': CMAKE_PREFIX_PATH=${CMAKE_PREFIX_PATH}:/opt/ros/humble /home/seventeen/.local/bin/cmake --build /home/seventeen/Robotics-and-its-application/build/robot_planning -- -j8 -l8
[1.030s] DEBUG:colcon.colcon_core.event_handler.log_command:Invoked command in '/home/seventeen/Robotics-and-its-application/build/shelfino_description' returned '0': CMAKE_PREFIX_PATH=${CMAKE_PREFIX_PATH}:/opt/ros/humble /home/seventeen/.local/bin/cmake --build /home/seventeen/Robotics-and-its-application/build/shelfino_description -- -j8 -l8
[1.109s] DEBUG:colcon.colcon_core.event_handler.log_command:Invoked command in '/home/seventeen/Robotics-and-its-application/build/shelfino_navigation' returned '0': CMAKE_PREFIX_PATH=${CMAKE_PREFIX_PATH}:/opt/ros/humble /home/seventeen/.local/bin/cmake --build /home/seventeen/Robotics-and-its-application/build/shelfino_navigation -- -j8 -l8
[1.146s] DEBUG:colcon.colcon_core.event_handler.log_command:Invoked command in '/home/seventeen/Robotics-and-its-application/build/shelfino_gazebo' returned '0': CMAKE_PREFIX_PATH=${CMAKE_PREFIX_PATH}:/opt/ros/humble /home/seventeen/.local/bin/cmake --build /home/seventeen/Robotics-and-its-application/build/shelfino_gazebo -- -j8 -l8
[1.195s] DEBUG:colcon.colcon_core.event_handler.log_command:Invoked command in '/home/seventeen/Robotics-and-its-application/build/evader' returned '0': CMAKE_PREFIX_PATH=${CMAKE_PREFIX_PATH}:/opt/ros/humble /home/seventeen/.local/bin/cmake --build /home/seventeen/Robotics-and-its-application/build/evader -- -j8 -l8
[1.552s] DEBUG:colcon.colcon_core.event_handler.log_command:Invoking command in '/home/seventeen/Robotics-and-its-application/build/shelfino_description': CMAKE_PREFIX_PATH=${CMAKE_PREFIX_PATH}:/opt/ros/humble /home/seventeen/.local/bin/cmake --install /home/seventeen/Robotics-and-its-application/build/shelfino_description
[1.567s] DEBUG:colcon.colcon_core.event_handler.log_command:Invoking command in '/home/seventeen/Robotics-and-its-application/build/shelfino_navigation': CMAKE_PREFIX_PATH=${CMAKE_PREFIX_PATH}:/opt/ros/humble /home/seventeen/.local/bin/cmake --install /home/seventeen/Robotics-and-its-application/build/shelfino_navigation
[1.568s] DEBUG:colcon.colcon_core.event_handler.log_command:Invoking command in '/home/seventeen/Robotics-and-its-application/build/shelfino_gazebo': CMAKE_PREFIX_PATH=${CMAKE_PREFIX_PATH}:/opt/ros/humble /home/seventeen/.local/bin/cmake --install /home/seventeen/Robotics-and-its-application/build/shelfino_gazebo
[1.575s] DEBUG:colcon.colcon_core.event_handler.log_command:Invoking command in '/home/seventeen/Robotics-and-its-application/build/evader': CMAKE_PREFIX_PATH=${CMAKE_PREFIX_PATH}:/opt/ros/humble /home/seventeen/.local/bin/cmake --install /home/seventeen/Robotics-and-its-application/build/evader
[1.774s] Level 1:colcon.colcon_core.environment:create_environment_scripts_only(shelfino_navigation)
[1.788s] Level 1:colcon.colcon_core.environment:checking '/home/seventeen/Robotics-and-its-application/install/shelfino_navigation' for CMake module files
[1.790s] Level 1:colcon.colcon_core.environment:checking '/home/seventeen/Robotics-and-its-application/install/shelfino_navigation' for CMake config files
[1.790s] Level 1:colcon.colcon_core.shell:create_environment_hook('shelfino_navigation', 'cmake_prefix_path')
[1.791s] INFO:colcon.colcon_core.shell:Creating environment hook '/home/seventeen/Robotics-and-its-application/install/shelfino_navigation/share/shelfino_navigation/hook/cmake_prefix_path.ps1'
[1.796s] INFO:colcon.colcon_core.shell:Creating environment descriptor '/home/seventeen/Robotics-and-its-application/install/shelfino_navigation/share/shelfino_navigation/hook/cmake_prefix_path.dsv'
[1.797s] INFO:colcon.colcon_core.shell:Creating environment hook '/home/seventeen/Robotics-and-its-application/install/shelfino_navigation/share/shelfino_navigation/hook/cmake_prefix_path.sh'
[1.794s] DEBUG:colcon.colcon_core.event_handler.log_command:Invoked command in '/home/seventeen/Robotics-and-its-application/build/shelfino_navigation' returned '0': CMAKE_PREFIX_PATH=${CMAKE_PREFIX_PATH}:/opt/ros/humble /home/seventeen/.local/bin/cmake --install /home/seventeen/Robotics-and-its-application/build/shelfino_navigation
[1.800s] Level 1:colcon.colcon_core.environment:checking '/home/seventeen/Robotics-and-its-application/install/shelfino_navigation/bin'
[1.800s] Level 1:colcon.colcon_core.environment:checking '/home/seventeen/Robotics-and-its-application/install/shelfino_navigation/lib/pkgconfig/shelfino_navigation.pc'
[1.801s] Level 1:colcon.colcon_core.environment:checking '/home/seventeen/Robotics-and-its-application/install/shelfino_navigation/lib/python3.10/site-packages'
[1.801s] Level 1:colcon.colcon_core.environment:checking '/home/seventeen/Robotics-and-its-application/install/shelfino_navigation/bin'
[1.802s] INFO:colcon.colcon_core.shell:Creating package script '/home/seventeen/Robotics-and-its-application/install/shelfino_navigation/share/shelfino_navigation/package.ps1'
[1.804s] INFO:colcon.colcon_core.shell:Creating package descriptor '/home/seventeen/Robotics-and-its-application/install/shelfino_navigation/share/shelfino_navigation/package.dsv'
[1.806s] INFO:colcon.colcon_core.shell:Creating package script '/home/seventeen/Robotics-and-its-application/install/shelfino_navigation/share/shelfino_navigation/package.sh'
[1.808s] INFO:colcon.colcon_core.shell:Creating package script '/home/seventeen/Robotics-and-its-application/install/shelfino_navigation/share/shelfino_navigation/package.bash'
[1.812s] INFO:colcon.colcon_core.shell:Creating package script '/home/seventeen/Robotics-and-its-application/install/shelfino_navigation/share/shelfino_navigation/package.zsh'
[1.815s] Level 1:colcon.colcon_core.environment:create_file_with_runtime_dependencies(/home/seventeen/Robotics-and-its-application/install/shelfino_navigation/share/colcon-core/packages/shelfino_navigation)
[1.821s] Level 1:colcon.colcon_core.environment:create_environment_scripts_only(shelfino_gazebo)
[1.822s] Level 1:colcon.colcon_core.environment:checking '/home/seventeen/Robotics-and-its-application/install/shelfino_gazebo' for CMake module files
[1.833s] DEBUG:colcon.colcon_core.event_handler.log_command:Invoked command in '/home/seventeen/Robotics-and-its-application/build/shelfino_gazebo' returned '0': CMAKE_PREFIX_PATH=${CMAKE_PREFIX_PATH}:/opt/ros/humble /home/seventeen/.local/bin/cmake --install /home/seventeen/Robotics-and-its-application/build/shelfino_gazebo
[1.833s] Level 1:colcon.colcon_core.environment:checking '/home/seventeen/Robotics-and-its-application/install/shelfino_gazebo' for CMake config files
[1.835s] Level 1:colcon.colcon_core.shell:create_environment_hook('shelfino_gazebo', 'cmake_prefix_path')
[1.836s] INFO:colcon.colcon_core.shell:Creating environment hook '/home/seventeen/Robotics-and-its-application/install/shelfino_gazebo/share/shelfino_gazebo/hook/cmake_prefix_path.ps1'
[1.837s] INFO:colcon.colcon_core.shell:Creating environment descriptor '/home/seventeen/Robotics-and-its-application/install/shelfino_gazebo/share/shelfino_gazebo/hook/cmake_prefix_path.dsv'
[1.838s] INFO:colcon.colcon_core.shell:Creating environment hook '/home/seventeen/Robotics-and-its-application/install/shelfino_gazebo/share/shelfino_gazebo/hook/cmake_prefix_path.sh'
[1.840s] Level 1:colcon.colcon_core.environment:checking '/home/seventeen/Robotics-and-its-application/install/shelfino_gazebo/lib'
[1.841s] Level 1:colcon.colcon_core.environment:checking '/home/seventeen/Robotics-and-its-application/install/shelfino_gazebo/bin'
[1.843s] Level 1:colcon.colcon_core.environment:checking '/home/seventeen/Robotics-and-its-application/install/shelfino_gazebo/lib/pkgconfig/shelfino_gazebo.pc'
[1.844s] Level 1:colcon.colcon_core.environment:checking '/home/seventeen/Robotics-and-its-application/install/shelfino_gazebo/lib/python3.10/site-packages'
[1.844s] Level 1:colcon.colcon_core.environment:checking '/home/seventeen/Robotics-and-its-application/install/shelfino_gazebo/bin'
[1.845s] INFO:colcon.colcon_core.shell:Creating package script '/home/seventeen/Robotics-and-its-application/install/shelfino_gazebo/share/shelfino_gazebo/package.ps1'
[1.847s] INFO:colcon.colcon_core.shell:Creating package descriptor '/home/seventeen/Robotics-and-its-application/install/shelfino_gazebo/share/shelfino_gazebo/package.dsv'
[1.848s] INFO:colcon.colcon_core.shell:Creating package script '/home/seventeen/Robotics-and-its-application/install/shelfino_gazebo/share/shelfino_gazebo/package.sh'
[1.849s] INFO:colcon.colcon_core.shell:Creating package script '/home/seventeen/Robotics-and-its-application/install/shelfino_gazebo/share/shelfino_gazebo/package.bash'
[1.851s] INFO:colcon.colcon_core.shell:Creating package script '/home/seventeen/Robotics-and-its-application/install/shelfino_gazebo/share/shelfino_gazebo/package.zsh'
[1.854s] Level 1:colcon.colcon_core.environment:create_file_with_runtime_dependencies(/home/seventeen/Robotics-and-its-application/install/shelfino_gazebo/share/colcon-core/packages/shelfino_gazebo)
[1.858s] Level 1:colcon.colcon_core.environment:create_environment_scripts_only(shelfino_description)
[1.859s] Level 1:colcon.colcon_core.environment:checking '/home/seventeen/Robotics-and-its-application/install/shelfino_description' for CMake module files
[1.862s] DEBUG:colcon.colcon_core.event_handler.log_command:Invoked command in '/home/seventeen/Robotics-and-its-application/build/shelfino_description' returned '0': CMAKE_PREFIX_PATH=${CMAKE_PREFIX_PATH}:/opt/ros/humble /home/seventeen/.local/bin/cmake --install /home/seventeen/Robotics-and-its-application/build/shelfino_description
[1.863s] Level 1:colcon.colcon_core.environment:checking '/home/seventeen/Robotics-and-its-application/install/shelfino_description' for CMake config files
[1.864s] Level 1:colcon.colcon_core.shell:create_environment_hook('shelfino_description', 'cmake_prefix_path')
[1.865s] INFO:colcon.colcon_core.shell:Creating environment hook '/home/seventeen/Robotics-and-its-application/install/shelfino_description/share/shelfino_description/hook/cmake_prefix_path.ps1'
[1.866s] INFO:colcon.colcon_core.shell:Creating environment descriptor '/home/seventeen/Robotics-and-its-application/install/shelfino_description/share/shelfino_description/hook/cmake_prefix_path.dsv'
[1.870s] INFO:colcon.colcon_core.shell:Creating environment hook '/home/seventeen/Robotics-and-its-application/install/shelfino_description/share/shelfino_description/hook/cmake_prefix_path.sh'
[1.872s] Level 1:colcon.colcon_core.environment:checking '/home/seventeen/Robotics-and-its-application/install/shelfino_description/bin'
[1.873s] Level 1:colcon.colcon_core.environment:checking '/home/seventeen/Robotics-and-its-application/install/shelfino_description/lib/pkgconfig/shelfino_description.pc'
[1.874s] Level 1:colcon.colcon_core.environment:checking '/home/seventeen/Robotics-and-its-application/install/shelfino_description/lib/python3.10/site-packages'
[1.874s] Level 1:colcon.colcon_core.environment:checking '/home/seventeen/Robotics-and-its-application/install/shelfino_description/bin'
[1.875s] INFO:colcon.colcon_core.shell:Creating package script '/home/seventeen/Robotics-and-its-application/install/shelfino_description/share/shelfino_description/package.ps1'
[1.877s] INFO:colcon.colcon_core.shell:Creating package descriptor '/home/seventeen/Robotics-and-its-application/install/shelfino_description/share/shelfino_description/package.dsv'
[1.879s] INFO:colcon.colcon_core.shell:Creating package script '/home/seventeen/Robotics-and-its-application/install/shelfino_description/share/shelfino_description/package.sh'
[1.882s] INFO:colcon.colcon_core.shell:Creating package script '/home/seventeen/Robotics-and-its-application/install/shelfino_description/share/shelfino_description/package.bash'
[1.884s] INFO:colcon.colcon_core.shell:Creating package script '/home/seventeen/Robotics-and-its-application/install/shelfino_description/share/shelfino_description/package.zsh'
[1.886s] Level 1:colcon.colcon_core.environment:create_file_with_runtime_dependencies(/home/seventeen/Robotics-and-its-application/install/shelfino_description/share/colcon-core/packages/shelfino_description)
[1.889s] Level 1:colcon.colcon_core.environment:create_environment_scripts_only(evader)
[1.892s] Level 1:colcon.colcon_core.environment:checking '/home/seventeen/Robotics-and-its-application/install/evader' for CMake module files
[1.893s] DEBUG:colcon.colcon_core.event_handler.log_command:Invoked command in '/home/seventeen/Robotics-and-its-application/build/evader' returned '0': CMAKE_PREFIX_PATH=${CMAKE_PREFIX_PATH}:/opt/ros/humble /home/seventeen/.local/bin/cmake --install /home/seventeen/Robotics-and-its-application/build/evader
[1.895s] Level 1:colcon.colcon_core.environment:checking '/home/seventeen/Robotics-and-its-application/install/evader' for CMake config files
[1.896s] Level 1:colcon.colcon_core.shell:create_environment_hook('evader', 'cmake_prefix_path')
[1.897s] INFO:colcon.colcon_core.shell:Creating environment hook '/home/seventeen/Robotics-and-its-application/install/evader/share/evader/hook/cmake_prefix_path.ps1'
[1.899s] INFO:colcon.colcon_core.shell:Creating environment descriptor '/home/seventeen/Robotics-and-its-application/install/evader/share/evader/hook/cmake_prefix_path.dsv'
[1.900s] INFO:colcon.colcon_core.shell:Creating environment hook '/home/seventeen/Robotics-and-its-application/install/evader/share/evader/hook/cmake_prefix_path.sh'
[1.903s] Level 1:colcon.colcon_core.environment:checking '/home/seventeen/Robotics-and-its-application/install/evader/lib'
[1.903s] Level 1:colcon.colcon_core.environment:checking '/home/seventeen/Robotics-and-its-application/install/evader/bin'
[1.903s] Level 1:colcon.colcon_core.environment:checking '/home/seventeen/Robotics-and-its-application/install/evader/lib/pkgconfig/evader.pc'
[1.904s] Level 1:colcon.colcon_core.environment:checking '/home/seventeen/Robotics-and-its-application/install/evader/lib/python3.10/site-packages'
[1.905s] Level 1:colcon.colcon_core.environment:checking '/home/seventeen/Robotics-and-its-application/install/evader/bin'
[1.906s] INFO:colcon.colcon_core.shell:Creating package script '/home/seventeen/Robotics-and-its-application/install/evader/share/evader/package.ps1'
[1.907s] INFO:colcon.colcon_core.shell:Creating package descriptor '/home/seventeen/Robotics-and-its-application/install/evader/share/evader/package.dsv'
[1.908s] INFO:colcon.colcon_core.shell:Creating package script '/home/seventeen/Robotics-and-its-application/install/evader/share/evader/package.sh'
[1.909s] INFO:colcon.colcon_core.shell:Creating package script '/home/seventeen/Robotics-and-its-application/install/evader/share/evader/package.bash'
[1.910s] INFO:colcon.colcon_core.shell:Creating package script '/home/seventeen/Robotics-and-its-application/install/evader/share/evader/package.zsh'
[1.911s] Level 1:colcon.colcon_core.environment:create_file_with_runtime_dependencies(/home/seventeen/Robotics-and-its-application/install/evader/share/colcon-core/packages/evader)
[1.919s] DEBUG:colcon.colcon_core.event_handler.log_command:Invoked command in '/home/seventeen/Robotics-and-its-application/build/robot_planning' returned '2': CMAKE_PREFIX_PATH=${CMAKE_PREFIX_PATH}:/opt/ros/humble /home/seventeen/.local/bin/cmake --build /home/seventeen/Robotics-and-its-application/build/robot_planning -- -j8 -l8
[1.941s] DEBUG:colcon.colcon_core.event_handler.log_command:Invoked command in '/home/seventeen/Robotics-and-its-application/build/obstacles_msgs' returned '0': CMAKE_PREFIX_PATH=${CMAKE_PREFIX_PATH}:/opt/ros/humble /home/seventeen/.local/bin/cmake --build /home/seventeen/Robotics-and-its-application/build/obstacles_msgs -- -j8 -l8
[2.050s] Level 1:colcon.colcon_core.environment:create_environment_scripts_only(shelfino_navigation)
[2.051s] Level 1:colcon.colcon_core.environment:checking '/home/seventeen/Robotics-and-its-application/install/shelfino_navigation' for CMake module files
[2.052s] Level 1:colcon.colcon_core.environment:checking '/home/seventeen/Robotics-and-its-application/install/shelfino_navigation' for CMake config files
[2.053s] Level 1:colcon.colcon_core.shell:create_environment_hook('shelfino_navigation', 'cmake_prefix_path')
[2.054s] INFO:colcon.colcon_core.shell:Creating environment hook '/home/seventeen/Robotics-and-its-application/install/shelfino_navigation/share/shelfino_navigation/hook/cmake_prefix_path.ps1'
[2.055s] INFO:colcon.colcon_core.shell:Creating environment descriptor '/home/seventeen/Robotics-and-its-application/install/shelfino_navigation/share/shelfino_navigation/hook/cmake_prefix_path.dsv'
[2.056s] INFO:colcon.colcon_core.shell:Creating environment hook '/home/seventeen/Robotics-and-its-application/install/shelfino_navigation/share/shelfino_navigation/hook/cmake_prefix_path.sh'
[2.057s] Level 1:colcon.colcon_core.environment:checking '/home/seventeen/Robotics-and-its-application/install/shelfino_navigation/bin'
[2.057s] Level 1:colcon.colcon_core.environment:checking '/home/seventeen/Robotics-and-its-application/install/shelfino_navigation/lib/pkgconfig/shelfino_navigation.pc'
[2.058s] Level 1:colcon.colcon_core.environment:checking '/home/seventeen/Robotics-and-its-application/install/shelfino_navigation/lib/python3.10/site-packages'
[2.058s] Level 1:colcon.colcon_core.environment:checking '/home/seventeen/Robotics-and-its-application/install/shelfino_navigation/bin'
[2.059s] INFO:colcon.colcon_core.shell:Creating package script '/home/seventeen/Robotics-and-its-application/install/shelfino_navigation/share/shelfino_navigation/package.ps1'
[2.061s] INFO:colcon.colcon_core.shell:Creating package descriptor '/home/seventeen/Robotics-and-its-application/install/shelfino_navigation/share/shelfino_navigation/package.dsv'
[2.062s] INFO:colcon.colcon_core.shell:Creating package script '/home/seventeen/Robotics-and-its-application/install/shelfino_navigation/share/shelfino_navigation/package.sh'
[2.063s] INFO:colcon.colcon_core.shell:Creating package script '/home/seventeen/Robotics-and-its-application/install/shelfino_navigation/share/shelfino_navigation/package.bash'
[2.065s] INFO:colcon.colcon_core.shell:Creating package script '/home/seventeen/Robotics-and-its-application/install/shelfino_navigation/share/shelfino_navigation/package.zsh'
[2.066s] Level 1:colcon.colcon_core.environment:create_file_with_runtime_dependencies(/home/seventeen/Robotics-and-its-application/install/shelfino_navigation/share/colcon-core/packages/shelfino_navigation)
[2.093s] Level 1:colcon.colcon_core.environment:create_environment_scripts_only(shelfino_description)
[2.093s] Level 1:colcon.colcon_core.environment:checking '/home/seventeen/Robotics-and-its-application/install/shelfino_description' for CMake module files
[2.095s] Level 1:colcon.colcon_core.environment:checking '/home/seventeen/Robotics-and-its-application/install/shelfino_description' for CMake config files
[2.096s] Level 1:colcon.colcon_core.shell:create_environment_hook('shelfino_description', 'cmake_prefix_path')
[2.096s] INFO:colcon.colcon_core.shell:Creating environment hook '/home/seventeen/Robotics-and-its-application/install/shelfino_description/share/shelfino_description/hook/cmake_prefix_path.ps1'
[2.098s] INFO:colcon.colcon_core.shell:Creating environment descriptor '/home/seventeen/Robotics-and-its-application/install/shelfino_description/share/shelfino_description/hook/cmake_prefix_path.dsv'
[2.098s] INFO:colcon.colcon_core.shell:Creating environment hook '/home/seventeen/Robotics-and-its-application/install/shelfino_description/share/shelfino_description/hook/cmake_prefix_path.sh'
[2.100s] Level 1:colcon.colcon_core.environment:checking '/home/seventeen/Robotics-and-its-application/install/shelfino_description/bin'
[2.100s] Level 1:colcon.colcon_core.environment:checking '/home/seventeen/Robotics-and-its-application/install/shelfino_description/lib/pkgconfig/shelfino_description.pc'
[2.101s] Level 1:colcon.colcon_core.environment:checking '/home/seventeen/Robotics-and-its-application/install/shelfino_description/lib/python3.10/site-packages'
[2.101s] Level 1:colcon.colcon_core.environment:checking '/home/seventeen/Robotics-and-its-application/install/shelfino_description/bin'
[2.102s] INFO:colcon.colcon_core.shell:Creating package script '/home/seventeen/Robotics-and-its-application/install/shelfino_description/share/shelfino_description/package.ps1'
[2.103s] INFO:colcon.colcon_core.shell:Creating package descriptor '/home/seventeen/Robotics-and-its-application/install/shelfino_description/share/shelfino_description/package.dsv'
[2.104s] INFO:colcon.colcon_core.shell:Creating package script '/home/seventeen/Robotics-and-its-application/install/shelfino_description/share/shelfino_description/package.sh'
[2.105s] INFO:colcon.colcon_core.shell:Creating package script '/home/seventeen/Robotics-and-its-application/install/shelfino_description/share/shelfino_description/package.bash'
[2.107s] INFO:colcon.colcon_core.shell:Creating package script '/home/seventeen/Robotics-and-its-application/install/shelfino_description/share/shelfino_description/package.zsh'
[2.108s] Level 1:colcon.colcon_core.environment:create_file_with_runtime_dependencies(/home/seventeen/Robotics-and-its-application/install/shelfino_description/share/colcon-core/packages/shelfino_description)
[2.110s] Level 1:colcon.colcon_core.environment:create_environment_scripts_only(shelfino_gazebo)
[2.111s] Level 1:colcon.colcon_core.environment:checking '/home/seventeen/Robotics-and-its-application/install/shelfino_gazebo' for CMake module files
[2.112s] Level 1:colcon.colcon_core.environment:checking '/home/seventeen/Robotics-and-its-application/install/shelfino_gazebo' for CMake config files
[2.113s] Level 1:colcon.colcon_core.shell:create_environment_hook('shelfino_gazebo', 'cmake_prefix_path')
[2.114s] INFO:colcon.colcon_core.shell:Creating environment hook '/home/seventeen/Robotics-and-its-application/install/shelfino_gazebo/share/shelfino_gazebo/hook/cmake_prefix_path.ps1'
[2.116s] INFO:colcon.colcon_core.shell:Creating environment descriptor '/home/seventeen/Robotics-and-its-application/install/shelfino_gazebo/share/shelfino_gazebo/hook/cmake_prefix_path.dsv'
[2.118s] INFO:colcon.colcon_core.shell:Creating environment hook '/home/seventeen/Robotics-and-its-application/install/shelfino_gazebo/share/shelfino_gazebo/hook/cmake_prefix_path.sh'
[2.120s] Level 1:colcon.colcon_core.environment:checking '/home/seventeen/Robotics-and-its-application/install/shelfino_gazebo/lib'
[2.120s] Level 1:colcon.colcon_core.environment:checking '/home/seventeen/Robotics-and-its-application/install/shelfino_gazebo/bin'
[2.120s] Level 1:colcon.colcon_core.environment:checking '/home/seventeen/Robotics-and-its-application/install/shelfino_gazebo/lib/pkgconfig/shelfino_gazebo.pc'
[2.121s] Level 1:colcon.colcon_core.environment:checking '/home/seventeen/Robotics-and-its-application/install/shelfino_gazebo/lib/python3.10/site-packages'
[2.121s] Level 1:colcon.colcon_core.environment:checking '/home/seventeen/Robotics-and-its-application/install/shelfino_gazebo/bin'
[2.122s] INFO:colcon.colcon_core.shell:Creating package script '/home/seventeen/Robotics-and-its-application/install/shelfino_gazebo/share/shelfino_gazebo/package.ps1'
[2.124s] INFO:colcon.colcon_core.shell:Creating package descriptor '/home/seventeen/Robotics-and-its-application/install/shelfino_gazebo/share/shelfino_gazebo/package.dsv'
[2.125s] INFO:colcon.colcon_core.shell:Creating package script '/home/seventeen/Robotics-and-its-application/install/shelfino_gazebo/share/shelfino_gazebo/package.sh'
[2.127s] INFO:colcon.colcon_core.shell:Creating package script '/home/seventeen/Robotics-and-its-application/install/shelfino_gazebo/share/shelfino_gazebo/package.bash'
[2.129s] INFO:colcon.colcon_core.shell:Creating package script '/home/seventeen/Robotics-and-its-application/install/shelfino_gazebo/share/shelfino_gazebo/package.zsh'
[2.130s] Level 1:colcon.colcon_core.environment:create_file_with_runtime_dependencies(/home/seventeen/Robotics-and-its-application/install/shelfino_gazebo/share/colcon-core/packages/shelfino_gazebo)
[2.139s] Level 1:colcon.colcon_core.environment:create_environment_scripts_only(evader)
[2.140s] Level 1:colcon.colcon_core.environment:checking '/home/seventeen/Robotics-and-its-application/install/evader' for CMake module files
[2.141s] Level 1:colcon.colcon_core.environment:checking '/home/seventeen/Robotics-and-its-application/install/evader' for CMake config files
[2.141s] Level 1:colcon.colcon_core.shell:create_environment_hook('evader', 'cmake_prefix_path')
[2.142s] INFO:colcon.colcon_core.shell:Creating environment hook '/home/seventeen/Robotics-and-its-application/install/evader/share/evader/hook/cmake_prefix_path.ps1'
[2.143s] INFO:colcon.colcon_core.shell:Creating environment descriptor '/home/seventeen/Robotics-and-its-application/install/evader/share/evader/hook/cmake_prefix_path.dsv'
[2.144s] INFO:colcon.colcon_core.shell:Creating environment hook '/home/seventeen/Robotics-and-its-application/install/evader/share/evader/hook/cmake_prefix_path.sh'
[2.145s] Level 1:colcon.colcon_core.environment:checking '/home/seventeen/Robotics-and-its-application/install/evader/lib'
[2.145s] Level 1:colcon.colcon_core.environment:checking '/home/seventeen/Robotics-and-its-application/install/evader/bin'
[2.145s] Level 1:colcon.colcon_core.environment:checking '/home/seventeen/Robotics-and-its-application/install/evader/lib/pkgconfig/evader.pc'
[2.146s] Level 1:colcon.colcon_core.environment:checking '/home/seventeen/Robotics-and-its-application/install/evader/lib/python3.10/site-packages'
[2.146s] Level 1:colcon.colcon_core.environment:checking '/home/seventeen/Robotics-and-its-application/install/evader/bin'
[2.147s] INFO:colcon.colcon_core.shell:Creating package script '/home/seventeen/Robotics-and-its-application/install/evader/share/evader/package.ps1'
[2.150s] INFO:colcon.colcon_core.shell:Creating package descriptor '/home/seventeen/Robotics-and-its-application/install/evader/share/evader/package.dsv'
[2.151s] INFO:colcon.colcon_core.shell:Creating package script '/home/seventeen/Robotics-and-its-application/install/evader/share/evader/package.sh'
[2.153s] INFO:colcon.colcon_core.shell:Creating package script '/home/seventeen/Robotics-and-its-application/install/evader/share/evader/package.bash'
[2.154s] INFO:colcon.colcon_core.shell:Creating package script '/home/seventeen/Robotics-and-its-application/install/evader/share/evader/package.zsh'
[2.156s] Level 1:colcon.colcon_core.environment:create_file_with_runtime_dependencies(/home/seventeen/Robotics-and-its-application/install/evader/share/colcon-core/packages/evader)
[2.158s] Level 1:colcon.colcon_core.environment:create_environment_scripts_only(robot_planning)
[2.158s] Level 1:colcon.colcon_core.environment:checking '/home/seventeen/Robotics-and-its-application/install/robot_planning' for CMake module files
[2.160s] Level 1:colcon.colcon_core.environment:checking '/home/seventeen/Robotics-and-its-application/install/robot_planning' for CMake config files
[2.161s] Level 1:colcon.colcon_core.environment:checking '/home/seventeen/Robotics-and-its-application/install/robot_planning/bin'
[2.161s] Level 1:colcon.colcon_core.environment:checking '/home/seventeen/Robotics-and-its-application/install/robot_planning/lib/pkgconfig/robot_planning.pc'
[2.162s] Level 1:colcon.colcon_core.environment:checking '/home/seventeen/Robotics-and-its-application/install/robot_planning/lib/python3.10/site-packages'
[2.162s] Level 1:colcon.colcon_core.environment:checking '/home/seventeen/Robotics-and-its-application/install/robot_planning/bin'
[2.162s] INFO:colcon.colcon_core.shell:Creating package script '/home/seventeen/Robotics-and-its-application/install/robot_planning/share/robot_planning/package.ps1'
[2.163s] INFO:colcon.colcon_core.shell:Creating package descriptor '/home/seventeen/Robotics-and-its-application/install/robot_planning/share/robot_planning/package.dsv'
[2.164s] INFO:colcon.colcon_core.shell:Creating package script '/home/seventeen/Robotics-and-its-application/install/robot_planning/share/robot_planning/package.sh'
[2.165s] INFO:colcon.colcon_core.shell:Creating package script '/home/seventeen/Robotics-and-its-application/install/robot_planning/share/robot_planning/package.bash'
[2.166s] INFO:colcon.colcon_core.shell:Creating package script '/home/seventeen/Robotics-and-its-application/install/robot_planning/share/robot_planning/package.zsh'
[2.167s] Level 1:colcon.colcon_core.environment:create_file_with_runtime_dependencies(/home/seventeen/Robotics-and-its-application/install/robot_planning/share/colcon-core/packages/robot_planning)
[2.280s] DEBUG:colcon.colcon_parallel_executor.executor.parallel:closing loop
[2.280s] DEBUG:colcon.colcon_parallel_executor.executor.parallel:loop closed
[2.280s] DEBUG:colcon.colcon_parallel_executor.executor.parallel:run_until_complete finished with '2'
[2.280s] DEBUG:colcon.colcon_core.event_reactor:joining thread
[2.292s] INFO:colcon.colcon_core.plugin_system:Skipping extension 'colcon_notification.desktop_notification.terminal_notifier': Not used on non-Darwin systems
[2.292s] INFO:colcon.colcon_core.plugin_system:Skipping extension 'colcon_notification.desktop_notification.win32': Not used on non-Windows systems
[2.292s] INFO:colcon.colcon_notification.desktop_notification:Sending desktop notification using 'notify2'
[2.323s] DEBUG:colcon.colcon_core.event_reactor:joined thread
[2.324s] INFO:colcon.colcon_core.shell:Creating prefix script '/home/seventeen/Robotics-and-its-application/install/local_setup.ps1'
[2.327s] INFO:colcon.colcon_core.shell:Creating prefix util module '/home/seventeen/Robotics-and-its-application/install/_local_setup_util_ps1.py'
[2.331s] INFO:colcon.colcon_core.shell:Creating prefix chain script '/home/seventeen/Robotics-and-its-application/install/setup.ps1'
[2.335s] INFO:colcon.colcon_core.shell:Creating prefix script '/home/seventeen/Robotics-and-its-application/install/local_setup.sh'
[2.337s] INFO:colcon.colcon_core.shell:Creating prefix util module '/home/seventeen/Robotics-and-its-application/install/_local_setup_util_sh.py'
[2.338s] INFO:colcon.colcon_core.shell:Creating prefix chain script '/home/seventeen/Robotics-and-its-application/install/setup.sh'
[2.342s] INFO:colcon.colcon_core.shell:Creating prefix script '/home/seventeen/Robotics-and-its-application/install/local_setup.bash'
[2.344s] INFO:colcon.colcon_core.shell:Creating prefix chain script '/home/seventeen/Robotics-and-its-application/install/setup.bash'
[2.347s] INFO:colcon.colcon_core.shell:Creating prefix script '/home/seventeen/Robotics-and-its-application/install/local_setup.zsh'
[2.349s] INFO:colcon.colcon_core.shell:Creating prefix chain script '/home/seventeen/Robotics-and-its-application/install/setup.zsh'
