[0.045s] Invoking command in '/home/seventeen/Robotics-and-its-application/build/obstacles_msgs': CMAKE_PREFIX_PATH=/opt/ros/humble /home/seventeen/.local/bin/cmake /home/seventeen/Robotics-and-its-application/src/Shelfino_ROS2/obstacles_msgs -DCMAKE_INSTALL_PREFIX=/home/seventeen/Robotics-and-its-application/install/obstacles_msgs
[0.220s] [0mCMake Deprecation Warning at CMakeLists.txt:1 (cmake_minimum_required):
[0.221s]   Compatibility with CMake < 3.10 will be removed from a future version of
[0.221s]   CMake.
[0.221s] 
[0.221s]   Update the VERSION argument <min> value or use a ...<max> suffix to tell
[0.221s]   CMake that the project does not need compatibility with older versions.
[0.221s] 
[0.222s] [0m
[0.378s] -- The C compiler identification is GNU 11.4.0
[0.534s] -- The CXX compiler identification is GNU 11.4.0
[0.552s] -- Detecting C compiler ABI info
[0.694s] -- Detecting C compiler ABI info - done
[0.740s] -- Check for working C compiler: /usr/bin/cc - skipped
[0.742s] -- Detecting C compile features
[0.743s] -- Detecting C compile features - done
[0.775s] -- Detecting CXX compiler ABI info
[0.966s] -- Detecting CXX compiler ABI info - done
[1.012s] -- Check for working CXX compiler: /usr/bin/c++ - skipped
[1.013s] -- Detecting CXX compile features
[1.015s] -- Detecting CXX compile features - done
[1.038s] -- Found ament_cmake: 1.3.10 (/opt/ros/humble/share/ament_cmake/cmake)
[1.404s] -- Found Python3: /usr/bin/python3 (found version "3.10.12") found components: Interpreter
[1.677s] -- Found builtin_interfaces: 1.2.1 (/opt/ros/humble/share/builtin_interfaces/cmake)
[1.789s] -- Found rosidl_generator_c: 3.1.5 (/opt/ros/humble/share/rosidl_generator_c/cmake)
[1.814s] -- Found rosidl_adapter: 3.1.5 (/opt/ros/humble/share/rosidl_adapter/cmake)
[1.848s] -- Found rosidl_generator_cpp: 3.1.5 (/opt/ros/humble/share/rosidl_generator_cpp/cmake)
[1.887s] -- Using all available rosidl_typesupport_c: rosidl_typesupport_fastrtps_c;rosidl_typesupport_introspection_c
[1.944s] -- Using all available rosidl_typesupport_cpp: rosidl_typesupport_fastrtps_cpp;rosidl_typesupport_introspection_cpp
[1.997s] -- Found geometry_msgs: 4.2.4 (/opt/ros/humble/share/geometry_msgs/cmake)
[2.108s] -- Found rosidl_default_generators: 1.2.0 (/opt/ros/humble/share/rosidl_default_generators/cmake)
[3.270s] -- Found ament_cmake_ros: 0.10.0 (/opt/ros/humble/share/ament_cmake_ros/cmake)
[5.270s] -- Using all available rosidl_typesupport_c: rosidl_typesupport_fastrtps_c;rosidl_typesupport_introspection_c
[6.041s] -- Using all available rosidl_typesupport_cpp: rosidl_typesupport_fastrtps_cpp;rosidl_typesupport_introspection_cpp
[6.054s] [33mCMake Warning (dev) at /opt/ros/humble/share/rosidl_generator_py/cmake/rosidl_generator_py_generate_interfaces.cmake:20 (find_package):
[6.055s]   Policy CMP0148 is not set: The FindPythonInterp and FindPythonLibs modules
[6.055s]   are removed.  Run "cmake --help-policy CMP0148" for policy details.  Use
[6.055s]   the cmake_policy command to set the policy and suppress this warning.
[6.055s] 
[6.055s] Call Stack (most recent call first):
[6.056s]   /opt/ros/humble/share/ament_cmake_core/cmake/core/ament_execute_extensions.cmake:48 (include)
[6.056s]   /opt/ros/humble/share/rosidl_cmake/cmake/rosidl_generate_interfaces.cmake:286 (ament_execute_extensions)
[6.056s]   CMakeLists.txt:20 (rosidl_generate_interfaces)
[6.056s] This warning is for project developers.  Use -Wno-dev to suppress it.
[6.057s] [0m
[6.105s] -- Found PythonInterp: /usr/bin/python3 (found suitable version "3.10.12", minimum required is "3.6")
[6.113s] -- Found python_cmake_module: 0.10.0 (/opt/ros/humble/share/python_cmake_module/cmake)
[6.115s] [33mCMake Warning (dev) at /opt/ros/humble/share/python_cmake_module/cmake/Modules/FindPythonExtra.cmake:52 (find_package):
[6.115s]   Policy CMP0148 is not set: The FindPythonInterp and FindPythonLibs modules
[6.115s]   are removed.  Run "cmake --help-policy CMP0148" for policy details.  Use
[6.115s]   the cmake_policy command to set the policy and suppress this warning.
[6.116s] 
[6.116s] Call Stack (most recent call first):
[6.116s]   /opt/ros/humble/share/rosidl_generator_py/cmake/rosidl_generator_py_generate_interfaces.cmake:23 (find_package)
[6.116s]   /opt/ros/humble/share/ament_cmake_core/cmake/core/ament_execute_extensions.cmake:48 (include)
[6.117s]   /opt/ros/humble/share/rosidl_cmake/cmake/rosidl_generate_interfaces.cmake:286 (ament_execute_extensions)
[6.117s]   CMakeLists.txt:20 (rosidl_generate_interfaces)
[6.117s] This warning is for project developers.  Use -Wno-dev to suppress it.
[6.117s] [0m
[6.161s] [33mCMake Warning (dev) at /opt/ros/humble/share/python_cmake_module/cmake/Modules/FindPythonExtra.cmake:140 (find_package):
[6.161s]   Policy CMP0148 is not set: The FindPythonInterp and FindPythonLibs modules
[6.161s]   are removed.  Run "cmake --help-policy CMP0148" for policy details.  Use
[6.162s]   the cmake_policy command to set the policy and suppress this warning.
[6.162s] 
[6.162s] Call Stack (most recent call first):
[6.163s]   /opt/ros/humble/share/rosidl_generator_py/cmake/rosidl_generator_py_generate_interfaces.cmake:23 (find_package)
[6.163s]   /opt/ros/humble/share/ament_cmake_core/cmake/core/ament_execute_extensions.cmake:48 (include)
[6.163s]   /opt/ros/humble/share/rosidl_cmake/cmake/rosidl_generate_interfaces.cmake:286 (ament_execute_extensions)
[6.163s]   CMakeLists.txt:20 (rosidl_generate_interfaces)
[6.163s] This warning is for project developers.  Use -Wno-dev to suppress it.
[6.164s] [0m
[6.185s] -- Found PythonLibs: /usr/lib/x86_64-linux-gnu/libpython3.10.so (found suitable version "3.10.12", minimum required is "3.5")
[6.186s] -- Using PYTHON_EXECUTABLE: /usr/bin/python3
[6.186s] -- Using PYTHON_INCLUDE_DIRS: /usr/include/python3.10
[6.186s] -- Using PYTHON_LIBRARIES: /usr/lib/x86_64-linux-gnu/libpython3.10.so
[6.234s] -- Found PythonExtra: .so
[6.410s] -- Configuring done (6.2s)
[6.507s] -- Generating done (0.1s)
[6.507s] -- Build files have been written to: /home/seventeen/Robotics-and-its-application/build/obstacles_msgs
[6.532s] Invoked command in '/home/seventeen/Robotics-and-its-application/build/obstacles_msgs' returned '0': CMAKE_PREFIX_PATH=/opt/ros/humble /home/seventeen/.local/bin/cmake /home/seventeen/Robotics-and-its-application/src/Shelfino_ROS2/obstacles_msgs -DCMAKE_INSTALL_PREFIX=/home/seventeen/Robotics-and-its-application/install/obstacles_msgs
[6.537s] Invoking command in '/home/seventeen/Robotics-and-its-application/build/obstacles_msgs': CMAKE_PREFIX_PATH=/opt/ros/humble /home/seventeen/.local/bin/cmake --build /home/seventeen/Robotics-and-its-application/build/obstacles_msgs -- -j8 -l8
[6.721s] [  2%] [34m[1mGenerating C code for ROS interfaces[0m
[6.740s] [  5%] [34m[1mGenerating C++ code for ROS interfaces[0m
[6.746s] [  5%] Built target ament_cmake_python_copy_obstacles_msgs
[7.398s] [  5%] Built target obstacles_msgs__cpp
[7.411s] [  7%] [34m[1mGenerating C++ introspection for ROS interfaces[0m
[7.414s] [ 12%] [34m[1mGenerating C++ type support dispatch for ROS interfaces[0m
[7.414s] [ 12%] [34m[1mGenerating C++ type support for eProsima Fast-RTPS[0m
[7.488s] running egg_info
[7.491s] creating obstacles_msgs.egg-info
[7.493s] writing obstacles_msgs.egg-info/PKG-INFO
[7.493s] writing dependency_links to obstacles_msgs.egg-info/dependency_links.txt
[7.495s] writing top-level names to obstacles_msgs.egg-info/top_level.txt
[7.496s] writing manifest file 'obstacles_msgs.egg-info/SOURCES.txt'
[7.500s] reading manifest file 'obstacles_msgs.egg-info/SOURCES.txt'
[7.502s] writing manifest file 'obstacles_msgs.egg-info/SOURCES.txt'
[7.590s] [ 12%] Built target ament_cmake_python_build_obstacles_msgs_egg
[7.721s] [ 15%] [32mBuilding C object CMakeFiles/obstacles_msgs__rosidl_generator_c.dir/rosidl_generator_c/obstacles_msgs/msg/detail/obstacle_msg__functions.c.o[0m
[7.722s] [ 17%] [32mBuilding C object CMakeFiles/obstacles_msgs__rosidl_generator_c.dir/rosidl_generator_c/obstacles_msgs/msg/detail/obstacle_array_msg__functions.c.o[0m
[7.869s] [ 20%] [32m[1mLinking C shared library libobstacles_msgs__rosidl_generator_c.so[0m
[7.970s] [ 20%] Built target obstacles_msgs__rosidl_generator_c
[7.990s] [ 25%] [34m[1mGenerating C type support for eProsima Fast-RTPS[0m
[7.990s] [ 25%] [34m[1mGenerating C type support dispatch for ROS interfaces[0m
[7.991s] [ 28%] [34m[1mGenerating C introspection for ROS interfaces[0m
[8.185s] [ 30%] [32mBuilding CXX object CMakeFiles/obstacles_msgs__rosidl_typesupport_cpp.dir/rosidl_typesupport_cpp/obstacles_msgs/msg/obstacle_array_msg__type_support.cpp.o[0m
[8.185s] [ 33%] [32mBuilding CXX object CMakeFiles/obstacles_msgs__rosidl_typesupport_cpp.dir/rosidl_typesupport_cpp/obstacles_msgs/msg/obstacle_msg__type_support.cpp.o[0m
[8.227s] [ 35%] [32mBuilding CXX object CMakeFiles/obstacles_msgs__rosidl_typesupport_introspection_cpp.dir/rosidl_typesupport_introspection_cpp/obstacles_msgs/msg/detail/obstacle_msg__type_support.cpp.o[0m
[8.235s] [ 38%] [32mBuilding CXX object CMakeFiles/obstacles_msgs__rosidl_typesupport_introspection_cpp.dir/rosidl_typesupport_introspection_cpp/obstacles_msgs/msg/detail/obstacle_array_msg__type_support.cpp.o[0m
[8.654s] [ 41%] [32mBuilding CXX object CMakeFiles/obstacles_msgs__rosidl_typesupport_fastrtps_cpp.dir/rosidl_typesupport_fastrtps_cpp/obstacles_msgs/msg/detail/dds_fastrtps/obstacle_msg__type_support.cpp.o[0m
[9.062s] [ 43%] [32mBuilding CXX object CMakeFiles/obstacles_msgs__rosidl_typesupport_c.dir/rosidl_typesupport_c/obstacles_msgs/msg/obstacle_msg__type_support.cpp.o[0m
[9.142s] [ 46%] [32mBuilding C object CMakeFiles/obstacles_msgs__rosidl_typesupport_introspection_c.dir/rosidl_typesupport_introspection_c/obstacles_msgs/msg/detail/obstacle_msg__type_support.c.o[0m
[9.184s] [ 48%] [32mBuilding CXX object CMakeFiles/obstacles_msgs__rosidl_typesupport_c.dir/rosidl_typesupport_c/obstacles_msgs/msg/obstacle_array_msg__type_support.cpp.o[0m
[9.279s] [ 51%] [32m[1mLinking CXX shared library libobstacles_msgs__rosidl_typesupport_c.so[0m
[9.325s] [ 53%] [32mBuilding CXX object CMakeFiles/obstacles_msgs__rosidl_typesupport_fastrtps_c.dir/rosidl_typesupport_fastrtps_c/obstacles_msgs/msg/detail/obstacle_msg__type_support_c.cpp.o[0m
[9.352s] [ 56%] [32mBuilding C object CMakeFiles/obstacles_msgs__rosidl_typesupport_introspection_c.dir/rosidl_typesupport_introspection_c/obstacles_msgs/msg/detail/obstacle_array_msg__type_support.c.o[0m
[9.379s] [ 58%] [32mBuilding CXX object CMakeFiles/obstacles_msgs__rosidl_typesupport_fastrtps_c.dir/rosidl_typesupport_fastrtps_c/obstacles_msgs/msg/detail/obstacle_array_msg__type_support_c.cpp.o[0m
[9.391s] [ 61%] [32m[1mLinking CXX shared library libobstacles_msgs__rosidl_typesupport_cpp.so[0m
[9.399s] [ 61%] Built target obstacles_msgs__rosidl_typesupport_c
[9.425s] [ 64%] [32mBuilding CXX object CMakeFiles/obstacles_msgs__rosidl_typesupport_fastrtps_cpp.dir/rosidl_typesupport_fastrtps_cpp/obstacles_msgs/msg/detail/dds_fastrtps/obstacle_array_msg__type_support.cpp.o[0m
[9.519s] [ 66%] [32m[1mLinking C shared library libobstacles_msgs__rosidl_typesupport_introspection_c.so[0m
[9.547s] [ 66%] Built target obstacles_msgs__rosidl_typesupport_cpp
[9.625s] [ 66%] Built target obstacles_msgs__rosidl_typesupport_introspection_c
[9.770s] [ 69%] [32m[1mLinking CXX shared library libobstacles_msgs__rosidl_typesupport_introspection_cpp.so[0m
[10.008s] [ 69%] Built target obstacles_msgs__rosidl_typesupport_introspection_cpp
[10.278s] [ 71%] [32m[1mLinking CXX shared library libobstacles_msgs__rosidl_typesupport_fastrtps_c.so[0m
[10.456s] [ 71%] Built target obstacles_msgs__rosidl_typesupport_fastrtps_c
[10.718s] [ 74%] [32m[1mLinking CXX shared library libobstacles_msgs__rosidl_typesupport_fastrtps_cpp.so[0m
[10.888s] [ 74%] Built target obstacles_msgs__rosidl_typesupport_fastrtps_cpp
[10.916s] [ 74%] Built target obstacles_msgs
[10.939s] [ 76%] [34m[1mGenerating Python code for ROS interfaces[0m
[11.827s] [ 76%] Built target obstacles_msgs__py
[11.850s] [ 82%] [32mBuilding C object CMakeFiles/obstacles_msgs__rosidl_generator_py.dir/rosidl_generator_py/obstacles_msgs/msg/_obstacle_array_msg_s.c.o[0m
[11.850s] [ 82%] [32mBuilding C object CMakeFiles/obstacles_msgs__rosidl_generator_py.dir/rosidl_generator_py/obstacles_msgs/msg/_obstacle_msg_s.c.o[0m
[12.070s] [ 84%] [32m[1mLinking C shared library rosidl_generator_py/obstacles_msgs/libobstacles_msgs__rosidl_generator_py.so[0m
[12.147s] [ 84%] Built target obstacles_msgs__rosidl_generator_py
[12.171s] [ 89%] [32mBuilding C object CMakeFiles/obstacles_msgs__rosidl_typesupport_introspection_c__pyext.dir/rosidl_generator_py/obstacles_msgs/_obstacles_msgs_s.ep.rosidl_typesupport_introspection_c.c.o[0m
[12.171s] [ 89%] [32mBuilding C object CMakeFiles/obstacles_msgs__rosidl_typesupport_fastrtps_c__pyext.dir/rosidl_generator_py/obstacles_msgs/_obstacles_msgs_s.ep.rosidl_typesupport_fastrtps_c.c.o[0m
[12.178s] [ 92%] [32mBuilding C object CMakeFiles/obstacles_msgs__rosidl_typesupport_c__pyext.dir/rosidl_generator_py/obstacles_msgs/_obstacles_msgs_s.ep.rosidl_typesupport_c.c.o[0m
[12.368s] [ 94%] [32m[1mLinking C shared library rosidl_generator_py/obstacles_msgs/obstacles_msgs_s__rosidl_typesupport_introspection_c.cpython-310-x86_64-linux-gnu.so[0m
[12.438s] [ 97%] [32m[1mLinking C shared library rosidl_generator_py/obstacles_msgs/obstacles_msgs_s__rosidl_typesupport_fastrtps_c.cpython-310-x86_64-linux-gnu.so[0m
[12.442s] [ 97%] Built target obstacles_msgs__rosidl_typesupport_introspection_c__pyext
[12.444s] [100%] [32m[1mLinking C shared library rosidl_generator_py/obstacles_msgs/obstacles_msgs_s__rosidl_typesupport_c.cpython-310-x86_64-linux-gnu.so[0m
[12.502s] [100%] Built target obstacles_msgs__rosidl_typesupport_fastrtps_c__pyext
[12.507s] [100%] Built target obstacles_msgs__rosidl_typesupport_c__pyext
[12.523s] Invoked command in '/home/seventeen/Robotics-and-its-application/build/obstacles_msgs' returned '0': CMAKE_PREFIX_PATH=/opt/ros/humble /home/seventeen/.local/bin/cmake --build /home/seventeen/Robotics-and-its-application/build/obstacles_msgs -- -j8 -l8
[12.878s] Invoking command in '/home/seventeen/Robotics-and-its-application/build/obstacles_msgs': CMAKE_PREFIX_PATH=/opt/ros/humble /home/seventeen/.local/bin/cmake --install /home/seventeen/Robotics-and-its-application/build/obstacles_msgs
[13.046s] -- Install configuration: ""
[13.046s] -- Installing: /home/seventeen/Robotics-and-its-application/install/obstacles_msgs/share/ament_index/resource_index/rosidl_interfaces/obstacles_msgs
[13.047s] -- Installing: /home/seventeen/Robotics-and-its-application/install/obstacles_msgs/include/obstacles_msgs/obstacles_msgs
[13.047s] -- Installing: /home/seventeen/Robotics-and-its-application/install/obstacles_msgs/include/obstacles_msgs/obstacles_msgs/msg
[13.047s] -- Installing: /home/seventeen/Robotics-and-its-application/install/obstacles_msgs/include/obstacles_msgs/obstacles_msgs/msg/rosidl_generator_c__visibility_control.h
[13.047s] -- Installing: /home/seventeen/Robotics-and-its-application/install/obstacles_msgs/include/obstacles_msgs/obstacles_msgs/msg/obstacle_msg.h
[13.048s] -- Installing: /home/seventeen/Robotics-and-its-application/install/obstacles_msgs/include/obstacles_msgs/obstacles_msgs/msg/detail
[13.048s] -- Installing: /home/seventeen/Robotics-and-its-application/install/obstacles_msgs/include/obstacles_msgs/obstacles_msgs/msg/detail/obstacle_msg__struct.h
[13.048s] -- Installing: /home/seventeen/Robotics-and-its-application/install/obstacles_msgs/include/obstacles_msgs/obstacles_msgs/msg/detail/obstacle_array_msg__struct.h
[13.048s] -- Installing: /home/seventeen/Robotics-and-its-application/install/obstacles_msgs/include/obstacles_msgs/obstacles_msgs/msg/detail/obstacle_array_msg__functions.h
[13.049s] -- Installing: /home/seventeen/Robotics-and-its-application/install/obstacles_msgs/include/obstacles_msgs/obstacles_msgs/msg/detail/obstacle_msg__functions.h
[13.049s] -- Installing: /home/seventeen/Robotics-and-its-application/install/obstacles_msgs/include/obstacles_msgs/obstacles_msgs/msg/detail/obstacle_array_msg__type_support.h
[13.049s] -- Installing: /home/seventeen/Robotics-and-its-application/install/obstacles_msgs/include/obstacles_msgs/obstacles_msgs/msg/detail/obstacle_msg__functions.c
[13.050s] -- Installing: /home/seventeen/Robotics-and-its-application/install/obstacles_msgs/include/obstacles_msgs/obstacles_msgs/msg/detail/obstacle_msg__type_support.h
[13.050s] -- Installing: /home/seventeen/Robotics-and-its-application/install/obstacles_msgs/include/obstacles_msgs/obstacles_msgs/msg/detail/obstacle_array_msg__functions.c
[13.050s] -- Installing: /home/seventeen/Robotics-and-its-application/install/obstacles_msgs/include/obstacles_msgs/obstacles_msgs/msg/obstacle_array_msg.h
[13.051s] -- Installing: /home/seventeen/Robotics-and-its-application/install/obstacles_msgs/share/obstacles_msgs/environment/library_path.sh
[13.051s] -- Installing: /home/seventeen/Robotics-and-its-application/install/obstacles_msgs/share/obstacles_msgs/environment/library_path.dsv
[13.052s] -- Installing: /home/seventeen/Robotics-and-its-application/install/obstacles_msgs/lib/libobstacles_msgs__rosidl_generator_c.so
[13.053s] -- Set non-toolchain portion of runtime path of "/home/seventeen/Robotics-and-its-application/install/obstacles_msgs/lib/libobstacles_msgs__rosidl_generator_c.so" to ""
[13.053s] -- Up-to-date: /home/seventeen/Robotics-and-its-application/install/obstacles_msgs/include/obstacles_msgs/obstacles_msgs
[13.053s] -- Up-to-date: /home/seventeen/Robotics-and-its-application/install/obstacles_msgs/include/obstacles_msgs/obstacles_msgs/msg
[13.053s] -- Up-to-date: /home/seventeen/Robotics-and-its-application/install/obstacles_msgs/include/obstacles_msgs/obstacles_msgs/msg/detail
[13.054s] -- Installing: /home/seventeen/Robotics-and-its-application/install/obstacles_msgs/include/obstacles_msgs/obstacles_msgs/msg/detail/obstacle_array_msg__rosidl_typesupport_fastrtps_c.h
[13.054s] -- Installing: /home/seventeen/Robotics-and-its-application/install/obstacles_msgs/include/obstacles_msgs/obstacles_msgs/msg/detail/obstacle_msg__rosidl_typesupport_fastrtps_c.h
[13.054s] -- Installing: /home/seventeen/Robotics-and-its-application/install/obstacles_msgs/include/obstacles_msgs/obstacles_msgs/msg/rosidl_typesupport_fastrtps_c__visibility_control.h
[13.054s] -- Installing: /home/seventeen/Robotics-and-its-application/install/obstacles_msgs/lib/libobstacles_msgs__rosidl_typesupport_fastrtps_c.so
[13.055s] -- Set non-toolchain portion of runtime path of "/home/seventeen/Robotics-and-its-application/install/obstacles_msgs/lib/libobstacles_msgs__rosidl_typesupport_fastrtps_c.so" to ""
[13.055s] -- Up-to-date: /home/seventeen/Robotics-and-its-application/install/obstacles_msgs/include/obstacles_msgs/obstacles_msgs
[13.056s] -- Up-to-date: /home/seventeen/Robotics-and-its-application/install/obstacles_msgs/include/obstacles_msgs/obstacles_msgs/msg
[13.056s] -- Installing: /home/seventeen/Robotics-and-its-application/install/obstacles_msgs/include/obstacles_msgs/obstacles_msgs/msg/obstacle_msg.hpp
[13.056s] -- Up-to-date: /home/seventeen/Robotics-and-its-application/install/obstacles_msgs/include/obstacles_msgs/obstacles_msgs/msg/detail
[13.056s] -- Installing: /home/seventeen/Robotics-and-its-application/install/obstacles_msgs/include/obstacles_msgs/obstacles_msgs/msg/detail/obstacle_msg__traits.hpp
[13.057s] -- Installing: /home/seventeen/Robotics-and-its-application/install/obstacles_msgs/include/obstacles_msgs/obstacles_msgs/msg/detail/obstacle_msg__struct.hpp
[13.057s] -- Installing: /home/seventeen/Robotics-and-its-application/install/obstacles_msgs/include/obstacles_msgs/obstacles_msgs/msg/detail/obstacle_array_msg__builder.hpp
[13.057s] -- Installing: /home/seventeen/Robotics-and-its-application/install/obstacles_msgs/include/obstacles_msgs/obstacles_msgs/msg/detail/obstacle_msg__builder.hpp
[13.057s] -- Installing: /home/seventeen/Robotics-and-its-application/install/obstacles_msgs/include/obstacles_msgs/obstacles_msgs/msg/detail/obstacle_array_msg__struct.hpp
[13.057s] -- Installing: /home/seventeen/Robotics-and-its-application/install/obstacles_msgs/include/obstacles_msgs/obstacles_msgs/msg/detail/obstacle_array_msg__traits.hpp
[13.058s] -- Installing: /home/seventeen/Robotics-and-its-application/install/obstacles_msgs/include/obstacles_msgs/obstacles_msgs/msg/obstacle_array_msg.hpp
[13.058s] -- Up-to-date: /home/seventeen/Robotics-and-its-application/install/obstacles_msgs/include/obstacles_msgs/obstacles_msgs
[13.058s] -- Up-to-date: /home/seventeen/Robotics-and-its-application/install/obstacles_msgs/include/obstacles_msgs/obstacles_msgs/msg
[13.059s] -- Installing: /home/seventeen/Robotics-and-its-application/install/obstacles_msgs/include/obstacles_msgs/obstacles_msgs/msg/rosidl_typesupport_fastrtps_cpp__visibility_control.h
[13.059s] -- Up-to-date: /home/seventeen/Robotics-and-its-application/install/obstacles_msgs/include/obstacles_msgs/obstacles_msgs/msg/detail
[13.060s] -- Installing: /home/seventeen/Robotics-and-its-application/install/obstacles_msgs/include/obstacles_msgs/obstacles_msgs/msg/detail/obstacle_array_msg__rosidl_typesupport_fastrtps_cpp.hpp
[13.060s] -- Installing: /home/seventeen/Robotics-and-its-application/install/obstacles_msgs/include/obstacles_msgs/obstacles_msgs/msg/detail/dds_fastrtps
[13.060s] -- Installing: /home/seventeen/Robotics-and-its-application/install/obstacles_msgs/include/obstacles_msgs/obstacles_msgs/msg/detail/obstacle_msg__rosidl_typesupport_fastrtps_cpp.hpp
[13.061s] -- Installing: /home/seventeen/Robotics-and-its-application/install/obstacles_msgs/lib/libobstacles_msgs__rosidl_typesupport_fastrtps_cpp.so
[13.061s] -- Set non-toolchain portion of runtime path of "/home/seventeen/Robotics-and-its-application/install/obstacles_msgs/lib/libobstacles_msgs__rosidl_typesupport_fastrtps_cpp.so" to ""
[13.061s] -- Up-to-date: /home/seventeen/Robotics-and-its-application/install/obstacles_msgs/include/obstacles_msgs/obstacles_msgs
[13.061s] -- Up-to-date: /home/seventeen/Robotics-and-its-application/install/obstacles_msgs/include/obstacles_msgs/obstacles_msgs/msg
[13.062s] -- Installing: /home/seventeen/Robotics-and-its-application/install/obstacles_msgs/include/obstacles_msgs/obstacles_msgs/msg/rosidl_typesupport_introspection_c__visibility_control.h
[13.062s] -- Up-to-date: /home/seventeen/Robotics-and-its-application/install/obstacles_msgs/include/obstacles_msgs/obstacles_msgs/msg/detail
[13.062s] -- Installing: /home/seventeen/Robotics-and-its-application/install/obstacles_msgs/include/obstacles_msgs/obstacles_msgs/msg/detail/obstacle_msg__rosidl_typesupport_introspection_c.h
[13.062s] -- Installing: /home/seventeen/Robotics-and-its-application/install/obstacles_msgs/include/obstacles_msgs/obstacles_msgs/msg/detail/obstacle_array_msg__type_support.c
[13.062s] -- Installing: /home/seventeen/Robotics-and-its-application/install/obstacles_msgs/include/obstacles_msgs/obstacles_msgs/msg/detail/obstacle_msg__type_support.c
[13.063s] -- Installing: /home/seventeen/Robotics-and-its-application/install/obstacles_msgs/include/obstacles_msgs/obstacles_msgs/msg/detail/obstacle_array_msg__rosidl_typesupport_introspection_c.h
[13.063s] -- Installing: /home/seventeen/Robotics-and-its-application/install/obstacles_msgs/lib/libobstacles_msgs__rosidl_typesupport_introspection_c.so
[13.063s] -- Set non-toolchain portion of runtime path of "/home/seventeen/Robotics-and-its-application/install/obstacles_msgs/lib/libobstacles_msgs__rosidl_typesupport_introspection_c.so" to ""
[13.063s] -- Installing: /home/seventeen/Robotics-and-its-application/install/obstacles_msgs/lib/libobstacles_msgs__rosidl_typesupport_c.so
[13.063s] -- Set non-toolchain portion of runtime path of "/home/seventeen/Robotics-and-its-application/install/obstacles_msgs/lib/libobstacles_msgs__rosidl_typesupport_c.so" to ""
[13.064s] -- Up-to-date: /home/seventeen/Robotics-and-its-application/install/obstacles_msgs/include/obstacles_msgs/obstacles_msgs
[13.064s] -- Up-to-date: /home/seventeen/Robotics-and-its-application/install/obstacles_msgs/include/obstacles_msgs/obstacles_msgs/msg
[13.064s] -- Up-to-date: /home/seventeen/Robotics-and-its-application/install/obstacles_msgs/include/obstacles_msgs/obstacles_msgs/msg/detail
[13.064s] -- Installing: /home/seventeen/Robotics-and-its-application/install/obstacles_msgs/include/obstacles_msgs/obstacles_msgs/msg/detail/obstacle_msg__type_support.cpp
[13.064s] -- Installing: /home/seventeen/Robotics-and-its-application/install/obstacles_msgs/include/obstacles_msgs/obstacles_msgs/msg/detail/obstacle_array_msg__rosidl_typesupport_introspection_cpp.hpp
[13.065s] -- Installing: /home/seventeen/Robotics-and-its-application/install/obstacles_msgs/include/obstacles_msgs/obstacles_msgs/msg/detail/obstacle_array_msg__type_support.cpp
[13.065s] -- Installing: /home/seventeen/Robotics-and-its-application/install/obstacles_msgs/include/obstacles_msgs/obstacles_msgs/msg/detail/obstacle_msg__rosidl_typesupport_introspection_cpp.hpp
[13.065s] -- Installing: /home/seventeen/Robotics-and-its-application/install/obstacles_msgs/lib/libobstacles_msgs__rosidl_typesupport_introspection_cpp.so
[13.066s] -- Set non-toolchain portion of runtime path of "/home/seventeen/Robotics-and-its-application/install/obstacles_msgs/lib/libobstacles_msgs__rosidl_typesupport_introspection_cpp.so" to ""
[13.066s] -- Installing: /home/seventeen/Robotics-and-its-application/install/obstacles_msgs/lib/libobstacles_msgs__rosidl_typesupport_cpp.so
[13.067s] -- Set non-toolchain portion of runtime path of "/home/seventeen/Robotics-and-its-application/install/obstacles_msgs/lib/libobstacles_msgs__rosidl_typesupport_cpp.so" to ""
[13.067s] -- Installing: /home/seventeen/Robotics-and-its-application/install/obstacles_msgs/share/obstacles_msgs/environment/pythonpath.sh
[13.067s] -- Installing: /home/seventeen/Robotics-and-its-application/install/obstacles_msgs/share/obstacles_msgs/environment/pythonpath.dsv
[13.068s] -- Installing: /home/seventeen/Robotics-and-its-application/install/obstacles_msgs/local/lib/python3.10/dist-packages/obstacles_msgs-0.1.2-py3.10.egg-info
[13.068s] -- Installing: /home/seventeen/Robotics-and-its-application/install/obstacles_msgs/local/lib/python3.10/dist-packages/obstacles_msgs-0.1.2-py3.10.egg-info/dependency_links.txt
[13.068s] -- Installing: /home/seventeen/Robotics-and-its-application/install/obstacles_msgs/local/lib/python3.10/dist-packages/obstacles_msgs-0.1.2-py3.10.egg-info/PKG-INFO
[13.068s] -- Installing: /home/seventeen/Robotics-and-its-application/install/obstacles_msgs/local/lib/python3.10/dist-packages/obstacles_msgs-0.1.2-py3.10.egg-info/top_level.txt
[13.069s] -- Installing: /home/seventeen/Robotics-and-its-application/install/obstacles_msgs/local/lib/python3.10/dist-packages/obstacles_msgs-0.1.2-py3.10.egg-info/SOURCES.txt
[13.069s] -- Installing: /home/seventeen/Robotics-and-its-application/install/obstacles_msgs/local/lib/python3.10/dist-packages/obstacles_msgs
[13.069s] -- Installing: /home/seventeen/Robotics-and-its-application/install/obstacles_msgs/local/lib/python3.10/dist-packages/obstacles_msgs/libobstacles_msgs__rosidl_generator_py.so
[13.069s] -- Installing: /home/seventeen/Robotics-and-its-application/install/obstacles_msgs/local/lib/python3.10/dist-packages/obstacles_msgs/obstacles_msgs_s__rosidl_typesupport_introspection_c.cpython-310-x86_64-linux-gnu.so
[13.070s] -- Installing: /home/seventeen/Robotics-and-its-application/install/obstacles_msgs/local/lib/python3.10/dist-packages/obstacles_msgs/msg
[13.070s] -- Installing: /home/seventeen/Robotics-and-its-application/install/obstacles_msgs/local/lib/python3.10/dist-packages/obstacles_msgs/msg/_obstacle_msg.py
[13.070s] -- Installing: /home/seventeen/Robotics-and-its-application/install/obstacles_msgs/local/lib/python3.10/dist-packages/obstacles_msgs/msg/_obstacle_array_msg.py
[13.070s] -- Installing: /home/seventeen/Robotics-and-its-application/install/obstacles_msgs/local/lib/python3.10/dist-packages/obstacles_msgs/msg/_obstacle_array_msg_s.c
[13.071s] -- Installing: /home/seventeen/Robotics-and-its-application/install/obstacles_msgs/local/lib/python3.10/dist-packages/obstacles_msgs/msg/__init__.py
[13.071s] -- Installing: /home/seventeen/Robotics-and-its-application/install/obstacles_msgs/local/lib/python3.10/dist-packages/obstacles_msgs/msg/_obstacle_msg_s.c
[13.071s] -- Installing: /home/seventeen/Robotics-and-its-application/install/obstacles_msgs/local/lib/python3.10/dist-packages/obstacles_msgs/obstacles_msgs_s__rosidl_typesupport_fastrtps_c.cpython-310-x86_64-linux-gnu.so
[13.071s] -- Installing: /home/seventeen/Robotics-and-its-application/install/obstacles_msgs/local/lib/python3.10/dist-packages/obstacles_msgs/__init__.py
[13.072s] -- Installing: /home/seventeen/Robotics-and-its-application/install/obstacles_msgs/local/lib/python3.10/dist-packages/obstacles_msgs/obstacles_msgs_s__rosidl_typesupport_c.cpython-310-x86_64-linux-gnu.so
[13.072s] -- Installing: /home/seventeen/Robotics-and-its-application/install/obstacles_msgs/local/lib/python3.10/dist-packages/obstacles_msgs/_obstacles_msgs_s.ep.rosidl_typesupport_fastrtps_c.c
[13.072s] -- Installing: /home/seventeen/Robotics-and-its-application/install/obstacles_msgs/local/lib/python3.10/dist-packages/obstacles_msgs/_obstacles_msgs_s.ep.rosidl_typesupport_c.c
[13.073s] -- Installing: /home/seventeen/Robotics-and-its-application/install/obstacles_msgs/local/lib/python3.10/dist-packages/obstacles_msgs/_obstacles_msgs_s.ep.rosidl_typesupport_introspection_c.c
[13.146s] Listing '/home/seventeen/Robotics-and-its-application/install/obstacles_msgs/local/lib/python3.10/dist-packages/obstacles_msgs'...
[13.146s] Compiling '/home/seventeen/Robotics-and-its-application/install/obstacles_msgs/local/lib/python3.10/dist-packages/obstacles_msgs/__init__.py'...
[13.147s] Listing '/home/seventeen/Robotics-and-its-application/install/obstacles_msgs/local/lib/python3.10/dist-packages/obstacles_msgs/msg'...
[13.147s] Compiling '/home/seventeen/Robotics-and-its-application/install/obstacles_msgs/local/lib/python3.10/dist-packages/obstacles_msgs/msg/__init__.py'...
[13.147s] Compiling '/home/seventeen/Robotics-and-its-application/install/obstacles_msgs/local/lib/python3.10/dist-packages/obstacles_msgs/msg/_obstacle_array_msg.py'...
[13.147s] Compiling '/home/seventeen/Robotics-and-its-application/install/obstacles_msgs/local/lib/python3.10/dist-packages/obstacles_msgs/msg/_obstacle_msg.py'...
[13.156s] -- Installing: /home/seventeen/Robotics-and-its-application/install/obstacles_msgs/local/lib/python3.10/dist-packages/obstacles_msgs/obstacles_msgs_s__rosidl_typesupport_fastrtps_c.cpython-310-x86_64-linux-gnu.so
[13.157s] -- Set non-toolchain portion of runtime path of "/home/seventeen/Robotics-and-its-application/install/obstacles_msgs/local/lib/python3.10/dist-packages/obstacles_msgs/obstacles_msgs_s__rosidl_typesupport_fastrtps_c.cpython-310-x86_64-linux-gnu.so" to ""
[13.158s] -- Installing: /home/seventeen/Robotics-and-its-application/install/obstacles_msgs/local/lib/python3.10/dist-packages/obstacles_msgs/obstacles_msgs_s__rosidl_typesupport_introspection_c.cpython-310-x86_64-linux-gnu.so
[13.159s] -- Set non-toolchain portion of runtime path of "/home/seventeen/Robotics-and-its-application/install/obstacles_msgs/local/lib/python3.10/dist-packages/obstacles_msgs/obstacles_msgs_s__rosidl_typesupport_introspection_c.cpython-310-x86_64-linux-gnu.so" to ""
[13.159s] -- Installing: /home/seventeen/Robotics-and-its-application/install/obstacles_msgs/local/lib/python3.10/dist-packages/obstacles_msgs/obstacles_msgs_s__rosidl_typesupport_c.cpython-310-x86_64-linux-gnu.so
[13.160s] -- Set non-toolchain portion of runtime path of "/home/seventeen/Robotics-and-its-application/install/obstacles_msgs/local/lib/python3.10/dist-packages/obstacles_msgs/obstacles_msgs_s__rosidl_typesupport_c.cpython-310-x86_64-linux-gnu.so" to ""
[13.161s] -- Installing: /home/seventeen/Robotics-and-its-application/install/obstacles_msgs/lib/libobstacles_msgs__rosidl_generator_py.so
[13.161s] -- Set non-toolchain portion of runtime path of "/home/seventeen/Robotics-and-its-application/install/obstacles_msgs/lib/libobstacles_msgs__rosidl_generator_py.so" to ""
[13.161s] -- Installing: /home/seventeen/Robotics-and-its-application/install/obstacles_msgs/share/obstacles_msgs/msg/ObstacleMsg.idl
[13.162s] -- Installing: /home/seventeen/Robotics-and-its-application/install/obstacles_msgs/share/obstacles_msgs/msg/ObstacleArrayMsg.idl
[13.162s] -- Installing: /home/seventeen/Robotics-and-its-application/install/obstacles_msgs/share/obstacles_msgs/msg/ObstacleMsg.msg
[13.162s] -- Installing: /home/seventeen/Robotics-and-its-application/install/obstacles_msgs/share/obstacles_msgs/msg/ObstacleArrayMsg.msg
[13.163s] -- Installing: /home/seventeen/Robotics-and-its-application/install/obstacles_msgs/share/ament_index/resource_index/package_run_dependencies/obstacles_msgs
[13.163s] -- Installing: /home/seventeen/Robotics-and-its-application/install/obstacles_msgs/share/ament_index/resource_index/parent_prefix_path/obstacles_msgs
[13.164s] -- Installing: /home/seventeen/Robotics-and-its-application/install/obstacles_msgs/share/obstacles_msgs/environment/ament_prefix_path.sh
[13.164s] -- Installing: /home/seventeen/Robotics-and-its-application/install/obstacles_msgs/share/obstacles_msgs/environment/ament_prefix_path.dsv
[13.165s] -- Installing: /home/seventeen/Robotics-and-its-application/install/obstacles_msgs/share/obstacles_msgs/environment/path.sh
[13.165s] -- Installing: /home/seventeen/Robotics-and-its-application/install/obstacles_msgs/share/obstacles_msgs/environment/path.dsv
[13.166s] -- Installing: /home/seventeen/Robotics-and-its-application/install/obstacles_msgs/share/obstacles_msgs/local_setup.bash
[13.166s] -- Installing: /home/seventeen/Robotics-and-its-application/install/obstacles_msgs/share/obstacles_msgs/local_setup.sh
[13.166s] -- Installing: /home/seventeen/Robotics-and-its-application/install/obstacles_msgs/share/obstacles_msgs/local_setup.zsh
[13.167s] -- Installing: /home/seventeen/Robotics-and-its-application/install/obstacles_msgs/share/obstacles_msgs/local_setup.dsv
[13.167s] -- Installing: /home/seventeen/Robotics-and-its-application/install/obstacles_msgs/share/obstacles_msgs/package.dsv
[13.168s] -- Installing: /home/seventeen/Robotics-and-its-application/install/obstacles_msgs/share/ament_index/resource_index/packages/obstacles_msgs
[13.168s] -- Installing: /home/seventeen/Robotics-and-its-application/install/obstacles_msgs/share/obstacles_msgs/cmake/export_obstacles_msgs__rosidl_generator_cExport.cmake
[13.169s] -- Installing: /home/seventeen/Robotics-and-its-application/install/obstacles_msgs/share/obstacles_msgs/cmake/export_obstacles_msgs__rosidl_generator_cExport-noconfig.cmake
[13.169s] -- Installing: /home/seventeen/Robotics-and-its-application/install/obstacles_msgs/share/obstacles_msgs/cmake/export_obstacles_msgs__rosidl_typesupport_fastrtps_cExport.cmake
[13.170s] -- Installing: /home/seventeen/Robotics-and-its-application/install/obstacles_msgs/share/obstacles_msgs/cmake/export_obstacles_msgs__rosidl_typesupport_fastrtps_cExport-noconfig.cmake
[13.170s] -- Installing: /home/seventeen/Robotics-and-its-application/install/obstacles_msgs/share/obstacles_msgs/cmake/export_obstacles_msgs__rosidl_generator_cppExport.cmake
[13.171s] -- Installing: /home/seventeen/Robotics-and-its-application/install/obstacles_msgs/share/obstacles_msgs/cmake/export_obstacles_msgs__rosidl_typesupport_fastrtps_cppExport.cmake
[13.171s] -- Installing: /home/seventeen/Robotics-and-its-application/install/obstacles_msgs/share/obstacles_msgs/cmake/export_obstacles_msgs__rosidl_typesupport_fastrtps_cppExport-noconfig.cmake
[13.172s] -- Installing: /home/seventeen/Robotics-and-its-application/install/obstacles_msgs/share/obstacles_msgs/cmake/obstacles_msgs__rosidl_typesupport_introspection_cExport.cmake
[13.172s] -- Installing: /home/seventeen/Robotics-and-its-application/install/obstacles_msgs/share/obstacles_msgs/cmake/obstacles_msgs__rosidl_typesupport_introspection_cExport-noconfig.cmake
[13.173s] -- Installing: /home/seventeen/Robotics-and-its-application/install/obstacles_msgs/share/obstacles_msgs/cmake/obstacles_msgs__rosidl_typesupport_cExport.cmake
[13.173s] -- Installing: /home/seventeen/Robotics-and-its-application/install/obstacles_msgs/share/obstacles_msgs/cmake/obstacles_msgs__rosidl_typesupport_cExport-noconfig.cmake
[13.174s] -- Installing: /home/seventeen/Robotics-and-its-application/install/obstacles_msgs/share/obstacles_msgs/cmake/obstacles_msgs__rosidl_typesupport_introspection_cppExport.cmake
[13.174s] -- Installing: /home/seventeen/Robotics-and-its-application/install/obstacles_msgs/share/obstacles_msgs/cmake/obstacles_msgs__rosidl_typesupport_introspection_cppExport-noconfig.cmake
[13.175s] -- Installing: /home/seventeen/Robotics-and-its-application/install/obstacles_msgs/share/obstacles_msgs/cmake/obstacles_msgs__rosidl_typesupport_cppExport.cmake
[13.175s] -- Installing: /home/seventeen/Robotics-and-its-application/install/obstacles_msgs/share/obstacles_msgs/cmake/obstacles_msgs__rosidl_typesupport_cppExport-noconfig.cmake
[13.176s] -- Installing: /home/seventeen/Robotics-and-its-application/install/obstacles_msgs/share/obstacles_msgs/cmake/export_obstacles_msgs__rosidl_generator_pyExport.cmake
[13.176s] -- Installing: /home/seventeen/Robotics-and-its-application/install/obstacles_msgs/share/obstacles_msgs/cmake/export_obstacles_msgs__rosidl_generator_pyExport-noconfig.cmake
[13.177s] -- Installing: /home/seventeen/Robotics-and-its-application/install/obstacles_msgs/share/obstacles_msgs/cmake/rosidl_cmake-extras.cmake
[13.177s] -- Installing: /home/seventeen/Robotics-and-its-application/install/obstacles_msgs/share/obstacles_msgs/cmake/ament_cmake_export_dependencies-extras.cmake
[13.178s] -- Installing: /home/seventeen/Robotics-and-its-application/install/obstacles_msgs/share/obstacles_msgs/cmake/ament_cmake_export_include_directories-extras.cmake
[13.178s] -- Installing: /home/seventeen/Robotics-and-its-application/install/obstacles_msgs/share/obstacles_msgs/cmake/ament_cmake_export_libraries-extras.cmake
[13.179s] -- Installing: /home/seventeen/Robotics-and-its-application/install/obstacles_msgs/share/obstacles_msgs/cmake/ament_cmake_export_targets-extras.cmake
[13.179s] -- Installing: /home/seventeen/Robotics-and-its-application/install/obstacles_msgs/share/obstacles_msgs/cmake/rosidl_cmake_export_typesupport_targets-extras.cmake
[13.180s] -- Installing: /home/seventeen/Robotics-and-its-application/install/obstacles_msgs/share/obstacles_msgs/cmake/rosidl_cmake_export_typesupport_libraries-extras.cmake
[13.180s] -- Installing: /home/seventeen/Robotics-and-its-application/install/obstacles_msgs/share/obstacles_msgs/cmake/obstacles_msgsConfig.cmake
[13.180s] -- Installing: /home/seventeen/Robotics-and-its-application/install/obstacles_msgs/share/obstacles_msgs/cmake/obstacles_msgsConfig-version.cmake
[13.181s] -- Installing: /home/seventeen/Robotics-and-its-application/install/obstacles_msgs/share/obstacles_msgs/package.xml
[13.185s] Invoked command in '/home/seventeen/Robotics-and-its-application/build/obstacles_msgs' returned '0': CMAKE_PREFIX_PATH=/opt/ros/humble /home/seventeen/.local/bin/cmake --install /home/seventeen/Robotics-and-its-application/build/obstacles_msgs
