[0.058s] Invoking command in '/home/seventeen/Robotics-and-its-application/build/evader': CMAKE_PREFIX_PATH=${CMAKE_PREFIX_PATH}:/opt/ros/humble /home/seventeen/.local/bin/cmake --build /home/seventeen/Robotics-and-its-application/build/evader -- -j8 -l8
[0.401s] [100%] Built target evader
[0.440s] Invoked command in '/home/seventeen/Robotics-and-its-application/build/evader' returned '0': CMAKE_PREFIX_PATH=${CMAKE_PREFIX_PATH}:/opt/ros/humble /home/seventeen/.local/bin/cmake --build /home/seventeen/Robotics-and-its-application/build/evader -- -j8 -l8
[0.962s] Invoking command in '/home/seventeen/Robotics-and-its-application/build/evader': CMAKE_PREFIX_PATH=${CMAKE_PREFIX_PATH}:/opt/ros/humble /home/seventeen/.local/bin/cmake --install /home/seventeen/Robotics-and-its-application/build/evader
[1.258s] -- Install configuration: ""
[1.258s] -- Up-to-date: /home/seventeen/Robotics-and-its-application/install/evader/lib/evader/evader
[1.259s] -- Up-to-date: /home/seventeen/Robotics-and-its-application/install/evader/share/ament_index/resource_index/package_run_dependencies/evader
[1.259s] -- Up-to-date: /home/seventeen/Robotics-and-its-application/install/evader/share/ament_index/resource_index/parent_prefix_path/evader
[1.259s] -- Up-to-date: /home/seventeen/Robotics-and-its-application/install/evader/share/evader/environment/ament_prefix_path.sh
[1.259s] -- Up-to-date: /home/seventeen/Robotics-and-its-application/install/evader/share/evader/environment/ament_prefix_path.dsv
[1.260s] -- Up-to-date: /home/seventeen/Robotics-and-its-application/install/evader/share/evader/environment/path.sh
[1.260s] -- Up-to-date: /home/seventeen/Robotics-and-its-application/install/evader/share/evader/environment/path.dsv
[1.261s] -- Up-to-date: /home/seventeen/Robotics-and-its-application/install/evader/share/evader/local_setup.bash
[1.263s] -- Up-to-date: /home/seventeen/Robotics-and-its-application/install/evader/share/evader/local_setup.sh
[1.264s] -- Up-to-date: /home/seventeen/Robotics-and-its-application/install/evader/share/evader/local_setup.zsh
[1.265s] -- Up-to-date: /home/seventeen/Robotics-and-its-application/install/evader/share/evader/local_setup.dsv
[1.266s] -- Installing: /home/seventeen/Robotics-and-its-application/install/evader/share/evader/package.dsv
[1.266s] -- Up-to-date: /home/seventeen/Robotics-and-its-application/install/evader/share/ament_index/resource_index/packages/evader
[1.266s] -- Up-to-date: /home/seventeen/Robotics-and-its-application/install/evader/share/evader/cmake/evaderConfig.cmake
[1.266s] -- Up-to-date: /home/seventeen/Robotics-and-its-application/install/evader/share/evader/cmake/evaderConfig-version.cmake
[1.266s] -- Up-to-date: /home/seventeen/Robotics-and-its-application/install/evader/share/evader/package.xml
[1.293s] Invoked command in '/home/seventeen/Robotics-and-its-application/build/evader' returned '0': CMAKE_PREFIX_PATH=${CMAKE_PREFIX_PATH}:/opt/ros/humble /home/seventeen/.local/bin/cmake --install /home/seventeen/Robotics-and-its-application/build/evader
