[0.018s] Invoking command in '/home/seventeen/Documents/GitHub/Robotics-and-its-application/build/graph_for_task_planner_msg': CMAKE_PREFIX_PATH=/opt/ros/humble /home/seventeen/.local/bin/cmake /home/seventeen/Documents/GitHub/Robotics-and-its-application/graph_for_task_planner_msg -DCMAKE_INSTALL_PREFIX=/home/seventeen/Documents/GitHub/Robotics-and-its-application/install/graph_for_task_planner_msg
[0.134s] [0mCMake Deprecation Warning at CMakeLists.txt:1 (cmake_minimum_required):
[0.134s]   Compatibility with CMake < 3.10 will be removed from a future version of
[0.134s]   CMake.
[0.134s] 
[0.134s]   Update the VERSION argument <min> value or use a ...<max> suffix to tell
[0.134s]   CMake that the project does not need compatibility with older versions.
[0.134s] 
[0.134s] [0m
[0.261s] -- The C compiler identification is GNU 11.4.0
[0.379s] -- The CXX compiler identification is GNU 11.4.0
[0.398s] -- Detecting C compiler ABI info
[0.511s] -- Detecting C compiler ABI info - done
[0.560s] -- Check for working C compiler: /usr/bin/cc - skipped
[0.560s] -- Detecting C compile features
[0.562s] -- Detecting C compile features - done
[0.587s] -- Detecting CXX compiler ABI info
[0.707s] -- Detecting CXX compiler ABI info - done
[0.736s] -- Check for working CXX compiler: /usr/bin/c++ - skipped
[0.736s] -- Detecting CXX compile features
[0.738s] -- Detecting CXX compile features - done
[0.759s] -- Found ament_cmake: 1.3.11 (/opt/ros/humble/share/ament_cmake/cmake)
[0.991s] -- Found Python3: /usr/bin/python3 (found version "3.10.12") found components: Interpreter
[1.162s] -- Found rosidl_default_generators: 1.2.0 (/opt/ros/humble/share/rosidl_default_generators/cmake)
[1.171s] -- Using all available rosidl_typesupport_c: rosidl_typesupport_fastrtps_c;rosidl_typesupport_introspection_c
[1.186s] -- Found rosidl_adapter: 3.1.6 (/opt/ros/humble/share/rosidl_adapter/cmake)
[1.278s] -- Using all available rosidl_typesupport_cpp: rosidl_typesupport_fastrtps_cpp;rosidl_typesupport_introspection_cpp
[2.044s] -- Found ament_cmake_ros: 0.10.0 (/opt/ros/humble/share/ament_cmake_ros/cmake)
[2.804s] -- Using all available rosidl_typesupport_c: rosidl_typesupport_fastrtps_c;rosidl_typesupport_introspection_c
[3.759s] -- Using all available rosidl_typesupport_cpp: rosidl_typesupport_fastrtps_cpp;rosidl_typesupport_introspection_cpp
[3.762s] [33mCMake Warning (dev) at /opt/ros/humble/share/rosidl_generator_py/cmake/rosidl_generator_py_generate_interfaces.cmake:20 (find_package):
[3.762s]   Policy CMP0148 is not set: The FindPythonInterp and FindPythonLibs modules
[3.762s]   are removed.  Run "cmake --help-policy CMP0148" for policy details.  Use
[3.763s]   the cmake_policy command to set the policy and suppress this warning.
[3.763s] 
[3.763s] Call Stack (most recent call first):
[3.763s]   /opt/ros/humble/share/ament_cmake_core/cmake/core/ament_execute_extensions.cmake:48 (include)
[3.763s]   /opt/ros/humble/share/rosidl_cmake/cmake/rosidl_generate_interfaces.cmake:286 (ament_execute_extensions)
[3.763s]   CMakeLists.txt:13 (rosidl_generate_interfaces)
[3.763s] This warning is for project developers.  Use -Wno-dev to suppress it.
[3.763s] [0m
[3.800s] -- Found PythonInterp: /usr/bin/python3 (found suitable version "3.10.12", minimum required is "3.6")
[3.809s] -- Found python_cmake_module: 0.10.0 (/opt/ros/humble/share/python_cmake_module/cmake)
[3.811s] [33mCMake Warning (dev) at /opt/ros/humble/share/python_cmake_module/cmake/Modules/FindPythonExtra.cmake:52 (find_package):
[3.812s]   Policy CMP0148 is not set: The FindPythonInterp and FindPythonLibs modules
[3.812s]   are removed.  Run "cmake --help-policy CMP0148" for policy details.  Use
[3.812s]   the cmake_policy command to set the policy and suppress this warning.
[3.813s] 
[3.813s] Call Stack (most recent call first):
[3.813s]   /opt/ros/humble/share/rosidl_generator_py/cmake/rosidl_generator_py_generate_interfaces.cmake:23 (find_package)
[3.813s]   /opt/ros/humble/share/ament_cmake_core/cmake/core/ament_execute_extensions.cmake:48 (include)
[3.813s]   /opt/ros/humble/share/rosidl_cmake/cmake/rosidl_generate_interfaces.cmake:286 (ament_execute_extensions)
[3.814s]   CMakeLists.txt:13 (rosidl_generate_interfaces)
[3.814s] This warning is for project developers.  Use -Wno-dev to suppress it.
[3.814s] [0m
[3.854s] [33mCMake Warning (dev) at /opt/ros/humble/share/python_cmake_module/cmake/Modules/FindPythonExtra.cmake:140 (find_package):
[3.854s]   Policy CMP0148 is not set: The FindPythonInterp and FindPythonLibs modules
[3.854s]   are removed.  Run "cmake --help-policy CMP0148" for policy details.  Use
[3.854s]   the cmake_policy command to set the policy and suppress this warning.
[3.855s] 
[3.855s] Call Stack (most recent call first):
[3.855s]   /opt/ros/humble/share/rosidl_generator_py/cmake/rosidl_generator_py_generate_interfaces.cmake:23 (find_package)
[3.855s]   /opt/ros/humble/share/ament_cmake_core/cmake/core/ament_execute_extensions.cmake:48 (include)
[3.855s]   /opt/ros/humble/share/rosidl_cmake/cmake/rosidl_generate_interfaces.cmake:286 (ament_execute_extensions)
[3.856s]   CMakeLists.txt:13 (rosidl_generate_interfaces)
[3.856s] This warning is for project developers.  Use -Wno-dev to suppress it.
[3.856s] [0m
[3.865s] -- Found PythonLibs: /usr/lib/x86_64-linux-gnu/libpython3.10.so (found suitable version "3.10.12", minimum required is "3.5")
[3.866s] -- Using PYTHON_EXECUTABLE: /usr/bin/python3
[3.866s] -- Using PYTHON_INCLUDE_DIRS: /usr/include/python3.10
[3.866s] -- Using PYTHON_LIBRARIES: /usr/lib/x86_64-linux-gnu/libpython3.10.so
[3.900s] -- Found PythonExtra: .so
[3.976s] -- Configuring done (3.8s)
[4.057s] -- Generating done (0.1s)
[4.072s] -- Build files have been written to: /home/seventeen/Documents/GitHub/Robotics-and-its-application/build/graph_for_task_planner_msg
[4.085s] Invoked command in '/home/seventeen/Documents/GitHub/Robotics-and-its-application/build/graph_for_task_planner_msg' returned '0': CMAKE_PREFIX_PATH=/opt/ros/humble /home/seventeen/.local/bin/cmake /home/seventeen/Documents/GitHub/Robotics-and-its-application/graph_for_task_planner_msg -DCMAKE_INSTALL_PREFIX=/home/seventeen/Documents/GitHub/Robotics-and-its-application/install/graph_for_task_planner_msg
[4.089s] Invoking command in '/home/seventeen/Documents/GitHub/Robotics-and-its-application/build/graph_for_task_planner_msg': CMAKE_PREFIX_PATH=/opt/ros/humble /home/seventeen/.local/bin/cmake --build /home/seventeen/Documents/GitHub/Robotics-and-its-application/build/graph_for_task_planner_msg -- -j8 -l8
[4.258s] [  2%] [34m[1mGenerating C code for ROS interfaces[0m
[4.265s] [  4%] [34m[1mGenerating C++ code for ROS interfaces[0m
[4.279s] [  4%] Built target ament_cmake_python_copy_graph_for_task_planner_msg
[4.710s] running egg_info
[4.711s] creating graph_for_task_planner_msg.egg-info
[4.712s] writing graph_for_task_planner_msg.egg-info/PKG-INFO
[4.712s] writing dependency_links to graph_for_task_planner_msg.egg-info/dependency_links.txt
[4.713s] writing top-level names to graph_for_task_planner_msg.egg-info/top_level.txt
[4.713s] writing manifest file 'graph_for_task_planner_msg.egg-info/SOURCES.txt'
[4.718s] reading manifest file 'graph_for_task_planner_msg.egg-info/SOURCES.txt'
[4.719s] writing manifest file 'graph_for_task_planner_msg.egg-info/SOURCES.txt'
[4.773s] [  4%] Built target ament_cmake_python_build_graph_for_task_planner_msg_egg
[4.890s] [  4%] Built target graph_for_task_planner_msg__cpp
[4.898s] [  8%] [32mBuilding C object CMakeFiles/graph_for_task_planner_msg__rosidl_generator_c.dir/rosidl_generator_c/graph_for_task_planner_msg/msg/detail/edge__functions.c.o[0m
[4.898s] [  8%] [32mBuilding C object CMakeFiles/graph_for_task_planner_msg__rosidl_generator_c.dir/rosidl_generator_c/graph_for_task_planner_msg/msg/detail/graph__functions.c.o[0m
[4.898s] [ 10%] [32mBuilding C object CMakeFiles/graph_for_task_planner_msg__rosidl_generator_c.dir/rosidl_generator_c/graph_for_task_planner_msg/msg/detail/point__functions.c.o[0m
[4.901s] [ 14%] [34m[1mGenerating C++ type support dispatch for ROS interfaces[0m
[4.901s] [ 14%] [34m[1mGenerating C++ type support for eProsima Fast-RTPS[0m
[4.901s] [ 17%] [34m[1mGenerating C++ introspection for ROS interfaces[0m
[5.060s] [ 19%] [32m[1mLinking C shared library libgraph_for_task_planner_msg__rosidl_generator_c.so[0m
[5.149s] [ 19%] Built target graph_for_task_planner_msg__rosidl_generator_c
[5.165s] [ 21%] [34m[1mGenerating C type support for eProsima Fast-RTPS[0m
[5.170s] [ 23%] [34m[1mGenerating C type support dispatch for ROS interfaces[0m
[5.173s] [ 25%] [34m[1mGenerating C introspection for ROS interfaces[0m
[5.946s] [ 27%] [32mBuilding CXX object CMakeFiles/graph_for_task_planner_msg__rosidl_typesupport_cpp.dir/rosidl_typesupport_cpp/graph_for_task_planner_msg/msg/graph__type_support.cpp.o[0m
[5.946s] [ 29%] [32mBuilding CXX object CMakeFiles/graph_for_task_planner_msg__rosidl_typesupport_cpp.dir/rosidl_typesupport_cpp/graph_for_task_planner_msg/msg/edge__type_support.cpp.o[0m
[5.958s] [ 31%] [32mBuilding CXX object CMakeFiles/graph_for_task_planner_msg__rosidl_typesupport_cpp.dir/rosidl_typesupport_cpp/graph_for_task_planner_msg/msg/point__type_support.cpp.o[0m
[5.969s] [ 34%] [32mBuilding CXX object CMakeFiles/graph_for_task_planner_msg__rosidl_typesupport_fastrtps_cpp.dir/rosidl_typesupport_fastrtps_cpp/graph_for_task_planner_msg/msg/detail/dds_fastrtps/graph__type_support.cpp.o[0m
[6.030s] [ 36%] [32mBuilding CXX object CMakeFiles/graph_for_task_planner_msg__rosidl_typesupport_c.dir/rosidl_typesupport_c/graph_for_task_planner_msg/msg/graph__type_support.cpp.o[0m
[6.043s] [ 38%] [32mBuilding CXX object CMakeFiles/graph_for_task_planner_msg__rosidl_typesupport_introspection_cpp.dir/rosidl_typesupport_introspection_cpp/graph_for_task_planner_msg/msg/detail/graph__type_support.cpp.o[0m
[6.148s] [ 40%] [32mBuilding CXX object CMakeFiles/graph_for_task_planner_msg__rosidl_typesupport_c.dir/rosidl_typesupport_c/graph_for_task_planner_msg/msg/edge__type_support.cpp.o[0m
[6.251s] [ 42%] [32mBuilding CXX object CMakeFiles/graph_for_task_planner_msg__rosidl_typesupport_c.dir/rosidl_typesupport_c/graph_for_task_planner_msg/msg/point__type_support.cpp.o[0m
[6.303s] [ 44%] [32mBuilding C object CMakeFiles/graph_for_task_planner_msg__rosidl_typesupport_introspection_c.dir/rosidl_typesupport_introspection_c/graph_for_task_planner_msg/msg/detail/graph__type_support.c.o[0m
[6.348s] [ 46%] [32m[1mLinking CXX shared library libgraph_for_task_planner_msg__rosidl_typesupport_c.so[0m
[6.392s] [ 48%] [32mBuilding CXX object CMakeFiles/graph_for_task_planner_msg__rosidl_typesupport_fastrtps_c.dir/rosidl_typesupport_fastrtps_c/graph_for_task_planner_msg/msg/detail/graph__type_support_c.cpp.o[0m
[6.467s] [ 48%] Built target graph_for_task_planner_msg__rosidl_typesupport_c
[6.475s] [ 51%] [32mBuilding C object CMakeFiles/graph_for_task_planner_msg__rosidl_typesupport_introspection_c.dir/rosidl_typesupport_introspection_c/graph_for_task_planner_msg/msg/detail/edge__type_support.c.o[0m
[6.482s] [ 53%] [32mBuilding C object CMakeFiles/graph_for_task_planner_msg__rosidl_typesupport_introspection_c.dir/rosidl_typesupport_introspection_c/graph_for_task_planner_msg/msg/detail/point__type_support.c.o[0m
[6.583s] [ 55%] [32mBuilding CXX object CMakeFiles/graph_for_task_planner_msg__rosidl_typesupport_fastrtps_cpp.dir/rosidl_typesupport_fastrtps_cpp/graph_for_task_planner_msg/msg/detail/dds_fastrtps/edge__type_support.cpp.o[0m
[6.614s] [ 57%] [32m[1mLinking C shared library libgraph_for_task_planner_msg__rosidl_typesupport_introspection_c.so[0m
[6.756s] [ 57%] Built target graph_for_task_planner_msg__rosidl_typesupport_introspection_c
[6.774s] [ 59%] [32mBuilding CXX object CMakeFiles/graph_for_task_planner_msg__rosidl_typesupport_fastrtps_c.dir/rosidl_typesupport_fastrtps_c/graph_for_task_planner_msg/msg/detail/edge__type_support_c.cpp.o[0m
[6.920s] [ 61%] [32mBuilding CXX object CMakeFiles/graph_for_task_planner_msg__rosidl_typesupport_introspection_cpp.dir/rosidl_typesupport_introspection_cpp/graph_for_task_planner_msg/msg/detail/edge__type_support.cpp.o[0m
[7.084s] [ 63%] [32mBuilding CXX object CMakeFiles/graph_for_task_planner_msg__rosidl_typesupport_introspection_cpp.dir/rosidl_typesupport_introspection_cpp/graph_for_task_planner_msg/msg/detail/point__type_support.cpp.o[0m
[7.153s] [ 65%] [32m[1mLinking CXX shared library libgraph_for_task_planner_msg__rosidl_typesupport_cpp.so[0m
[7.358s] [ 65%] Built target graph_for_task_planner_msg__rosidl_typesupport_cpp
[7.379s] [ 68%] [32mBuilding CXX object CMakeFiles/graph_for_task_planner_msg__rosidl_typesupport_fastrtps_cpp.dir/rosidl_typesupport_fastrtps_cpp/graph_for_task_planner_msg/msg/detail/dds_fastrtps/point__type_support.cpp.o[0m
[7.896s] [ 70%] [32mBuilding CXX object CMakeFiles/graph_for_task_planner_msg__rosidl_typesupport_fastrtps_c.dir/rosidl_typesupport_fastrtps_c/graph_for_task_planner_msg/msg/detail/point__type_support_c.cpp.o[0m
[8.736s] [ 72%] [32m[1mLinking CXX shared library libgraph_for_task_planner_msg__rosidl_typesupport_introspection_cpp.so[0m
[8.762s] [ 74%] [32m[1mLinking CXX shared library libgraph_for_task_planner_msg__rosidl_typesupport_fastrtps_cpp.so[0m
[8.915s] [ 76%] [32m[1mLinking CXX shared library libgraph_for_task_planner_msg__rosidl_typesupport_fastrtps_c.so[0m
[8.952s] [ 76%] Built target graph_for_task_planner_msg__rosidl_typesupport_introspection_cpp
[8.985s] [ 76%] Built target graph_for_task_planner_msg__rosidl_typesupport_fastrtps_cpp
[9.088s] [ 76%] Built target graph_for_task_planner_msg__rosidl_typesupport_fastrtps_c
[9.109s] [ 76%] Built target graph_for_task_planner_msg
[9.131s] [ 78%] [34m[1mGenerating Python code for ROS interfaces[0m
[9.810s] [ 78%] Built target graph_for_task_planner_msg__py
[9.829s] [ 85%] [32mBuilding C object CMakeFiles/graph_for_task_planner_msg__rosidl_generator_py.dir/rosidl_generator_py/graph_for_task_planner_msg/msg/_edge_s.c.o[0m
[9.829s] [ 85%] [32mBuilding C object CMakeFiles/graph_for_task_planner_msg__rosidl_generator_py.dir/rosidl_generator_py/graph_for_task_planner_msg/msg/_graph_s.c.o[0m
[9.829s] [ 85%] [32mBuilding C object CMakeFiles/graph_for_task_planner_msg__rosidl_generator_py.dir/rosidl_generator_py/graph_for_task_planner_msg/msg/_point_s.c.o[0m
[10.033s] [ 87%] [32m[1mLinking C shared library rosidl_generator_py/graph_for_task_planner_msg/libgraph_for_task_planner_msg__rosidl_generator_py.so[0m
[10.087s] [ 87%] Built target graph_for_task_planner_msg__rosidl_generator_py
[10.106s] [ 89%] [32mBuilding C object CMakeFiles/graph_for_task_planner_msg__rosidl_typesupport_introspection_c__pyext.dir/rosidl_generator_py/graph_for_task_planner_msg/_graph_for_task_planner_msg_s.ep.rosidl_typesupport_introspection_c.c.o[0m
[10.108s] [ 91%] [32mBuilding C object CMakeFiles/graph_for_task_planner_msg__rosidl_typesupport_fastrtps_c__pyext.dir/rosidl_generator_py/graph_for_task_planner_msg/_graph_for_task_planner_msg_s.ep.rosidl_typesupport_fastrtps_c.c.o[0m
[10.111s] [ 93%] [32mBuilding C object CMakeFiles/graph_for_task_planner_msg__rosidl_typesupport_c__pyext.dir/rosidl_generator_py/graph_for_task_planner_msg/_graph_for_task_planner_msg_s.ep.rosidl_typesupport_c.c.o[0m
[10.297s] [ 95%] [32m[1mLinking C shared library rosidl_generator_py/graph_for_task_planner_msg/graph_for_task_planner_msg_s__rosidl_typesupport_introspection_c.cpython-310-x86_64-linux-gnu.so[0m
[10.301s] [ 97%] [32m[1mLinking C shared library rosidl_generator_py/graph_for_task_planner_msg/graph_for_task_planner_msg_s__rosidl_typesupport_c.cpython-310-x86_64-linux-gnu.so[0m
[10.319s] [100%] [32m[1mLinking C shared library rosidl_generator_py/graph_for_task_planner_msg/graph_for_task_planner_msg_s__rosidl_typesupport_fastrtps_c.cpython-310-x86_64-linux-gnu.so[0m
[10.347s] [100%] Built target graph_for_task_planner_msg__rosidl_typesupport_introspection_c__pyext
[10.354s] [100%] Built target graph_for_task_planner_msg__rosidl_typesupport_c__pyext
[10.373s] [100%] Built target graph_for_task_planner_msg__rosidl_typesupport_fastrtps_c__pyext
[10.387s] Invoked command in '/home/seventeen/Documents/GitHub/Robotics-and-its-application/build/graph_for_task_planner_msg' returned '0': CMAKE_PREFIX_PATH=/opt/ros/humble /home/seventeen/.local/bin/cmake --build /home/seventeen/Documents/GitHub/Robotics-and-its-application/build/graph_for_task_planner_msg -- -j8 -l8
[10.541s] Invoking command in '/home/seventeen/Documents/GitHub/Robotics-and-its-application/build/graph_for_task_planner_msg': CMAKE_PREFIX_PATH=/opt/ros/humble /home/seventeen/.local/bin/cmake --install /home/seventeen/Documents/GitHub/Robotics-and-its-application/build/graph_for_task_planner_msg
[10.666s] -- Install configuration: ""
[10.667s] -- Installing: /home/seventeen/Documents/GitHub/Robotics-and-its-application/install/graph_for_task_planner_msg/share/ament_index/resource_index/rosidl_interfaces/graph_for_task_planner_msg
[10.668s] -- Installing: /home/seventeen/Documents/GitHub/Robotics-and-its-application/install/graph_for_task_planner_msg/include/graph_for_task_planner_msg/graph_for_task_planner_msg
[10.668s] -- Installing: /home/seventeen/Documents/GitHub/Robotics-and-its-application/install/graph_for_task_planner_msg/include/graph_for_task_planner_msg/graph_for_task_planner_msg/msg
[10.669s] -- Installing: /home/seventeen/Documents/GitHub/Robotics-and-its-application/install/graph_for_task_planner_msg/include/graph_for_task_planner_msg/graph_for_task_planner_msg/msg/rosidl_generator_c__visibility_control.h
[10.669s] -- Installing: /home/seventeen/Documents/GitHub/Robotics-and-its-application/install/graph_for_task_planner_msg/include/graph_for_task_planner_msg/graph_for_task_planner_msg/msg/edge.h
[10.669s] -- Installing: /home/seventeen/Documents/GitHub/Robotics-and-its-application/install/graph_for_task_planner_msg/include/graph_for_task_planner_msg/graph_for_task_planner_msg/msg/detail
[10.670s] -- Installing: /home/seventeen/Documents/GitHub/Robotics-and-its-application/install/graph_for_task_planner_msg/include/graph_for_task_planner_msg/graph_for_task_planner_msg/msg/detail/edge__functions.h
[10.670s] -- Installing: /home/seventeen/Documents/GitHub/Robotics-and-its-application/install/graph_for_task_planner_msg/include/graph_for_task_planner_msg/graph_for_task_planner_msg/msg/detail/point__functions.c
[10.670s] -- Installing: /home/seventeen/Documents/GitHub/Robotics-and-its-application/install/graph_for_task_planner_msg/include/graph_for_task_planner_msg/graph_for_task_planner_msg/msg/detail/edge__type_support.h
[10.671s] -- Installing: /home/seventeen/Documents/GitHub/Robotics-and-its-application/install/graph_for_task_planner_msg/include/graph_for_task_planner_msg/graph_for_task_planner_msg/msg/detail/graph__functions.h
[10.671s] -- Installing: /home/seventeen/Documents/GitHub/Robotics-and-its-application/install/graph_for_task_planner_msg/include/graph_for_task_planner_msg/graph_for_task_planner_msg/msg/detail/graph__type_support.h
[10.671s] -- Installing: /home/seventeen/Documents/GitHub/Robotics-and-its-application/install/graph_for_task_planner_msg/include/graph_for_task_planner_msg/graph_for_task_planner_msg/msg/detail/edge__struct.h
[10.672s] -- Installing: /home/seventeen/Documents/GitHub/Robotics-and-its-application/install/graph_for_task_planner_msg/include/graph_for_task_planner_msg/graph_for_task_planner_msg/msg/detail/point__struct.h
[10.672s] -- Installing: /home/seventeen/Documents/GitHub/Robotics-and-its-application/install/graph_for_task_planner_msg/include/graph_for_task_planner_msg/graph_for_task_planner_msg/msg/detail/graph__functions.c
[10.673s] -- Installing: /home/seventeen/Documents/GitHub/Robotics-and-its-application/install/graph_for_task_planner_msg/include/graph_for_task_planner_msg/graph_for_task_planner_msg/msg/detail/edge__functions.c
[10.673s] -- Installing: /home/seventeen/Documents/GitHub/Robotics-and-its-application/install/graph_for_task_planner_msg/include/graph_for_task_planner_msg/graph_for_task_planner_msg/msg/detail/point__type_support.h
[10.673s] -- Installing: /home/seventeen/Documents/GitHub/Robotics-and-its-application/install/graph_for_task_planner_msg/include/graph_for_task_planner_msg/graph_for_task_planner_msg/msg/detail/point__functions.h
[10.674s] -- Installing: /home/seventeen/Documents/GitHub/Robotics-and-its-application/install/graph_for_task_planner_msg/include/graph_for_task_planner_msg/graph_for_task_planner_msg/msg/detail/graph__struct.h
[10.674s] -- Installing: /home/seventeen/Documents/GitHub/Robotics-and-its-application/install/graph_for_task_planner_msg/include/graph_for_task_planner_msg/graph_for_task_planner_msg/msg/graph.h
[10.674s] -- Installing: /home/seventeen/Documents/GitHub/Robotics-and-its-application/install/graph_for_task_planner_msg/include/graph_for_task_planner_msg/graph_for_task_planner_msg/msg/point.h
[10.675s] -- Installing: /home/seventeen/Documents/GitHub/Robotics-and-its-application/install/graph_for_task_planner_msg/share/graph_for_task_planner_msg/environment/library_path.sh
[10.675s] -- Installing: /home/seventeen/Documents/GitHub/Robotics-and-its-application/install/graph_for_task_planner_msg/share/graph_for_task_planner_msg/environment/library_path.dsv
[10.676s] -- Installing: /home/seventeen/Documents/GitHub/Robotics-and-its-application/install/graph_for_task_planner_msg/lib/libgraph_for_task_planner_msg__rosidl_generator_c.so
[10.677s] -- Set non-toolchain portion of runtime path of "/home/seventeen/Documents/GitHub/Robotics-and-its-application/install/graph_for_task_planner_msg/lib/libgraph_for_task_planner_msg__rosidl_generator_c.so" to ""
[10.677s] -- Up-to-date: /home/seventeen/Documents/GitHub/Robotics-and-its-application/install/graph_for_task_planner_msg/include/graph_for_task_planner_msg/graph_for_task_planner_msg
[10.678s] -- Up-to-date: /home/seventeen/Documents/GitHub/Robotics-and-its-application/install/graph_for_task_planner_msg/include/graph_for_task_planner_msg/graph_for_task_planner_msg/msg
[10.679s] -- Up-to-date: /home/seventeen/Documents/GitHub/Robotics-and-its-application/install/graph_for_task_planner_msg/include/graph_for_task_planner_msg/graph_for_task_planner_msg/msg/detail
[10.679s] -- Installing: /home/seventeen/Documents/GitHub/Robotics-and-its-application/install/graph_for_task_planner_msg/include/graph_for_task_planner_msg/graph_for_task_planner_msg/msg/detail/edge__rosidl_typesupport_fastrtps_c.h
[10.680s] -- Installing: /home/seventeen/Documents/GitHub/Robotics-and-its-application/install/graph_for_task_planner_msg/include/graph_for_task_planner_msg/graph_for_task_planner_msg/msg/detail/point__rosidl_typesupport_fastrtps_c.h
[10.681s] -- Installing: /home/seventeen/Documents/GitHub/Robotics-and-its-application/install/graph_for_task_planner_msg/include/graph_for_task_planner_msg/graph_for_task_planner_msg/msg/detail/graph__rosidl_typesupport_fastrtps_c.h
[10.682s] -- Installing: /home/seventeen/Documents/GitHub/Robotics-and-its-application/install/graph_for_task_planner_msg/include/graph_for_task_planner_msg/graph_for_task_planner_msg/msg/rosidl_typesupport_fastrtps_c__visibility_control.h
[10.683s] -- Installing: /home/seventeen/Documents/GitHub/Robotics-and-its-application/install/graph_for_task_planner_msg/lib/libgraph_for_task_planner_msg__rosidl_typesupport_fastrtps_c.so
[10.684s] -- Set non-toolchain portion of runtime path of "/home/seventeen/Documents/GitHub/Robotics-and-its-application/install/graph_for_task_planner_msg/lib/libgraph_for_task_planner_msg__rosidl_typesupport_fastrtps_c.so" to ""
[10.684s] -- Up-to-date: /home/seventeen/Documents/GitHub/Robotics-and-its-application/install/graph_for_task_planner_msg/include/graph_for_task_planner_msg/graph_for_task_planner_msg
[10.685s] -- Up-to-date: /home/seventeen/Documents/GitHub/Robotics-and-its-application/install/graph_for_task_planner_msg/include/graph_for_task_planner_msg/graph_for_task_planner_msg/msg
[10.685s] -- Installing: /home/seventeen/Documents/GitHub/Robotics-and-its-application/install/graph_for_task_planner_msg/include/graph_for_task_planner_msg/graph_for_task_planner_msg/msg/rosidl_typesupport_introspection_c__visibility_control.h
[10.685s] -- Up-to-date: /home/seventeen/Documents/GitHub/Robotics-and-its-application/install/graph_for_task_planner_msg/include/graph_for_task_planner_msg/graph_for_task_planner_msg/msg/detail
[10.685s] -- Installing: /home/seventeen/Documents/GitHub/Robotics-and-its-application/install/graph_for_task_planner_msg/include/graph_for_task_planner_msg/graph_for_task_planner_msg/msg/detail/point__rosidl_typesupport_introspection_c.h
[10.686s] -- Installing: /home/seventeen/Documents/GitHub/Robotics-and-its-application/install/graph_for_task_planner_msg/include/graph_for_task_planner_msg/graph_for_task_planner_msg/msg/detail/edge__rosidl_typesupport_introspection_c.h
[10.686s] -- Installing: /home/seventeen/Documents/GitHub/Robotics-and-its-application/install/graph_for_task_planner_msg/include/graph_for_task_planner_msg/graph_for_task_planner_msg/msg/detail/graph__rosidl_typesupport_introspection_c.h
[10.686s] -- Installing: /home/seventeen/Documents/GitHub/Robotics-and-its-application/install/graph_for_task_planner_msg/include/graph_for_task_planner_msg/graph_for_task_planner_msg/msg/detail/edge__type_support.c
[10.687s] -- Installing: /home/seventeen/Documents/GitHub/Robotics-and-its-application/install/graph_for_task_planner_msg/include/graph_for_task_planner_msg/graph_for_task_planner_msg/msg/detail/graph__type_support.c
[10.687s] -- Installing: /home/seventeen/Documents/GitHub/Robotics-and-its-application/install/graph_for_task_planner_msg/include/graph_for_task_planner_msg/graph_for_task_planner_msg/msg/detail/point__type_support.c
[10.687s] -- Installing: /home/seventeen/Documents/GitHub/Robotics-and-its-application/install/graph_for_task_planner_msg/lib/libgraph_for_task_planner_msg__rosidl_typesupport_introspection_c.so
[10.688s] -- Set non-toolchain portion of runtime path of "/home/seventeen/Documents/GitHub/Robotics-and-its-application/install/graph_for_task_planner_msg/lib/libgraph_for_task_planner_msg__rosidl_typesupport_introspection_c.so" to ""
[10.688s] -- Installing: /home/seventeen/Documents/GitHub/Robotics-and-its-application/install/graph_for_task_planner_msg/lib/libgraph_for_task_planner_msg__rosidl_typesupport_c.so
[10.689s] -- Set non-toolchain portion of runtime path of "/home/seventeen/Documents/GitHub/Robotics-and-its-application/install/graph_for_task_planner_msg/lib/libgraph_for_task_planner_msg__rosidl_typesupport_c.so" to ""
[10.689s] -- Up-to-date: /home/seventeen/Documents/GitHub/Robotics-and-its-application/install/graph_for_task_planner_msg/include/graph_for_task_planner_msg/graph_for_task_planner_msg
[10.689s] -- Up-to-date: /home/seventeen/Documents/GitHub/Robotics-and-its-application/install/graph_for_task_planner_msg/include/graph_for_task_planner_msg/graph_for_task_planner_msg/msg
[10.689s] -- Installing: /home/seventeen/Documents/GitHub/Robotics-and-its-application/install/graph_for_task_planner_msg/include/graph_for_task_planner_msg/graph_for_task_planner_msg/msg/rosidl_generator_cpp__visibility_control.hpp
[10.690s] -- Installing: /home/seventeen/Documents/GitHub/Robotics-and-its-application/install/graph_for_task_planner_msg/include/graph_for_task_planner_msg/graph_for_task_planner_msg/msg/edge.hpp
[10.690s] -- Up-to-date: /home/seventeen/Documents/GitHub/Robotics-and-its-application/install/graph_for_task_planner_msg/include/graph_for_task_planner_msg/graph_for_task_planner_msg/msg/detail
[10.690s] -- Installing: /home/seventeen/Documents/GitHub/Robotics-and-its-application/install/graph_for_task_planner_msg/include/graph_for_task_planner_msg/graph_for_task_planner_msg/msg/detail/edge__builder.hpp
[10.690s] -- Installing: /home/seventeen/Documents/GitHub/Robotics-and-its-application/install/graph_for_task_planner_msg/include/graph_for_task_planner_msg/graph_for_task_planner_msg/msg/detail/edge__traits.hpp
[10.691s] -- Installing: /home/seventeen/Documents/GitHub/Robotics-and-its-application/install/graph_for_task_planner_msg/include/graph_for_task_planner_msg/graph_for_task_planner_msg/msg/detail/edge__type_support.hpp
[10.691s] -- Installing: /home/seventeen/Documents/GitHub/Robotics-and-its-application/install/graph_for_task_planner_msg/include/graph_for_task_planner_msg/graph_for_task_planner_msg/msg/detail/graph__struct.hpp
[10.691s] -- Installing: /home/seventeen/Documents/GitHub/Robotics-and-its-application/install/graph_for_task_planner_msg/include/graph_for_task_planner_msg/graph_for_task_planner_msg/msg/detail/point__struct.hpp
[10.691s] -- Installing: /home/seventeen/Documents/GitHub/Robotics-and-its-application/install/graph_for_task_planner_msg/include/graph_for_task_planner_msg/graph_for_task_planner_msg/msg/detail/graph__traits.hpp
[10.692s] -- Installing: /home/seventeen/Documents/GitHub/Robotics-and-its-application/install/graph_for_task_planner_msg/include/graph_for_task_planner_msg/graph_for_task_planner_msg/msg/detail/edge__struct.hpp
[10.692s] -- Installing: /home/seventeen/Documents/GitHub/Robotics-and-its-application/install/graph_for_task_planner_msg/include/graph_for_task_planner_msg/graph_for_task_planner_msg/msg/detail/point__traits.hpp
[10.692s] -- Installing: /home/seventeen/Documents/GitHub/Robotics-and-its-application/install/graph_for_task_planner_msg/include/graph_for_task_planner_msg/graph_for_task_planner_msg/msg/detail/graph__builder.hpp
[10.693s] -- Installing: /home/seventeen/Documents/GitHub/Robotics-and-its-application/install/graph_for_task_planner_msg/include/graph_for_task_planner_msg/graph_for_task_planner_msg/msg/detail/graph__type_support.hpp
[10.693s] -- Installing: /home/seventeen/Documents/GitHub/Robotics-and-its-application/install/graph_for_task_planner_msg/include/graph_for_task_planner_msg/graph_for_task_planner_msg/msg/detail/point__type_support.hpp
[10.693s] -- Installing: /home/seventeen/Documents/GitHub/Robotics-and-its-application/install/graph_for_task_planner_msg/include/graph_for_task_planner_msg/graph_for_task_planner_msg/msg/detail/point__builder.hpp
[10.693s] -- Installing: /home/seventeen/Documents/GitHub/Robotics-and-its-application/install/graph_for_task_planner_msg/include/graph_for_task_planner_msg/graph_for_task_planner_msg/msg/point.hpp
[10.693s] -- Installing: /home/seventeen/Documents/GitHub/Robotics-and-its-application/install/graph_for_task_planner_msg/include/graph_for_task_planner_msg/graph_for_task_planner_msg/msg/graph.hpp
[10.694s] -- Up-to-date: /home/seventeen/Documents/GitHub/Robotics-and-its-application/install/graph_for_task_planner_msg/include/graph_for_task_planner_msg/graph_for_task_planner_msg
[10.694s] -- Up-to-date: /home/seventeen/Documents/GitHub/Robotics-and-its-application/install/graph_for_task_planner_msg/include/graph_for_task_planner_msg/graph_for_task_planner_msg/msg
[10.694s] -- Installing: /home/seventeen/Documents/GitHub/Robotics-and-its-application/install/graph_for_task_planner_msg/include/graph_for_task_planner_msg/graph_for_task_planner_msg/msg/rosidl_typesupport_fastrtps_cpp__visibility_control.h
[10.695s] -- Up-to-date: /home/seventeen/Documents/GitHub/Robotics-and-its-application/install/graph_for_task_planner_msg/include/graph_for_task_planner_msg/graph_for_task_planner_msg/msg/detail
[10.695s] -- Installing: /home/seventeen/Documents/GitHub/Robotics-and-its-application/install/graph_for_task_planner_msg/include/graph_for_task_planner_msg/graph_for_task_planner_msg/msg/detail/dds_fastrtps
[10.695s] -- Installing: /home/seventeen/Documents/GitHub/Robotics-and-its-application/install/graph_for_task_planner_msg/include/graph_for_task_planner_msg/graph_for_task_planner_msg/msg/detail/graph__rosidl_typesupport_fastrtps_cpp.hpp
[10.695s] -- Installing: /home/seventeen/Documents/GitHub/Robotics-and-its-application/install/graph_for_task_planner_msg/include/graph_for_task_planner_msg/graph_for_task_planner_msg/msg/detail/edge__rosidl_typesupport_fastrtps_cpp.hpp
[10.696s] -- Installing: /home/seventeen/Documents/GitHub/Robotics-and-its-application/install/graph_for_task_planner_msg/include/graph_for_task_planner_msg/graph_for_task_planner_msg/msg/detail/point__rosidl_typesupport_fastrtps_cpp.hpp
[10.696s] -- Installing: /home/seventeen/Documents/GitHub/Robotics-and-its-application/install/graph_for_task_planner_msg/lib/libgraph_for_task_planner_msg__rosidl_typesupport_fastrtps_cpp.so
[10.696s] -- Set non-toolchain portion of runtime path of "/home/seventeen/Documents/GitHub/Robotics-and-its-application/install/graph_for_task_planner_msg/lib/libgraph_for_task_planner_msg__rosidl_typesupport_fastrtps_cpp.so" to ""
[10.696s] -- Up-to-date: /home/seventeen/Documents/GitHub/Robotics-and-its-application/install/graph_for_task_planner_msg/include/graph_for_task_planner_msg/graph_for_task_planner_msg
[10.697s] -- Up-to-date: /home/seventeen/Documents/GitHub/Robotics-and-its-application/install/graph_for_task_planner_msg/include/graph_for_task_planner_msg/graph_for_task_planner_msg/msg
[10.697s] -- Up-to-date: /home/seventeen/Documents/GitHub/Robotics-and-its-application/install/graph_for_task_planner_msg/include/graph_for_task_planner_msg/graph_for_task_planner_msg/msg/detail
[10.697s] -- Installing: /home/seventeen/Documents/GitHub/Robotics-and-its-application/install/graph_for_task_planner_msg/include/graph_for_task_planner_msg/graph_for_task_planner_msg/msg/detail/graph__type_support.cpp
[10.697s] -- Installing: /home/seventeen/Documents/GitHub/Robotics-and-its-application/install/graph_for_task_planner_msg/include/graph_for_task_planner_msg/graph_for_task_planner_msg/msg/detail/point__rosidl_typesupport_introspection_cpp.hpp
[10.698s] -- Installing: /home/seventeen/Documents/GitHub/Robotics-and-its-application/install/graph_for_task_planner_msg/include/graph_for_task_planner_msg/graph_for_task_planner_msg/msg/detail/edge__rosidl_typesupport_introspection_cpp.hpp
[10.698s] -- Installing: /home/seventeen/Documents/GitHub/Robotics-and-its-application/install/graph_for_task_planner_msg/include/graph_for_task_planner_msg/graph_for_task_planner_msg/msg/detail/graph__rosidl_typesupport_introspection_cpp.hpp
[10.698s] -- Installing: /home/seventeen/Documents/GitHub/Robotics-and-its-application/install/graph_for_task_planner_msg/include/graph_for_task_planner_msg/graph_for_task_planner_msg/msg/detail/point__type_support.cpp
[10.699s] -- Installing: /home/seventeen/Documents/GitHub/Robotics-and-its-application/install/graph_for_task_planner_msg/include/graph_for_task_planner_msg/graph_for_task_planner_msg/msg/detail/edge__type_support.cpp
[10.699s] -- Installing: /home/seventeen/Documents/GitHub/Robotics-and-its-application/install/graph_for_task_planner_msg/lib/libgraph_for_task_planner_msg__rosidl_typesupport_introspection_cpp.so
[10.700s] -- Set non-toolchain portion of runtime path of "/home/seventeen/Documents/GitHub/Robotics-and-its-application/install/graph_for_task_planner_msg/lib/libgraph_for_task_planner_msg__rosidl_typesupport_introspection_cpp.so" to ""
[10.700s] -- Installing: /home/seventeen/Documents/GitHub/Robotics-and-its-application/install/graph_for_task_planner_msg/lib/libgraph_for_task_planner_msg__rosidl_typesupport_cpp.so
[10.700s] -- Set non-toolchain portion of runtime path of "/home/seventeen/Documents/GitHub/Robotics-and-its-application/install/graph_for_task_planner_msg/lib/libgraph_for_task_planner_msg__rosidl_typesupport_cpp.so" to ""
[10.701s] -- Installing: /home/seventeen/Documents/GitHub/Robotics-and-its-application/install/graph_for_task_planner_msg/share/graph_for_task_planner_msg/environment/pythonpath.sh
[10.702s] -- Installing: /home/seventeen/Documents/GitHub/Robotics-and-its-application/install/graph_for_task_planner_msg/share/graph_for_task_planner_msg/environment/pythonpath.dsv
[10.702s] -- Installing: /home/seventeen/Documents/GitHub/Robotics-and-its-application/install/graph_for_task_planner_msg/local/lib/python3.10/dist-packages/graph_for_task_planner_msg-0.0.0-py3.10.egg-info
[10.702s] -- Installing: /home/seventeen/Documents/GitHub/Robotics-and-its-application/install/graph_for_task_planner_msg/local/lib/python3.10/dist-packages/graph_for_task_planner_msg-0.0.0-py3.10.egg-info/dependency_links.txt
[10.702s] -- Installing: /home/seventeen/Documents/GitHub/Robotics-and-its-application/install/graph_for_task_planner_msg/local/lib/python3.10/dist-packages/graph_for_task_planner_msg-0.0.0-py3.10.egg-info/PKG-INFO
[10.702s] -- Installing: /home/seventeen/Documents/GitHub/Robotics-and-its-application/install/graph_for_task_planner_msg/local/lib/python3.10/dist-packages/graph_for_task_planner_msg-0.0.0-py3.10.egg-info/top_level.txt
[10.702s] -- Installing: /home/seventeen/Documents/GitHub/Robotics-and-its-application/install/graph_for_task_planner_msg/local/lib/python3.10/dist-packages/graph_for_task_planner_msg-0.0.0-py3.10.egg-info/SOURCES.txt
[10.703s] -- Installing: /home/seventeen/Documents/GitHub/Robotics-and-its-application/install/graph_for_task_planner_msg/local/lib/python3.10/dist-packages/graph_for_task_planner_msg
[10.703s] -- Installing: /home/seventeen/Documents/GitHub/Robotics-and-its-application/install/graph_for_task_planner_msg/local/lib/python3.10/dist-packages/graph_for_task_planner_msg/msg
[10.703s] -- Installing: /home/seventeen/Documents/GitHub/Robotics-and-its-application/install/graph_for_task_planner_msg/local/lib/python3.10/dist-packages/graph_for_task_planner_msg/msg/_point_s.c
[10.703s] -- Installing: /home/seventeen/Documents/GitHub/Robotics-and-its-application/install/graph_for_task_planner_msg/local/lib/python3.10/dist-packages/graph_for_task_planner_msg/msg/_edge.py
[10.703s] -- Installing: /home/seventeen/Documents/GitHub/Robotics-and-its-application/install/graph_for_task_planner_msg/local/lib/python3.10/dist-packages/graph_for_task_planner_msg/msg/__init__.py
[10.703s] -- Installing: /home/seventeen/Documents/GitHub/Robotics-and-its-application/install/graph_for_task_planner_msg/local/lib/python3.10/dist-packages/graph_for_task_planner_msg/msg/_graph_s.c
[10.703s] -- Installing: /home/seventeen/Documents/GitHub/Robotics-and-its-application/install/graph_for_task_planner_msg/local/lib/python3.10/dist-packages/graph_for_task_planner_msg/msg/_point.py
[10.704s] -- Installing: /home/seventeen/Documents/GitHub/Robotics-and-its-application/install/graph_for_task_planner_msg/local/lib/python3.10/dist-packages/graph_for_task_planner_msg/msg/_graph.py
[10.704s] -- Installing: /home/seventeen/Documents/GitHub/Robotics-and-its-application/install/graph_for_task_planner_msg/local/lib/python3.10/dist-packages/graph_for_task_planner_msg/msg/_edge_s.c
[10.704s] -- Installing: /home/seventeen/Documents/GitHub/Robotics-and-its-application/install/graph_for_task_planner_msg/local/lib/python3.10/dist-packages/graph_for_task_planner_msg/graph_for_task_planner_msg_s__rosidl_typesupport_c.cpython-310-x86_64-linux-gnu.so
[10.704s] -- Installing: /home/seventeen/Documents/GitHub/Robotics-and-its-application/install/graph_for_task_planner_msg/local/lib/python3.10/dist-packages/graph_for_task_planner_msg/_graph_for_task_planner_msg_s.ep.rosidl_typesupport_introspection_c.c
[10.704s] -- Installing: /home/seventeen/Documents/GitHub/Robotics-and-its-application/install/graph_for_task_planner_msg/local/lib/python3.10/dist-packages/graph_for_task_planner_msg/__init__.py
[10.704s] -- Installing: /home/seventeen/Documents/GitHub/Robotics-and-its-application/install/graph_for_task_planner_msg/local/lib/python3.10/dist-packages/graph_for_task_planner_msg/graph_for_task_planner_msg_s__rosidl_typesupport_fastrtps_c.cpython-310-x86_64-linux-gnu.so
[10.704s] -- Installing: /home/seventeen/Documents/GitHub/Robotics-and-its-application/install/graph_for_task_planner_msg/local/lib/python3.10/dist-packages/graph_for_task_planner_msg/graph_for_task_planner_msg_s__rosidl_typesupport_introspection_c.cpython-310-x86_64-linux-gnu.so
[10.705s] -- Installing: /home/seventeen/Documents/GitHub/Robotics-and-its-application/install/graph_for_task_planner_msg/local/lib/python3.10/dist-packages/graph_for_task_planner_msg/_graph_for_task_planner_msg_s.ep.rosidl_typesupport_fastrtps_c.c
[10.705s] -- Installing: /home/seventeen/Documents/GitHub/Robotics-and-its-application/install/graph_for_task_planner_msg/local/lib/python3.10/dist-packages/graph_for_task_planner_msg/libgraph_for_task_planner_msg__rosidl_generator_py.so
[10.705s] -- Installing: /home/seventeen/Documents/GitHub/Robotics-and-its-application/install/graph_for_task_planner_msg/local/lib/python3.10/dist-packages/graph_for_task_planner_msg/_graph_for_task_planner_msg_s.ep.rosidl_typesupport_c.c
[10.745s] Listing '/home/seventeen/Documents/GitHub/Robotics-and-its-application/install/graph_for_task_planner_msg/local/lib/python3.10/dist-packages/graph_for_task_planner_msg'...
[10.746s] Compiling '/home/seventeen/Documents/GitHub/Robotics-and-its-application/install/graph_for_task_planner_msg/local/lib/python3.10/dist-packages/graph_for_task_planner_msg/__init__.py'...
[10.746s] Listing '/home/seventeen/Documents/GitHub/Robotics-and-its-application/install/graph_for_task_planner_msg/local/lib/python3.10/dist-packages/graph_for_task_planner_msg/msg'...
[10.746s] Compiling '/home/seventeen/Documents/GitHub/Robotics-and-its-application/install/graph_for_task_planner_msg/local/lib/python3.10/dist-packages/graph_for_task_planner_msg/msg/__init__.py'...
[10.746s] Compiling '/home/seventeen/Documents/GitHub/Robotics-and-its-application/install/graph_for_task_planner_msg/local/lib/python3.10/dist-packages/graph_for_task_planner_msg/msg/_edge.py'...
[10.746s] Compiling '/home/seventeen/Documents/GitHub/Robotics-and-its-application/install/graph_for_task_planner_msg/local/lib/python3.10/dist-packages/graph_for_task_planner_msg/msg/_graph.py'...
[10.746s] Compiling '/home/seventeen/Documents/GitHub/Robotics-and-its-application/install/graph_for_task_planner_msg/local/lib/python3.10/dist-packages/graph_for_task_planner_msg/msg/_point.py'...
[10.756s] -- Installing: /home/seventeen/Documents/GitHub/Robotics-and-its-application/install/graph_for_task_planner_msg/local/lib/python3.10/dist-packages/graph_for_task_planner_msg/graph_for_task_planner_msg_s__rosidl_typesupport_fastrtps_c.cpython-310-x86_64-linux-gnu.so
[10.757s] -- Set non-toolchain portion of runtime path of "/home/seventeen/Documents/GitHub/Robotics-and-its-application/install/graph_for_task_planner_msg/local/lib/python3.10/dist-packages/graph_for_task_planner_msg/graph_for_task_planner_msg_s__rosidl_typesupport_fastrtps_c.cpython-310-x86_64-linux-gnu.so" to ""
[10.758s] -- Installing: /home/seventeen/Documents/GitHub/Robotics-and-its-application/install/graph_for_task_planner_msg/local/lib/python3.10/dist-packages/graph_for_task_planner_msg/graph_for_task_planner_msg_s__rosidl_typesupport_introspection_c.cpython-310-x86_64-linux-gnu.so
[10.758s] -- Set non-toolchain portion of runtime path of "/home/seventeen/Documents/GitHub/Robotics-and-its-application/install/graph_for_task_planner_msg/local/lib/python3.10/dist-packages/graph_for_task_planner_msg/graph_for_task_planner_msg_s__rosidl_typesupport_introspection_c.cpython-310-x86_64-linux-gnu.so" to ""
[10.758s] -- Installing: /home/seventeen/Documents/GitHub/Robotics-and-its-application/install/graph_for_task_planner_msg/local/lib/python3.10/dist-packages/graph_for_task_planner_msg/graph_for_task_planner_msg_s__rosidl_typesupport_c.cpython-310-x86_64-linux-gnu.so
[10.759s] -- Set non-toolchain portion of runtime path of "/home/seventeen/Documents/GitHub/Robotics-and-its-application/install/graph_for_task_planner_msg/local/lib/python3.10/dist-packages/graph_for_task_planner_msg/graph_for_task_planner_msg_s__rosidl_typesupport_c.cpython-310-x86_64-linux-gnu.so" to ""
[10.759s] -- Installing: /home/seventeen/Documents/GitHub/Robotics-and-its-application/install/graph_for_task_planner_msg/lib/libgraph_for_task_planner_msg__rosidl_generator_py.so
[10.759s] -- Set non-toolchain portion of runtime path of "/home/seventeen/Documents/GitHub/Robotics-and-its-application/install/graph_for_task_planner_msg/lib/libgraph_for_task_planner_msg__rosidl_generator_py.so" to ""
[10.760s] -- Installing: /home/seventeen/Documents/GitHub/Robotics-and-its-application/install/graph_for_task_planner_msg/share/graph_for_task_planner_msg/msg/Graph.idl
[10.760s] -- Installing: /home/seventeen/Documents/GitHub/Robotics-and-its-application/install/graph_for_task_planner_msg/share/graph_for_task_planner_msg/msg/Edge.idl
[10.760s] -- Installing: /home/seventeen/Documents/GitHub/Robotics-and-its-application/install/graph_for_task_planner_msg/share/graph_for_task_planner_msg/msg/Point.idl
[10.760s] -- Installing: /home/seventeen/Documents/GitHub/Robotics-and-its-application/install/graph_for_task_planner_msg/share/graph_for_task_planner_msg/msg/Graph.msg
[10.761s] -- Installing: /home/seventeen/Documents/GitHub/Robotics-and-its-application/install/graph_for_task_planner_msg/share/graph_for_task_planner_msg/msg/Edge.msg
[10.761s] -- Installing: /home/seventeen/Documents/GitHub/Robotics-and-its-application/install/graph_for_task_planner_msg/share/graph_for_task_planner_msg/msg/Point.msg
[10.761s] -- Installing: /home/seventeen/Documents/GitHub/Robotics-and-its-application/install/graph_for_task_planner_msg/share/ament_index/resource_index/package_run_dependencies/graph_for_task_planner_msg
[10.762s] -- Installing: /home/seventeen/Documents/GitHub/Robotics-and-its-application/install/graph_for_task_planner_msg/share/ament_index/resource_index/parent_prefix_path/graph_for_task_planner_msg
[10.762s] -- Installing: /home/seventeen/Documents/GitHub/Robotics-and-its-application/install/graph_for_task_planner_msg/share/graph_for_task_planner_msg/environment/ament_prefix_path.sh
[10.763s] -- Installing: /home/seventeen/Documents/GitHub/Robotics-and-its-application/install/graph_for_task_planner_msg/share/graph_for_task_planner_msg/environment/ament_prefix_path.dsv
[10.763s] -- Installing: /home/seventeen/Documents/GitHub/Robotics-and-its-application/install/graph_for_task_planner_msg/share/graph_for_task_planner_msg/environment/path.sh
[10.763s] -- Installing: /home/seventeen/Documents/GitHub/Robotics-and-its-application/install/graph_for_task_planner_msg/share/graph_for_task_planner_msg/environment/path.dsv
[10.763s] -- Installing: /home/seventeen/Documents/GitHub/Robotics-and-its-application/install/graph_for_task_planner_msg/share/graph_for_task_planner_msg/local_setup.bash
[10.763s] -- Installing: /home/seventeen/Documents/GitHub/Robotics-and-its-application/install/graph_for_task_planner_msg/share/graph_for_task_planner_msg/local_setup.sh
[10.764s] -- Installing: /home/seventeen/Documents/GitHub/Robotics-and-its-application/install/graph_for_task_planner_msg/share/graph_for_task_planner_msg/local_setup.zsh
[10.764s] -- Installing: /home/seventeen/Documents/GitHub/Robotics-and-its-application/install/graph_for_task_planner_msg/share/graph_for_task_planner_msg/local_setup.dsv
[10.764s] -- Installing: /home/seventeen/Documents/GitHub/Robotics-and-its-application/install/graph_for_task_planner_msg/share/graph_for_task_planner_msg/package.dsv
[10.765s] -- Installing: /home/seventeen/Documents/GitHub/Robotics-and-its-application/install/graph_for_task_planner_msg/share/ament_index/resource_index/packages/graph_for_task_planner_msg
[10.765s] -- Installing: /home/seventeen/Documents/GitHub/Robotics-and-its-application/install/graph_for_task_planner_msg/share/graph_for_task_planner_msg/cmake/export_graph_for_task_planner_msg__rosidl_generator_cExport.cmake
[10.765s] -- Installing: /home/seventeen/Documents/GitHub/Robotics-and-its-application/install/graph_for_task_planner_msg/share/graph_for_task_planner_msg/cmake/export_graph_for_task_planner_msg__rosidl_generator_cExport-noconfig.cmake
[10.767s] -- Installing: /home/seventeen/Documents/GitHub/Robotics-and-its-application/install/graph_for_task_planner_msg/share/graph_for_task_planner_msg/cmake/export_graph_for_task_planner_msg__rosidl_typesupport_fastrtps_cExport.cmake
[10.768s] -- Installing: /home/seventeen/Documents/GitHub/Robotics-and-its-application/install/graph_for_task_planner_msg/share/graph_for_task_planner_msg/cmake/export_graph_for_task_planner_msg__rosidl_typesupport_fastrtps_cExport-noconfig.cmake
[10.768s] -- Installing: /home/seventeen/Documents/GitHub/Robotics-and-its-application/install/graph_for_task_planner_msg/share/graph_for_task_planner_msg/cmake/graph_for_task_planner_msg__rosidl_typesupport_introspection_cExport.cmake
[10.768s] -- Installing: /home/seventeen/Documents/GitHub/Robotics-and-its-application/install/graph_for_task_planner_msg/share/graph_for_task_planner_msg/cmake/graph_for_task_planner_msg__rosidl_typesupport_introspection_cExport-noconfig.cmake
[10.768s] -- Installing: /home/seventeen/Documents/GitHub/Robotics-and-its-application/install/graph_for_task_planner_msg/share/graph_for_task_planner_msg/cmake/graph_for_task_planner_msg__rosidl_typesupport_cExport.cmake
[10.769s] -- Installing: /home/seventeen/Documents/GitHub/Robotics-and-its-application/install/graph_for_task_planner_msg/share/graph_for_task_planner_msg/cmake/graph_for_task_planner_msg__rosidl_typesupport_cExport-noconfig.cmake
[10.769s] -- Installing: /home/seventeen/Documents/GitHub/Robotics-and-its-application/install/graph_for_task_planner_msg/share/graph_for_task_planner_msg/cmake/export_graph_for_task_planner_msg__rosidl_generator_cppExport.cmake
[10.769s] -- Installing: /home/seventeen/Documents/GitHub/Robotics-and-its-application/install/graph_for_task_planner_msg/share/graph_for_task_planner_msg/cmake/export_graph_for_task_planner_msg__rosidl_typesupport_fastrtps_cppExport.cmake
[10.769s] -- Installing: /home/seventeen/Documents/GitHub/Robotics-and-its-application/install/graph_for_task_planner_msg/share/graph_for_task_planner_msg/cmake/export_graph_for_task_planner_msg__rosidl_typesupport_fastrtps_cppExport-noconfig.cmake
[10.769s] -- Installing: /home/seventeen/Documents/GitHub/Robotics-and-its-application/install/graph_for_task_planner_msg/share/graph_for_task_planner_msg/cmake/graph_for_task_planner_msg__rosidl_typesupport_introspection_cppExport.cmake
[10.770s] -- Installing: /home/seventeen/Documents/GitHub/Robotics-and-its-application/install/graph_for_task_planner_msg/share/graph_for_task_planner_msg/cmake/graph_for_task_planner_msg__rosidl_typesupport_introspection_cppExport-noconfig.cmake
[10.770s] -- Installing: /home/seventeen/Documents/GitHub/Robotics-and-its-application/install/graph_for_task_planner_msg/share/graph_for_task_planner_msg/cmake/graph_for_task_planner_msg__rosidl_typesupport_cppExport.cmake
[10.770s] -- Installing: /home/seventeen/Documents/GitHub/Robotics-and-its-application/install/graph_for_task_planner_msg/share/graph_for_task_planner_msg/cmake/graph_for_task_planner_msg__rosidl_typesupport_cppExport-noconfig.cmake
[10.770s] -- Installing: /home/seventeen/Documents/GitHub/Robotics-and-its-application/install/graph_for_task_planner_msg/share/graph_for_task_planner_msg/cmake/export_graph_for_task_planner_msg__rosidl_generator_pyExport.cmake
[10.770s] -- Installing: /home/seventeen/Documents/GitHub/Robotics-and-its-application/install/graph_for_task_planner_msg/share/graph_for_task_planner_msg/cmake/export_graph_for_task_planner_msg__rosidl_generator_pyExport-noconfig.cmake
[10.770s] -- Installing: /home/seventeen/Documents/GitHub/Robotics-and-its-application/install/graph_for_task_planner_msg/share/graph_for_task_planner_msg/cmake/rosidl_cmake-extras.cmake
[10.770s] -- Installing: /home/seventeen/Documents/GitHub/Robotics-and-its-application/install/graph_for_task_planner_msg/share/graph_for_task_planner_msg/cmake/ament_cmake_export_include_directories-extras.cmake
[10.771s] -- Installing: /home/seventeen/Documents/GitHub/Robotics-and-its-application/install/graph_for_task_planner_msg/share/graph_for_task_planner_msg/cmake/ament_cmake_export_libraries-extras.cmake
[10.771s] -- Installing: /home/seventeen/Documents/GitHub/Robotics-and-its-application/install/graph_for_task_planner_msg/share/graph_for_task_planner_msg/cmake/ament_cmake_export_targets-extras.cmake
[10.771s] -- Installing: /home/seventeen/Documents/GitHub/Robotics-and-its-application/install/graph_for_task_planner_msg/share/graph_for_task_planner_msg/cmake/rosidl_cmake_export_typesupport_targets-extras.cmake
[10.771s] -- Installing: /home/seventeen/Documents/GitHub/Robotics-and-its-application/install/graph_for_task_planner_msg/share/graph_for_task_planner_msg/cmake/ament_cmake_export_dependencies-extras.cmake
[10.771s] -- Installing: /home/seventeen/Documents/GitHub/Robotics-and-its-application/install/graph_for_task_planner_msg/share/graph_for_task_planner_msg/cmake/rosidl_cmake_export_typesupport_libraries-extras.cmake
[10.771s] -- Installing: /home/seventeen/Documents/GitHub/Robotics-and-its-application/install/graph_for_task_planner_msg/share/graph_for_task_planner_msg/cmake/graph_for_task_planner_msgConfig.cmake
[10.771s] -- Installing: /home/seventeen/Documents/GitHub/Robotics-and-its-application/install/graph_for_task_planner_msg/share/graph_for_task_planner_msg/cmake/graph_for_task_planner_msgConfig-version.cmake
[10.772s] -- Installing: /home/seventeen/Documents/GitHub/Robotics-and-its-application/install/graph_for_task_planner_msg/share/graph_for_task_planner_msg/package.xml
[10.824s] Invoked command in '/home/seventeen/Documents/GitHub/Robotics-and-its-application/build/graph_for_task_planner_msg' returned '0': CMAKE_PREFIX_PATH=/opt/ros/humble /home/seventeen/.local/bin/cmake --install /home/seventeen/Documents/GitHub/Robotics-and-its-application/build/graph_for_task_planner_msg
