[0.013s] Invoking command in '/home/sincerejuliya/Documents/ros_ws/src/graph_for_task_planner_msg/build/graph_for_task_planner_msg': CMAKE_PREFIX_PATH=${CMAKE_PREFIX_PATH}:/home/sincerejuliya/Documents/ros_ws/src/install/obstacles_msgs:/opt/ros/humble /usr/bin/cmake /home/sincerejuliya/Documents/ros_ws/src/graph_for_task_planner_msg -DCMAKE_INSTALL_PREFIX=/home/sincerejuliya/Documents/ros_ws/src/graph_for_task_planner_msg/install/graph_for_task_planner_msg
[0.076s] -- The C compiler identification is GNU 11.4.0
[0.131s] -- The CXX compiler identification is GNU 11.4.0
[0.138s] -- Detecting C compiler ABI info
[0.222s] -- Detecting C compiler ABI info - done
[0.228s] -- Check for working C compiler: /usr/bin/cc - skipped
[0.228s] -- Detecting C compile features
[0.228s] -- Detecting C compile features - done
[0.231s] -- Detecting CXX compiler ABI info
[0.324s] -- Detecting CXX compiler ABI info - done
[0.331s] -- Check for working CXX compiler: /usr/bin/c++ - skipped
[0.331s] -- Detecting CXX compile features
[0.331s] -- Detecting CXX compile features - done
[0.337s] -- Found ament_cmake: 1.3.10 (/opt/ros/humble/share/ament_cmake/cmake)
[0.499s] -- Found Python3: /usr/bin/python3 (found version "3.10.12") found components: Interpreter 
[0.613s] -- Found rosidl_default_generators: 1.2.0 (/opt/ros/humble/share/rosidl_default_generators/cmake)
[0.619s] -- Using all available rosidl_typesupport_c: rosidl_typesupport_fastrtps_c;rosidl_typesupport_introspection_c
[0.633s] -- Found rosidl_adapter: 3.1.5 (/opt/ros/humble/share/rosidl_adapter/cmake)
[0.690s] -- Using all available rosidl_typesupport_cpp: rosidl_typesupport_fastrtps_cpp;rosidl_typesupport_introspection_cpp
[0.982s] -- Found ament_cmake_ros: 0.10.0 (/opt/ros/humble/share/ament_cmake_ros/cmake)
[1.171s] -- Using all available rosidl_typesupport_c: rosidl_typesupport_fastrtps_c;rosidl_typesupport_introspection_c
[1.408s] -- Using all available rosidl_typesupport_cpp: rosidl_typesupport_fastrtps_cpp;rosidl_typesupport_introspection_cpp
[1.432s] -- Found PythonInterp: /usr/bin/python3 (found suitable version "3.10.12", minimum required is "3.6") 
[1.435s] -- Found python_cmake_module: 0.10.0 (/opt/ros/humble/share/python_cmake_module/cmake)
[1.464s] -- Found PythonLibs: /usr/lib/x86_64-linux-gnu/libpython3.10.so (found suitable version "3.10.12", minimum required is "3.5") 
[1.464s] -- Using PYTHON_EXECUTABLE: /usr/bin/python3
[1.464s] -- Using PYTHON_INCLUDE_DIRS: /usr/include/python3.10
[1.464s] -- Using PYTHON_LIBRARIES: /usr/lib/x86_64-linux-gnu/libpython3.10.so
[1.486s] -- Found PythonExtra: .so  
[1.529s] -- Configuring done
[1.560s] -- Generating done
[1.563s] -- Build files have been written to: /home/sincerejuliya/Documents/ros_ws/src/graph_for_task_planner_msg/build/graph_for_task_planner_msg
[1.576s] Invoked command in '/home/sincerejuliya/Documents/ros_ws/src/graph_for_task_planner_msg/build/graph_for_task_planner_msg' returned '0': CMAKE_PREFIX_PATH=${CMAKE_PREFIX_PATH}:/home/sincerejuliya/Documents/ros_ws/src/install/obstacles_msgs:/opt/ros/humble /usr/bin/cmake /home/sincerejuliya/Documents/ros_ws/src/graph_for_task_planner_msg -DCMAKE_INSTALL_PREFIX=/home/sincerejuliya/Documents/ros_ws/src/graph_for_task_planner_msg/install/graph_for_task_planner_msg
[1.579s] Invoking command in '/home/sincerejuliya/Documents/ros_ws/src/graph_for_task_planner_msg/build/graph_for_task_planner_msg': CMAKE_PREFIX_PATH=${CMAKE_PREFIX_PATH}:/home/sincerejuliya/Documents/ros_ws/src/install/obstacles_msgs:/opt/ros/humble /usr/bin/cmake --build /home/sincerejuliya/Documents/ros_ws/src/graph_for_task_planner_msg/build/graph_for_task_planner_msg -- -j12 -l12
[1.629s] [  2%] [34m[1mGenerating C code for ROS interfaces[0m
[1.642s] [  4%] [34m[1mGenerating C++ code for ROS interfaces[0m
[1.655s] [  4%] Built target ament_cmake_python_copy_graph_for_task_planner_msg
[1.901s] running egg_info
[1.901s] creating graph_for_task_planner_msg.egg-info
[1.901s] writing graph_for_task_planner_msg.egg-info/PKG-INFO
[1.902s] writing dependency_links to graph_for_task_planner_msg.egg-info/dependency_links.txt
[1.902s] writing top-level names to graph_for_task_planner_msg.egg-info/top_level.txt
[1.902s] writing manifest file 'graph_for_task_planner_msg.egg-info/SOURCES.txt'
[1.904s] reading manifest file 'graph_for_task_planner_msg.egg-info/SOURCES.txt'
[1.905s] writing manifest file 'graph_for_task_planner_msg.egg-info/SOURCES.txt'
[1.942s] [  4%] Built target ament_cmake_python_build_graph_for_task_planner_msg_egg
[1.942s] [  4%] Built target graph_for_task_planner_msg__cpp
[1.945s] [  8%] [32mBuilding C object CMakeFiles/graph_for_task_planner_msg__rosidl_generator_c.dir/rosidl_generator_c/graph_for_task_planner_msg/msg/detail/graph__functions.c.o[0m
[1.945s] [  8%] [32mBuilding C object CMakeFiles/graph_for_task_planner_msg__rosidl_generator_c.dir/rosidl_generator_c/graph_for_task_planner_msg/msg/detail/edge__functions.c.o[0m
[1.945s] [ 10%] [32mBuilding C object CMakeFiles/graph_for_task_planner_msg__rosidl_generator_c.dir/rosidl_generator_c/graph_for_task_planner_msg/msg/detail/point__functions.c.o[0m
[1.953s] [ 14%] [34m[1mGenerating C++ introspection for ROS interfaces[0m
[1.953s] [ 14%] [34m[1mGenerating C++ type support for eProsima Fast-RTPS[0m
[1.954s] [ 17%] [34m[1mGenerating C++ type support dispatch for ROS interfaces[0m
[1.989s] [ 19%] [32m[1mLinking C shared library libgraph_for_task_planner_msg__rosidl_generator_c.so[0m
[2.027s] [ 19%] Built target graph_for_task_planner_msg__rosidl_generator_c
[2.038s] [ 25%] [34m[1mGenerating C type support for eProsima Fast-RTPS[0m
[2.039s] [ 25%] [34m[1mGenerating C introspection for ROS interfaces[0m
[2.039s] [ 25%] [34m[1mGenerating C type support dispatch for ROS interfaces[0m
[2.212s] [ 27%] [32mBuilding CXX object CMakeFiles/graph_for_task_planner_msg__rosidl_typesupport_cpp.dir/rosidl_typesupport_cpp/graph_for_task_planner_msg/msg/graph__type_support.cpp.o[0m
[2.212s] [ 29%] [32mBuilding CXX object CMakeFiles/graph_for_task_planner_msg__rosidl_typesupport_cpp.dir/rosidl_typesupport_cpp/graph_for_task_planner_msg/msg/edge__type_support.cpp.o[0m
[2.216s] [ 31%] [32mBuilding CXX object CMakeFiles/graph_for_task_planner_msg__rosidl_typesupport_cpp.dir/rosidl_typesupport_cpp/graph_for_task_planner_msg/msg/point__type_support.cpp.o[0m
[2.244s] [ 36%] [32mBuilding CXX object CMakeFiles/graph_for_task_planner_msg__rosidl_typesupport_introspection_cpp.dir/rosidl_typesupport_introspection_cpp/graph_for_task_planner_msg/msg/detail/point__type_support.cpp.o[0m
[2.244s] [ 36%] [32mBuilding CXX object CMakeFiles/graph_for_task_planner_msg__rosidl_typesupport_introspection_cpp.dir/rosidl_typesupport_introspection_cpp/graph_for_task_planner_msg/msg/detail/edge__type_support.cpp.o[0m
[2.246s] [ 38%] [32mBuilding CXX object CMakeFiles/graph_for_task_planner_msg__rosidl_typesupport_introspection_cpp.dir/rosidl_typesupport_introspection_cpp/graph_for_task_planner_msg/msg/detail/graph__type_support.cpp.o[0m
[2.292s] [ 42%] [32mBuilding CXX object CMakeFiles/graph_for_task_planner_msg__rosidl_typesupport_fastrtps_cpp.dir/rosidl_typesupport_fastrtps_cpp/graph_for_task_planner_msg/msg/detail/dds_fastrtps/graph__type_support.cpp.o[0m
[2.292s] [ 42%] [32mBuilding CXX object CMakeFiles/graph_for_task_planner_msg__rosidl_typesupport_fastrtps_cpp.dir/rosidl_typesupport_fastrtps_cpp/graph_for_task_planner_msg/msg/detail/dds_fastrtps/edge__type_support.cpp.o[0m
[2.293s] [ 44%] [32mBuilding CXX object CMakeFiles/graph_for_task_planner_msg__rosidl_typesupport_fastrtps_cpp.dir/rosidl_typesupport_fastrtps_cpp/graph_for_task_planner_msg/msg/detail/dds_fastrtps/point__type_support.cpp.o[0m
[2.382s] [ 46%] [32mBuilding CXX object CMakeFiles/graph_for_task_planner_msg__rosidl_typesupport_c.dir/rosidl_typesupport_c/graph_for_task_planner_msg/msg/graph__type_support.cpp.o[0m
[2.439s] [ 48%] [32mBuilding CXX object CMakeFiles/graph_for_task_planner_msg__rosidl_typesupport_c.dir/rosidl_typesupport_c/graph_for_task_planner_msg/msg/point__type_support.cpp.o[0m
[2.495s] [ 51%] [32mBuilding CXX object CMakeFiles/graph_for_task_planner_msg__rosidl_typesupport_fastrtps_c.dir/rosidl_typesupport_fastrtps_c/graph_for_task_planner_msg/msg/detail/graph__type_support_c.cpp.o[0m
[2.500s] [ 53%] [32mBuilding CXX object CMakeFiles/graph_for_task_planner_msg__rosidl_typesupport_c.dir/rosidl_typesupport_c/graph_for_task_planner_msg/msg/edge__type_support.cpp.o[0m
[2.500s] [ 55%] [32mBuilding C object CMakeFiles/graph_for_task_planner_msg__rosidl_typesupport_introspection_c.dir/rosidl_typesupport_introspection_c/graph_for_task_planner_msg/msg/detail/graph__type_support.c.o[0m
[2.553s] [ 57%] [32m[1mLinking CXX shared library libgraph_for_task_planner_msg__rosidl_typesupport_c.so[0m
[2.565s] [ 59%] [32mBuilding C object CMakeFiles/graph_for_task_planner_msg__rosidl_typesupport_introspection_c.dir/rosidl_typesupport_introspection_c/graph_for_task_planner_msg/msg/detail/point__type_support.c.o[0m
[2.613s] [ 61%] [32mBuilding CXX object CMakeFiles/graph_for_task_planner_msg__rosidl_typesupport_fastrtps_c.dir/rosidl_typesupport_fastrtps_c/graph_for_task_planner_msg/msg/detail/edge__type_support_c.cpp.o[0m
[2.623s] [ 63%] [32mBuilding CXX object CMakeFiles/graph_for_task_planner_msg__rosidl_typesupport_fastrtps_c.dir/rosidl_typesupport_fastrtps_c/graph_for_task_planner_msg/msg/detail/point__type_support_c.cpp.o[0m
[2.623s] [ 65%] [32m[1mLinking CXX shared library libgraph_for_task_planner_msg__rosidl_typesupport_cpp.so[0m
[2.625s] [ 68%] [32mBuilding C object CMakeFiles/graph_for_task_planner_msg__rosidl_typesupport_introspection_c.dir/rosidl_typesupport_introspection_c/graph_for_task_planner_msg/msg/detail/edge__type_support.c.o[0m
[2.654s] [ 68%] Built target graph_for_task_planner_msg__rosidl_typesupport_c
[2.673s] [ 70%] [32m[1mLinking C shared library libgraph_for_task_planner_msg__rosidl_typesupport_introspection_c.so[0m
[2.698s] [ 70%] Built target graph_for_task_planner_msg__rosidl_typesupport_cpp
[2.726s] [ 70%] Built target graph_for_task_planner_msg__rosidl_typesupport_introspection_c
[2.883s] [ 72%] [32m[1mLinking CXX shared library libgraph_for_task_planner_msg__rosidl_typesupport_introspection_cpp.so[0m
[2.924s] [ 74%] [32m[1mLinking CXX shared library libgraph_for_task_planner_msg__rosidl_typesupport_fastrtps_cpp.so[0m
[2.961s] [ 74%] Built target graph_for_task_planner_msg__rosidl_typesupport_introspection_cpp
[2.973s] [ 76%] [32m[1mLinking CXX shared library libgraph_for_task_planner_msg__rosidl_typesupport_fastrtps_c.so[0m
[2.995s] [ 76%] Built target graph_for_task_planner_msg__rosidl_typesupport_fastrtps_cpp
[3.039s] [ 76%] Built target graph_for_task_planner_msg__rosidl_typesupport_fastrtps_c
[3.060s] [ 76%] Built target graph_for_task_planner_msg
[3.082s] [ 78%] [34m[1mGenerating Python code for ROS interfaces[0m
[3.425s] [ 78%] Built target graph_for_task_planner_msg__py
[3.451s] [ 85%] [32mBuilding C object CMakeFiles/graph_for_task_planner_msg__rosidl_generator_py.dir/rosidl_generator_py/graph_for_task_planner_msg/msg/_point_s.c.o[0m
[3.452s] [ 85%] [32mBuilding C object CMakeFiles/graph_for_task_planner_msg__rosidl_generator_py.dir/rosidl_generator_py/graph_for_task_planner_msg/msg/_edge_s.c.o[0m
[3.452s] [ 85%] [32mBuilding C object CMakeFiles/graph_for_task_planner_msg__rosidl_generator_py.dir/rosidl_generator_py/graph_for_task_planner_msg/msg/_graph_s.c.o[0m
[3.535s] [ 87%] [32m[1mLinking C shared library rosidl_generator_py/graph_for_task_planner_msg/libgraph_for_task_planner_msg__rosidl_generator_py.so[0m
[3.574s] [ 87%] Built target graph_for_task_planner_msg__rosidl_generator_py
[3.596s] [ 93%] [32mBuilding C object CMakeFiles/graph_for_task_planner_msg__rosidl_typesupport_c__pyext.dir/rosidl_generator_py/graph_for_task_planner_msg/_graph_for_task_planner_msg_s.ep.rosidl_typesupport_c.c.o[0m
[3.596s] [ 93%] [32mBuilding C object CMakeFiles/graph_for_task_planner_msg__rosidl_typesupport_introspection_c__pyext.dir/rosidl_generator_py/graph_for_task_planner_msg/_graph_for_task_planner_msg_s.ep.rosidl_typesupport_introspection_c.c.o[0m
[3.596s] [ 93%] [32mBuilding C object CMakeFiles/graph_for_task_planner_msg__rosidl_typesupport_fastrtps_c__pyext.dir/rosidl_generator_py/graph_for_task_planner_msg/_graph_for_task_planner_msg_s.ep.rosidl_typesupport_fastrtps_c.c.o[0m
[3.674s] [ 97%] [32m[1mLinking C shared library rosidl_generator_py/graph_for_task_planner_msg/graph_for_task_planner_msg_s__rosidl_typesupport_introspection_c.cpython-310-x86_64-linux-gnu.so[0m
[3.674s] [ 97%] [32m[1mLinking C shared library rosidl_generator_py/graph_for_task_planner_msg/graph_for_task_planner_msg_s__rosidl_typesupport_c.cpython-310-x86_64-linux-gnu.so[0m
[3.677s] [100%] [32m[1mLinking C shared library rosidl_generator_py/graph_for_task_planner_msg/graph_for_task_planner_msg_s__rosidl_typesupport_fastrtps_c.cpython-310-x86_64-linux-gnu.so[0m
[3.706s] [100%] Built target graph_for_task_planner_msg__rosidl_typesupport_introspection_c__pyext
[3.706s] [100%] Built target graph_for_task_planner_msg__rosidl_typesupport_c__pyext
[3.709s] [100%] Built target graph_for_task_planner_msg__rosidl_typesupport_fastrtps_c__pyext
[3.722s] Invoked command in '/home/sincerejuliya/Documents/ros_ws/src/graph_for_task_planner_msg/build/graph_for_task_planner_msg' returned '0': CMAKE_PREFIX_PATH=${CMAKE_PREFIX_PATH}:/home/sincerejuliya/Documents/ros_ws/src/install/obstacles_msgs:/opt/ros/humble /usr/bin/cmake --build /home/sincerejuliya/Documents/ros_ws/src/graph_for_task_planner_msg/build/graph_for_task_planner_msg -- -j12 -l12
[3.855s] Invoking command in '/home/sincerejuliya/Documents/ros_ws/src/graph_for_task_planner_msg/build/graph_for_task_planner_msg': CMAKE_PREFIX_PATH=${CMAKE_PREFIX_PATH}:/home/sincerejuliya/Documents/ros_ws/src/install/obstacles_msgs:/opt/ros/humble /usr/bin/cmake --install /home/sincerejuliya/Documents/ros_ws/src/graph_for_task_planner_msg/build/graph_for_task_planner_msg
[3.862s] -- Install configuration: ""
[3.863s] -- Installing: /home/sincerejuliya/Documents/ros_ws/src/graph_for_task_planner_msg/install/graph_for_task_planner_msg/share/ament_index/resource_index/rosidl_interfaces/graph_for_task_planner_msg
[3.863s] -- Up-to-date: /home/sincerejuliya/Documents/ros_ws/src/graph_for_task_planner_msg/install/graph_for_task_planner_msg/include/graph_for_task_planner_msg/graph_for_task_planner_msg
[3.863s] -- Up-to-date: /home/sincerejuliya/Documents/ros_ws/src/graph_for_task_planner_msg/install/graph_for_task_planner_msg/include/graph_for_task_planner_msg/graph_for_task_planner_msg/msg
[3.863s] -- Installing: /home/sincerejuliya/Documents/ros_ws/src/graph_for_task_planner_msg/install/graph_for_task_planner_msg/include/graph_for_task_planner_msg/graph_for_task_planner_msg/msg/rosidl_generator_c__visibility_control.h
[3.863s] -- Installing: /home/sincerejuliya/Documents/ros_ws/src/graph_for_task_planner_msg/install/graph_for_task_planner_msg/include/graph_for_task_planner_msg/graph_for_task_planner_msg/msg/point.h
[3.863s] -- Installing: /home/sincerejuliya/Documents/ros_ws/src/graph_for_task_planner_msg/install/graph_for_task_planner_msg/include/graph_for_task_planner_msg/graph_for_task_planner_msg/msg/graph.h
[3.863s] -- Installing: /home/sincerejuliya/Documents/ros_ws/src/graph_for_task_planner_msg/install/graph_for_task_planner_msg/include/graph_for_task_planner_msg/graph_for_task_planner_msg/msg/edge.h
[3.863s] -- Up-to-date: /home/sincerejuliya/Documents/ros_ws/src/graph_for_task_planner_msg/install/graph_for_task_planner_msg/include/graph_for_task_planner_msg/graph_for_task_planner_msg/msg/detail
[3.864s] -- Installing: /home/sincerejuliya/Documents/ros_ws/src/graph_for_task_planner_msg/install/graph_for_task_planner_msg/include/graph_for_task_planner_msg/graph_for_task_planner_msg/msg/detail/point__functions.h
[3.864s] -- Installing: /home/sincerejuliya/Documents/ros_ws/src/graph_for_task_planner_msg/install/graph_for_task_planner_msg/include/graph_for_task_planner_msg/graph_for_task_planner_msg/msg/detail/graph__struct.h
[3.864s] -- Installing: /home/sincerejuliya/Documents/ros_ws/src/graph_for_task_planner_msg/install/graph_for_task_planner_msg/include/graph_for_task_planner_msg/graph_for_task_planner_msg/msg/detail/point__functions.c
[3.864s] -- Installing: /home/sincerejuliya/Documents/ros_ws/src/graph_for_task_planner_msg/install/graph_for_task_planner_msg/include/graph_for_task_planner_msg/graph_for_task_planner_msg/msg/detail/point__struct.h
[3.864s] -- Installing: /home/sincerejuliya/Documents/ros_ws/src/graph_for_task_planner_msg/install/graph_for_task_planner_msg/include/graph_for_task_planner_msg/graph_for_task_planner_msg/msg/detail/graph__functions.h
[3.864s] -- Installing: /home/sincerejuliya/Documents/ros_ws/src/graph_for_task_planner_msg/install/graph_for_task_planner_msg/include/graph_for_task_planner_msg/graph_for_task_planner_msg/msg/detail/graph__type_support.h
[3.865s] -- Installing: /home/sincerejuliya/Documents/ros_ws/src/graph_for_task_planner_msg/install/graph_for_task_planner_msg/include/graph_for_task_planner_msg/graph_for_task_planner_msg/msg/detail/graph__functions.c
[3.865s] -- Installing: /home/sincerejuliya/Documents/ros_ws/src/graph_for_task_planner_msg/install/graph_for_task_planner_msg/include/graph_for_task_planner_msg/graph_for_task_planner_msg/msg/detail/point__type_support.h
[3.865s] -- Installing: /home/sincerejuliya/Documents/ros_ws/src/graph_for_task_planner_msg/install/graph_for_task_planner_msg/include/graph_for_task_planner_msg/graph_for_task_planner_msg/msg/detail/edge__functions.h
[3.865s] -- Installing: /home/sincerejuliya/Documents/ros_ws/src/graph_for_task_planner_msg/install/graph_for_task_planner_msg/include/graph_for_task_planner_msg/graph_for_task_planner_msg/msg/detail/edge__type_support.h
[3.865s] -- Installing: /home/sincerejuliya/Documents/ros_ws/src/graph_for_task_planner_msg/install/graph_for_task_planner_msg/include/graph_for_task_planner_msg/graph_for_task_planner_msg/msg/detail/edge__functions.c
[3.865s] -- Installing: /home/sincerejuliya/Documents/ros_ws/src/graph_for_task_planner_msg/install/graph_for_task_planner_msg/include/graph_for_task_planner_msg/graph_for_task_planner_msg/msg/detail/edge__struct.h
[3.865s] -- Up-to-date: /home/sincerejuliya/Documents/ros_ws/src/graph_for_task_planner_msg/install/graph_for_task_planner_msg/share/graph_for_task_planner_msg/environment/library_path.sh
[3.866s] -- Installing: /home/sincerejuliya/Documents/ros_ws/src/graph_for_task_planner_msg/install/graph_for_task_planner_msg/share/graph_for_task_planner_msg/environment/library_path.dsv
[3.866s] -- Installing: /home/sincerejuliya/Documents/ros_ws/src/graph_for_task_planner_msg/install/graph_for_task_planner_msg/lib/libgraph_for_task_planner_msg__rosidl_generator_c.so
[3.866s] -- Set runtime path of "/home/sincerejuliya/Documents/ros_ws/src/graph_for_task_planner_msg/install/graph_for_task_planner_msg/lib/libgraph_for_task_planner_msg__rosidl_generator_c.so" to ""
[3.866s] -- Up-to-date: /home/sincerejuliya/Documents/ros_ws/src/graph_for_task_planner_msg/install/graph_for_task_planner_msg/include/graph_for_task_planner_msg/graph_for_task_planner_msg
[3.866s] -- Up-to-date: /home/sincerejuliya/Documents/ros_ws/src/graph_for_task_planner_msg/install/graph_for_task_planner_msg/include/graph_for_task_planner_msg/graph_for_task_planner_msg/msg
[3.866s] -- Up-to-date: /home/sincerejuliya/Documents/ros_ws/src/graph_for_task_planner_msg/install/graph_for_task_planner_msg/include/graph_for_task_planner_msg/graph_for_task_planner_msg/msg/detail
[3.866s] -- Installing: /home/sincerejuliya/Documents/ros_ws/src/graph_for_task_planner_msg/install/graph_for_task_planner_msg/include/graph_for_task_planner_msg/graph_for_task_planner_msg/msg/detail/edge__rosidl_typesupport_fastrtps_c.h
[3.866s] -- Installing: /home/sincerejuliya/Documents/ros_ws/src/graph_for_task_planner_msg/install/graph_for_task_planner_msg/include/graph_for_task_planner_msg/graph_for_task_planner_msg/msg/detail/point__rosidl_typesupport_fastrtps_c.h
[3.867s] -- Installing: /home/sincerejuliya/Documents/ros_ws/src/graph_for_task_planner_msg/install/graph_for_task_planner_msg/include/graph_for_task_planner_msg/graph_for_task_planner_msg/msg/detail/graph__rosidl_typesupport_fastrtps_c.h
[3.867s] -- Installing: /home/sincerejuliya/Documents/ros_ws/src/graph_for_task_planner_msg/install/graph_for_task_planner_msg/include/graph_for_task_planner_msg/graph_for_task_planner_msg/msg/rosidl_typesupport_fastrtps_c__visibility_control.h
[3.867s] -- Installing: /home/sincerejuliya/Documents/ros_ws/src/graph_for_task_planner_msg/install/graph_for_task_planner_msg/lib/libgraph_for_task_planner_msg__rosidl_typesupport_fastrtps_c.so
[3.867s] -- Set runtime path of "/home/sincerejuliya/Documents/ros_ws/src/graph_for_task_planner_msg/install/graph_for_task_planner_msg/lib/libgraph_for_task_planner_msg__rosidl_typesupport_fastrtps_c.so" to ""
[3.868s] -- Up-to-date: /home/sincerejuliya/Documents/ros_ws/src/graph_for_task_planner_msg/install/graph_for_task_planner_msg/include/graph_for_task_planner_msg/graph_for_task_planner_msg
[3.868s] -- Up-to-date: /home/sincerejuliya/Documents/ros_ws/src/graph_for_task_planner_msg/install/graph_for_task_planner_msg/include/graph_for_task_planner_msg/graph_for_task_planner_msg/msg
[3.868s] -- Installing: /home/sincerejuliya/Documents/ros_ws/src/graph_for_task_planner_msg/install/graph_for_task_planner_msg/include/graph_for_task_planner_msg/graph_for_task_planner_msg/msg/rosidl_typesupport_introspection_c__visibility_control.h
[3.868s] -- Up-to-date: /home/sincerejuliya/Documents/ros_ws/src/graph_for_task_planner_msg/install/graph_for_task_planner_msg/include/graph_for_task_planner_msg/graph_for_task_planner_msg/msg/detail
[3.868s] -- Installing: /home/sincerejuliya/Documents/ros_ws/src/graph_for_task_planner_msg/install/graph_for_task_planner_msg/include/graph_for_task_planner_msg/graph_for_task_planner_msg/msg/detail/point__rosidl_typesupport_introspection_c.h
[3.868s] -- Installing: /home/sincerejuliya/Documents/ros_ws/src/graph_for_task_planner_msg/install/graph_for_task_planner_msg/include/graph_for_task_planner_msg/graph_for_task_planner_msg/msg/detail/point__type_support.c
[3.868s] -- Installing: /home/sincerejuliya/Documents/ros_ws/src/graph_for_task_planner_msg/install/graph_for_task_planner_msg/include/graph_for_task_planner_msg/graph_for_task_planner_msg/msg/detail/graph__rosidl_typesupport_introspection_c.h
[3.868s] -- Installing: /home/sincerejuliya/Documents/ros_ws/src/graph_for_task_planner_msg/install/graph_for_task_planner_msg/include/graph_for_task_planner_msg/graph_for_task_planner_msg/msg/detail/edge__rosidl_typesupport_introspection_c.h
[3.868s] -- Installing: /home/sincerejuliya/Documents/ros_ws/src/graph_for_task_planner_msg/install/graph_for_task_planner_msg/include/graph_for_task_planner_msg/graph_for_task_planner_msg/msg/detail/edge__type_support.c
[3.869s] -- Installing: /home/sincerejuliya/Documents/ros_ws/src/graph_for_task_planner_msg/install/graph_for_task_planner_msg/include/graph_for_task_planner_msg/graph_for_task_planner_msg/msg/detail/graph__type_support.c
[3.869s] -- Installing: /home/sincerejuliya/Documents/ros_ws/src/graph_for_task_planner_msg/install/graph_for_task_planner_msg/lib/libgraph_for_task_planner_msg__rosidl_typesupport_introspection_c.so
[3.870s] -- Set runtime path of "/home/sincerejuliya/Documents/ros_ws/src/graph_for_task_planner_msg/install/graph_for_task_planner_msg/lib/libgraph_for_task_planner_msg__rosidl_typesupport_introspection_c.so" to ""
[3.870s] -- Installing: /home/sincerejuliya/Documents/ros_ws/src/graph_for_task_planner_msg/install/graph_for_task_planner_msg/lib/libgraph_for_task_planner_msg__rosidl_typesupport_c.so
[3.870s] -- Set runtime path of "/home/sincerejuliya/Documents/ros_ws/src/graph_for_task_planner_msg/install/graph_for_task_planner_msg/lib/libgraph_for_task_planner_msg__rosidl_typesupport_c.so" to ""
[3.870s] -- Up-to-date: /home/sincerejuliya/Documents/ros_ws/src/graph_for_task_planner_msg/install/graph_for_task_planner_msg/include/graph_for_task_planner_msg/graph_for_task_planner_msg
[3.870s] -- Up-to-date: /home/sincerejuliya/Documents/ros_ws/src/graph_for_task_planner_msg/install/graph_for_task_planner_msg/include/graph_for_task_planner_msg/graph_for_task_planner_msg/msg
[3.870s] -- Installing: /home/sincerejuliya/Documents/ros_ws/src/graph_for_task_planner_msg/install/graph_for_task_planner_msg/include/graph_for_task_planner_msg/graph_for_task_planner_msg/msg/point.hpp
[3.870s] -- Installing: /home/sincerejuliya/Documents/ros_ws/src/graph_for_task_planner_msg/install/graph_for_task_planner_msg/include/graph_for_task_planner_msg/graph_for_task_planner_msg/msg/edge.hpp
[3.871s] -- Installing: /home/sincerejuliya/Documents/ros_ws/src/graph_for_task_planner_msg/install/graph_for_task_planner_msg/include/graph_for_task_planner_msg/graph_for_task_planner_msg/msg/graph.hpp
[3.871s] -- Up-to-date: /home/sincerejuliya/Documents/ros_ws/src/graph_for_task_planner_msg/install/graph_for_task_planner_msg/include/graph_for_task_planner_msg/graph_for_task_planner_msg/msg/detail
[3.871s] -- Installing: /home/sincerejuliya/Documents/ros_ws/src/graph_for_task_planner_msg/install/graph_for_task_planner_msg/include/graph_for_task_planner_msg/graph_for_task_planner_msg/msg/detail/graph__struct.hpp
[3.871s] -- Installing: /home/sincerejuliya/Documents/ros_ws/src/graph_for_task_planner_msg/install/graph_for_task_planner_msg/include/graph_for_task_planner_msg/graph_for_task_planner_msg/msg/detail/graph__builder.hpp
[3.871s] -- Installing: /home/sincerejuliya/Documents/ros_ws/src/graph_for_task_planner_msg/install/graph_for_task_planner_msg/include/graph_for_task_planner_msg/graph_for_task_planner_msg/msg/detail/edge__builder.hpp
[3.871s] -- Installing: /home/sincerejuliya/Documents/ros_ws/src/graph_for_task_planner_msg/install/graph_for_task_planner_msg/include/graph_for_task_planner_msg/graph_for_task_planner_msg/msg/detail/edge__struct.hpp
[3.871s] -- Installing: /home/sincerejuliya/Documents/ros_ws/src/graph_for_task_planner_msg/install/graph_for_task_planner_msg/include/graph_for_task_planner_msg/graph_for_task_planner_msg/msg/detail/point__traits.hpp
[3.871s] -- Installing: /home/sincerejuliya/Documents/ros_ws/src/graph_for_task_planner_msg/install/graph_for_task_planner_msg/include/graph_for_task_planner_msg/graph_for_task_planner_msg/msg/detail/graph__traits.hpp
[3.872s] -- Installing: /home/sincerejuliya/Documents/ros_ws/src/graph_for_task_planner_msg/install/graph_for_task_planner_msg/include/graph_for_task_planner_msg/graph_for_task_planner_msg/msg/detail/point__builder.hpp
[3.872s] -- Installing: /home/sincerejuliya/Documents/ros_ws/src/graph_for_task_planner_msg/install/graph_for_task_planner_msg/include/graph_for_task_planner_msg/graph_for_task_planner_msg/msg/detail/point__struct.hpp
[3.872s] -- Installing: /home/sincerejuliya/Documents/ros_ws/src/graph_for_task_planner_msg/install/graph_for_task_planner_msg/include/graph_for_task_planner_msg/graph_for_task_planner_msg/msg/detail/edge__traits.hpp
[3.872s] -- Up-to-date: /home/sincerejuliya/Documents/ros_ws/src/graph_for_task_planner_msg/install/graph_for_task_planner_msg/include/graph_for_task_planner_msg/graph_for_task_planner_msg
[3.872s] -- Up-to-date: /home/sincerejuliya/Documents/ros_ws/src/graph_for_task_planner_msg/install/graph_for_task_planner_msg/include/graph_for_task_planner_msg/graph_for_task_planner_msg/msg
[3.872s] -- Installing: /home/sincerejuliya/Documents/ros_ws/src/graph_for_task_planner_msg/install/graph_for_task_planner_msg/include/graph_for_task_planner_msg/graph_for_task_planner_msg/msg/rosidl_typesupport_fastrtps_cpp__visibility_control.h
[3.872s] -- Up-to-date: /home/sincerejuliya/Documents/ros_ws/src/graph_for_task_planner_msg/install/graph_for_task_planner_msg/include/graph_for_task_planner_msg/graph_for_task_planner_msg/msg/detail
[3.872s] -- Up-to-date: /home/sincerejuliya/Documents/ros_ws/src/graph_for_task_planner_msg/install/graph_for_task_planner_msg/include/graph_for_task_planner_msg/graph_for_task_planner_msg/msg/detail/dds_fastrtps
[3.872s] -- Installing: /home/sincerejuliya/Documents/ros_ws/src/graph_for_task_planner_msg/install/graph_for_task_planner_msg/include/graph_for_task_planner_msg/graph_for_task_planner_msg/msg/detail/point__rosidl_typesupport_fastrtps_cpp.hpp
[3.872s] -- Installing: /home/sincerejuliya/Documents/ros_ws/src/graph_for_task_planner_msg/install/graph_for_task_planner_msg/include/graph_for_task_planner_msg/graph_for_task_planner_msg/msg/detail/edge__rosidl_typesupport_fastrtps_cpp.hpp
[3.873s] -- Installing: /home/sincerejuliya/Documents/ros_ws/src/graph_for_task_planner_msg/install/graph_for_task_planner_msg/include/graph_for_task_planner_msg/graph_for_task_planner_msg/msg/detail/graph__rosidl_typesupport_fastrtps_cpp.hpp
[3.873s] -- Installing: /home/sincerejuliya/Documents/ros_ws/src/graph_for_task_planner_msg/install/graph_for_task_planner_msg/lib/libgraph_for_task_planner_msg__rosidl_typesupport_fastrtps_cpp.so
[3.873s] -- Set runtime path of "/home/sincerejuliya/Documents/ros_ws/src/graph_for_task_planner_msg/install/graph_for_task_planner_msg/lib/libgraph_for_task_planner_msg__rosidl_typesupport_fastrtps_cpp.so" to ""
[3.874s] -- Up-to-date: /home/sincerejuliya/Documents/ros_ws/src/graph_for_task_planner_msg/install/graph_for_task_planner_msg/include/graph_for_task_planner_msg/graph_for_task_planner_msg
[3.874s] -- Up-to-date: /home/sincerejuliya/Documents/ros_ws/src/graph_for_task_planner_msg/install/graph_for_task_planner_msg/include/graph_for_task_planner_msg/graph_for_task_planner_msg/msg
[3.874s] -- Up-to-date: /home/sincerejuliya/Documents/ros_ws/src/graph_for_task_planner_msg/install/graph_for_task_planner_msg/include/graph_for_task_planner_msg/graph_for_task_planner_msg/msg/detail
[3.874s] -- Installing: /home/sincerejuliya/Documents/ros_ws/src/graph_for_task_planner_msg/install/graph_for_task_planner_msg/include/graph_for_task_planner_msg/graph_for_task_planner_msg/msg/detail/graph__rosidl_typesupport_introspection_cpp.hpp
[3.874s] -- Installing: /home/sincerejuliya/Documents/ros_ws/src/graph_for_task_planner_msg/install/graph_for_task_planner_msg/include/graph_for_task_planner_msg/graph_for_task_planner_msg/msg/detail/point__type_support.cpp
[3.874s] -- Installing: /home/sincerejuliya/Documents/ros_ws/src/graph_for_task_planner_msg/install/graph_for_task_planner_msg/include/graph_for_task_planner_msg/graph_for_task_planner_msg/msg/detail/point__rosidl_typesupport_introspection_cpp.hpp
[3.874s] -- Installing: /home/sincerejuliya/Documents/ros_ws/src/graph_for_task_planner_msg/install/graph_for_task_planner_msg/include/graph_for_task_planner_msg/graph_for_task_planner_msg/msg/detail/edge__rosidl_typesupport_introspection_cpp.hpp
[3.874s] -- Installing: /home/sincerejuliya/Documents/ros_ws/src/graph_for_task_planner_msg/install/graph_for_task_planner_msg/include/graph_for_task_planner_msg/graph_for_task_planner_msg/msg/detail/graph__type_support.cpp
[3.874s] -- Installing: /home/sincerejuliya/Documents/ros_ws/src/graph_for_task_planner_msg/install/graph_for_task_planner_msg/include/graph_for_task_planner_msg/graph_for_task_planner_msg/msg/detail/edge__type_support.cpp
[3.875s] -- Installing: /home/sincerejuliya/Documents/ros_ws/src/graph_for_task_planner_msg/install/graph_for_task_planner_msg/lib/libgraph_for_task_planner_msg__rosidl_typesupport_introspection_cpp.so
[3.875s] -- Set runtime path of "/home/sincerejuliya/Documents/ros_ws/src/graph_for_task_planner_msg/install/graph_for_task_planner_msg/lib/libgraph_for_task_planner_msg__rosidl_typesupport_introspection_cpp.so" to ""
[3.875s] -- Installing: /home/sincerejuliya/Documents/ros_ws/src/graph_for_task_planner_msg/install/graph_for_task_planner_msg/lib/libgraph_for_task_planner_msg__rosidl_typesupport_cpp.so
[3.876s] -- Set runtime path of "/home/sincerejuliya/Documents/ros_ws/src/graph_for_task_planner_msg/install/graph_for_task_planner_msg/lib/libgraph_for_task_planner_msg__rosidl_typesupport_cpp.so" to ""
[3.876s] -- Installing: /home/sincerejuliya/Documents/ros_ws/src/graph_for_task_planner_msg/install/graph_for_task_planner_msg/share/graph_for_task_planner_msg/environment/pythonpath.sh
[3.876s] -- Installing: /home/sincerejuliya/Documents/ros_ws/src/graph_for_task_planner_msg/install/graph_for_task_planner_msg/share/graph_for_task_planner_msg/environment/pythonpath.dsv
[3.876s] -- Up-to-date: /home/sincerejuliya/Documents/ros_ws/src/graph_for_task_planner_msg/install/graph_for_task_planner_msg/local/lib/python3.10/dist-packages/graph_for_task_planner_msg-0.0.0-py3.10.egg-info
[3.876s] -- Installing: /home/sincerejuliya/Documents/ros_ws/src/graph_for_task_planner_msg/install/graph_for_task_planner_msg/local/lib/python3.10/dist-packages/graph_for_task_planner_msg-0.0.0-py3.10.egg-info/SOURCES.txt
[3.876s] -- Installing: /home/sincerejuliya/Documents/ros_ws/src/graph_for_task_planner_msg/install/graph_for_task_planner_msg/local/lib/python3.10/dist-packages/graph_for_task_planner_msg-0.0.0-py3.10.egg-info/PKG-INFO
[3.876s] -- Installing: /home/sincerejuliya/Documents/ros_ws/src/graph_for_task_planner_msg/install/graph_for_task_planner_msg/local/lib/python3.10/dist-packages/graph_for_task_planner_msg-0.0.0-py3.10.egg-info/top_level.txt
[3.877s] -- Installing: /home/sincerejuliya/Documents/ros_ws/src/graph_for_task_planner_msg/install/graph_for_task_planner_msg/local/lib/python3.10/dist-packages/graph_for_task_planner_msg-0.0.0-py3.10.egg-info/dependency_links.txt
[3.877s] -- Up-to-date: /home/sincerejuliya/Documents/ros_ws/src/graph_for_task_planner_msg/install/graph_for_task_planner_msg/local/lib/python3.10/dist-packages/graph_for_task_planner_msg
[3.877s] -- Installing: /home/sincerejuliya/Documents/ros_ws/src/graph_for_task_planner_msg/install/graph_for_task_planner_msg/local/lib/python3.10/dist-packages/graph_for_task_planner_msg/_graph_for_task_planner_msg_s.ep.rosidl_typesupport_fastrtps_c.c
[3.877s] -- Installing: /home/sincerejuliya/Documents/ros_ws/src/graph_for_task_planner_msg/install/graph_for_task_planner_msg/local/lib/python3.10/dist-packages/graph_for_task_planner_msg/graph_for_task_planner_msg_s__rosidl_typesupport_introspection_c.cpython-310-x86_64-linux-gnu.so
[3.877s] -- Installing: /home/sincerejuliya/Documents/ros_ws/src/graph_for_task_planner_msg/install/graph_for_task_planner_msg/local/lib/python3.10/dist-packages/graph_for_task_planner_msg/libgraph_for_task_planner_msg__rosidl_generator_py.so
[3.877s] -- Installing: /home/sincerejuliya/Documents/ros_ws/src/graph_for_task_planner_msg/install/graph_for_task_planner_msg/local/lib/python3.10/dist-packages/graph_for_task_planner_msg/_graph_for_task_planner_msg_s.ep.rosidl_typesupport_c.c
[3.878s] -- Installing: /home/sincerejuliya/Documents/ros_ws/src/graph_for_task_planner_msg/install/graph_for_task_planner_msg/local/lib/python3.10/dist-packages/graph_for_task_planner_msg/graph_for_task_planner_msg_s__rosidl_typesupport_fastrtps_c.cpython-310-x86_64-linux-gnu.so
[3.878s] -- Installing: /home/sincerejuliya/Documents/ros_ws/src/graph_for_task_planner_msg/install/graph_for_task_planner_msg/local/lib/python3.10/dist-packages/graph_for_task_planner_msg/__init__.py
[3.878s] -- Installing: /home/sincerejuliya/Documents/ros_ws/src/graph_for_task_planner_msg/install/graph_for_task_planner_msg/local/lib/python3.10/dist-packages/graph_for_task_planner_msg/graph_for_task_planner_msg_s__rosidl_typesupport_c.cpython-310-x86_64-linux-gnu.so
[3.878s] -- Installing: /home/sincerejuliya/Documents/ros_ws/src/graph_for_task_planner_msg/install/graph_for_task_planner_msg/local/lib/python3.10/dist-packages/graph_for_task_planner_msg/_graph_for_task_planner_msg_s.ep.rosidl_typesupport_introspection_c.c
[3.878s] -- Up-to-date: /home/sincerejuliya/Documents/ros_ws/src/graph_for_task_planner_msg/install/graph_for_task_planner_msg/local/lib/python3.10/dist-packages/graph_for_task_planner_msg/msg
[3.878s] -- Installing: /home/sincerejuliya/Documents/ros_ws/src/graph_for_task_planner_msg/install/graph_for_task_planner_msg/local/lib/python3.10/dist-packages/graph_for_task_planner_msg/msg/_graph.py
[3.878s] -- Installing: /home/sincerejuliya/Documents/ros_ws/src/graph_for_task_planner_msg/install/graph_for_task_planner_msg/local/lib/python3.10/dist-packages/graph_for_task_planner_msg/msg/_point.py
[3.879s] -- Installing: /home/sincerejuliya/Documents/ros_ws/src/graph_for_task_planner_msg/install/graph_for_task_planner_msg/local/lib/python3.10/dist-packages/graph_for_task_planner_msg/msg/_point_s.c
[3.879s] -- Installing: /home/sincerejuliya/Documents/ros_ws/src/graph_for_task_planner_msg/install/graph_for_task_planner_msg/local/lib/python3.10/dist-packages/graph_for_task_planner_msg/msg/__init__.py
[3.879s] -- Installing: /home/sincerejuliya/Documents/ros_ws/src/graph_for_task_planner_msg/install/graph_for_task_planner_msg/local/lib/python3.10/dist-packages/graph_for_task_planner_msg/msg/_edge_s.c
[3.879s] -- Installing: /home/sincerejuliya/Documents/ros_ws/src/graph_for_task_planner_msg/install/graph_for_task_planner_msg/local/lib/python3.10/dist-packages/graph_for_task_planner_msg/msg/_graph_s.c
[3.879s] -- Installing: /home/sincerejuliya/Documents/ros_ws/src/graph_for_task_planner_msg/install/graph_for_task_planner_msg/local/lib/python3.10/dist-packages/graph_for_task_planner_msg/msg/_edge.py
[3.914s] Listing '/home/sincerejuliya/Documents/ros_ws/src/graph_for_task_planner_msg/install/graph_for_task_planner_msg/local/lib/python3.10/dist-packages/graph_for_task_planner_msg'...
[3.914s] Compiling '/home/sincerejuliya/Documents/ros_ws/src/graph_for_task_planner_msg/install/graph_for_task_planner_msg/local/lib/python3.10/dist-packages/graph_for_task_planner_msg/__init__.py'...
[3.914s] Listing '/home/sincerejuliya/Documents/ros_ws/src/graph_for_task_planner_msg/install/graph_for_task_planner_msg/local/lib/python3.10/dist-packages/graph_for_task_planner_msg/msg'...
[3.914s] Compiling '/home/sincerejuliya/Documents/ros_ws/src/graph_for_task_planner_msg/install/graph_for_task_planner_msg/local/lib/python3.10/dist-packages/graph_for_task_planner_msg/msg/__init__.py'...
[3.914s] Compiling '/home/sincerejuliya/Documents/ros_ws/src/graph_for_task_planner_msg/install/graph_for_task_planner_msg/local/lib/python3.10/dist-packages/graph_for_task_planner_msg/msg/_edge.py'...
[3.914s] Compiling '/home/sincerejuliya/Documents/ros_ws/src/graph_for_task_planner_msg/install/graph_for_task_planner_msg/local/lib/python3.10/dist-packages/graph_for_task_planner_msg/msg/_graph.py'...
[3.915s] Compiling '/home/sincerejuliya/Documents/ros_ws/src/graph_for_task_planner_msg/install/graph_for_task_planner_msg/local/lib/python3.10/dist-packages/graph_for_task_planner_msg/msg/_point.py'...
[3.918s] -- Installing: /home/sincerejuliya/Documents/ros_ws/src/graph_for_task_planner_msg/install/graph_for_task_planner_msg/local/lib/python3.10/dist-packages/graph_for_task_planner_msg/graph_for_task_planner_msg_s__rosidl_typesupport_fastrtps_c.cpython-310-x86_64-linux-gnu.so
[3.918s] -- Set runtime path of "/home/sincerejuliya/Documents/ros_ws/src/graph_for_task_planner_msg/install/graph_for_task_planner_msg/local/lib/python3.10/dist-packages/graph_for_task_planner_msg/graph_for_task_planner_msg_s__rosidl_typesupport_fastrtps_c.cpython-310-x86_64-linux-gnu.so" to ""
[3.918s] -- Installing: /home/sincerejuliya/Documents/ros_ws/src/graph_for_task_planner_msg/install/graph_for_task_planner_msg/local/lib/python3.10/dist-packages/graph_for_task_planner_msg/graph_for_task_planner_msg_s__rosidl_typesupport_introspection_c.cpython-310-x86_64-linux-gnu.so
[3.919s] -- Set runtime path of "/home/sincerejuliya/Documents/ros_ws/src/graph_for_task_planner_msg/install/graph_for_task_planner_msg/local/lib/python3.10/dist-packages/graph_for_task_planner_msg/graph_for_task_planner_msg_s__rosidl_typesupport_introspection_c.cpython-310-x86_64-linux-gnu.so" to ""
[3.919s] -- Installing: /home/sincerejuliya/Documents/ros_ws/src/graph_for_task_planner_msg/install/graph_for_task_planner_msg/local/lib/python3.10/dist-packages/graph_for_task_planner_msg/graph_for_task_planner_msg_s__rosidl_typesupport_c.cpython-310-x86_64-linux-gnu.so
[3.920s] -- Set runtime path of "/home/sincerejuliya/Documents/ros_ws/src/graph_for_task_planner_msg/install/graph_for_task_planner_msg/local/lib/python3.10/dist-packages/graph_for_task_planner_msg/graph_for_task_planner_msg_s__rosidl_typesupport_c.cpython-310-x86_64-linux-gnu.so" to ""
[3.920s] -- Installing: /home/sincerejuliya/Documents/ros_ws/src/graph_for_task_planner_msg/install/graph_for_task_planner_msg/lib/libgraph_for_task_planner_msg__rosidl_generator_py.so
[3.920s] -- Set runtime path of "/home/sincerejuliya/Documents/ros_ws/src/graph_for_task_planner_msg/install/graph_for_task_planner_msg/lib/libgraph_for_task_planner_msg__rosidl_generator_py.so" to ""
[3.920s] -- Installing: /home/sincerejuliya/Documents/ros_ws/src/graph_for_task_planner_msg/install/graph_for_task_planner_msg/share/graph_for_task_planner_msg/msg/Graph.idl
[3.921s] -- Installing: /home/sincerejuliya/Documents/ros_ws/src/graph_for_task_planner_msg/install/graph_for_task_planner_msg/share/graph_for_task_planner_msg/msg/Point.idl
[3.921s] -- Installing: /home/sincerejuliya/Documents/ros_ws/src/graph_for_task_planner_msg/install/graph_for_task_planner_msg/share/graph_for_task_planner_msg/msg/Edge.idl
[3.921s] -- Up-to-date: /home/sincerejuliya/Documents/ros_ws/src/graph_for_task_planner_msg/install/graph_for_task_planner_msg/share/graph_for_task_planner_msg/msg/Graph.msg
[3.921s] -- Up-to-date: /home/sincerejuliya/Documents/ros_ws/src/graph_for_task_planner_msg/install/graph_for_task_planner_msg/share/graph_for_task_planner_msg/msg/Point.msg
[3.921s] -- Installing: /home/sincerejuliya/Documents/ros_ws/src/graph_for_task_planner_msg/install/graph_for_task_planner_msg/share/graph_for_task_planner_msg/msg/Edge.msg
[3.921s] -- Installing: /home/sincerejuliya/Documents/ros_ws/src/graph_for_task_planner_msg/install/graph_for_task_planner_msg/share/ament_index/resource_index/package_run_dependencies/graph_for_task_planner_msg
[3.922s] -- Installing: /home/sincerejuliya/Documents/ros_ws/src/graph_for_task_planner_msg/install/graph_for_task_planner_msg/share/ament_index/resource_index/parent_prefix_path/graph_for_task_planner_msg
[3.922s] -- Up-to-date: /home/sincerejuliya/Documents/ros_ws/src/graph_for_task_planner_msg/install/graph_for_task_planner_msg/share/graph_for_task_planner_msg/environment/ament_prefix_path.sh
[3.922s] -- Installing: /home/sincerejuliya/Documents/ros_ws/src/graph_for_task_planner_msg/install/graph_for_task_planner_msg/share/graph_for_task_planner_msg/environment/ament_prefix_path.dsv
[3.922s] -- Up-to-date: /home/sincerejuliya/Documents/ros_ws/src/graph_for_task_planner_msg/install/graph_for_task_planner_msg/share/graph_for_task_planner_msg/environment/path.sh
[3.922s] -- Installing: /home/sincerejuliya/Documents/ros_ws/src/graph_for_task_planner_msg/install/graph_for_task_planner_msg/share/graph_for_task_planner_msg/environment/path.dsv
[3.922s] -- Installing: /home/sincerejuliya/Documents/ros_ws/src/graph_for_task_planner_msg/install/graph_for_task_planner_msg/share/graph_for_task_planner_msg/local_setup.bash
[3.923s] -- Installing: /home/sincerejuliya/Documents/ros_ws/src/graph_for_task_planner_msg/install/graph_for_task_planner_msg/share/graph_for_task_planner_msg/local_setup.sh
[3.923s] -- Installing: /home/sincerejuliya/Documents/ros_ws/src/graph_for_task_planner_msg/install/graph_for_task_planner_msg/share/graph_for_task_planner_msg/local_setup.zsh
[3.923s] -- Installing: /home/sincerejuliya/Documents/ros_ws/src/graph_for_task_planner_msg/install/graph_for_task_planner_msg/share/graph_for_task_planner_msg/local_setup.dsv
[3.923s] -- Installing: /home/sincerejuliya/Documents/ros_ws/src/graph_for_task_planner_msg/install/graph_for_task_planner_msg/share/graph_for_task_planner_msg/package.dsv
[3.924s] -- Installing: /home/sincerejuliya/Documents/ros_ws/src/graph_for_task_planner_msg/install/graph_for_task_planner_msg/share/ament_index/resource_index/packages/graph_for_task_planner_msg
[3.924s] -- Installing: /home/sincerejuliya/Documents/ros_ws/src/graph_for_task_planner_msg/install/graph_for_task_planner_msg/share/graph_for_task_planner_msg/cmake/export_graph_for_task_planner_msg__rosidl_generator_cExport.cmake
[3.924s] -- Installing: /home/sincerejuliya/Documents/ros_ws/src/graph_for_task_planner_msg/install/graph_for_task_planner_msg/share/graph_for_task_planner_msg/cmake/export_graph_for_task_planner_msg__rosidl_generator_cExport-noconfig.cmake
[3.925s] -- Installing: /home/sincerejuliya/Documents/ros_ws/src/graph_for_task_planner_msg/install/graph_for_task_planner_msg/share/graph_for_task_planner_msg/cmake/export_graph_for_task_planner_msg__rosidl_typesupport_fastrtps_cExport.cmake
[3.925s] -- Installing: /home/sincerejuliya/Documents/ros_ws/src/graph_for_task_planner_msg/install/graph_for_task_planner_msg/share/graph_for_task_planner_msg/cmake/export_graph_for_task_planner_msg__rosidl_typesupport_fastrtps_cExport-noconfig.cmake
[3.925s] -- Installing: /home/sincerejuliya/Documents/ros_ws/src/graph_for_task_planner_msg/install/graph_for_task_planner_msg/share/graph_for_task_planner_msg/cmake/graph_for_task_planner_msg__rosidl_typesupport_introspection_cExport.cmake
[3.925s] -- Installing: /home/sincerejuliya/Documents/ros_ws/src/graph_for_task_planner_msg/install/graph_for_task_planner_msg/share/graph_for_task_planner_msg/cmake/graph_for_task_planner_msg__rosidl_typesupport_introspection_cExport-noconfig.cmake
[3.926s] -- Installing: /home/sincerejuliya/Documents/ros_ws/src/graph_for_task_planner_msg/install/graph_for_task_planner_msg/share/graph_for_task_planner_msg/cmake/graph_for_task_planner_msg__rosidl_typesupport_cExport.cmake
[3.926s] -- Installing: /home/sincerejuliya/Documents/ros_ws/src/graph_for_task_planner_msg/install/graph_for_task_planner_msg/share/graph_for_task_planner_msg/cmake/graph_for_task_planner_msg__rosidl_typesupport_cExport-noconfig.cmake
[3.926s] -- Installing: /home/sincerejuliya/Documents/ros_ws/src/graph_for_task_planner_msg/install/graph_for_task_planner_msg/share/graph_for_task_planner_msg/cmake/export_graph_for_task_planner_msg__rosidl_generator_cppExport.cmake
[3.926s] -- Installing: /home/sincerejuliya/Documents/ros_ws/src/graph_for_task_planner_msg/install/graph_for_task_planner_msg/share/graph_for_task_planner_msg/cmake/export_graph_for_task_planner_msg__rosidl_typesupport_fastrtps_cppExport.cmake
[3.927s] -- Installing: /home/sincerejuliya/Documents/ros_ws/src/graph_for_task_planner_msg/install/graph_for_task_planner_msg/share/graph_for_task_planner_msg/cmake/export_graph_for_task_planner_msg__rosidl_typesupport_fastrtps_cppExport-noconfig.cmake
[3.927s] -- Installing: /home/sincerejuliya/Documents/ros_ws/src/graph_for_task_planner_msg/install/graph_for_task_planner_msg/share/graph_for_task_planner_msg/cmake/graph_for_task_planner_msg__rosidl_typesupport_introspection_cppExport.cmake
[3.927s] -- Installing: /home/sincerejuliya/Documents/ros_ws/src/graph_for_task_planner_msg/install/graph_for_task_planner_msg/share/graph_for_task_planner_msg/cmake/graph_for_task_planner_msg__rosidl_typesupport_introspection_cppExport-noconfig.cmake
[3.927s] -- Installing: /home/sincerejuliya/Documents/ros_ws/src/graph_for_task_planner_msg/install/graph_for_task_planner_msg/share/graph_for_task_planner_msg/cmake/graph_for_task_planner_msg__rosidl_typesupport_cppExport.cmake
[3.928s] -- Installing: /home/sincerejuliya/Documents/ros_ws/src/graph_for_task_planner_msg/install/graph_for_task_planner_msg/share/graph_for_task_planner_msg/cmake/graph_for_task_planner_msg__rosidl_typesupport_cppExport-noconfig.cmake
[3.928s] -- Installing: /home/sincerejuliya/Documents/ros_ws/src/graph_for_task_planner_msg/install/graph_for_task_planner_msg/share/graph_for_task_planner_msg/cmake/export_graph_for_task_planner_msg__rosidl_generator_pyExport.cmake
[3.928s] -- Installing: /home/sincerejuliya/Documents/ros_ws/src/graph_for_task_planner_msg/install/graph_for_task_planner_msg/share/graph_for_task_planner_msg/cmake/export_graph_for_task_planner_msg__rosidl_generator_pyExport-noconfig.cmake
[3.928s] -- Installing: /home/sincerejuliya/Documents/ros_ws/src/graph_for_task_planner_msg/install/graph_for_task_planner_msg/share/graph_for_task_planner_msg/cmake/rosidl_cmake-extras.cmake
[3.929s] -- Installing: /home/sincerejuliya/Documents/ros_ws/src/graph_for_task_planner_msg/install/graph_for_task_planner_msg/share/graph_for_task_planner_msg/cmake/ament_cmake_export_include_directories-extras.cmake
[3.929s] -- Installing: /home/sincerejuliya/Documents/ros_ws/src/graph_for_task_planner_msg/install/graph_for_task_planner_msg/share/graph_for_task_planner_msg/cmake/ament_cmake_export_libraries-extras.cmake
[3.929s] -- Installing: /home/sincerejuliya/Documents/ros_ws/src/graph_for_task_planner_msg/install/graph_for_task_planner_msg/share/graph_for_task_planner_msg/cmake/ament_cmake_export_targets-extras.cmake
[3.929s] -- Installing: /home/sincerejuliya/Documents/ros_ws/src/graph_for_task_planner_msg/install/graph_for_task_planner_msg/share/graph_for_task_planner_msg/cmake/rosidl_cmake_export_typesupport_targets-extras.cmake
[3.930s] -- Installing: /home/sincerejuliya/Documents/ros_ws/src/graph_for_task_planner_msg/install/graph_for_task_planner_msg/share/graph_for_task_planner_msg/cmake/ament_cmake_export_dependencies-extras.cmake
[3.930s] -- Installing: /home/sincerejuliya/Documents/ros_ws/src/graph_for_task_planner_msg/install/graph_for_task_planner_msg/share/graph_for_task_planner_msg/cmake/rosidl_cmake_export_typesupport_libraries-extras.cmake
[3.930s] -- Installing: /home/sincerejuliya/Documents/ros_ws/src/graph_for_task_planner_msg/install/graph_for_task_planner_msg/share/graph_for_task_planner_msg/cmake/graph_for_task_planner_msgConfig.cmake
[3.930s] -- Installing: /home/sincerejuliya/Documents/ros_ws/src/graph_for_task_planner_msg/install/graph_for_task_planner_msg/share/graph_for_task_planner_msg/cmake/graph_for_task_planner_msgConfig-version.cmake
[3.930s] -- Up-to-date: /home/sincerejuliya/Documents/ros_ws/src/graph_for_task_planner_msg/install/graph_for_task_planner_msg/share/graph_for_task_planner_msg/package.xml
[3.933s] Invoked command in '/home/sincerejuliya/Documents/ros_ws/src/graph_for_task_planner_msg/build/graph_for_task_planner_msg' returned '0': CMAKE_PREFIX_PATH=${CMAKE_PREFIX_PATH}:/home/sincerejuliya/Documents/ros_ws/src/install/obstacles_msgs:/opt/ros/humble /usr/bin/cmake --install /home/sincerejuliya/Documents/ros_ws/src/graph_for_task_planner_msg/build/graph_for_task_planner_msg
