-- Found ament_cmake: 1.3.10 (/opt/ros/humble/share/ament_cmake/cmake)
-- Found builtin_interfaces: 1.2.1 (/opt/ros/humble/share/builtin_interfaces/cmake)
-- Found rosidl_generator_c: 3.1.5 (/opt/ros/humble/share/rosidl_generator_c/cmake)
-- Found rosidl_adapter: 3.1.5 (/opt/ros/humble/share/rosidl_adapter/cmake)
-- Found rosidl_generator_cpp: 3.1.5 (/opt/ros/humble/share/rosidl_generator_cpp/cmake)
-- Using all available rosidl_typesupport_c: rosidl_typesupport_fastrtps_c;rosidl_typesupport_introspection_c
-- Using all available rosidl_typesupport_cpp: rosidl_typesupport_fastrtps_cpp;rosidl_typesupport_introspection_cpp
-- Found geometry_msgs: 4.2.4 (/opt/ros/humble/share/geometry_msgs/cmake)
-- Found rosidl_default_generators: 1.2.0 (/opt/ros/humble/share/rosidl_default_generators/cmake)
-- Found ament_cmake_ros: 0.10.0 (/opt/ros/humble/share/ament_cmake_ros/cmake)
-- Using all available rosidl_typesupport_c: rosidl_typesupport_fastrtps_c;rosidl_typesupport_introspection_c
-- Using all available rosidl_typesupport_cpp: rosidl_typesupport_fastrtps_cpp;rosidl_typesupport_introspection_cpp
-- Found python_cmake_module: 0.10.0 (/opt/ros/humble/share/python_cmake_module/cmake)
-- Using PYTHON_EXECUTABLE: /usr/bin/python3
-- Using PYTHON_INCLUDE_DIRS: /usr/include/python3.10
-- Using PYTHON_LIBRARIES: /usr/lib/x86_64-linux-gnu/libpython3.10.so
-- Configuring done (4.6s)
-- Generating done (0.1s)
-- Build files have been written to: /home/seventeen/Robotics-and-its-application/build/obstacles_msgs
[  2%] Built target obstacles_msgs__cpp
[ 12%] Built target obstacles_msgs__rosidl_generator_c
[ 12%] Built target ament_cmake_python_copy_obstacles_msgs
[ 33%] Built target obstacles_msgs__rosidl_typesupport_fastrtps_c
[ 33%] Built target obstacles_msgs__rosidl_typesupport_cpp
[ 53%] Built target obstacles_msgs__rosidl_typesupport_introspection_c
[ 53%] Built target obstacles_msgs__rosidl_typesupport_c
[ 69%] Built target obstacles_msgs__rosidl_typesupport_fastrtps_cpp
[ 74%] Built target obstacles_msgs__rosidl_typesupport_introspection_cpp
[ 74%] Built target obstacles_msgs
[ 76%] Built target obstacles_msgs__py
[ 84%] Built target obstacles_msgs__rosidl_generator_py
[ 94%] Built target obstacles_msgs__rosidl_typesupport_fastrtps_c__pyext
[ 94%] Built target obstacles_msgs__rosidl_typesupport_introspection_c__pyext
[100%] Built target obstacles_msgs__rosidl_typesupport_c__pyext
running egg_info
writing obstacles_msgs.egg-info/PKG-INFO
writing dependency_links to obstacles_msgs.egg-info/dependency_links.txt
writing top-level names to obstacles_msgs.egg-info/top_level.txt
reading manifest file 'obstacles_msgs.egg-info/SOURCES.txt'
writing manifest file 'obstacles_msgs.egg-info/SOURCES.txt'
[100%] Built target ament_cmake_python_build_obstacles_msgs_egg
-- Install configuration: ""
-- Up-to-date: /home/seventeen/Robotics-and-its-application/install/obstacles_msgs/share/ament_index/resource_index/rosidl_interfaces/obstacles_msgs
-- Up-to-date: /home/seventeen/Robotics-and-its-application/install/obstacles_msgs/include/obstacles_msgs/obstacles_msgs
-- Up-to-date: /home/seventeen/Robotics-and-its-application/install/obstacles_msgs/include/obstacles_msgs/obstacles_msgs/msg
-- Up-to-date: /home/seventeen/Robotics-and-its-application/install/obstacles_msgs/include/obstacles_msgs/obstacles_msgs/msg/rosidl_generator_c__visibility_control.h
-- Up-to-date: /home/seventeen/Robotics-and-its-application/install/obstacles_msgs/include/obstacles_msgs/obstacles_msgs/msg/obstacle_msg.h
-- Up-to-date: /home/seventeen/Robotics-and-its-application/install/obstacles_msgs/include/obstacles_msgs/obstacles_msgs/msg/detail
-- Up-to-date: /home/seventeen/Robotics-and-its-application/install/obstacles_msgs/include/obstacles_msgs/obstacles_msgs/msg/detail/obstacle_msg__struct.h
-- Up-to-date: /home/seventeen/Robotics-and-its-application/install/obstacles_msgs/include/obstacles_msgs/obstacles_msgs/msg/detail/obstacle_array_msg__struct.h
-- Up-to-date: /home/seventeen/Robotics-and-its-application/install/obstacles_msgs/include/obstacles_msgs/obstacles_msgs/msg/detail/obstacle_array_msg__functions.h
-- Up-to-date: /home/seventeen/Robotics-and-its-application/install/obstacles_msgs/include/obstacles_msgs/obstacles_msgs/msg/detail/obstacle_msg__functions.h
-- Up-to-date: /home/seventeen/Robotics-and-its-application/install/obstacles_msgs/include/obstacles_msgs/obstacles_msgs/msg/detail/obstacle_array_msg__type_support.h
-- Up-to-date: /home/seventeen/Robotics-and-its-application/install/obstacles_msgs/include/obstacles_msgs/obstacles_msgs/msg/detail/obstacle_msg__functions.c
-- Up-to-date: /home/seventeen/Robotics-and-its-application/install/obstacles_msgs/include/obstacles_msgs/obstacles_msgs/msg/detail/obstacle_msg__type_support.h
-- Up-to-date: /home/seventeen/Robotics-and-its-application/install/obstacles_msgs/include/obstacles_msgs/obstacles_msgs/msg/detail/obstacle_array_msg__functions.c
-- Up-to-date: /home/seventeen/Robotics-and-its-application/install/obstacles_msgs/include/obstacles_msgs/obstacles_msgs/msg/obstacle_array_msg.h
-- Up-to-date: /home/seventeen/Robotics-and-its-application/install/obstacles_msgs/share/obstacles_msgs/environment/library_path.sh
-- Installing: /home/seventeen/Robotics-and-its-application/install/obstacles_msgs/share/obstacles_msgs/environment/library_path.dsv
-- Up-to-date: /home/seventeen/Robotics-and-its-application/install/obstacles_msgs/lib/libobstacles_msgs__rosidl_generator_c.so
-- Up-to-date: /home/seventeen/Robotics-and-its-application/install/obstacles_msgs/include/obstacles_msgs/obstacles_msgs
-- Up-to-date: /home/seventeen/Robotics-and-its-application/install/obstacles_msgs/include/obstacles_msgs/obstacles_msgs/msg
-- Up-to-date: /home/seventeen/Robotics-and-its-application/install/obstacles_msgs/include/obstacles_msgs/obstacles_msgs/msg/detail
-- Up-to-date: /home/seventeen/Robotics-and-its-application/install/obstacles_msgs/include/obstacles_msgs/obstacles_msgs/msg/detail/obstacle_array_msg__rosidl_typesupport_fastrtps_c.h
-- Up-to-date: /home/seventeen/Robotics-and-its-application/install/obstacles_msgs/include/obstacles_msgs/obstacles_msgs/msg/detail/obstacle_msg__rosidl_typesupport_fastrtps_c.h
-- Up-to-date: /home/seventeen/Robotics-and-its-application/install/obstacles_msgs/include/obstacles_msgs/obstacles_msgs/msg/rosidl_typesupport_fastrtps_c__visibility_control.h
-- Up-to-date: /home/seventeen/Robotics-and-its-application/install/obstacles_msgs/lib/libobstacles_msgs__rosidl_typesupport_fastrtps_c.so
-- Up-to-date: /home/seventeen/Robotics-and-its-application/install/obstacles_msgs/include/obstacles_msgs/obstacles_msgs
-- Up-to-date: /home/seventeen/Robotics-and-its-application/install/obstacles_msgs/include/obstacles_msgs/obstacles_msgs/msg
-- Up-to-date: /home/seventeen/Robotics-and-its-application/install/obstacles_msgs/include/obstacles_msgs/obstacles_msgs/msg/obstacle_msg.hpp
-- Up-to-date: /home/seventeen/Robotics-and-its-application/install/obstacles_msgs/include/obstacles_msgs/obstacles_msgs/msg/detail
-- Up-to-date: /home/seventeen/Robotics-and-its-application/install/obstacles_msgs/include/obstacles_msgs/obstacles_msgs/msg/detail/obstacle_msg__traits.hpp
-- Up-to-date: /home/seventeen/Robotics-and-its-application/install/obstacles_msgs/include/obstacles_msgs/obstacles_msgs/msg/detail/obstacle_msg__struct.hpp
-- Up-to-date: /home/seventeen/Robotics-and-its-application/install/obstacles_msgs/include/obstacles_msgs/obstacles_msgs/msg/detail/obstacle_array_msg__builder.hpp
-- Up-to-date: /home/seventeen/Robotics-and-its-application/install/obstacles_msgs/include/obstacles_msgs/obstacles_msgs/msg/detail/obstacle_msg__builder.hpp
-- Up-to-date: /home/seventeen/Robotics-and-its-application/install/obstacles_msgs/include/obstacles_msgs/obstacles_msgs/msg/detail/obstacle_array_msg__struct.hpp
-- Up-to-date: /home/seventeen/Robotics-and-its-application/install/obstacles_msgs/include/obstacles_msgs/obstacles_msgs/msg/detail/obstacle_array_msg__traits.hpp
-- Up-to-date: /home/seventeen/Robotics-and-its-application/install/obstacles_msgs/include/obstacles_msgs/obstacles_msgs/msg/obstacle_array_msg.hpp
-- Up-to-date: /home/seventeen/Robotics-and-its-application/install/obstacles_msgs/include/obstacles_msgs/obstacles_msgs
-- Up-to-date: /home/seventeen/Robotics-and-its-application/install/obstacles_msgs/include/obstacles_msgs/obstacles_msgs/msg
-- Up-to-date: /home/seventeen/Robotics-and-its-application/install/obstacles_msgs/include/obstacles_msgs/obstacles_msgs/msg/rosidl_typesupport_fastrtps_cpp__visibility_control.h
-- Up-to-date: /home/seventeen/Robotics-and-its-application/install/obstacles_msgs/include/obstacles_msgs/obstacles_msgs/msg/detail
-- Up-to-date: /home/seventeen/Robotics-and-its-application/install/obstacles_msgs/include/obstacles_msgs/obstacles_msgs/msg/detail/obstacle_array_msg__rosidl_typesupport_fastrtps_cpp.hpp
-- Up-to-date: /home/seventeen/Robotics-and-its-application/install/obstacles_msgs/include/obstacles_msgs/obstacles_msgs/msg/detail/dds_fastrtps
-- Up-to-date: /home/seventeen/Robotics-and-its-application/install/obstacles_msgs/include/obstacles_msgs/obstacles_msgs/msg/detail/obstacle_msg__rosidl_typesupport_fastrtps_cpp.hpp
-- Up-to-date: /home/seventeen/Robotics-and-its-application/install/obstacles_msgs/lib/libobstacles_msgs__rosidl_typesupport_fastrtps_cpp.so
-- Up-to-date: /home/seventeen/Robotics-and-its-application/install/obstacles_msgs/include/obstacles_msgs/obstacles_msgs
-- Up-to-date: /home/seventeen/Robotics-and-its-application/install/obstacles_msgs/include/obstacles_msgs/obstacles_msgs/msg
-- Up-to-date: /home/seventeen/Robotics-and-its-application/install/obstacles_msgs/include/obstacles_msgs/obstacles_msgs/msg/rosidl_typesupport_introspection_c__visibility_control.h
-- Up-to-date: /home/seventeen/Robotics-and-its-application/install/obstacles_msgs/include/obstacles_msgs/obstacles_msgs/msg/detail
-- Up-to-date: /home/seventeen/Robotics-and-its-application/install/obstacles_msgs/include/obstacles_msgs/obstacles_msgs/msg/detail/obstacle_msg__rosidl_typesupport_introspection_c.h
-- Up-to-date: /home/seventeen/Robotics-and-its-application/install/obstacles_msgs/include/obstacles_msgs/obstacles_msgs/msg/detail/obstacle_array_msg__type_support.c
-- Up-to-date: /home/seventeen/Robotics-and-its-application/install/obstacles_msgs/include/obstacles_msgs/obstacles_msgs/msg/detail/obstacle_msg__type_support.c
-- Up-to-date: /home/seventeen/Robotics-and-its-application/install/obstacles_msgs/include/obstacles_msgs/obstacles_msgs/msg/detail/obstacle_array_msg__rosidl_typesupport_introspection_c.h
-- Up-to-date: /home/seventeen/Robotics-and-its-application/install/obstacles_msgs/lib/libobstacles_msgs__rosidl_typesupport_introspection_c.so
-- Up-to-date: /home/seventeen/Robotics-and-its-application/install/obstacles_msgs/lib/libobstacles_msgs__rosidl_typesupport_c.so
-- Up-to-date: /home/seventeen/Robotics-and-its-application/install/obstacles_msgs/include/obstacles_msgs/obstacles_msgs
-- Up-to-date: /home/seventeen/Robotics-and-its-application/install/obstacles_msgs/include/obstacles_msgs/obstacles_msgs/msg
-- Up-to-date: /home/seventeen/Robotics-and-its-application/install/obstacles_msgs/include/obstacles_msgs/obstacles_msgs/msg/detail
-- Up-to-date: /home/seventeen/Robotics-and-its-application/install/obstacles_msgs/include/obstacles_msgs/obstacles_msgs/msg/detail/obstacle_msg__type_support.cpp
-- Up-to-date: /home/seventeen/Robotics-and-its-application/install/obstacles_msgs/include/obstacles_msgs/obstacles_msgs/msg/detail/obstacle_array_msg__rosidl_typesupport_introspection_cpp.hpp
-- Up-to-date: /home/seventeen/Robotics-and-its-application/install/obstacles_msgs/include/obstacles_msgs/obstacles_msgs/msg/detail/obstacle_array_msg__type_support.cpp
-- Up-to-date: /home/seventeen/Robotics-and-its-application/install/obstacles_msgs/include/obstacles_msgs/obstacles_msgs/msg/detail/obstacle_msg__rosidl_typesupport_introspection_cpp.hpp
-- Up-to-date: /home/seventeen/Robotics-and-its-application/install/obstacles_msgs/lib/libobstacles_msgs__rosidl_typesupport_introspection_cpp.so
-- Up-to-date: /home/seventeen/Robotics-and-its-application/install/obstacles_msgs/lib/libobstacles_msgs__rosidl_typesupport_cpp.so
-- Up-to-date: /home/seventeen/Robotics-and-its-application/install/obstacles_msgs/share/obstacles_msgs/environment/pythonpath.sh
-- Installing: /home/seventeen/Robotics-and-its-application/install/obstacles_msgs/share/obstacles_msgs/environment/pythonpath.dsv
-- Up-to-date: /home/seventeen/Robotics-and-its-application/install/obstacles_msgs/local/lib/python3.10/dist-packages/obstacles_msgs-0.1.2-py3.10.egg-info
-- Installing: /home/seventeen/Robotics-and-its-application/install/obstacles_msgs/local/lib/python3.10/dist-packages/obstacles_msgs-0.1.2-py3.10.egg-info/dependency_links.txt
-- Installing: /home/seventeen/Robotics-and-its-application/install/obstacles_msgs/local/lib/python3.10/dist-packages/obstacles_msgs-0.1.2-py3.10.egg-info/PKG-INFO
-- Installing: /home/seventeen/Robotics-and-its-application/install/obstacles_msgs/local/lib/python3.10/dist-packages/obstacles_msgs-0.1.2-py3.10.egg-info/top_level.txt
-- Installing: /home/seventeen/Robotics-and-its-application/install/obstacles_msgs/local/lib/python3.10/dist-packages/obstacles_msgs-0.1.2-py3.10.egg-info/SOURCES.txt
-- Up-to-date: /home/seventeen/Robotics-and-its-application/install/obstacles_msgs/local/lib/python3.10/dist-packages/obstacles_msgs
-- Up-to-date: /home/seventeen/Robotics-and-its-application/install/obstacles_msgs/local/lib/python3.10/dist-packages/obstacles_msgs/libobstacles_msgs__rosidl_generator_py.so
-- Up-to-date: /home/seventeen/Robotics-and-its-application/install/obstacles_msgs/local/lib/python3.10/dist-packages/obstacles_msgs/obstacles_msgs_s__rosidl_typesupport_introspection_c.cpython-310-x86_64-linux-gnu.so
-- Up-to-date: /home/seventeen/Robotics-and-its-application/install/obstacles_msgs/local/lib/python3.10/dist-packages/obstacles_msgs/msg
-- Up-to-date: /home/seventeen/Robotics-and-its-application/install/obstacles_msgs/local/lib/python3.10/dist-packages/obstacles_msgs/msg/_obstacle_msg.py
-- Up-to-date: /home/seventeen/Robotics-and-its-application/install/obstacles_msgs/local/lib/python3.10/dist-packages/obstacles_msgs/msg/_obstacle_array_msg.py
-- Up-to-date: /home/seventeen/Robotics-and-its-application/install/obstacles_msgs/local/lib/python3.10/dist-packages/obstacles_msgs/msg/_obstacle_array_msg_s.c
-- Up-to-date: /home/seventeen/Robotics-and-its-application/install/obstacles_msgs/local/lib/python3.10/dist-packages/obstacles_msgs/msg/__init__.py
-- Up-to-date: /home/seventeen/Robotics-and-its-application/install/obstacles_msgs/local/lib/python3.10/dist-packages/obstacles_msgs/msg/_obstacle_msg_s.c
-- Up-to-date: /home/seventeen/Robotics-and-its-application/install/obstacles_msgs/local/lib/python3.10/dist-packages/obstacles_msgs/obstacles_msgs_s__rosidl_typesupport_fastrtps_c.cpython-310-x86_64-linux-gnu.so
-- Installing: /home/seventeen/Robotics-and-its-application/install/obstacles_msgs/local/lib/python3.10/dist-packages/obstacles_msgs/__init__.py
-- Up-to-date: /home/seventeen/Robotics-and-its-application/install/obstacles_msgs/local/lib/python3.10/dist-packages/obstacles_msgs/obstacles_msgs_s__rosidl_typesupport_c.cpython-310-x86_64-linux-gnu.so
-- Up-to-date: /home/seventeen/Robotics-and-its-application/install/obstacles_msgs/local/lib/python3.10/dist-packages/obstacles_msgs/_obstacles_msgs_s.ep.rosidl_typesupport_fastrtps_c.c
-- Up-to-date: /home/seventeen/Robotics-and-its-application/install/obstacles_msgs/local/lib/python3.10/dist-packages/obstacles_msgs/_obstacles_msgs_s.ep.rosidl_typesupport_c.c
-- Up-to-date: /home/seventeen/Robotics-and-its-application/install/obstacles_msgs/local/lib/python3.10/dist-packages/obstacles_msgs/_obstacles_msgs_s.ep.rosidl_typesupport_introspection_c.c
Listing '/home/seventeen/Robotics-and-its-application/install/obstacles_msgs/local/lib/python3.10/dist-packages/obstacles_msgs'...
Compiling '/home/seventeen/Robotics-and-its-application/install/obstacles_msgs/local/lib/python3.10/dist-packages/obstacles_msgs/__init__.py'...
Listing '/home/seventeen/Robotics-and-its-application/install/obstacles_msgs/local/lib/python3.10/dist-packages/obstacles_msgs/msg'...
-- Up-to-date: /home/seventeen/Robotics-and-its-application/install/obstacles_msgs/local/lib/python3.10/dist-packages/obstacles_msgs/obstacles_msgs_s__rosidl_typesupport_fastrtps_c.cpython-310-x86_64-linux-gnu.so
-- Up-to-date: /home/seventeen/Robotics-and-its-application/install/obstacles_msgs/local/lib/python3.10/dist-packages/obstacles_msgs/obstacles_msgs_s__rosidl_typesupport_introspection_c.cpython-310-x86_64-linux-gnu.so
-- Up-to-date: /home/seventeen/Robotics-and-its-application/install/obstacles_msgs/local/lib/python3.10/dist-packages/obstacles_msgs/obstacles_msgs_s__rosidl_typesupport_c.cpython-310-x86_64-linux-gnu.so
-- Up-to-date: /home/seventeen/Robotics-and-its-application/install/obstacles_msgs/lib/libobstacles_msgs__rosidl_generator_py.so
-- Up-to-date: /home/seventeen/Robotics-and-its-application/install/obstacles_msgs/share/obstacles_msgs/msg/ObstacleMsg.idl
-- Up-to-date: /home/seventeen/Robotics-and-its-application/install/obstacles_msgs/share/obstacles_msgs/msg/ObstacleArrayMsg.idl
-- Installing: /home/seventeen/Robotics-and-its-application/install/obstacles_msgs/share/obstacles_msgs/msg/ObstacleMsg.msg
-- Installing: /home/seventeen/Robotics-and-its-application/install/obstacles_msgs/share/obstacles_msgs/msg/ObstacleArrayMsg.msg
-- Up-to-date: /home/seventeen/Robotics-and-its-application/install/obstacles_msgs/share/ament_index/resource_index/package_run_dependencies/obstacles_msgs
-- Up-to-date: /home/seventeen/Robotics-and-its-application/install/obstacles_msgs/share/ament_index/resource_index/parent_prefix_path/obstacles_msgs
-- Up-to-date: /home/seventeen/Robotics-and-its-application/install/obstacles_msgs/share/obstacles_msgs/environment/ament_prefix_path.sh
-- Installing: /home/seventeen/Robotics-and-its-application/install/obstacles_msgs/share/obstacles_msgs/environment/ament_prefix_path.dsv
-- Up-to-date: /home/seventeen/Robotics-and-its-application/install/obstacles_msgs/share/obstacles_msgs/environment/path.sh
-- Installing: /home/seventeen/Robotics-and-its-application/install/obstacles_msgs/share/obstacles_msgs/environment/path.dsv
-- Up-to-date: /home/seventeen/Robotics-and-its-application/install/obstacles_msgs/share/obstacles_msgs/local_setup.bash
-- Up-to-date: /home/seventeen/Robotics-and-its-application/install/obstacles_msgs/share/obstacles_msgs/local_setup.sh
-- Up-to-date: /home/seventeen/Robotics-and-its-application/install/obstacles_msgs/share/obstacles_msgs/local_setup.zsh
-- Installing: /home/seventeen/Robotics-and-its-application/install/obstacles_msgs/share/obstacles_msgs/local_setup.dsv
-- Installing: /home/seventeen/Robotics-and-its-application/install/obstacles_msgs/share/obstacles_msgs/package.dsv
-- Up-to-date: /home/seventeen/Robotics-and-its-application/install/obstacles_msgs/share/ament_index/resource_index/packages/obstacles_msgs
-- Up-to-date: /home/seventeen/Robotics-and-its-application/install/obstacles_msgs/share/obstacles_msgs/cmake/export_obstacles_msgs__rosidl_generator_cExport.cmake
-- Up-to-date: /home/seventeen/Robotics-and-its-application/install/obstacles_msgs/share/obstacles_msgs/cmake/export_obstacles_msgs__rosidl_generator_cExport-noconfig.cmake
-- Up-to-date: /home/seventeen/Robotics-and-its-application/install/obstacles_msgs/share/obstacles_msgs/cmake/export_obstacles_msgs__rosidl_typesupport_fastrtps_cExport.cmake
-- Up-to-date: /home/seventeen/Robotics-and-its-application/install/obstacles_msgs/share/obstacles_msgs/cmake/export_obstacles_msgs__rosidl_typesupport_fastrtps_cExport-noconfig.cmake
-- Up-to-date: /home/seventeen/Robotics-and-its-application/install/obstacles_msgs/share/obstacles_msgs/cmake/export_obstacles_msgs__rosidl_generator_cppExport.cmake
-- Up-to-date: /home/seventeen/Robotics-and-its-application/install/obstacles_msgs/share/obstacles_msgs/cmake/export_obstacles_msgs__rosidl_typesupport_fastrtps_cppExport.cmake
-- Up-to-date: /home/seventeen/Robotics-and-its-application/install/obstacles_msgs/share/obstacles_msgs/cmake/export_obstacles_msgs__rosidl_typesupport_fastrtps_cppExport-noconfig.cmake
-- Up-to-date: /home/seventeen/Robotics-and-its-application/install/obstacles_msgs/share/obstacles_msgs/cmake/obstacles_msgs__rosidl_typesupport_introspection_cExport.cmake
-- Up-to-date: /home/seventeen/Robotics-and-its-application/install/obstacles_msgs/share/obstacles_msgs/cmake/obstacles_msgs__rosidl_typesupport_introspection_cExport-noconfig.cmake
-- Up-to-date: /home/seventeen/Robotics-and-its-application/install/obstacles_msgs/share/obstacles_msgs/cmake/obstacles_msgs__rosidl_typesupport_cExport.cmake
-- Up-to-date: /home/seventeen/Robotics-and-its-application/install/obstacles_msgs/share/obstacles_msgs/cmake/obstacles_msgs__rosidl_typesupport_cExport-noconfig.cmake
-- Up-to-date: /home/seventeen/Robotics-and-its-application/install/obstacles_msgs/share/obstacles_msgs/cmake/obstacles_msgs__rosidl_typesupport_introspection_cppExport.cmake
-- Up-to-date: /home/seventeen/Robotics-and-its-application/install/obstacles_msgs/share/obstacles_msgs/cmake/obstacles_msgs__rosidl_typesupport_introspection_cppExport-noconfig.cmake
-- Up-to-date: /home/seventeen/Robotics-and-its-application/install/obstacles_msgs/share/obstacles_msgs/cmake/obstacles_msgs__rosidl_typesupport_cppExport.cmake
-- Up-to-date: /home/seventeen/Robotics-and-its-application/install/obstacles_msgs/share/obstacles_msgs/cmake/obstacles_msgs__rosidl_typesupport_cppExport-noconfig.cmake
-- Up-to-date: /home/seventeen/Robotics-and-its-application/install/obstacles_msgs/share/obstacles_msgs/cmake/export_obstacles_msgs__rosidl_generator_pyExport.cmake
-- Up-to-date: /home/seventeen/Robotics-and-its-application/install/obstacles_msgs/share/obstacles_msgs/cmake/export_obstacles_msgs__rosidl_generator_pyExport-noconfig.cmake
-- Up-to-date: /home/seventeen/Robotics-and-its-application/install/obstacles_msgs/share/obstacles_msgs/cmake/rosidl_cmake-extras.cmake
-- Up-to-date: /home/seventeen/Robotics-and-its-application/install/obstacles_msgs/share/obstacles_msgs/cmake/ament_cmake_export_dependencies-extras.cmake
-- Up-to-date: /home/seventeen/Robotics-and-its-application/install/obstacles_msgs/share/obstacles_msgs/cmake/ament_cmake_export_include_directories-extras.cmake
-- Up-to-date: /home/seventeen/Robotics-and-its-application/install/obstacles_msgs/share/obstacles_msgs/cmake/ament_cmake_export_libraries-extras.cmake
-- Up-to-date: /home/seventeen/Robotics-and-its-application/install/obstacles_msgs/share/obstacles_msgs/cmake/ament_cmake_export_targets-extras.cmake
-- Up-to-date: /home/seventeen/Robotics-and-its-application/install/obstacles_msgs/share/obstacles_msgs/cmake/rosidl_cmake_export_typesupport_targets-extras.cmake
-- Up-to-date: /home/seventeen/Robotics-and-its-application/install/obstacles_msgs/share/obstacles_msgs/cmake/rosidl_cmake_export_typesupport_libraries-extras.cmake
-- Up-to-date: /home/seventeen/Robotics-and-its-application/install/obstacles_msgs/share/obstacles_msgs/cmake/obstacles_msgsConfig.cmake
-- Up-to-date: /home/seventeen/Robotics-and-its-application/install/obstacles_msgs/share/obstacles_msgs/cmake/obstacles_msgsConfig-version.cmake
-- Installing: /home/seventeen/Robotics-and-its-application/install/obstacles_msgs/share/obstacles_msgs/package.xml
