[0.060s] Invoking command in '/home/seventeen/Robotics-and-its-application/build/obstacles_msgs': CMAKE_PREFIX_PATH=/opt/ros/humble /home/seventeen/.local/bin/cmake --build /home/seventeen/Robotics-and-its-application/build/obstacles_msgs -- -j8 -l8
[0.282s] [  2%] Built target obstacles_msgs__cpp
[0.296s] [ 12%] Built target obstacles_msgs__rosidl_generator_c
[0.309s] [ 12%] Built target ament_cmake_python_copy_obstacles_msgs
[0.357s] [ 23%] Built target obstacles_msgs__rosidl_typesupport_cpp
[0.358s] [ 43%] Built target obstacles_msgs__rosidl_typesupport_introspection_c
[0.358s] [ 56%] Built target obstacles_msgs__rosidl_typesupport_fastrtps_cpp
[0.359s] [ 61%] Built target obstacles_msgs__rosidl_typesupport_fastrtps_c
[0.360s] [ 64%] Built target obstacles_msgs__rosidl_typesupport_introspection_cpp
[0.362s] [ 74%] Built target obstacles_msgs__rosidl_typesupport_c
[0.388s] [ 74%] Built target obstacles_msgs
[0.416s] [ 76%] Built target obstacles_msgs__py
[0.466s] [ 84%] Built target obstacles_msgs__rosidl_generator_py
[0.524s] [ 89%] Built target obstacles_msgs__rosidl_typesupport_fastrtps_c__pyext
[0.529s] [ 94%] Built target obstacles_msgs__rosidl_typesupport_c__pyext
[0.540s] [100%] Built target obstacles_msgs__rosidl_typesupport_introspection_c__pyext
[1.028s] running egg_info
[1.031s] writing obstacles_msgs.egg-info/PKG-INFO
[1.036s] writing dependency_links to obstacles_msgs.egg-info/dependency_links.txt
[1.036s] writing top-level names to obstacles_msgs.egg-info/top_level.txt
[1.040s] reading manifest file 'obstacles_msgs.egg-info/SOURCES.txt'
[1.041s] writing manifest file 'obstacles_msgs.egg-info/SOURCES.txt'
[1.105s] [100%] Built target ament_cmake_python_build_obstacles_msgs_egg
[1.121s] Invoked command in '/home/seventeen/Robotics-and-its-application/build/obstacles_msgs' returned '0': CMAKE_PREFIX_PATH=/opt/ros/humble /home/seventeen/.local/bin/cmake --build /home/seventeen/Robotics-and-its-application/build/obstacles_msgs -- -j8 -l8
[1.462s] Invoking command in '/home/seventeen/Robotics-and-its-application/build/obstacles_msgs': CMAKE_PREFIX_PATH=/opt/ros/humble /home/seventeen/.local/bin/cmake --install /home/seventeen/Robotics-and-its-application/build/obstacles_msgs
[1.598s] -- Install configuration: ""
[1.599s] -- Installing: /home/seventeen/Robotics-and-its-application/install/obstacles_msgs/share/ament_index/resource_index/rosidl_interfaces/obstacles_msgs
[1.600s] -- Installing: /home/seventeen/Robotics-and-its-application/install/obstacles_msgs/include/obstacles_msgs/obstacles_msgs
[1.600s] -- Installing: /home/seventeen/Robotics-and-its-application/install/obstacles_msgs/include/obstacles_msgs/obstacles_msgs/msg
[1.600s] -- Installing: /home/seventeen/Robotics-and-its-application/install/obstacles_msgs/include/obstacles_msgs/obstacles_msgs/msg/rosidl_generator_c__visibility_control.h
[1.600s] -- Installing: /home/seventeen/Robotics-and-its-application/install/obstacles_msgs/include/obstacles_msgs/obstacles_msgs/msg/obstacle_msg.h
[1.600s] -- Installing: /home/seventeen/Robotics-and-its-application/install/obstacles_msgs/include/obstacles_msgs/obstacles_msgs/msg/detail
[1.601s] -- Installing: /home/seventeen/Robotics-and-its-application/install/obstacles_msgs/include/obstacles_msgs/obstacles_msgs/msg/detail/obstacle_msg__struct.h
[1.601s] -- Installing: /home/seventeen/Robotics-and-its-application/install/obstacles_msgs/include/obstacles_msgs/obstacles_msgs/msg/detail/obstacle_array_msg__struct.h
[1.601s] -- Installing: /home/seventeen/Robotics-and-its-application/install/obstacles_msgs/include/obstacles_msgs/obstacles_msgs/msg/detail/obstacle_array_msg__functions.h
[1.601s] -- Installing: /home/seventeen/Robotics-and-its-application/install/obstacles_msgs/include/obstacles_msgs/obstacles_msgs/msg/detail/obstacle_msg__functions.h
[1.602s] -- Installing: /home/seventeen/Robotics-and-its-application/install/obstacles_msgs/include/obstacles_msgs/obstacles_msgs/msg/detail/obstacle_array_msg__type_support.h
[1.602s] -- Installing: /home/seventeen/Robotics-and-its-application/install/obstacles_msgs/include/obstacles_msgs/obstacles_msgs/msg/detail/obstacle_msg__functions.c
[1.602s] -- Installing: /home/seventeen/Robotics-and-its-application/install/obstacles_msgs/include/obstacles_msgs/obstacles_msgs/msg/detail/obstacle_msg__type_support.h
[1.602s] -- Installing: /home/seventeen/Robotics-and-its-application/install/obstacles_msgs/include/obstacles_msgs/obstacles_msgs/msg/detail/obstacle_array_msg__functions.c
[1.602s] -- Installing: /home/seventeen/Robotics-and-its-application/install/obstacles_msgs/include/obstacles_msgs/obstacles_msgs/msg/obstacle_array_msg.h
[1.603s] -- Installing: /home/seventeen/Robotics-and-its-application/install/obstacles_msgs/share/obstacles_msgs/environment/library_path.sh
[1.603s] -- Installing: /home/seventeen/Robotics-and-its-application/install/obstacles_msgs/share/obstacles_msgs/environment/library_path.dsv
[1.603s] -- Installing: /home/seventeen/Robotics-and-its-application/install/obstacles_msgs/lib/libobstacles_msgs__rosidl_generator_c.so
[1.604s] -- Set non-toolchain portion of runtime path of "/home/seventeen/Robotics-and-its-application/install/obstacles_msgs/lib/libobstacles_msgs__rosidl_generator_c.so" to ""
[1.604s] -- Up-to-date: /home/seventeen/Robotics-and-its-application/install/obstacles_msgs/include/obstacles_msgs/obstacles_msgs
[1.605s] -- Up-to-date: /home/seventeen/Robotics-and-its-application/install/obstacles_msgs/include/obstacles_msgs/obstacles_msgs/msg
[1.605s] -- Up-to-date: /home/seventeen/Robotics-and-its-application/install/obstacles_msgs/include/obstacles_msgs/obstacles_msgs/msg/detail
[1.605s] -- Installing: /home/seventeen/Robotics-and-its-application/install/obstacles_msgs/include/obstacles_msgs/obstacles_msgs/msg/detail/obstacle_array_msg__rosidl_typesupport_fastrtps_c.h
[1.605s] -- Installing: /home/seventeen/Robotics-and-its-application/install/obstacles_msgs/include/obstacles_msgs/obstacles_msgs/msg/detail/obstacle_msg__rosidl_typesupport_fastrtps_c.h
[1.605s] -- Installing: /home/seventeen/Robotics-and-its-application/install/obstacles_msgs/include/obstacles_msgs/obstacles_msgs/msg/rosidl_typesupport_fastrtps_c__visibility_control.h
[1.606s] -- Installing: /home/seventeen/Robotics-and-its-application/install/obstacles_msgs/lib/libobstacles_msgs__rosidl_typesupport_fastrtps_c.so
[1.606s] -- Set non-toolchain portion of runtime path of "/home/seventeen/Robotics-and-its-application/install/obstacles_msgs/lib/libobstacles_msgs__rosidl_typesupport_fastrtps_c.so" to ""
[1.606s] -- Up-to-date: /home/seventeen/Robotics-and-its-application/install/obstacles_msgs/include/obstacles_msgs/obstacles_msgs
[1.607s] -- Up-to-date: /home/seventeen/Robotics-and-its-application/install/obstacles_msgs/include/obstacles_msgs/obstacles_msgs/msg
[1.607s] -- Installing: /home/seventeen/Robotics-and-its-application/install/obstacles_msgs/include/obstacles_msgs/obstacles_msgs/msg/obstacle_msg.hpp
[1.607s] -- Up-to-date: /home/seventeen/Robotics-and-its-application/install/obstacles_msgs/include/obstacles_msgs/obstacles_msgs/msg/detail
[1.607s] -- Installing: /home/seventeen/Robotics-and-its-application/install/obstacles_msgs/include/obstacles_msgs/obstacles_msgs/msg/detail/obstacle_msg__traits.hpp
[1.607s] -- Installing: /home/seventeen/Robotics-and-its-application/install/obstacles_msgs/include/obstacles_msgs/obstacles_msgs/msg/detail/obstacle_msg__struct.hpp
[1.608s] -- Installing: /home/seventeen/Robotics-and-its-application/install/obstacles_msgs/include/obstacles_msgs/obstacles_msgs/msg/detail/obstacle_array_msg__builder.hpp
[1.608s] -- Installing: /home/seventeen/Robotics-and-its-application/install/obstacles_msgs/include/obstacles_msgs/obstacles_msgs/msg/detail/obstacle_msg__builder.hpp
[1.608s] -- Installing: /home/seventeen/Robotics-and-its-application/install/obstacles_msgs/include/obstacles_msgs/obstacles_msgs/msg/detail/obstacle_array_msg__struct.hpp
[1.608s] -- Installing: /home/seventeen/Robotics-and-its-application/install/obstacles_msgs/include/obstacles_msgs/obstacles_msgs/msg/detail/obstacle_array_msg__traits.hpp
[1.608s] -- Installing: /home/seventeen/Robotics-and-its-application/install/obstacles_msgs/include/obstacles_msgs/obstacles_msgs/msg/obstacle_array_msg.hpp
[1.609s] -- Up-to-date: /home/seventeen/Robotics-and-its-application/install/obstacles_msgs/include/obstacles_msgs/obstacles_msgs
[1.609s] -- Up-to-date: /home/seventeen/Robotics-and-its-application/install/obstacles_msgs/include/obstacles_msgs/obstacles_msgs/msg
[1.610s] -- Installing: /home/seventeen/Robotics-and-its-application/install/obstacles_msgs/include/obstacles_msgs/obstacles_msgs/msg/rosidl_typesupport_fastrtps_cpp__visibility_control.h
[1.610s] -- Up-to-date: /home/seventeen/Robotics-and-its-application/install/obstacles_msgs/include/obstacles_msgs/obstacles_msgs/msg/detail
[1.611s] -- Installing: /home/seventeen/Robotics-and-its-application/install/obstacles_msgs/include/obstacles_msgs/obstacles_msgs/msg/detail/obstacle_array_msg__rosidl_typesupport_fastrtps_cpp.hpp
[1.612s] -- Installing: /home/seventeen/Robotics-and-its-application/install/obstacles_msgs/include/obstacles_msgs/obstacles_msgs/msg/detail/dds_fastrtps
[1.612s] -- Installing: /home/seventeen/Robotics-and-its-application/install/obstacles_msgs/include/obstacles_msgs/obstacles_msgs/msg/detail/obstacle_msg__rosidl_typesupport_fastrtps_cpp.hpp
[1.613s] -- Installing: /home/seventeen/Robotics-and-its-application/install/obstacles_msgs/lib/libobstacles_msgs__rosidl_typesupport_fastrtps_cpp.so
[1.613s] -- Set non-toolchain portion of runtime path of "/home/seventeen/Robotics-and-its-application/install/obstacles_msgs/lib/libobstacles_msgs__rosidl_typesupport_fastrtps_cpp.so" to ""
[1.614s] -- Up-to-date: /home/seventeen/Robotics-and-its-application/install/obstacles_msgs/include/obstacles_msgs/obstacles_msgs
[1.614s] -- Up-to-date: /home/seventeen/Robotics-and-its-application/install/obstacles_msgs/include/obstacles_msgs/obstacles_msgs/msg
[1.615s] -- Installing: /home/seventeen/Robotics-and-its-application/install/obstacles_msgs/include/obstacles_msgs/obstacles_msgs/msg/rosidl_typesupport_introspection_c__visibility_control.h
[1.615s] -- Up-to-date: /home/seventeen/Robotics-and-its-application/install/obstacles_msgs/include/obstacles_msgs/obstacles_msgs/msg/detail
[1.615s] -- Installing: /home/seventeen/Robotics-and-its-application/install/obstacles_msgs/include/obstacles_msgs/obstacles_msgs/msg/detail/obstacle_msg__rosidl_typesupport_introspection_c.h
[1.616s] -- Installing: /home/seventeen/Robotics-and-its-application/install/obstacles_msgs/include/obstacles_msgs/obstacles_msgs/msg/detail/obstacle_array_msg__type_support.c
[1.616s] -- Installing: /home/seventeen/Robotics-and-its-application/install/obstacles_msgs/include/obstacles_msgs/obstacles_msgs/msg/detail/obstacle_msg__type_support.c
[1.617s] -- Installing: /home/seventeen/Robotics-and-its-application/install/obstacles_msgs/include/obstacles_msgs/obstacles_msgs/msg/detail/obstacle_array_msg__rosidl_typesupport_introspection_c.h
[1.617s] -- Installing: /home/seventeen/Robotics-and-its-application/install/obstacles_msgs/lib/libobstacles_msgs__rosidl_typesupport_introspection_c.so
[1.618s] -- Set non-toolchain portion of runtime path of "/home/seventeen/Robotics-and-its-application/install/obstacles_msgs/lib/libobstacles_msgs__rosidl_typesupport_introspection_c.so" to ""
[1.618s] -- Installing: /home/seventeen/Robotics-and-its-application/install/obstacles_msgs/lib/libobstacles_msgs__rosidl_typesupport_c.so
[1.618s] -- Set non-toolchain portion of runtime path of "/home/seventeen/Robotics-and-its-application/install/obstacles_msgs/lib/libobstacles_msgs__rosidl_typesupport_c.so" to ""
[1.619s] -- Up-to-date: /home/seventeen/Robotics-and-its-application/install/obstacles_msgs/include/obstacles_msgs/obstacles_msgs
[1.619s] -- Up-to-date: /home/seventeen/Robotics-and-its-application/install/obstacles_msgs/include/obstacles_msgs/obstacles_msgs/msg
[1.619s] -- Up-to-date: /home/seventeen/Robotics-and-its-application/install/obstacles_msgs/include/obstacles_msgs/obstacles_msgs/msg/detail
[1.620s] -- Installing: /home/seventeen/Robotics-and-its-application/install/obstacles_msgs/include/obstacles_msgs/obstacles_msgs/msg/detail/obstacle_msg__type_support.cpp
[1.620s] -- Installing: /home/seventeen/Robotics-and-its-application/install/obstacles_msgs/include/obstacles_msgs/obstacles_msgs/msg/detail/obstacle_array_msg__rosidl_typesupport_introspection_cpp.hpp
[1.620s] -- Installing: /home/seventeen/Robotics-and-its-application/install/obstacles_msgs/include/obstacles_msgs/obstacles_msgs/msg/detail/obstacle_array_msg__type_support.cpp
[1.621s] -- Installing: /home/seventeen/Robotics-and-its-application/install/obstacles_msgs/include/obstacles_msgs/obstacles_msgs/msg/detail/obstacle_msg__rosidl_typesupport_introspection_cpp.hpp
[1.621s] -- Installing: /home/seventeen/Robotics-and-its-application/install/obstacles_msgs/lib/libobstacles_msgs__rosidl_typesupport_introspection_cpp.so
[1.621s] -- Set non-toolchain portion of runtime path of "/home/seventeen/Robotics-and-its-application/install/obstacles_msgs/lib/libobstacles_msgs__rosidl_typesupport_introspection_cpp.so" to ""
[1.622s] -- Installing: /home/seventeen/Robotics-and-its-application/install/obstacles_msgs/lib/libobstacles_msgs__rosidl_typesupport_cpp.so
[1.622s] -- Set non-toolchain portion of runtime path of "/home/seventeen/Robotics-and-its-application/install/obstacles_msgs/lib/libobstacles_msgs__rosidl_typesupport_cpp.so" to ""
[1.623s] -- Installing: /home/seventeen/Robotics-and-its-application/install/obstacles_msgs/share/obstacles_msgs/environment/pythonpath.sh
[1.623s] -- Installing: /home/seventeen/Robotics-and-its-application/install/obstacles_msgs/share/obstacles_msgs/environment/pythonpath.dsv
[1.624s] -- Installing: /home/seventeen/Robotics-and-its-application/install/obstacles_msgs/local/lib/python3.10/dist-packages/obstacles_msgs-0.1.2-py3.10.egg-info
[1.624s] -- Installing: /home/seventeen/Robotics-and-its-application/install/obstacles_msgs/local/lib/python3.10/dist-packages/obstacles_msgs-0.1.2-py3.10.egg-info/dependency_links.txt
[1.624s] -- Installing: /home/seventeen/Robotics-and-its-application/install/obstacles_msgs/local/lib/python3.10/dist-packages/obstacles_msgs-0.1.2-py3.10.egg-info/PKG-INFO
[1.625s] -- Installing: /home/seventeen/Robotics-and-its-application/install/obstacles_msgs/local/lib/python3.10/dist-packages/obstacles_msgs-0.1.2-py3.10.egg-info/top_level.txt
[1.625s] -- Installing: /home/seventeen/Robotics-and-its-application/install/obstacles_msgs/local/lib/python3.10/dist-packages/obstacles_msgs-0.1.2-py3.10.egg-info/SOURCES.txt
[1.625s] -- Installing: /home/seventeen/Robotics-and-its-application/install/obstacles_msgs/local/lib/python3.10/dist-packages/obstacles_msgs
[1.626s] -- Installing: /home/seventeen/Robotics-and-its-application/install/obstacles_msgs/local/lib/python3.10/dist-packages/obstacles_msgs/libobstacles_msgs__rosidl_generator_py.so
[1.626s] -- Installing: /home/seventeen/Robotics-and-its-application/install/obstacles_msgs/local/lib/python3.10/dist-packages/obstacles_msgs/obstacles_msgs_s__rosidl_typesupport_introspection_c.cpython-310-x86_64-linux-gnu.so
[1.626s] -- Installing: /home/seventeen/Robotics-and-its-application/install/obstacles_msgs/local/lib/python3.10/dist-packages/obstacles_msgs/msg
[1.627s] -- Installing: /home/seventeen/Robotics-and-its-application/install/obstacles_msgs/local/lib/python3.10/dist-packages/obstacles_msgs/msg/_obstacle_msg.py
[1.627s] -- Installing: /home/seventeen/Robotics-and-its-application/install/obstacles_msgs/local/lib/python3.10/dist-packages/obstacles_msgs/msg/_obstacle_array_msg.py
[1.627s] -- Installing: /home/seventeen/Robotics-and-its-application/install/obstacles_msgs/local/lib/python3.10/dist-packages/obstacles_msgs/msg/_obstacle_array_msg_s.c
[1.628s] -- Installing: /home/seventeen/Robotics-and-its-application/install/obstacles_msgs/local/lib/python3.10/dist-packages/obstacles_msgs/msg/__init__.py
[1.628s] -- Installing: /home/seventeen/Robotics-and-its-application/install/obstacles_msgs/local/lib/python3.10/dist-packages/obstacles_msgs/msg/_obstacle_msg_s.c
[1.628s] -- Installing: /home/seventeen/Robotics-and-its-application/install/obstacles_msgs/local/lib/python3.10/dist-packages/obstacles_msgs/obstacles_msgs_s__rosidl_typesupport_fastrtps_c.cpython-310-x86_64-linux-gnu.so
[1.628s] -- Installing: /home/seventeen/Robotics-and-its-application/install/obstacles_msgs/local/lib/python3.10/dist-packages/obstacles_msgs/__init__.py
[1.629s] -- Installing: /home/seventeen/Robotics-and-its-application/install/obstacles_msgs/local/lib/python3.10/dist-packages/obstacles_msgs/obstacles_msgs_s__rosidl_typesupport_c.cpython-310-x86_64-linux-gnu.so
[1.629s] -- Installing: /home/seventeen/Robotics-and-its-application/install/obstacles_msgs/local/lib/python3.10/dist-packages/obstacles_msgs/_obstacles_msgs_s.ep.rosidl_typesupport_fastrtps_c.c
[1.629s] -- Installing: /home/seventeen/Robotics-and-its-application/install/obstacles_msgs/local/lib/python3.10/dist-packages/obstacles_msgs/_obstacles_msgs_s.ep.rosidl_typesupport_c.c
[1.629s] -- Installing: /home/seventeen/Robotics-and-its-application/install/obstacles_msgs/local/lib/python3.10/dist-packages/obstacles_msgs/_obstacles_msgs_s.ep.rosidl_typesupport_introspection_c.c
[1.696s] Listing '/home/seventeen/Robotics-and-its-application/install/obstacles_msgs/local/lib/python3.10/dist-packages/obstacles_msgs'...
[1.696s] Compiling '/home/seventeen/Robotics-and-its-application/install/obstacles_msgs/local/lib/python3.10/dist-packages/obstacles_msgs/__init__.py'...
[1.697s] Listing '/home/seventeen/Robotics-and-its-application/install/obstacles_msgs/local/lib/python3.10/dist-packages/obstacles_msgs/msg'...
[1.697s] Compiling '/home/seventeen/Robotics-and-its-application/install/obstacles_msgs/local/lib/python3.10/dist-packages/obstacles_msgs/msg/__init__.py'...
[1.697s] Compiling '/home/seventeen/Robotics-and-its-application/install/obstacles_msgs/local/lib/python3.10/dist-packages/obstacles_msgs/msg/_obstacle_array_msg.py'...
[1.697s] Compiling '/home/seventeen/Robotics-and-its-application/install/obstacles_msgs/local/lib/python3.10/dist-packages/obstacles_msgs/msg/_obstacle_msg.py'...
[1.705s] -- Installing: /home/seventeen/Robotics-and-its-application/install/obstacles_msgs/local/lib/python3.10/dist-packages/obstacles_msgs/obstacles_msgs_s__rosidl_typesupport_fastrtps_c.cpython-310-x86_64-linux-gnu.so
[1.709s] -- Set non-toolchain portion of runtime path of "/home/seventeen/Robotics-and-its-application/install/obstacles_msgs/local/lib/python3.10/dist-packages/obstacles_msgs/obstacles_msgs_s__rosidl_typesupport_fastrtps_c.cpython-310-x86_64-linux-gnu.so" to ""
[1.709s] -- Installing: /home/seventeen/Robotics-and-its-application/install/obstacles_msgs/local/lib/python3.10/dist-packages/obstacles_msgs/obstacles_msgs_s__rosidl_typesupport_introspection_c.cpython-310-x86_64-linux-gnu.so
[1.710s] -- Set non-toolchain portion of runtime path of "/home/seventeen/Robotics-and-its-application/install/obstacles_msgs/local/lib/python3.10/dist-packages/obstacles_msgs/obstacles_msgs_s__rosidl_typesupport_introspection_c.cpython-310-x86_64-linux-gnu.so" to ""
[1.710s] -- Installing: /home/seventeen/Robotics-and-its-application/install/obstacles_msgs/local/lib/python3.10/dist-packages/obstacles_msgs/obstacles_msgs_s__rosidl_typesupport_c.cpython-310-x86_64-linux-gnu.so
[1.710s] -- Set non-toolchain portion of runtime path of "/home/seventeen/Robotics-and-its-application/install/obstacles_msgs/local/lib/python3.10/dist-packages/obstacles_msgs/obstacles_msgs_s__rosidl_typesupport_c.cpython-310-x86_64-linux-gnu.so" to ""
[1.710s] -- Installing: /home/seventeen/Robotics-and-its-application/install/obstacles_msgs/lib/libobstacles_msgs__rosidl_generator_py.so
[1.710s] -- Set non-toolchain portion of runtime path of "/home/seventeen/Robotics-and-its-application/install/obstacles_msgs/lib/libobstacles_msgs__rosidl_generator_py.so" to ""
[1.711s] -- Installing: /home/seventeen/Robotics-and-its-application/install/obstacles_msgs/share/obstacles_msgs/msg/ObstacleMsg.idl
[1.711s] -- Installing: /home/seventeen/Robotics-and-its-application/install/obstacles_msgs/share/obstacles_msgs/msg/ObstacleArrayMsg.idl
[1.711s] -- Installing: /home/seventeen/Robotics-and-its-application/install/obstacles_msgs/share/obstacles_msgs/msg/ObstacleMsg.msg
[1.712s] -- Installing: /home/seventeen/Robotics-and-its-application/install/obstacles_msgs/share/obstacles_msgs/msg/ObstacleArrayMsg.msg
[1.712s] -- Installing: /home/seventeen/Robotics-and-its-application/install/obstacles_msgs/share/ament_index/resource_index/package_run_dependencies/obstacles_msgs
[1.713s] -- Installing: /home/seventeen/Robotics-and-its-application/install/obstacles_msgs/share/ament_index/resource_index/parent_prefix_path/obstacles_msgs
[1.713s] -- Installing: /home/seventeen/Robotics-and-its-application/install/obstacles_msgs/share/obstacles_msgs/environment/ament_prefix_path.sh
[1.714s] -- Installing: /home/seventeen/Robotics-and-its-application/install/obstacles_msgs/share/obstacles_msgs/environment/ament_prefix_path.dsv
[1.714s] -- Installing: /home/seventeen/Robotics-and-its-application/install/obstacles_msgs/share/obstacles_msgs/environment/path.sh
[1.714s] -- Installing: /home/seventeen/Robotics-and-its-application/install/obstacles_msgs/share/obstacles_msgs/environment/path.dsv
[1.715s] -- Installing: /home/seventeen/Robotics-and-its-application/install/obstacles_msgs/share/obstacles_msgs/local_setup.bash
[1.715s] -- Installing: /home/seventeen/Robotics-and-its-application/install/obstacles_msgs/share/obstacles_msgs/local_setup.sh
[1.715s] -- Installing: /home/seventeen/Robotics-and-its-application/install/obstacles_msgs/share/obstacles_msgs/local_setup.zsh
[1.716s] -- Installing: /home/seventeen/Robotics-and-its-application/install/obstacles_msgs/share/obstacles_msgs/local_setup.dsv
[1.716s] -- Installing: /home/seventeen/Robotics-and-its-application/install/obstacles_msgs/share/obstacles_msgs/package.dsv
[1.717s] -- Installing: /home/seventeen/Robotics-and-its-application/install/obstacles_msgs/share/ament_index/resource_index/packages/obstacles_msgs
[1.717s] -- Installing: /home/seventeen/Robotics-and-its-application/install/obstacles_msgs/share/obstacles_msgs/cmake/export_obstacles_msgs__rosidl_generator_cExport.cmake
[1.718s] -- Installing: /home/seventeen/Robotics-and-its-application/install/obstacles_msgs/share/obstacles_msgs/cmake/export_obstacles_msgs__rosidl_generator_cExport-noconfig.cmake
[1.718s] -- Installing: /home/seventeen/Robotics-and-its-application/install/obstacles_msgs/share/obstacles_msgs/cmake/export_obstacles_msgs__rosidl_typesupport_fastrtps_cExport.cmake
[1.718s] -- Installing: /home/seventeen/Robotics-and-its-application/install/obstacles_msgs/share/obstacles_msgs/cmake/export_obstacles_msgs__rosidl_typesupport_fastrtps_cExport-noconfig.cmake
[1.719s] -- Installing: /home/seventeen/Robotics-and-its-application/install/obstacles_msgs/share/obstacles_msgs/cmake/export_obstacles_msgs__rosidl_generator_cppExport.cmake
[1.719s] -- Installing: /home/seventeen/Robotics-and-its-application/install/obstacles_msgs/share/obstacles_msgs/cmake/export_obstacles_msgs__rosidl_typesupport_fastrtps_cppExport.cmake
[1.719s] -- Installing: /home/seventeen/Robotics-and-its-application/install/obstacles_msgs/share/obstacles_msgs/cmake/export_obstacles_msgs__rosidl_typesupport_fastrtps_cppExport-noconfig.cmake
[1.720s] -- Installing: /home/seventeen/Robotics-and-its-application/install/obstacles_msgs/share/obstacles_msgs/cmake/obstacles_msgs__rosidl_typesupport_introspection_cExport.cmake
[1.720s] -- Installing: /home/seventeen/Robotics-and-its-application/install/obstacles_msgs/share/obstacles_msgs/cmake/obstacles_msgs__rosidl_typesupport_introspection_cExport-noconfig.cmake
[1.721s] -- Installing: /home/seventeen/Robotics-and-its-application/install/obstacles_msgs/share/obstacles_msgs/cmake/obstacles_msgs__rosidl_typesupport_cExport.cmake
[1.722s] -- Installing: /home/seventeen/Robotics-and-its-application/install/obstacles_msgs/share/obstacles_msgs/cmake/obstacles_msgs__rosidl_typesupport_cExport-noconfig.cmake
[1.722s] -- Installing: /home/seventeen/Robotics-and-its-application/install/obstacles_msgs/share/obstacles_msgs/cmake/obstacles_msgs__rosidl_typesupport_introspection_cppExport.cmake
[1.723s] -- Installing: /home/seventeen/Robotics-and-its-application/install/obstacles_msgs/share/obstacles_msgs/cmake/obstacles_msgs__rosidl_typesupport_introspection_cppExport-noconfig.cmake
[1.723s] -- Installing: /home/seventeen/Robotics-and-its-application/install/obstacles_msgs/share/obstacles_msgs/cmake/obstacles_msgs__rosidl_typesupport_cppExport.cmake
[1.723s] -- Installing: /home/seventeen/Robotics-and-its-application/install/obstacles_msgs/share/obstacles_msgs/cmake/obstacles_msgs__rosidl_typesupport_cppExport-noconfig.cmake
[1.723s] -- Installing: /home/seventeen/Robotics-and-its-application/install/obstacles_msgs/share/obstacles_msgs/cmake/export_obstacles_msgs__rosidl_generator_pyExport.cmake
[1.724s] -- Installing: /home/seventeen/Robotics-and-its-application/install/obstacles_msgs/share/obstacles_msgs/cmake/export_obstacles_msgs__rosidl_generator_pyExport-noconfig.cmake
[1.724s] -- Installing: /home/seventeen/Robotics-and-its-application/install/obstacles_msgs/share/obstacles_msgs/cmake/rosidl_cmake-extras.cmake
[1.726s] -- Installing: /home/seventeen/Robotics-and-its-application/install/obstacles_msgs/share/obstacles_msgs/cmake/ament_cmake_export_dependencies-extras.cmake
[1.726s] -- Installing: /home/seventeen/Robotics-and-its-application/install/obstacles_msgs/share/obstacles_msgs/cmake/ament_cmake_export_include_directories-extras.cmake
[1.726s] -- Installing: /home/seventeen/Robotics-and-its-application/install/obstacles_msgs/share/obstacles_msgs/cmake/ament_cmake_export_libraries-extras.cmake
[1.726s] -- Installing: /home/seventeen/Robotics-and-its-application/install/obstacles_msgs/share/obstacles_msgs/cmake/ament_cmake_export_targets-extras.cmake
[1.727s] -- Installing: /home/seventeen/Robotics-and-its-application/install/obstacles_msgs/share/obstacles_msgs/cmake/rosidl_cmake_export_typesupport_targets-extras.cmake
[1.729s] -- Installing: /home/seventeen/Robotics-and-its-application/install/obstacles_msgs/share/obstacles_msgs/cmake/rosidl_cmake_export_typesupport_libraries-extras.cmake
[1.729s] -- Installing: /home/seventeen/Robotics-and-its-application/install/obstacles_msgs/share/obstacles_msgs/cmake/obstacles_msgsConfig.cmake
[1.729s] -- Installing: /home/seventeen/Robotics-and-its-application/install/obstacles_msgs/share/obstacles_msgs/cmake/obstacles_msgsConfig-version.cmake
[1.730s] -- Installing: /home/seventeen/Robotics-and-its-application/install/obstacles_msgs/share/obstacles_msgs/package.xml
[1.732s] Invoked command in '/home/seventeen/Robotics-and-its-application/build/obstacles_msgs' returned '0': CMAKE_PREFIX_PATH=/opt/ros/humble /home/seventeen/.local/bin/cmake --install /home/seventeen/Robotics-and-its-application/build/obstacles_msgs
