[0mCMake Deprecation Warning at CMakeLists.txt:1 (cmake_minimum_required):
  Compatibility with CMake < 3.10 will be removed from a future version of
  CMake.

  Update the VERSION argument <min> value or use a ...<max> suffix to tell
  CMake that the project does not need compatibility with older versions.

[0m
-- The C compiler identification is GNU 11.4.0
-- The CXX compiler identification is GNU 11.4.0
-- Detecting C compiler ABI info
-- Detecting C compiler ABI info - done
-- Check for working C compiler: /usr/bin/cc - skipped
-- Detecting C compile features
-- Detecting C compile features - done
-- Detecting CXX compiler ABI info
-- Detecting CXX compiler ABI info - done
-- Check for working CXX compiler: /usr/bin/c++ - skipped
-- Detecting CXX compile features
-- Detecting CXX compile features - done
-- Found ament_cmake: 1.3.10 (/opt/ros/humble/share/ament_cmake/cmake)
-- Found Python3: /usr/bin/python3 (found version "3.10.12") found components: Interpreter
-- Configuring done (1.2s)
-- Generating done (0.0s)
-- Build files have been written to: /home/seventeen/Robotics-and-its-application/build/projects
-- Install configuration: ""
-- Installing: /home/seventeen/Robotics-and-its-application/install/projects/share/projects/launch
-- Installing: /home/seventeen/Robotics-and-its-application/install/projects/share/projects/launch/victims.launch.py
-- Installing: /home/seventeen/Robotics-and-its-application/install/projects/share/projects/launch/evader.launch.py
-- Installing: /home/seventeen/Robotics-and-its-application/install/projects/share/projects/launch/evacuation.launch.py
-- Installing: /home/seventeen/Robotics-and-its-application/install/projects/share/ament_index/resource_index/package_run_dependencies/projects
-- Installing: /home/seventeen/Robotics-and-its-application/install/projects/share/ament_index/resource_index/parent_prefix_path/projects
-- Installing: /home/seventeen/Robotics-and-its-application/install/projects/share/projects/environment/ament_prefix_path.sh
-- Installing: /home/seventeen/Robotics-and-its-application/install/projects/share/projects/environment/ament_prefix_path.dsv
-- Installing: /home/seventeen/Robotics-and-its-application/install/projects/share/projects/environment/path.sh
-- Installing: /home/seventeen/Robotics-and-its-application/install/projects/share/projects/environment/path.dsv
-- Installing: /home/seventeen/Robotics-and-its-application/install/projects/share/projects/local_setup.bash
-- Installing: /home/seventeen/Robotics-and-its-application/install/projects/share/projects/local_setup.sh
-- Installing: /home/seventeen/Robotics-and-its-application/install/projects/share/projects/local_setup.zsh
-- Installing: /home/seventeen/Robotics-and-its-application/install/projects/share/projects/local_setup.dsv
-- Installing: /home/seventeen/Robotics-and-its-application/install/projects/share/projects/package.dsv
-- Installing: /home/seventeen/Robotics-and-its-application/install/projects/share/ament_index/resource_index/packages/projects
-- Installing: /home/seventeen/Robotics-and-its-application/install/projects/share/projects/cmake/projectsConfig.cmake
-- Installing: /home/seventeen/Robotics-and-its-application/install/projects/share/projects/cmake/projectsConfig-version.cmake
-- Installing: /home/seventeen/Robotics-and-its-application/install/projects/share/projects/package.xml
