[0.014s] Invoking command in '/home/sincerejuliya/Documents/ros_ws/src/graph_for_task_planner_msg/build/graph_for_task_planner_msg': CMAKE_PREFIX_PATH=${CMAKE_PREFIX_PATH}:/opt/ros/humble /usr/bin/cmake /home/sincerejuliya/Documents/ros_ws/src/graph_for_task_planner_msg -DCMAKE_INSTALL_PREFIX=/home/sincerejuliya/Documents/ros_ws/src/graph_for_task_planner_msg/install/graph_for_task_planner_msg
[0.068s] -- The C compiler identification is GNU 11.4.0
[0.122s] -- The CXX compiler identification is GNU 11.4.0
[0.129s] -- Detecting C compiler ABI info
[0.210s] -- Detecting C compiler ABI info - done
[0.216s] -- Check for working C compiler: /usr/bin/cc - skipped
[0.216s] -- Detecting C compile features
[0.216s] -- Detecting C compile features - done
[0.219s] -- Detecting CXX compiler ABI info
[0.301s] -- Detecting CXX compiler ABI info - done
[0.307s] -- Check for working CXX compiler: /usr/bin/c++ - skipped
[0.307s] -- Detecting CXX compile features
[0.307s] -- Detecting CXX compile features - done
[0.312s] -- Found ament_cmake: 1.3.10 (/opt/ros/humble/share/ament_cmake/cmake)
[0.471s] -- Found Python3: /usr/bin/python3 (found version "3.10.12") found components: Interpreter 
[0.585s] -- Found rosidl_default_generators: 1.2.0 (/opt/ros/humble/share/rosidl_default_generators/cmake)
[0.592s] -- Using all available rosidl_typesupport_c: rosidl_typesupport_fastrtps_c;rosidl_typesupport_introspection_c
[0.604s] -- Found rosidl_adapter: 3.1.5 (/opt/ros/humble/share/rosidl_adapter/cmake)
[0.659s] -- Using all available rosidl_typesupport_cpp: rosidl_typesupport_fastrtps_cpp;rosidl_typesupport_introspection_cpp
[0.925s] -- Found ament_cmake_ros: 0.10.0 (/opt/ros/humble/share/ament_cmake_ros/cmake)
[1.112s] -- Using all available rosidl_typesupport_c: rosidl_typesupport_fastrtps_c;rosidl_typesupport_introspection_c
[1.347s] -- Using all available rosidl_typesupport_cpp: rosidl_typesupport_fastrtps_cpp;rosidl_typesupport_introspection_cpp
[1.374s] -- Found PythonInterp: /usr/bin/python3 (found suitable version "3.10.12", minimum required is "3.6") 
[1.378s] -- Found python_cmake_module: 0.10.0 (/opt/ros/humble/share/python_cmake_module/cmake)
[1.408s] -- Found PythonLibs: /usr/lib/x86_64-linux-gnu/libpython3.10.so (found suitable version "3.10.12", minimum required is "3.5") 
[1.408s] -- Using PYTHON_EXECUTABLE: /usr/bin/python3
[1.408s] -- Using PYTHON_INCLUDE_DIRS: /usr/include/python3.10
[1.408s] -- Using PYTHON_LIBRARIES: /usr/lib/x86_64-linux-gnu/libpython3.10.so
[1.430s] -- Found PythonExtra: .so  
[1.473s] -- Configuring done
[1.505s] -- Generating done
[1.508s] -- Build files have been written to: /home/sincerejuliya/Documents/ros_ws/src/graph_for_task_planner_msg/build/graph_for_task_planner_msg
[1.525s] Invoked command in '/home/sincerejuliya/Documents/ros_ws/src/graph_for_task_planner_msg/build/graph_for_task_planner_msg' returned '0': CMAKE_PREFIX_PATH=${CMAKE_PREFIX_PATH}:/opt/ros/humble /usr/bin/cmake /home/sincerejuliya/Documents/ros_ws/src/graph_for_task_planner_msg -DCMAKE_INSTALL_PREFIX=/home/sincerejuliya/Documents/ros_ws/src/graph_for_task_planner_msg/install/graph_for_task_planner_msg
[1.527s] Invoking command in '/home/sincerejuliya/Documents/ros_ws/src/graph_for_task_planner_msg/build/graph_for_task_planner_msg': CMAKE_PREFIX_PATH=${CMAKE_PREFIX_PATH}:/opt/ros/humble /usr/bin/cmake --build /home/sincerejuliya/Documents/ros_ws/src/graph_for_task_planner_msg/build/graph_for_task_planner_msg -- -j12 -l12
[1.576s] [  2%] [34m[1mGenerating C code for ROS interfaces[0m
[1.589s] [  4%] [34m[1mGenerating C++ code for ROS interfaces[0m
[1.601s] [  4%] Built target ament_cmake_python_copy_graph_for_task_planner_msg
[1.853s] running egg_info
[1.855s] creating graph_for_task_planner_msg.egg-info
[1.855s] writing graph_for_task_planner_msg.egg-info/PKG-INFO
[1.855s] writing dependency_links to graph_for_task_planner_msg.egg-info/dependency_links.txt
[1.855s] writing top-level names to graph_for_task_planner_msg.egg-info/top_level.txt
[1.855s] writing manifest file 'graph_for_task_planner_msg.egg-info/SOURCES.txt'
[1.857s] reading manifest file 'graph_for_task_planner_msg.egg-info/SOURCES.txt'
[1.857s] writing manifest file 'graph_for_task_planner_msg.egg-info/SOURCES.txt'
[1.891s] [  4%] Built target graph_for_task_planner_msg__cpp
[1.892s] [  8%] [32mBuilding C object CMakeFiles/graph_for_task_planner_msg__rosidl_generator_c.dir/rosidl_generator_c/graph_for_task_planner_msg/msg/detail/graph__functions.c.o[0m
[1.892s] [  8%] [32mBuilding C object CMakeFiles/graph_for_task_planner_msg__rosidl_generator_c.dir/rosidl_generator_c/graph_for_task_planner_msg/msg/detail/point__functions.c.o[0m
[1.892s] [ 10%] [32mBuilding C object CMakeFiles/graph_for_task_planner_msg__rosidl_generator_c.dir/rosidl_generator_c/graph_for_task_planner_msg/msg/detail/edge__functions.c.o[0m
[1.905s] [ 17%] [34m[1mGenerating C++ type support dispatch for ROS interfaces[0m
[1.906s] [ 17%] [34m[1mGenerating C++ introspection for ROS interfaces[0m
[1.906s] [ 17%] [34m[1mGenerating C++ type support for eProsima Fast-RTPS[0m
[1.925s] [ 17%] Built target ament_cmake_python_build_graph_for_task_planner_msg_egg
[1.945s] [ 19%] [32m[1mLinking C shared library libgraph_for_task_planner_msg__rosidl_generator_c.so[0m
[1.987s] [ 19%] Built target graph_for_task_planner_msg__rosidl_generator_c
[2.000s] [ 25%] [34m[1mGenerating C type support for eProsima Fast-RTPS[0m
[2.000s] [ 25%] [34m[1mGenerating C type support dispatch for ROS interfaces[0m
[2.001s] [ 25%] [34m[1mGenerating C introspection for ROS interfaces[0m
[2.167s] [ 29%] [32mBuilding CXX object CMakeFiles/graph_for_task_planner_msg__rosidl_typesupport_cpp.dir/rosidl_typesupport_cpp/graph_for_task_planner_msg/msg/edge__type_support.cpp.o[0m
[2.167s] [ 29%] [32mBuilding CXX object CMakeFiles/graph_for_task_planner_msg__rosidl_typesupport_cpp.dir/rosidl_typesupport_cpp/graph_for_task_planner_msg/msg/graph__type_support.cpp.o[0m
[2.170s] [ 31%] [32mBuilding CXX object CMakeFiles/graph_for_task_planner_msg__rosidl_typesupport_cpp.dir/rosidl_typesupport_cpp/graph_for_task_planner_msg/msg/point__type_support.cpp.o[0m
[2.191s] [ 34%] [32mBuilding CXX object CMakeFiles/graph_for_task_planner_msg__rosidl_typesupport_introspection_cpp.dir/rosidl_typesupport_introspection_cpp/graph_for_task_planner_msg/msg/detail/graph__type_support.cpp.o[0m
[2.195s] [ 36%] [32mBuilding CXX object CMakeFiles/graph_for_task_planner_msg__rosidl_typesupport_introspection_cpp.dir/rosidl_typesupport_introspection_cpp/graph_for_task_planner_msg/msg/detail/edge__type_support.cpp.o[0m
[2.196s] [ 38%] [32mBuilding CXX object CMakeFiles/graph_for_task_planner_msg__rosidl_typesupport_introspection_cpp.dir/rosidl_typesupport_introspection_cpp/graph_for_task_planner_msg/msg/detail/point__type_support.cpp.o[0m
[2.224s] [ 42%] [32mBuilding CXX object CMakeFiles/graph_for_task_planner_msg__rosidl_typesupport_fastrtps_cpp.dir/rosidl_typesupport_fastrtps_cpp/graph_for_task_planner_msg/msg/detail/dds_fastrtps/point__type_support.cpp.o[0m
[2.225s] [ 42%] [32mBuilding CXX object CMakeFiles/graph_for_task_planner_msg__rosidl_typesupport_fastrtps_cpp.dir/rosidl_typesupport_fastrtps_cpp/graph_for_task_planner_msg/msg/detail/dds_fastrtps/graph__type_support.cpp.o[0m
[2.226s] [ 44%] [32mBuilding CXX object CMakeFiles/graph_for_task_planner_msg__rosidl_typesupport_fastrtps_cpp.dir/rosidl_typesupport_fastrtps_cpp/graph_for_task_planner_msg/msg/detail/dds_fastrtps/edge__type_support.cpp.o[0m
[2.329s] [ 46%] [32mBuilding CXX object CMakeFiles/graph_for_task_planner_msg__rosidl_typesupport_c.dir/rosidl_typesupport_c/graph_for_task_planner_msg/msg/graph__type_support.cpp.o[0m
[2.371s] [ 48%] [32mBuilding CXX object CMakeFiles/graph_for_task_planner_msg__rosidl_typesupport_c.dir/rosidl_typesupport_c/graph_for_task_planner_msg/msg/point__type_support.cpp.o[0m
[2.413s] [ 51%] [32mBuilding C object CMakeFiles/graph_for_task_planner_msg__rosidl_typesupport_introspection_c.dir/rosidl_typesupport_introspection_c/graph_for_task_planner_msg/msg/detail/graph__type_support.c.o[0m
[2.414s] [ 53%] [32mBuilding CXX object CMakeFiles/graph_for_task_planner_msg__rosidl_typesupport_c.dir/rosidl_typesupport_c/graph_for_task_planner_msg/msg/edge__type_support.cpp.o[0m
[2.450s] [ 55%] [32mBuilding CXX object CMakeFiles/graph_for_task_planner_msg__rosidl_typesupport_fastrtps_c.dir/rosidl_typesupport_fastrtps_c/graph_for_task_planner_msg/msg/detail/graph__type_support_c.cpp.o[0m
[2.462s] [ 57%] [32m[1mLinking CXX shared library libgraph_for_task_planner_msg__rosidl_typesupport_c.so[0m
[2.469s] [ 59%] [32mBuilding C object CMakeFiles/graph_for_task_planner_msg__rosidl_typesupport_introspection_c.dir/rosidl_typesupport_introspection_c/graph_for_task_planner_msg/msg/detail/point__type_support.c.o[0m
[2.518s] [ 61%] [32mBuilding C object CMakeFiles/graph_for_task_planner_msg__rosidl_typesupport_introspection_c.dir/rosidl_typesupport_introspection_c/graph_for_task_planner_msg/msg/detail/edge__type_support.c.o[0m
[2.524s] [ 61%] Built target graph_for_task_planner_msg__rosidl_typesupport_c
[2.538s] [ 63%] [32mBuilding CXX object CMakeFiles/graph_for_task_planner_msg__rosidl_typesupport_fastrtps_c.dir/rosidl_typesupport_fastrtps_c/graph_for_task_planner_msg/msg/detail/point__type_support_c.cpp.o[0m
[2.542s] [ 65%] [32mBuilding CXX object CMakeFiles/graph_for_task_planner_msg__rosidl_typesupport_fastrtps_c.dir/rosidl_typesupport_fastrtps_c/graph_for_task_planner_msg/msg/detail/edge__type_support_c.cpp.o[0m
[2.562s] [ 68%] [32m[1mLinking CXX shared library libgraph_for_task_planner_msg__rosidl_typesupport_cpp.so[0m
[2.571s] [ 70%] [32m[1mLinking C shared library libgraph_for_task_planner_msg__rosidl_typesupport_introspection_c.so[0m
[2.620s] [ 70%] Built target graph_for_task_planner_msg__rosidl_typesupport_introspection_c
[2.639s] [ 70%] Built target graph_for_task_planner_msg__rosidl_typesupport_cpp
[2.756s] [ 72%] [32m[1mLinking CXX shared library libgraph_for_task_planner_msg__rosidl_typesupport_introspection_cpp.so[0m
[2.843s] [ 74%] [32m[1mLinking CXX shared library libgraph_for_task_planner_msg__rosidl_typesupport_fastrtps_cpp.so[0m
[2.858s] [ 74%] Built target graph_for_task_planner_msg__rosidl_typesupport_introspection_cpp
[2.908s] [ 74%] Built target graph_for_task_planner_msg__rosidl_typesupport_fastrtps_cpp
[2.911s] [ 76%] [32m[1mLinking CXX shared library libgraph_for_task_planner_msg__rosidl_typesupport_fastrtps_c.so[0m
[2.971s] [ 76%] Built target graph_for_task_planner_msg__rosidl_typesupport_fastrtps_c
[2.992s] [ 76%] Built target graph_for_task_planner_msg
[3.012s] [ 78%] [34m[1mGenerating Python code for ROS interfaces[0m
[3.335s] [ 78%] Built target graph_for_task_planner_msg__py
[3.357s] [ 85%] [32mBuilding C object CMakeFiles/graph_for_task_planner_msg__rosidl_generator_py.dir/rosidl_generator_py/graph_for_task_planner_msg/msg/_edge_s.c.o[0m
[3.357s] [ 85%] [32mBuilding C object CMakeFiles/graph_for_task_planner_msg__rosidl_generator_py.dir/rosidl_generator_py/graph_for_task_planner_msg/msg/_graph_s.c.o[0m
[3.357s] [ 85%] [32mBuilding C object CMakeFiles/graph_for_task_planner_msg__rosidl_generator_py.dir/rosidl_generator_py/graph_for_task_planner_msg/msg/_point_s.c.o[0m
[3.438s] [ 87%] [32m[1mLinking C shared library rosidl_generator_py/graph_for_task_planner_msg/libgraph_for_task_planner_msg__rosidl_generator_py.so[0m
[3.476s] [ 87%] Built target graph_for_task_planner_msg__rosidl_generator_py
[3.497s] [ 93%] [32mBuilding C object CMakeFiles/graph_for_task_planner_msg__rosidl_typesupport_fastrtps_c__pyext.dir/rosidl_generator_py/graph_for_task_planner_msg/_graph_for_task_planner_msg_s.ep.rosidl_typesupport_fastrtps_c.c.o[0m
[3.497s] [ 93%] [32mBuilding C object CMakeFiles/graph_for_task_planner_msg__rosidl_typesupport_introspection_c__pyext.dir/rosidl_generator_py/graph_for_task_planner_msg/_graph_for_task_planner_msg_s.ep.rosidl_typesupport_introspection_c.c.o[0m
[3.497s] [ 93%] [32mBuilding C object CMakeFiles/graph_for_task_planner_msg__rosidl_typesupport_c__pyext.dir/rosidl_generator_py/graph_for_task_planner_msg/_graph_for_task_planner_msg_s.ep.rosidl_typesupport_c.c.o[0m
[3.572s] [ 97%] [32m[1mLinking C shared library rosidl_generator_py/graph_for_task_planner_msg/graph_for_task_planner_msg_s__rosidl_typesupport_c.cpython-310-x86_64-linux-gnu.so[0m
[3.572s] [ 97%] [32m[1mLinking C shared library rosidl_generator_py/graph_for_task_planner_msg/graph_for_task_planner_msg_s__rosidl_typesupport_introspection_c.cpython-310-x86_64-linux-gnu.so[0m
[3.575s] [100%] [32m[1mLinking C shared library rosidl_generator_py/graph_for_task_planner_msg/graph_for_task_planner_msg_s__rosidl_typesupport_fastrtps_c.cpython-310-x86_64-linux-gnu.so[0m
[3.604s] [100%] Built target graph_for_task_planner_msg__rosidl_typesupport_introspection_c__pyext
[3.604s] [100%] Built target graph_for_task_planner_msg__rosidl_typesupport_c__pyext
[3.606s] [100%] Built target graph_for_task_planner_msg__rosidl_typesupport_fastrtps_c__pyext
[3.618s] Invoked command in '/home/sincerejuliya/Documents/ros_ws/src/graph_for_task_planner_msg/build/graph_for_task_planner_msg' returned '0': CMAKE_PREFIX_PATH=${CMAKE_PREFIX_PATH}:/opt/ros/humble /usr/bin/cmake --build /home/sincerejuliya/Documents/ros_ws/src/graph_for_task_planner_msg/build/graph_for_task_planner_msg -- -j12 -l12
[3.760s] Invoking command in '/home/sincerejuliya/Documents/ros_ws/src/graph_for_task_planner_msg/build/graph_for_task_planner_msg': CMAKE_PREFIX_PATH=${CMAKE_PREFIX_PATH}:/opt/ros/humble /usr/bin/cmake --install /home/sincerejuliya/Documents/ros_ws/src/graph_for_task_planner_msg/build/graph_for_task_planner_msg
[3.767s] -- Install configuration: ""
[3.767s] -- Installing: /home/sincerejuliya/Documents/ros_ws/src/graph_for_task_planner_msg/install/graph_for_task_planner_msg/share/ament_index/resource_index/rosidl_interfaces/graph_for_task_planner_msg
[3.767s] -- Up-to-date: /home/sincerejuliya/Documents/ros_ws/src/graph_for_task_planner_msg/install/graph_for_task_planner_msg/include/graph_for_task_planner_msg/graph_for_task_planner_msg
[3.768s] -- Up-to-date: /home/sincerejuliya/Documents/ros_ws/src/graph_for_task_planner_msg/install/graph_for_task_planner_msg/include/graph_for_task_planner_msg/graph_for_task_planner_msg/msg
[3.768s] -- Installing: /home/sincerejuliya/Documents/ros_ws/src/graph_for_task_planner_msg/install/graph_for_task_planner_msg/include/graph_for_task_planner_msg/graph_for_task_planner_msg/msg/rosidl_generator_c__visibility_control.h
[3.768s] -- Installing: /home/sincerejuliya/Documents/ros_ws/src/graph_for_task_planner_msg/install/graph_for_task_planner_msg/include/graph_for_task_planner_msg/graph_for_task_planner_msg/msg/point.h
[3.768s] -- Installing: /home/sincerejuliya/Documents/ros_ws/src/graph_for_task_planner_msg/install/graph_for_task_planner_msg/include/graph_for_task_planner_msg/graph_for_task_planner_msg/msg/graph.h
[3.768s] -- Installing: /home/sincerejuliya/Documents/ros_ws/src/graph_for_task_planner_msg/install/graph_for_task_planner_msg/include/graph_for_task_planner_msg/graph_for_task_planner_msg/msg/edge.h
[3.768s] -- Up-to-date: /home/sincerejuliya/Documents/ros_ws/src/graph_for_task_planner_msg/install/graph_for_task_planner_msg/include/graph_for_task_planner_msg/graph_for_task_planner_msg/msg/detail
[3.768s] -- Installing: /home/sincerejuliya/Documents/ros_ws/src/graph_for_task_planner_msg/install/graph_for_task_planner_msg/include/graph_for_task_planner_msg/graph_for_task_planner_msg/msg/detail/point__functions.h
[3.768s] -- Installing: /home/sincerejuliya/Documents/ros_ws/src/graph_for_task_planner_msg/install/graph_for_task_planner_msg/include/graph_for_task_planner_msg/graph_for_task_planner_msg/msg/detail/graph__struct.h
[3.768s] -- Installing: /home/sincerejuliya/Documents/ros_ws/src/graph_for_task_planner_msg/install/graph_for_task_planner_msg/include/graph_for_task_planner_msg/graph_for_task_planner_msg/msg/detail/point__functions.c
[3.768s] -- Installing: /home/sincerejuliya/Documents/ros_ws/src/graph_for_task_planner_msg/install/graph_for_task_planner_msg/include/graph_for_task_planner_msg/graph_for_task_planner_msg/msg/detail/point__struct.h
[3.769s] -- Installing: /home/sincerejuliya/Documents/ros_ws/src/graph_for_task_planner_msg/install/graph_for_task_planner_msg/include/graph_for_task_planner_msg/graph_for_task_planner_msg/msg/detail/graph__functions.h
[3.769s] -- Installing: /home/sincerejuliya/Documents/ros_ws/src/graph_for_task_planner_msg/install/graph_for_task_planner_msg/include/graph_for_task_planner_msg/graph_for_task_planner_msg/msg/detail/graph__type_support.h
[3.769s] -- Installing: /home/sincerejuliya/Documents/ros_ws/src/graph_for_task_planner_msg/install/graph_for_task_planner_msg/include/graph_for_task_planner_msg/graph_for_task_planner_msg/msg/detail/graph__functions.c
[3.769s] -- Installing: /home/sincerejuliya/Documents/ros_ws/src/graph_for_task_planner_msg/install/graph_for_task_planner_msg/include/graph_for_task_planner_msg/graph_for_task_planner_msg/msg/detail/point__type_support.h
[3.769s] -- Installing: /home/sincerejuliya/Documents/ros_ws/src/graph_for_task_planner_msg/install/graph_for_task_planner_msg/include/graph_for_task_planner_msg/graph_for_task_planner_msg/msg/detail/edge__functions.h
[3.769s] -- Installing: /home/sincerejuliya/Documents/ros_ws/src/graph_for_task_planner_msg/install/graph_for_task_planner_msg/include/graph_for_task_planner_msg/graph_for_task_planner_msg/msg/detail/edge__type_support.h
[3.770s] -- Installing: /home/sincerejuliya/Documents/ros_ws/src/graph_for_task_planner_msg/install/graph_for_task_planner_msg/include/graph_for_task_planner_msg/graph_for_task_planner_msg/msg/detail/edge__functions.c
[3.770s] -- Installing: /home/sincerejuliya/Documents/ros_ws/src/graph_for_task_planner_msg/install/graph_for_task_planner_msg/include/graph_for_task_planner_msg/graph_for_task_planner_msg/msg/detail/edge__struct.h
[3.770s] -- Up-to-date: /home/sincerejuliya/Documents/ros_ws/src/graph_for_task_planner_msg/install/graph_for_task_planner_msg/share/graph_for_task_planner_msg/environment/library_path.sh
[3.770s] -- Installing: /home/sincerejuliya/Documents/ros_ws/src/graph_for_task_planner_msg/install/graph_for_task_planner_msg/share/graph_for_task_planner_msg/environment/library_path.dsv
[3.770s] -- Installing: /home/sincerejuliya/Documents/ros_ws/src/graph_for_task_planner_msg/install/graph_for_task_planner_msg/lib/libgraph_for_task_planner_msg__rosidl_generator_c.so
[3.771s] -- Set runtime path of "/home/sincerejuliya/Documents/ros_ws/src/graph_for_task_planner_msg/install/graph_for_task_planner_msg/lib/libgraph_for_task_planner_msg__rosidl_generator_c.so" to ""
[3.771s] -- Up-to-date: /home/sincerejuliya/Documents/ros_ws/src/graph_for_task_planner_msg/install/graph_for_task_planner_msg/include/graph_for_task_planner_msg/graph_for_task_planner_msg
[3.771s] -- Up-to-date: /home/sincerejuliya/Documents/ros_ws/src/graph_for_task_planner_msg/install/graph_for_task_planner_msg/include/graph_for_task_planner_msg/graph_for_task_planner_msg/msg
[3.771s] -- Up-to-date: /home/sincerejuliya/Documents/ros_ws/src/graph_for_task_planner_msg/install/graph_for_task_planner_msg/include/graph_for_task_planner_msg/graph_for_task_planner_msg/msg/detail
[3.771s] -- Installing: /home/sincerejuliya/Documents/ros_ws/src/graph_for_task_planner_msg/install/graph_for_task_planner_msg/include/graph_for_task_planner_msg/graph_for_task_planner_msg/msg/detail/edge__rosidl_typesupport_fastrtps_c.h
[3.771s] -- Installing: /home/sincerejuliya/Documents/ros_ws/src/graph_for_task_planner_msg/install/graph_for_task_planner_msg/include/graph_for_task_planner_msg/graph_for_task_planner_msg/msg/detail/point__rosidl_typesupport_fastrtps_c.h
[3.771s] -- Installing: /home/sincerejuliya/Documents/ros_ws/src/graph_for_task_planner_msg/install/graph_for_task_planner_msg/include/graph_for_task_planner_msg/graph_for_task_planner_msg/msg/detail/graph__rosidl_typesupport_fastrtps_c.h
[3.771s] -- Installing: /home/sincerejuliya/Documents/ros_ws/src/graph_for_task_planner_msg/install/graph_for_task_planner_msg/include/graph_for_task_planner_msg/graph_for_task_planner_msg/msg/rosidl_typesupport_fastrtps_c__visibility_control.h
[3.772s] -- Installing: /home/sincerejuliya/Documents/ros_ws/src/graph_for_task_planner_msg/install/graph_for_task_planner_msg/lib/libgraph_for_task_planner_msg__rosidl_typesupport_fastrtps_c.so
[3.772s] -- Set runtime path of "/home/sincerejuliya/Documents/ros_ws/src/graph_for_task_planner_msg/install/graph_for_task_planner_msg/lib/libgraph_for_task_planner_msg__rosidl_typesupport_fastrtps_c.so" to ""
[3.772s] -- Up-to-date: /home/sincerejuliya/Documents/ros_ws/src/graph_for_task_planner_msg/install/graph_for_task_planner_msg/include/graph_for_task_planner_msg/graph_for_task_planner_msg
[3.772s] -- Up-to-date: /home/sincerejuliya/Documents/ros_ws/src/graph_for_task_planner_msg/install/graph_for_task_planner_msg/include/graph_for_task_planner_msg/graph_for_task_planner_msg/msg
[3.772s] -- Installing: /home/sincerejuliya/Documents/ros_ws/src/graph_for_task_planner_msg/install/graph_for_task_planner_msg/include/graph_for_task_planner_msg/graph_for_task_planner_msg/msg/rosidl_typesupport_introspection_c__visibility_control.h
[3.772s] -- Up-to-date: /home/sincerejuliya/Documents/ros_ws/src/graph_for_task_planner_msg/install/graph_for_task_planner_msg/include/graph_for_task_planner_msg/graph_for_task_planner_msg/msg/detail
[3.772s] -- Installing: /home/sincerejuliya/Documents/ros_ws/src/graph_for_task_planner_msg/install/graph_for_task_planner_msg/include/graph_for_task_planner_msg/graph_for_task_planner_msg/msg/detail/point__rosidl_typesupport_introspection_c.h
[3.772s] -- Installing: /home/sincerejuliya/Documents/ros_ws/src/graph_for_task_planner_msg/install/graph_for_task_planner_msg/include/graph_for_task_planner_msg/graph_for_task_planner_msg/msg/detail/point__type_support.c
[3.773s] -- Installing: /home/sincerejuliya/Documents/ros_ws/src/graph_for_task_planner_msg/install/graph_for_task_planner_msg/include/graph_for_task_planner_msg/graph_for_task_planner_msg/msg/detail/graph__rosidl_typesupport_introspection_c.h
[3.773s] -- Installing: /home/sincerejuliya/Documents/ros_ws/src/graph_for_task_planner_msg/install/graph_for_task_planner_msg/include/graph_for_task_planner_msg/graph_for_task_planner_msg/msg/detail/edge__rosidl_typesupport_introspection_c.h
[3.773s] -- Installing: /home/sincerejuliya/Documents/ros_ws/src/graph_for_task_planner_msg/install/graph_for_task_planner_msg/include/graph_for_task_planner_msg/graph_for_task_planner_msg/msg/detail/edge__type_support.c
[3.773s] -- Installing: /home/sincerejuliya/Documents/ros_ws/src/graph_for_task_planner_msg/install/graph_for_task_planner_msg/include/graph_for_task_planner_msg/graph_for_task_planner_msg/msg/detail/graph__type_support.c
[3.773s] -- Installing: /home/sincerejuliya/Documents/ros_ws/src/graph_for_task_planner_msg/install/graph_for_task_planner_msg/lib/libgraph_for_task_planner_msg__rosidl_typesupport_introspection_c.so
[3.774s] -- Set runtime path of "/home/sincerejuliya/Documents/ros_ws/src/graph_for_task_planner_msg/install/graph_for_task_planner_msg/lib/libgraph_for_task_planner_msg__rosidl_typesupport_introspection_c.so" to ""
[3.774s] -- Installing: /home/sincerejuliya/Documents/ros_ws/src/graph_for_task_planner_msg/install/graph_for_task_planner_msg/lib/libgraph_for_task_planner_msg__rosidl_typesupport_c.so
[3.774s] -- Set runtime path of "/home/sincerejuliya/Documents/ros_ws/src/graph_for_task_planner_msg/install/graph_for_task_planner_msg/lib/libgraph_for_task_planner_msg__rosidl_typesupport_c.so" to ""
[3.774s] -- Up-to-date: /home/sincerejuliya/Documents/ros_ws/src/graph_for_task_planner_msg/install/graph_for_task_planner_msg/include/graph_for_task_planner_msg/graph_for_task_planner_msg
[3.774s] -- Up-to-date: /home/sincerejuliya/Documents/ros_ws/src/graph_for_task_planner_msg/install/graph_for_task_planner_msg/include/graph_for_task_planner_msg/graph_for_task_planner_msg/msg
[3.774s] -- Installing: /home/sincerejuliya/Documents/ros_ws/src/graph_for_task_planner_msg/install/graph_for_task_planner_msg/include/graph_for_task_planner_msg/graph_for_task_planner_msg/msg/point.hpp
[3.774s] -- Installing: /home/sincerejuliya/Documents/ros_ws/src/graph_for_task_planner_msg/install/graph_for_task_planner_msg/include/graph_for_task_planner_msg/graph_for_task_planner_msg/msg/edge.hpp
[3.774s] -- Installing: /home/sincerejuliya/Documents/ros_ws/src/graph_for_task_planner_msg/install/graph_for_task_planner_msg/include/graph_for_task_planner_msg/graph_for_task_planner_msg/msg/graph.hpp
[3.775s] -- Up-to-date: /home/sincerejuliya/Documents/ros_ws/src/graph_for_task_planner_msg/install/graph_for_task_planner_msg/include/graph_for_task_planner_msg/graph_for_task_planner_msg/msg/detail
[3.775s] -- Installing: /home/sincerejuliya/Documents/ros_ws/src/graph_for_task_planner_msg/install/graph_for_task_planner_msg/include/graph_for_task_planner_msg/graph_for_task_planner_msg/msg/detail/graph__struct.hpp
[3.775s] -- Installing: /home/sincerejuliya/Documents/ros_ws/src/graph_for_task_planner_msg/install/graph_for_task_planner_msg/include/graph_for_task_planner_msg/graph_for_task_planner_msg/msg/detail/graph__builder.hpp
[3.775s] -- Installing: /home/sincerejuliya/Documents/ros_ws/src/graph_for_task_planner_msg/install/graph_for_task_planner_msg/include/graph_for_task_planner_msg/graph_for_task_planner_msg/msg/detail/edge__builder.hpp
[3.775s] -- Installing: /home/sincerejuliya/Documents/ros_ws/src/graph_for_task_planner_msg/install/graph_for_task_planner_msg/include/graph_for_task_planner_msg/graph_for_task_planner_msg/msg/detail/edge__struct.hpp
[3.775s] -- Installing: /home/sincerejuliya/Documents/ros_ws/src/graph_for_task_planner_msg/install/graph_for_task_planner_msg/include/graph_for_task_planner_msg/graph_for_task_planner_msg/msg/detail/point__traits.hpp
[3.775s] -- Installing: /home/sincerejuliya/Documents/ros_ws/src/graph_for_task_planner_msg/install/graph_for_task_planner_msg/include/graph_for_task_planner_msg/graph_for_task_planner_msg/msg/detail/graph__traits.hpp
[3.776s] -- Installing: /home/sincerejuliya/Documents/ros_ws/src/graph_for_task_planner_msg/install/graph_for_task_planner_msg/include/graph_for_task_planner_msg/graph_for_task_planner_msg/msg/detail/point__builder.hpp
[3.776s] -- Installing: /home/sincerejuliya/Documents/ros_ws/src/graph_for_task_planner_msg/install/graph_for_task_planner_msg/include/graph_for_task_planner_msg/graph_for_task_planner_msg/msg/detail/point__struct.hpp
[3.776s] -- Installing: /home/sincerejuliya/Documents/ros_ws/src/graph_for_task_planner_msg/install/graph_for_task_planner_msg/include/graph_for_task_planner_msg/graph_for_task_planner_msg/msg/detail/edge__traits.hpp
[3.776s] -- Up-to-date: /home/sincerejuliya/Documents/ros_ws/src/graph_for_task_planner_msg/install/graph_for_task_planner_msg/include/graph_for_task_planner_msg/graph_for_task_planner_msg
[3.776s] -- Up-to-date: /home/sincerejuliya/Documents/ros_ws/src/graph_for_task_planner_msg/install/graph_for_task_planner_msg/include/graph_for_task_planner_msg/graph_for_task_planner_msg/msg
[3.776s] -- Installing: /home/sincerejuliya/Documents/ros_ws/src/graph_for_task_planner_msg/install/graph_for_task_planner_msg/include/graph_for_task_planner_msg/graph_for_task_planner_msg/msg/rosidl_typesupport_fastrtps_cpp__visibility_control.h
[3.776s] -- Up-to-date: /home/sincerejuliya/Documents/ros_ws/src/graph_for_task_planner_msg/install/graph_for_task_planner_msg/include/graph_for_task_planner_msg/graph_for_task_planner_msg/msg/detail
[3.776s] -- Up-to-date: /home/sincerejuliya/Documents/ros_ws/src/graph_for_task_planner_msg/install/graph_for_task_planner_msg/include/graph_for_task_planner_msg/graph_for_task_planner_msg/msg/detail/dds_fastrtps
[3.776s] -- Installing: /home/sincerejuliya/Documents/ros_ws/src/graph_for_task_planner_msg/install/graph_for_task_planner_msg/include/graph_for_task_planner_msg/graph_for_task_planner_msg/msg/detail/point__rosidl_typesupport_fastrtps_cpp.hpp
[3.776s] -- Installing: /home/sincerejuliya/Documents/ros_ws/src/graph_for_task_planner_msg/install/graph_for_task_planner_msg/include/graph_for_task_planner_msg/graph_for_task_planner_msg/msg/detail/edge__rosidl_typesupport_fastrtps_cpp.hpp
[3.777s] -- Installing: /home/sincerejuliya/Documents/ros_ws/src/graph_for_task_planner_msg/install/graph_for_task_planner_msg/include/graph_for_task_planner_msg/graph_for_task_planner_msg/msg/detail/graph__rosidl_typesupport_fastrtps_cpp.hpp
[3.777s] -- Installing: /home/sincerejuliya/Documents/ros_ws/src/graph_for_task_planner_msg/install/graph_for_task_planner_msg/lib/libgraph_for_task_planner_msg__rosidl_typesupport_fastrtps_cpp.so
[3.777s] -- Set runtime path of "/home/sincerejuliya/Documents/ros_ws/src/graph_for_task_planner_msg/install/graph_for_task_planner_msg/lib/libgraph_for_task_planner_msg__rosidl_typesupport_fastrtps_cpp.so" to ""
[3.777s] -- Up-to-date: /home/sincerejuliya/Documents/ros_ws/src/graph_for_task_planner_msg/install/graph_for_task_planner_msg/include/graph_for_task_planner_msg/graph_for_task_planner_msg
[3.777s] -- Up-to-date: /home/sincerejuliya/Documents/ros_ws/src/graph_for_task_planner_msg/install/graph_for_task_planner_msg/include/graph_for_task_planner_msg/graph_for_task_planner_msg/msg
[3.778s] -- Up-to-date: /home/sincerejuliya/Documents/ros_ws/src/graph_for_task_planner_msg/install/graph_for_task_planner_msg/include/graph_for_task_planner_msg/graph_for_task_planner_msg/msg/detail
[3.778s] -- Installing: /home/sincerejuliya/Documents/ros_ws/src/graph_for_task_planner_msg/install/graph_for_task_planner_msg/include/graph_for_task_planner_msg/graph_for_task_planner_msg/msg/detail/graph__rosidl_typesupport_introspection_cpp.hpp
[3.778s] -- Installing: /home/sincerejuliya/Documents/ros_ws/src/graph_for_task_planner_msg/install/graph_for_task_planner_msg/include/graph_for_task_planner_msg/graph_for_task_planner_msg/msg/detail/point__type_support.cpp
[3.778s] -- Installing: /home/sincerejuliya/Documents/ros_ws/src/graph_for_task_planner_msg/install/graph_for_task_planner_msg/include/graph_for_task_planner_msg/graph_for_task_planner_msg/msg/detail/point__rosidl_typesupport_introspection_cpp.hpp
[3.778s] -- Installing: /home/sincerejuliya/Documents/ros_ws/src/graph_for_task_planner_msg/install/graph_for_task_planner_msg/include/graph_for_task_planner_msg/graph_for_task_planner_msg/msg/detail/edge__rosidl_typesupport_introspection_cpp.hpp
[3.778s] -- Installing: /home/sincerejuliya/Documents/ros_ws/src/graph_for_task_planner_msg/install/graph_for_task_planner_msg/include/graph_for_task_planner_msg/graph_for_task_planner_msg/msg/detail/graph__type_support.cpp
[3.778s] -- Installing: /home/sincerejuliya/Documents/ros_ws/src/graph_for_task_planner_msg/install/graph_for_task_planner_msg/include/graph_for_task_planner_msg/graph_for_task_planner_msg/msg/detail/edge__type_support.cpp
[3.778s] -- Installing: /home/sincerejuliya/Documents/ros_ws/src/graph_for_task_planner_msg/install/graph_for_task_planner_msg/lib/libgraph_for_task_planner_msg__rosidl_typesupport_introspection_cpp.so
[3.779s] -- Set runtime path of "/home/sincerejuliya/Documents/ros_ws/src/graph_for_task_planner_msg/install/graph_for_task_planner_msg/lib/libgraph_for_task_planner_msg__rosidl_typesupport_introspection_cpp.so" to ""
[3.779s] -- Installing: /home/sincerejuliya/Documents/ros_ws/src/graph_for_task_planner_msg/install/graph_for_task_planner_msg/lib/libgraph_for_task_planner_msg__rosidl_typesupport_cpp.so
[3.779s] -- Set runtime path of "/home/sincerejuliya/Documents/ros_ws/src/graph_for_task_planner_msg/install/graph_for_task_planner_msg/lib/libgraph_for_task_planner_msg__rosidl_typesupport_cpp.so" to ""
[3.780s] -- Installing: /home/sincerejuliya/Documents/ros_ws/src/graph_for_task_planner_msg/install/graph_for_task_planner_msg/share/graph_for_task_planner_msg/environment/pythonpath.sh
[3.780s] -- Installing: /home/sincerejuliya/Documents/ros_ws/src/graph_for_task_planner_msg/install/graph_for_task_planner_msg/share/graph_for_task_planner_msg/environment/pythonpath.dsv
[3.780s] -- Up-to-date: /home/sincerejuliya/Documents/ros_ws/src/graph_for_task_planner_msg/install/graph_for_task_planner_msg/local/lib/python3.10/dist-packages/graph_for_task_planner_msg-0.0.0-py3.10.egg-info
[3.780s] -- Installing: /home/sincerejuliya/Documents/ros_ws/src/graph_for_task_planner_msg/install/graph_for_task_planner_msg/local/lib/python3.10/dist-packages/graph_for_task_planner_msg-0.0.0-py3.10.egg-info/SOURCES.txt
[3.780s] -- Installing: /home/sincerejuliya/Documents/ros_ws/src/graph_for_task_planner_msg/install/graph_for_task_planner_msg/local/lib/python3.10/dist-packages/graph_for_task_planner_msg-0.0.0-py3.10.egg-info/PKG-INFO
[3.780s] -- Installing: /home/sincerejuliya/Documents/ros_ws/src/graph_for_task_planner_msg/install/graph_for_task_planner_msg/local/lib/python3.10/dist-packages/graph_for_task_planner_msg-0.0.0-py3.10.egg-info/top_level.txt
[3.780s] -- Installing: /home/sincerejuliya/Documents/ros_ws/src/graph_for_task_planner_msg/install/graph_for_task_planner_msg/local/lib/python3.10/dist-packages/graph_for_task_planner_msg-0.0.0-py3.10.egg-info/dependency_links.txt
[3.780s] -- Up-to-date: /home/sincerejuliya/Documents/ros_ws/src/graph_for_task_planner_msg/install/graph_for_task_planner_msg/local/lib/python3.10/dist-packages/graph_for_task_planner_msg
[3.780s] -- Installing: /home/sincerejuliya/Documents/ros_ws/src/graph_for_task_planner_msg/install/graph_for_task_planner_msg/local/lib/python3.10/dist-packages/graph_for_task_planner_msg/_graph_for_task_planner_msg_s.ep.rosidl_typesupport_fastrtps_c.c
[3.781s] -- Installing: /home/sincerejuliya/Documents/ros_ws/src/graph_for_task_planner_msg/install/graph_for_task_planner_msg/local/lib/python3.10/dist-packages/graph_for_task_planner_msg/graph_for_task_planner_msg_s__rosidl_typesupport_introspection_c.cpython-310-x86_64-linux-gnu.so
[3.781s] -- Installing: /home/sincerejuliya/Documents/ros_ws/src/graph_for_task_planner_msg/install/graph_for_task_planner_msg/local/lib/python3.10/dist-packages/graph_for_task_planner_msg/libgraph_for_task_planner_msg__rosidl_generator_py.so
[3.781s] -- Installing: /home/sincerejuliya/Documents/ros_ws/src/graph_for_task_planner_msg/install/graph_for_task_planner_msg/local/lib/python3.10/dist-packages/graph_for_task_planner_msg/_graph_for_task_planner_msg_s.ep.rosidl_typesupport_c.c
[3.781s] -- Installing: /home/sincerejuliya/Documents/ros_ws/src/graph_for_task_planner_msg/install/graph_for_task_planner_msg/local/lib/python3.10/dist-packages/graph_for_task_planner_msg/graph_for_task_planner_msg_s__rosidl_typesupport_fastrtps_c.cpython-310-x86_64-linux-gnu.so
[3.781s] -- Installing: /home/sincerejuliya/Documents/ros_ws/src/graph_for_task_planner_msg/install/graph_for_task_planner_msg/local/lib/python3.10/dist-packages/graph_for_task_planner_msg/__init__.py
[3.781s] -- Installing: /home/sincerejuliya/Documents/ros_ws/src/graph_for_task_planner_msg/install/graph_for_task_planner_msg/local/lib/python3.10/dist-packages/graph_for_task_planner_msg/graph_for_task_planner_msg_s__rosidl_typesupport_c.cpython-310-x86_64-linux-gnu.so
[3.782s] -- Installing: /home/sincerejuliya/Documents/ros_ws/src/graph_for_task_planner_msg/install/graph_for_task_planner_msg/local/lib/python3.10/dist-packages/graph_for_task_planner_msg/_graph_for_task_planner_msg_s.ep.rosidl_typesupport_introspection_c.c
[3.782s] -- Up-to-date: /home/sincerejuliya/Documents/ros_ws/src/graph_for_task_planner_msg/install/graph_for_task_planner_msg/local/lib/python3.10/dist-packages/graph_for_task_planner_msg/msg
[3.782s] -- Installing: /home/sincerejuliya/Documents/ros_ws/src/graph_for_task_planner_msg/install/graph_for_task_planner_msg/local/lib/python3.10/dist-packages/graph_for_task_planner_msg/msg/_graph.py
[3.782s] -- Installing: /home/sincerejuliya/Documents/ros_ws/src/graph_for_task_planner_msg/install/graph_for_task_planner_msg/local/lib/python3.10/dist-packages/graph_for_task_planner_msg/msg/_point.py
[3.782s] -- Installing: /home/sincerejuliya/Documents/ros_ws/src/graph_for_task_planner_msg/install/graph_for_task_planner_msg/local/lib/python3.10/dist-packages/graph_for_task_planner_msg/msg/_point_s.c
[3.782s] -- Installing: /home/sincerejuliya/Documents/ros_ws/src/graph_for_task_planner_msg/install/graph_for_task_planner_msg/local/lib/python3.10/dist-packages/graph_for_task_planner_msg/msg/__init__.py
[3.782s] -- Installing: /home/sincerejuliya/Documents/ros_ws/src/graph_for_task_planner_msg/install/graph_for_task_planner_msg/local/lib/python3.10/dist-packages/graph_for_task_planner_msg/msg/_edge_s.c
[3.782s] -- Installing: /home/sincerejuliya/Documents/ros_ws/src/graph_for_task_planner_msg/install/graph_for_task_planner_msg/local/lib/python3.10/dist-packages/graph_for_task_planner_msg/msg/_graph_s.c
[3.783s] -- Installing: /home/sincerejuliya/Documents/ros_ws/src/graph_for_task_planner_msg/install/graph_for_task_planner_msg/local/lib/python3.10/dist-packages/graph_for_task_planner_msg/msg/_edge.py
[3.812s] Listing '/home/sincerejuliya/Documents/ros_ws/src/graph_for_task_planner_msg/install/graph_for_task_planner_msg/local/lib/python3.10/dist-packages/graph_for_task_planner_msg'...
[3.812s] Compiling '/home/sincerejuliya/Documents/ros_ws/src/graph_for_task_planner_msg/install/graph_for_task_planner_msg/local/lib/python3.10/dist-packages/graph_for_task_planner_msg/__init__.py'...
[3.812s] Listing '/home/sincerejuliya/Documents/ros_ws/src/graph_for_task_planner_msg/install/graph_for_task_planner_msg/local/lib/python3.10/dist-packages/graph_for_task_planner_msg/msg'...
[3.813s] Compiling '/home/sincerejuliya/Documents/ros_ws/src/graph_for_task_planner_msg/install/graph_for_task_planner_msg/local/lib/python3.10/dist-packages/graph_for_task_planner_msg/msg/__init__.py'...
[3.813s] Compiling '/home/sincerejuliya/Documents/ros_ws/src/graph_for_task_planner_msg/install/graph_for_task_planner_msg/local/lib/python3.10/dist-packages/graph_for_task_planner_msg/msg/_edge.py'...
[3.813s] Compiling '/home/sincerejuliya/Documents/ros_ws/src/graph_for_task_planner_msg/install/graph_for_task_planner_msg/local/lib/python3.10/dist-packages/graph_for_task_planner_msg/msg/_graph.py'...
[3.813s] Compiling '/home/sincerejuliya/Documents/ros_ws/src/graph_for_task_planner_msg/install/graph_for_task_planner_msg/local/lib/python3.10/dist-packages/graph_for_task_planner_msg/msg/_point.py'...
[3.816s] -- Installing: /home/sincerejuliya/Documents/ros_ws/src/graph_for_task_planner_msg/install/graph_for_task_planner_msg/local/lib/python3.10/dist-packages/graph_for_task_planner_msg/graph_for_task_planner_msg_s__rosidl_typesupport_fastrtps_c.cpython-310-x86_64-linux-gnu.so
[3.816s] -- Set runtime path of "/home/sincerejuliya/Documents/ros_ws/src/graph_for_task_planner_msg/install/graph_for_task_planner_msg/local/lib/python3.10/dist-packages/graph_for_task_planner_msg/graph_for_task_planner_msg_s__rosidl_typesupport_fastrtps_c.cpython-310-x86_64-linux-gnu.so" to ""
[3.816s] -- Installing: /home/sincerejuliya/Documents/ros_ws/src/graph_for_task_planner_msg/install/graph_for_task_planner_msg/local/lib/python3.10/dist-packages/graph_for_task_planner_msg/graph_for_task_planner_msg_s__rosidl_typesupport_introspection_c.cpython-310-x86_64-linux-gnu.so
[3.817s] -- Set runtime path of "/home/sincerejuliya/Documents/ros_ws/src/graph_for_task_planner_msg/install/graph_for_task_planner_msg/local/lib/python3.10/dist-packages/graph_for_task_planner_msg/graph_for_task_planner_msg_s__rosidl_typesupport_introspection_c.cpython-310-x86_64-linux-gnu.so" to ""
[3.817s] -- Installing: /home/sincerejuliya/Documents/ros_ws/src/graph_for_task_planner_msg/install/graph_for_task_planner_msg/local/lib/python3.10/dist-packages/graph_for_task_planner_msg/graph_for_task_planner_msg_s__rosidl_typesupport_c.cpython-310-x86_64-linux-gnu.so
[3.817s] -- Set runtime path of "/home/sincerejuliya/Documents/ros_ws/src/graph_for_task_planner_msg/install/graph_for_task_planner_msg/local/lib/python3.10/dist-packages/graph_for_task_planner_msg/graph_for_task_planner_msg_s__rosidl_typesupport_c.cpython-310-x86_64-linux-gnu.so" to ""
[3.817s] -- Installing: /home/sincerejuliya/Documents/ros_ws/src/graph_for_task_planner_msg/install/graph_for_task_planner_msg/lib/libgraph_for_task_planner_msg__rosidl_generator_py.so
[3.818s] -- Set runtime path of "/home/sincerejuliya/Documents/ros_ws/src/graph_for_task_planner_msg/install/graph_for_task_planner_msg/lib/libgraph_for_task_planner_msg__rosidl_generator_py.so" to ""
[3.818s] -- Installing: /home/sincerejuliya/Documents/ros_ws/src/graph_for_task_planner_msg/install/graph_for_task_planner_msg/share/graph_for_task_planner_msg/msg/Graph.idl
[3.818s] -- Installing: /home/sincerejuliya/Documents/ros_ws/src/graph_for_task_planner_msg/install/graph_for_task_planner_msg/share/graph_for_task_planner_msg/msg/Point.idl
[3.818s] -- Installing: /home/sincerejuliya/Documents/ros_ws/src/graph_for_task_planner_msg/install/graph_for_task_planner_msg/share/graph_for_task_planner_msg/msg/Edge.idl
[3.818s] -- Up-to-date: /home/sincerejuliya/Documents/ros_ws/src/graph_for_task_planner_msg/install/graph_for_task_planner_msg/share/graph_for_task_planner_msg/msg/Graph.msg
[3.818s] -- Up-to-date: /home/sincerejuliya/Documents/ros_ws/src/graph_for_task_planner_msg/install/graph_for_task_planner_msg/share/graph_for_task_planner_msg/msg/Point.msg
[3.818s] -- Up-to-date: /home/sincerejuliya/Documents/ros_ws/src/graph_for_task_planner_msg/install/graph_for_task_planner_msg/share/graph_for_task_planner_msg/msg/Edge.msg
[3.818s] -- Installing: /home/sincerejuliya/Documents/ros_ws/src/graph_for_task_planner_msg/install/graph_for_task_planner_msg/share/ament_index/resource_index/package_run_dependencies/graph_for_task_planner_msg
[3.819s] -- Installing: /home/sincerejuliya/Documents/ros_ws/src/graph_for_task_planner_msg/install/graph_for_task_planner_msg/share/ament_index/resource_index/parent_prefix_path/graph_for_task_planner_msg
[3.819s] -- Up-to-date: /home/sincerejuliya/Documents/ros_ws/src/graph_for_task_planner_msg/install/graph_for_task_planner_msg/share/graph_for_task_planner_msg/environment/ament_prefix_path.sh
[3.819s] -- Installing: /home/sincerejuliya/Documents/ros_ws/src/graph_for_task_planner_msg/install/graph_for_task_planner_msg/share/graph_for_task_planner_msg/environment/ament_prefix_path.dsv
[3.819s] -- Up-to-date: /home/sincerejuliya/Documents/ros_ws/src/graph_for_task_planner_msg/install/graph_for_task_planner_msg/share/graph_for_task_planner_msg/environment/path.sh
[3.819s] -- Installing: /home/sincerejuliya/Documents/ros_ws/src/graph_for_task_planner_msg/install/graph_for_task_planner_msg/share/graph_for_task_planner_msg/environment/path.dsv
[3.819s] -- Installing: /home/sincerejuliya/Documents/ros_ws/src/graph_for_task_planner_msg/install/graph_for_task_planner_msg/share/graph_for_task_planner_msg/local_setup.bash
[3.819s] -- Installing: /home/sincerejuliya/Documents/ros_ws/src/graph_for_task_planner_msg/install/graph_for_task_planner_msg/share/graph_for_task_planner_msg/local_setup.sh
[3.820s] -- Installing: /home/sincerejuliya/Documents/ros_ws/src/graph_for_task_planner_msg/install/graph_for_task_planner_msg/share/graph_for_task_planner_msg/local_setup.zsh
[3.820s] -- Installing: /home/sincerejuliya/Documents/ros_ws/src/graph_for_task_planner_msg/install/graph_for_task_planner_msg/share/graph_for_task_planner_msg/local_setup.dsv
[3.820s] -- Installing: /home/sincerejuliya/Documents/ros_ws/src/graph_for_task_planner_msg/install/graph_for_task_planner_msg/share/graph_for_task_planner_msg/package.dsv
[3.820s] -- Installing: /home/sincerejuliya/Documents/ros_ws/src/graph_for_task_planner_msg/install/graph_for_task_planner_msg/share/ament_index/resource_index/packages/graph_for_task_planner_msg
[3.820s] -- Installing: /home/sincerejuliya/Documents/ros_ws/src/graph_for_task_planner_msg/install/graph_for_task_planner_msg/share/graph_for_task_planner_msg/cmake/export_graph_for_task_planner_msg__rosidl_generator_cExport.cmake
[3.820s] -- Installing: /home/sincerejuliya/Documents/ros_ws/src/graph_for_task_planner_msg/install/graph_for_task_planner_msg/share/graph_for_task_planner_msg/cmake/export_graph_for_task_planner_msg__rosidl_generator_cExport-noconfig.cmake
[3.821s] -- Installing: /home/sincerejuliya/Documents/ros_ws/src/graph_for_task_planner_msg/install/graph_for_task_planner_msg/share/graph_for_task_planner_msg/cmake/export_graph_for_task_planner_msg__rosidl_typesupport_fastrtps_cExport.cmake
[3.821s] -- Installing: /home/sincerejuliya/Documents/ros_ws/src/graph_for_task_planner_msg/install/graph_for_task_planner_msg/share/graph_for_task_planner_msg/cmake/export_graph_for_task_planner_msg__rosidl_typesupport_fastrtps_cExport-noconfig.cmake
[3.821s] -- Installing: /home/sincerejuliya/Documents/ros_ws/src/graph_for_task_planner_msg/install/graph_for_task_planner_msg/share/graph_for_task_planner_msg/cmake/graph_for_task_planner_msg__rosidl_typesupport_introspection_cExport.cmake
[3.821s] -- Installing: /home/sincerejuliya/Documents/ros_ws/src/graph_for_task_planner_msg/install/graph_for_task_planner_msg/share/graph_for_task_planner_msg/cmake/graph_for_task_planner_msg__rosidl_typesupport_introspection_cExport-noconfig.cmake
[3.822s] -- Installing: /home/sincerejuliya/Documents/ros_ws/src/graph_for_task_planner_msg/install/graph_for_task_planner_msg/share/graph_for_task_planner_msg/cmake/graph_for_task_planner_msg__rosidl_typesupport_cExport.cmake
[3.822s] -- Installing: /home/sincerejuliya/Documents/ros_ws/src/graph_for_task_planner_msg/install/graph_for_task_planner_msg/share/graph_for_task_planner_msg/cmake/graph_for_task_planner_msg__rosidl_typesupport_cExport-noconfig.cmake
[3.822s] -- Installing: /home/sincerejuliya/Documents/ros_ws/src/graph_for_task_planner_msg/install/graph_for_task_planner_msg/share/graph_for_task_planner_msg/cmake/export_graph_for_task_planner_msg__rosidl_generator_cppExport.cmake
[3.822s] -- Installing: /home/sincerejuliya/Documents/ros_ws/src/graph_for_task_planner_msg/install/graph_for_task_planner_msg/share/graph_for_task_planner_msg/cmake/export_graph_for_task_planner_msg__rosidl_typesupport_fastrtps_cppExport.cmake
[3.822s] -- Installing: /home/sincerejuliya/Documents/ros_ws/src/graph_for_task_planner_msg/install/graph_for_task_planner_msg/share/graph_for_task_planner_msg/cmake/export_graph_for_task_planner_msg__rosidl_typesupport_fastrtps_cppExport-noconfig.cmake
[3.823s] -- Installing: /home/sincerejuliya/Documents/ros_ws/src/graph_for_task_planner_msg/install/graph_for_task_planner_msg/share/graph_for_task_planner_msg/cmake/graph_for_task_planner_msg__rosidl_typesupport_introspection_cppExport.cmake
[3.823s] -- Installing: /home/sincerejuliya/Documents/ros_ws/src/graph_for_task_planner_msg/install/graph_for_task_planner_msg/share/graph_for_task_planner_msg/cmake/graph_for_task_planner_msg__rosidl_typesupport_introspection_cppExport-noconfig.cmake
[3.823s] -- Installing: /home/sincerejuliya/Documents/ros_ws/src/graph_for_task_planner_msg/install/graph_for_task_planner_msg/share/graph_for_task_planner_msg/cmake/graph_for_task_planner_msg__rosidl_typesupport_cppExport.cmake
[3.823s] -- Installing: /home/sincerejuliya/Documents/ros_ws/src/graph_for_task_planner_msg/install/graph_for_task_planner_msg/share/graph_for_task_planner_msg/cmake/graph_for_task_planner_msg__rosidl_typesupport_cppExport-noconfig.cmake
[3.823s] -- Installing: /home/sincerejuliya/Documents/ros_ws/src/graph_for_task_planner_msg/install/graph_for_task_planner_msg/share/graph_for_task_planner_msg/cmake/export_graph_for_task_planner_msg__rosidl_generator_pyExport.cmake
[3.824s] -- Installing: /home/sincerejuliya/Documents/ros_ws/src/graph_for_task_planner_msg/install/graph_for_task_planner_msg/share/graph_for_task_planner_msg/cmake/export_graph_for_task_planner_msg__rosidl_generator_pyExport-noconfig.cmake
[3.824s] -- Installing: /home/sincerejuliya/Documents/ros_ws/src/graph_for_task_planner_msg/install/graph_for_task_planner_msg/share/graph_for_task_planner_msg/cmake/rosidl_cmake-extras.cmake
[3.824s] -- Installing: /home/sincerejuliya/Documents/ros_ws/src/graph_for_task_planner_msg/install/graph_for_task_planner_msg/share/graph_for_task_planner_msg/cmake/ament_cmake_export_include_directories-extras.cmake
[3.824s] -- Installing: /home/sincerejuliya/Documents/ros_ws/src/graph_for_task_planner_msg/install/graph_for_task_planner_msg/share/graph_for_task_planner_msg/cmake/ament_cmake_export_libraries-extras.cmake
[3.824s] -- Installing: /home/sincerejuliya/Documents/ros_ws/src/graph_for_task_planner_msg/install/graph_for_task_planner_msg/share/graph_for_task_planner_msg/cmake/ament_cmake_export_targets-extras.cmake
[3.825s] -- Installing: /home/sincerejuliya/Documents/ros_ws/src/graph_for_task_planner_msg/install/graph_for_task_planner_msg/share/graph_for_task_planner_msg/cmake/rosidl_cmake_export_typesupport_targets-extras.cmake
[3.825s] -- Installing: /home/sincerejuliya/Documents/ros_ws/src/graph_for_task_planner_msg/install/graph_for_task_planner_msg/share/graph_for_task_planner_msg/cmake/ament_cmake_export_dependencies-extras.cmake
[3.825s] -- Installing: /home/sincerejuliya/Documents/ros_ws/src/graph_for_task_planner_msg/install/graph_for_task_planner_msg/share/graph_for_task_planner_msg/cmake/rosidl_cmake_export_typesupport_libraries-extras.cmake
[3.825s] -- Installing: /home/sincerejuliya/Documents/ros_ws/src/graph_for_task_planner_msg/install/graph_for_task_planner_msg/share/graph_for_task_planner_msg/cmake/graph_for_task_planner_msgConfig.cmake
[3.825s] -- Installing: /home/sincerejuliya/Documents/ros_ws/src/graph_for_task_planner_msg/install/graph_for_task_planner_msg/share/graph_for_task_planner_msg/cmake/graph_for_task_planner_msgConfig-version.cmake
[3.825s] -- Up-to-date: /home/sincerejuliya/Documents/ros_ws/src/graph_for_task_planner_msg/install/graph_for_task_planner_msg/share/graph_for_task_planner_msg/package.xml
[3.828s] Invoked command in '/home/sincerejuliya/Documents/ros_ws/src/graph_for_task_planner_msg/build/graph_for_task_planner_msg' returned '0': CMAKE_PREFIX_PATH=${CMAKE_PREFIX_PATH}:/opt/ros/humble /usr/bin/cmake --install /home/sincerejuliya/Documents/ros_ws/src/graph_for_task_planner_msg/build/graph_for_task_planner_msg
