[0.193s] DEBUG:colcon:Command line arguments: ['/usr/bin/colcon', 'build']
[0.193s] DEBUG:colcon:Parsed command line arguments: Namespace(log_base=None, log_level=None, verb_name='build', build_base='build', install_base='install', merge_install=False, symlink_install=False, test_result_base=None, continue_on_error=False, executor='parallel', parallel_workers=8, event_handlers=None, ignore_user_meta=False, metas=['./colcon.meta'], base_paths=['.'], packages_ignore=None, packages_ignore_regex=None, paths=None, packages_up_to=None, packages_up_to_regex=None, packages_above=None, packages_above_and_dependencies=None, packages_above_depth=None, packages_select_by_dep=None, packages_skip_by_dep=None, packages_skip_up_to=None, packages_select_build_failed=False, packages_skip_build_finished=False, packages_select_test_failures=False, packages_skip_test_passed=False, packages_select=None, packages_skip=None, packages_select_regex=None, packages_skip_regex=None, packages_start=None, packages_end=None, allow_overriding=[], cmake_args=None, cmake_target=None, cmake_target_skip_unavailable=False, cmake_clean_cache=False, cmake_clean_first=False, cmake_force_configure=False, ament_cmake_args=None, catkin_cmake_args=None, catkin_skip_building_tests=False, mixin_files=None, mixin=None, verb_parser=<colcon_mixin.mixin.mixin_argument.MixinArgumentDecorator object at 0x7c5a85c56ec0>, verb_extension=<colcon_core.verb.build.BuildVerb object at 0x7c5a85d5b580>, main=<bound method BuildVerb.main of <colcon_core.verb.build.BuildVerb object at 0x7c5a85d5b580>>, mixin_verb=('build',))
[0.534s] Level 1:colcon.colcon_core.package_discovery:discover_packages(colcon_meta) check parameters
[0.534s] Level 1:colcon.colcon_core.package_discovery:discover_packages(recursive) check parameters
[0.534s] Level 1:colcon.colcon_core.package_discovery:discover_packages(ignore) check parameters
[0.534s] Level 1:colcon.colcon_core.package_discovery:discover_packages(path) check parameters
[0.534s] Level 1:colcon.colcon_core.package_discovery:discover_packages(colcon_meta) discover
[0.534s] Level 1:colcon.colcon_core.package_discovery:discover_packages(recursive) discover
[0.534s] INFO:colcon.colcon_core.package_discovery:Crawling recursively for packages in '/home/seventeen/Robotics-and-its-application'
[0.534s] Level 1:colcon.colcon_core.package_identification:_identify(.) by extensions ['ignore', 'ignore_ament_install']
[0.535s] Level 1:colcon.colcon_core.package_identification:_identify(.) by extension 'ignore'
[0.535s] Level 1:colcon.colcon_core.package_identification:_identify(.) by extension 'ignore_ament_install'
[0.535s] Level 1:colcon.colcon_core.package_identification:_identify(.) by extensions ['colcon_pkg']
[0.535s] Level 1:colcon.colcon_core.package_identification:_identify(.) by extension 'colcon_pkg'
[0.535s] Level 1:colcon.colcon_core.package_identification:_identify(.) by extensions ['colcon_meta']
[0.535s] Level 1:colcon.colcon_core.package_identification:_identify(.) by extension 'colcon_meta'
[0.535s] Level 1:colcon.colcon_core.package_identification:_identify(.) by extensions ['ros']
[0.535s] Level 1:colcon.colcon_core.package_identification:_identify(.) by extension 'ros'
[0.554s] Level 1:colcon.colcon_core.package_identification:_identify(.) by extensions ['cmake', 'python']
[0.554s] Level 1:colcon.colcon_core.package_identification:_identify(.) by extension 'cmake'
[0.554s] Level 1:colcon.colcon_core.package_identification:_identify(.) by extension 'python'
[0.554s] Level 1:colcon.colcon_core.package_identification:_identify(.) by extensions ['python_setup_py']
[0.554s] Level 1:colcon.colcon_core.package_identification:_identify(.) by extension 'python_setup_py'
[0.554s] Level 1:colcon.colcon_core.package_identification:_identify(build) by extensions ['ignore', 'ignore_ament_install']
[0.554s] Level 1:colcon.colcon_core.package_identification:_identify(build) by extension 'ignore'
[0.554s] Level 1:colcon.colcon_core.package_identification:_identify(build) ignored
[0.555s] Level 1:colcon.colcon_core.package_identification:_identify(install) by extensions ['ignore', 'ignore_ament_install']
[0.555s] Level 1:colcon.colcon_core.package_identification:_identify(install) by extension 'ignore'
[0.555s] Level 1:colcon.colcon_core.package_identification:_identify(install) ignored
[0.555s] Level 1:colcon.colcon_core.package_identification:_identify(log) by extensions ['ignore', 'ignore_ament_install']
[0.555s] Level 1:colcon.colcon_core.package_identification:_identify(log) by extension 'ignore'
[0.555s] Level 1:colcon.colcon_core.package_identification:_identify(log) ignored
[0.555s] Level 1:colcon.colcon_core.package_identification:_identify(src) by extensions ['ignore', 'ignore_ament_install']
[0.556s] Level 1:colcon.colcon_core.package_identification:_identify(src) by extension 'ignore'
[0.556s] Level 1:colcon.colcon_core.package_identification:_identify(src) by extension 'ignore_ament_install'
[0.556s] Level 1:colcon.colcon_core.package_identification:_identify(src) by extensions ['colcon_pkg']
[0.556s] Level 1:colcon.colcon_core.package_identification:_identify(src) by extension 'colcon_pkg'
[0.556s] Level 1:colcon.colcon_core.package_identification:_identify(src) by extensions ['colcon_meta']
[0.556s] Level 1:colcon.colcon_core.package_identification:_identify(src) by extension 'colcon_meta'
[0.556s] Level 1:colcon.colcon_core.package_identification:_identify(src) by extensions ['ros']
[0.556s] Level 1:colcon.colcon_core.package_identification:_identify(src) by extension 'ros'
[0.556s] Level 1:colcon.colcon_core.package_identification:_identify(src) by extensions ['cmake', 'python']
[0.556s] Level 1:colcon.colcon_core.package_identification:_identify(src) by extension 'cmake'
[0.556s] Level 1:colcon.colcon_core.package_identification:_identify(src) by extension 'python'
[0.556s] Level 1:colcon.colcon_core.package_identification:_identify(src) by extensions ['python_setup_py']
[0.557s] Level 1:colcon.colcon_core.package_identification:_identify(src) by extension 'python_setup_py'
[0.557s] Level 1:colcon.colcon_core.package_identification:_identify(src/Shelfino_ROS2) by extensions ['ignore', 'ignore_ament_install']
[0.557s] Level 1:colcon.colcon_core.package_identification:_identify(src/Shelfino_ROS2) by extension 'ignore'
[0.557s] Level 1:colcon.colcon_core.package_identification:_identify(src/Shelfino_ROS2) by extension 'ignore_ament_install'
[0.557s] Level 1:colcon.colcon_core.package_identification:_identify(src/Shelfino_ROS2) by extensions ['colcon_pkg']
[0.557s] Level 1:colcon.colcon_core.package_identification:_identify(src/Shelfino_ROS2) by extension 'colcon_pkg'
[0.557s] Level 1:colcon.colcon_core.package_identification:_identify(src/Shelfino_ROS2) by extensions ['colcon_meta']
[0.557s] Level 1:colcon.colcon_core.package_identification:_identify(src/Shelfino_ROS2) by extension 'colcon_meta'
[0.557s] Level 1:colcon.colcon_core.package_identification:_identify(src/Shelfino_ROS2) by extensions ['ros']
[0.557s] Level 1:colcon.colcon_core.package_identification:_identify(src/Shelfino_ROS2) by extension 'ros'
[0.558s] Level 1:colcon.colcon_core.package_identification:_identify(src/Shelfino_ROS2) by extensions ['cmake', 'python']
[0.558s] Level 1:colcon.colcon_core.package_identification:_identify(src/Shelfino_ROS2) by extension 'cmake'
[0.558s] Level 1:colcon.colcon_core.package_identification:_identify(src/Shelfino_ROS2) by extension 'python'
[0.558s] Level 1:colcon.colcon_core.package_identification:_identify(src/Shelfino_ROS2) by extensions ['python_setup_py']
[0.558s] Level 1:colcon.colcon_core.package_identification:_identify(src/Shelfino_ROS2) by extension 'python_setup_py'
[0.558s] Level 1:colcon.colcon_core.package_identification:_identify(src/Shelfino_ROS2/assets) by extensions ['ignore', 'ignore_ament_install']
[0.558s] Level 1:colcon.colcon_core.package_identification:_identify(src/Shelfino_ROS2/assets) by extension 'ignore'
[0.558s] Level 1:colcon.colcon_core.package_identification:_identify(src/Shelfino_ROS2/assets) by extension 'ignore_ament_install'
[0.558s] Level 1:colcon.colcon_core.package_identification:_identify(src/Shelfino_ROS2/assets) by extensions ['colcon_pkg']
[0.559s] Level 1:colcon.colcon_core.package_identification:_identify(src/Shelfino_ROS2/assets) by extension 'colcon_pkg'
[0.559s] Level 1:colcon.colcon_core.package_identification:_identify(src/Shelfino_ROS2/assets) by extensions ['colcon_meta']
[0.559s] Level 1:colcon.colcon_core.package_identification:_identify(src/Shelfino_ROS2/assets) by extension 'colcon_meta'
[0.559s] Level 1:colcon.colcon_core.package_identification:_identify(src/Shelfino_ROS2/assets) by extensions ['ros']
[0.559s] Level 1:colcon.colcon_core.package_identification:_identify(src/Shelfino_ROS2/assets) by extension 'ros'
[0.559s] Level 1:colcon.colcon_core.package_identification:_identify(src/Shelfino_ROS2/assets) by extensions ['cmake', 'python']
[0.559s] Level 1:colcon.colcon_core.package_identification:_identify(src/Shelfino_ROS2/assets) by extension 'cmake'
[0.559s] Level 1:colcon.colcon_core.package_identification:_identify(src/Shelfino_ROS2/assets) by extension 'python'
[0.559s] Level 1:colcon.colcon_core.package_identification:_identify(src/Shelfino_ROS2/assets) by extensions ['python_setup_py']
[0.559s] Level 1:colcon.colcon_core.package_identification:_identify(src/Shelfino_ROS2/assets) by extension 'python_setup_py'
[0.559s] Level 1:colcon.colcon_core.package_identification:_identify(src/Shelfino_ROS2/assets/images) by extensions ['ignore', 'ignore_ament_install']
[0.560s] Level 1:colcon.colcon_core.package_identification:_identify(src/Shelfino_ROS2/assets/images) by extension 'ignore'
[0.560s] Level 1:colcon.colcon_core.package_identification:_identify(src/Shelfino_ROS2/assets/images) by extension 'ignore_ament_install'
[0.560s] Level 1:colcon.colcon_core.package_identification:_identify(src/Shelfino_ROS2/assets/images) by extensions ['colcon_pkg']
[0.560s] Level 1:colcon.colcon_core.package_identification:_identify(src/Shelfino_ROS2/assets/images) by extension 'colcon_pkg'
[0.560s] Level 1:colcon.colcon_core.package_identification:_identify(src/Shelfino_ROS2/assets/images) by extensions ['colcon_meta']
[0.560s] Level 1:colcon.colcon_core.package_identification:_identify(src/Shelfino_ROS2/assets/images) by extension 'colcon_meta'
[0.560s] Level 1:colcon.colcon_core.package_identification:_identify(src/Shelfino_ROS2/assets/images) by extensions ['ros']
[0.560s] Level 1:colcon.colcon_core.package_identification:_identify(src/Shelfino_ROS2/assets/images) by extension 'ros'
[0.560s] Level 1:colcon.colcon_core.package_identification:_identify(src/Shelfino_ROS2/assets/images) by extensions ['cmake', 'python']
[0.560s] Level 1:colcon.colcon_core.package_identification:_identify(src/Shelfino_ROS2/assets/images) by extension 'cmake'
[0.561s] Level 1:colcon.colcon_core.package_identification:_identify(src/Shelfino_ROS2/assets/images) by extension 'python'
[0.561s] Level 1:colcon.colcon_core.package_identification:_identify(src/Shelfino_ROS2/assets/images) by extensions ['python_setup_py']
[0.561s] Level 1:colcon.colcon_core.package_identification:_identify(src/Shelfino_ROS2/assets/images) by extension 'python_setup_py'
[0.561s] Level 1:colcon.colcon_core.package_identification:_identify(src/Shelfino_ROS2/evader) by extensions ['ignore', 'ignore_ament_install']
[0.561s] Level 1:colcon.colcon_core.package_identification:_identify(src/Shelfino_ROS2/evader) by extension 'ignore'
[0.561s] Level 1:colcon.colcon_core.package_identification:_identify(src/Shelfino_ROS2/evader) by extension 'ignore_ament_install'
[0.561s] Level 1:colcon.colcon_core.package_identification:_identify(src/Shelfino_ROS2/evader) by extensions ['colcon_pkg']
[0.561s] Level 1:colcon.colcon_core.package_identification:_identify(src/Shelfino_ROS2/evader) by extension 'colcon_pkg'
[0.561s] Level 1:colcon.colcon_core.package_identification:_identify(src/Shelfino_ROS2/evader) by extensions ['colcon_meta']
[0.561s] Level 1:colcon.colcon_core.package_identification:_identify(src/Shelfino_ROS2/evader) by extension 'colcon_meta'
[0.562s] Level 1:colcon.colcon_core.package_identification:_identify(src/Shelfino_ROS2/evader) by extensions ['ros']
[0.562s] Level 1:colcon.colcon_core.package_identification:_identify(src/Shelfino_ROS2/evader) by extension 'ros'
[0.567s] DEBUG:colcon.colcon_core.package_identification:Package 'src/Shelfino_ROS2/evader' with type 'ros.ament_cmake' and name 'evader'
[0.567s] Level 1:colcon.colcon_core.package_identification:_identify(src/Shelfino_ROS2/map_pkg) by extensions ['ignore', 'ignore_ament_install']
[0.567s] Level 1:colcon.colcon_core.package_identification:_identify(src/Shelfino_ROS2/map_pkg) by extension 'ignore'
[0.567s] Level 1:colcon.colcon_core.package_identification:_identify(src/Shelfino_ROS2/map_pkg) by extension 'ignore_ament_install'
[0.567s] Level 1:colcon.colcon_core.package_identification:_identify(src/Shelfino_ROS2/map_pkg) by extensions ['colcon_pkg']
[0.567s] Level 1:colcon.colcon_core.package_identification:_identify(src/Shelfino_ROS2/map_pkg) by extension 'colcon_pkg'
[0.567s] Level 1:colcon.colcon_core.package_identification:_identify(src/Shelfino_ROS2/map_pkg) by extensions ['colcon_meta']
[0.568s] Level 1:colcon.colcon_core.package_identification:_identify(src/Shelfino_ROS2/map_pkg) by extension 'colcon_meta'
[0.568s] Level 1:colcon.colcon_core.package_identification:_identify(src/Shelfino_ROS2/map_pkg) by extensions ['ros']
[0.568s] Level 1:colcon.colcon_core.package_identification:_identify(src/Shelfino_ROS2/map_pkg) by extension 'ros'
[0.570s] DEBUG:colcon.colcon_core.package_identification:Package 'src/Shelfino_ROS2/map_pkg' with type 'ros.ament_cmake' and name 'map_pkg'
[0.571s] Level 1:colcon.colcon_core.package_identification:_identify(src/Shelfino_ROS2/obstacles_msgs) by extensions ['ignore', 'ignore_ament_install']
[0.571s] Level 1:colcon.colcon_core.package_identification:_identify(src/Shelfino_ROS2/obstacles_msgs) by extension 'ignore'
[0.571s] Level 1:colcon.colcon_core.package_identification:_identify(src/Shelfino_ROS2/obstacles_msgs) by extension 'ignore_ament_install'
[0.571s] Level 1:colcon.colcon_core.package_identification:_identify(src/Shelfino_ROS2/obstacles_msgs) by extensions ['colcon_pkg']
[0.571s] Level 1:colcon.colcon_core.package_identification:_identify(src/Shelfino_ROS2/obstacles_msgs) by extension 'colcon_pkg'
[0.571s] Level 1:colcon.colcon_core.package_identification:_identify(src/Shelfino_ROS2/obstacles_msgs) by extensions ['colcon_meta']
[0.571s] Level 1:colcon.colcon_core.package_identification:_identify(src/Shelfino_ROS2/obstacles_msgs) by extension 'colcon_meta'
[0.572s] Level 1:colcon.colcon_core.package_identification:_identify(src/Shelfino_ROS2/obstacles_msgs) by extensions ['ros']
[0.572s] Level 1:colcon.colcon_core.package_identification:_identify(src/Shelfino_ROS2/obstacles_msgs) by extension 'ros'
[0.573s] DEBUG:colcon.colcon_core.package_identification:Package 'src/Shelfino_ROS2/obstacles_msgs' with type 'ros.ament_cmake' and name 'obstacles_msgs'
[0.573s] Level 1:colcon.colcon_core.package_identification:_identify(src/Shelfino_ROS2/projects) by extensions ['ignore', 'ignore_ament_install']
[0.573s] Level 1:colcon.colcon_core.package_identification:_identify(src/Shelfino_ROS2/projects) by extension 'ignore'
[0.573s] Level 1:colcon.colcon_core.package_identification:_identify(src/Shelfino_ROS2/projects) by extension 'ignore_ament_install'
[0.574s] Level 1:colcon.colcon_core.package_identification:_identify(src/Shelfino_ROS2/projects) by extensions ['colcon_pkg']
[0.574s] Level 1:colcon.colcon_core.package_identification:_identify(src/Shelfino_ROS2/projects) by extension 'colcon_pkg'
[0.574s] Level 1:colcon.colcon_core.package_identification:_identify(src/Shelfino_ROS2/projects) by extensions ['colcon_meta']
[0.574s] Level 1:colcon.colcon_core.package_identification:_identify(src/Shelfino_ROS2/projects) by extension 'colcon_meta'
[0.574s] Level 1:colcon.colcon_core.package_identification:_identify(src/Shelfino_ROS2/projects) by extensions ['ros']
[0.574s] Level 1:colcon.colcon_core.package_identification:_identify(src/Shelfino_ROS2/projects) by extension 'ros'
[0.575s] DEBUG:colcon.colcon_core.package_identification:Package 'src/Shelfino_ROS2/projects' with type 'ros.ament_cmake' and name 'projects'
[0.576s] Level 1:colcon.colcon_core.package_identification:_identify(src/Shelfino_ROS2/shelfino_description) by extensions ['ignore', 'ignore_ament_install']
[0.576s] Level 1:colcon.colcon_core.package_identification:_identify(src/Shelfino_ROS2/shelfino_description) by extension 'ignore'
[0.576s] Level 1:colcon.colcon_core.package_identification:_identify(src/Shelfino_ROS2/shelfino_description) by extension 'ignore_ament_install'
[0.576s] Level 1:colcon.colcon_core.package_identification:_identify(src/Shelfino_ROS2/shelfino_description) by extensions ['colcon_pkg']
[0.576s] Level 1:colcon.colcon_core.package_identification:_identify(src/Shelfino_ROS2/shelfino_description) by extension 'colcon_pkg'
[0.576s] Level 1:colcon.colcon_core.package_identification:_identify(src/Shelfino_ROS2/shelfino_description) by extensions ['colcon_meta']
[0.576s] Level 1:colcon.colcon_core.package_identification:_identify(src/Shelfino_ROS2/shelfino_description) by extension 'colcon_meta'
[0.576s] Level 1:colcon.colcon_core.package_identification:_identify(src/Shelfino_ROS2/shelfino_description) by extensions ['ros']
[0.577s] Level 1:colcon.colcon_core.package_identification:_identify(src/Shelfino_ROS2/shelfino_description) by extension 'ros'
[0.578s] DEBUG:colcon.colcon_core.package_identification:Package 'src/Shelfino_ROS2/shelfino_description' with type 'ros.ament_cmake' and name 'shelfino_description'
[0.578s] Level 1:colcon.colcon_core.package_identification:_identify(src/Shelfino_ROS2/shelfino_gazebo) by extensions ['ignore', 'ignore_ament_install']
[0.578s] Level 1:colcon.colcon_core.package_identification:_identify(src/Shelfino_ROS2/shelfino_gazebo) by extension 'ignore'
[0.578s] Level 1:colcon.colcon_core.package_identification:_identify(src/Shelfino_ROS2/shelfino_gazebo) by extension 'ignore_ament_install'
[0.578s] Level 1:colcon.colcon_core.package_identification:_identify(src/Shelfino_ROS2/shelfino_gazebo) by extensions ['colcon_pkg']
[0.578s] Level 1:colcon.colcon_core.package_identification:_identify(src/Shelfino_ROS2/shelfino_gazebo) by extension 'colcon_pkg'
[0.579s] Level 1:colcon.colcon_core.package_identification:_identify(src/Shelfino_ROS2/shelfino_gazebo) by extensions ['colcon_meta']
[0.579s] Level 1:colcon.colcon_core.package_identification:_identify(src/Shelfino_ROS2/shelfino_gazebo) by extension 'colcon_meta'
[0.579s] Level 1:colcon.colcon_core.package_identification:_identify(src/Shelfino_ROS2/shelfino_gazebo) by extensions ['ros']
[0.579s] Level 1:colcon.colcon_core.package_identification:_identify(src/Shelfino_ROS2/shelfino_gazebo) by extension 'ros'
[0.583s] DEBUG:colcon.colcon_core.package_identification:Package 'src/Shelfino_ROS2/shelfino_gazebo' with type 'ros.ament_cmake' and name 'shelfino_gazebo'
[0.583s] Level 1:colcon.colcon_core.package_identification:_identify(src/Shelfino_ROS2/shelfino_navigation) by extensions ['ignore', 'ignore_ament_install']
[0.583s] Level 1:colcon.colcon_core.package_identification:_identify(src/Shelfino_ROS2/shelfino_navigation) by extension 'ignore'
[0.583s] Level 1:colcon.colcon_core.package_identification:_identify(src/Shelfino_ROS2/shelfino_navigation) by extension 'ignore_ament_install'
[0.583s] Level 1:colcon.colcon_core.package_identification:_identify(src/Shelfino_ROS2/shelfino_navigation) by extensions ['colcon_pkg']
[0.584s] Level 1:colcon.colcon_core.package_identification:_identify(src/Shelfino_ROS2/shelfino_navigation) by extension 'colcon_pkg'
[0.584s] Level 1:colcon.colcon_core.package_identification:_identify(src/Shelfino_ROS2/shelfino_navigation) by extensions ['colcon_meta']
[0.584s] Level 1:colcon.colcon_core.package_identification:_identify(src/Shelfino_ROS2/shelfino_navigation) by extension 'colcon_meta'
[0.584s] Level 1:colcon.colcon_core.package_identification:_identify(src/Shelfino_ROS2/shelfino_navigation) by extensions ['ros']
[0.584s] Level 1:colcon.colcon_core.package_identification:_identify(src/Shelfino_ROS2/shelfino_navigation) by extension 'ros'
[0.585s] DEBUG:colcon.colcon_core.package_identification:Package 'src/Shelfino_ROS2/shelfino_navigation' with type 'ros.ament_cmake' and name 'shelfino_navigation'
[0.586s] Level 1:colcon.colcon_core.package_identification:_identify(src/robot_planning) by extensions ['ignore', 'ignore_ament_install']
[0.586s] Level 1:colcon.colcon_core.package_identification:_identify(src/robot_planning) by extension 'ignore'
[0.586s] Level 1:colcon.colcon_core.package_identification:_identify(src/robot_planning) by extension 'ignore_ament_install'
[0.586s] Level 1:colcon.colcon_core.package_identification:_identify(src/robot_planning) by extensions ['colcon_pkg']
[0.586s] Level 1:colcon.colcon_core.package_identification:_identify(src/robot_planning) by extension 'colcon_pkg'
[0.586s] Level 1:colcon.colcon_core.package_identification:_identify(src/robot_planning) by extensions ['colcon_meta']
[0.586s] Level 1:colcon.colcon_core.package_identification:_identify(src/robot_planning) by extension 'colcon_meta'
[0.586s] Level 1:colcon.colcon_core.package_identification:_identify(src/robot_planning) by extensions ['ros']
[0.586s] Level 1:colcon.colcon_core.package_identification:_identify(src/robot_planning) by extension 'ros'
[0.588s] DEBUG:colcon.colcon_core.package_identification:Package 'src/robot_planning' with type 'ros.ament_cmake' and name 'robot_planning'
[0.588s] Level 1:colcon.colcon_core.package_discovery:discover_packages(recursive) using defaults
[0.588s] Level 1:colcon.colcon_core.package_discovery:discover_packages(ignore) discover
[0.588s] Level 1:colcon.colcon_core.package_discovery:discover_packages(ignore) using defaults
[0.588s] Level 1:colcon.colcon_core.package_discovery:discover_packages(path) discover
[0.588s] Level 1:colcon.colcon_core.package_discovery:discover_packages(path) using defaults
[0.645s] Level 1:colcon.colcon_core.package_discovery:discover_packages(prefix_path) check parameters
[0.646s] Level 1:colcon.colcon_core.package_discovery:discover_packages(prefix_path) discover
[0.648s] DEBUG:colcon.colcon_installed_package_information.package_discovery:Found 1 installed packages in /home/seventeen/Robotics-and-its-application/install
[0.651s] DEBUG:colcon.colcon_installed_package_information.package_discovery:Found 354 installed packages in /opt/ros/humble
[0.655s] Level 1:colcon.colcon_core.package_discovery:discover_packages(prefix_path) using defaults
[0.735s] Level 5:colcon.colcon_core.verb:set package 'evader' build argument 'cmake_args' from command line to 'None'
[0.736s] Level 5:colcon.colcon_core.verb:set package 'evader' build argument 'cmake_target' from command line to 'None'
[0.736s] Level 5:colcon.colcon_core.verb:set package 'evader' build argument 'cmake_target_skip_unavailable' from command line to 'False'
[0.736s] Level 5:colcon.colcon_core.verb:set package 'evader' build argument 'cmake_clean_cache' from command line to 'False'
[0.736s] Level 5:colcon.colcon_core.verb:set package 'evader' build argument 'cmake_clean_first' from command line to 'False'
[0.736s] Level 5:colcon.colcon_core.verb:set package 'evader' build argument 'cmake_force_configure' from command line to 'False'
[0.736s] Level 5:colcon.colcon_core.verb:set package 'evader' build argument 'ament_cmake_args' from command line to 'None'
[0.736s] Level 5:colcon.colcon_core.verb:set package 'evader' build argument 'catkin_cmake_args' from command line to 'None'
[0.736s] Level 5:colcon.colcon_core.verb:set package 'evader' build argument 'catkin_skip_building_tests' from command line to 'False'
[0.736s] DEBUG:colcon.colcon_core.verb:Building package 'evader' with the following arguments: {'ament_cmake_args': None, 'build_base': '/home/seventeen/Robotics-and-its-application/build/evader', 'catkin_cmake_args': None, 'catkin_skip_building_tests': False, 'cmake_args': None, 'cmake_clean_cache': False, 'cmake_clean_first': False, 'cmake_force_configure': False, 'cmake_target': None, 'cmake_target_skip_unavailable': False, 'install_base': '/home/seventeen/Robotics-and-its-application/install/evader', 'merge_install': False, 'path': '/home/seventeen/Robotics-and-its-application/src/Shelfino_ROS2/evader', 'symlink_install': False, 'test_result_base': None}
[0.737s] Level 5:colcon.colcon_core.verb:set package 'obstacles_msgs' build argument 'cmake_args' from command line to 'None'
[0.737s] Level 5:colcon.colcon_core.verb:set package 'obstacles_msgs' build argument 'cmake_target' from command line to 'None'
[0.737s] Level 5:colcon.colcon_core.verb:set package 'obstacles_msgs' build argument 'cmake_target_skip_unavailable' from command line to 'False'
[0.737s] Level 5:colcon.colcon_core.verb:set package 'obstacles_msgs' build argument 'cmake_clean_cache' from command line to 'False'
[0.737s] Level 5:colcon.colcon_core.verb:set package 'obstacles_msgs' build argument 'cmake_clean_first' from command line to 'False'
[0.737s] Level 5:colcon.colcon_core.verb:set package 'obstacles_msgs' build argument 'cmake_force_configure' from command line to 'False'
[0.737s] Level 5:colcon.colcon_core.verb:set package 'obstacles_msgs' build argument 'ament_cmake_args' from command line to 'None'
[0.737s] Level 5:colcon.colcon_core.verb:set package 'obstacles_msgs' build argument 'catkin_cmake_args' from command line to 'None'
[0.737s] Level 5:colcon.colcon_core.verb:set package 'obstacles_msgs' build argument 'catkin_skip_building_tests' from command line to 'False'
[0.737s] DEBUG:colcon.colcon_core.verb:Building package 'obstacles_msgs' with the following arguments: {'ament_cmake_args': None, 'build_base': '/home/seventeen/Robotics-and-its-application/build/obstacles_msgs', 'catkin_cmake_args': None, 'catkin_skip_building_tests': False, 'cmake_args': None, 'cmake_clean_cache': False, 'cmake_clean_first': False, 'cmake_force_configure': False, 'cmake_target': None, 'cmake_target_skip_unavailable': False, 'install_base': '/home/seventeen/Robotics-and-its-application/install/obstacles_msgs', 'merge_install': False, 'path': '/home/seventeen/Robotics-and-its-application/src/Shelfino_ROS2/obstacles_msgs', 'symlink_install': False, 'test_result_base': None}
[0.738s] Level 5:colcon.colcon_core.verb:set package 'robot_planning' build argument 'cmake_args' from command line to 'None'
[0.738s] Level 5:colcon.colcon_core.verb:set package 'robot_planning' build argument 'cmake_target' from command line to 'None'
[0.738s] Level 5:colcon.colcon_core.verb:set package 'robot_planning' build argument 'cmake_target_skip_unavailable' from command line to 'False'
[0.738s] Level 5:colcon.colcon_core.verb:set package 'robot_planning' build argument 'cmake_clean_cache' from command line to 'False'
[0.738s] Level 5:colcon.colcon_core.verb:set package 'robot_planning' build argument 'cmake_clean_first' from command line to 'False'
[0.738s] Level 5:colcon.colcon_core.verb:set package 'robot_planning' build argument 'cmake_force_configure' from command line to 'False'
[0.738s] Level 5:colcon.colcon_core.verb:set package 'robot_planning' build argument 'ament_cmake_args' from command line to 'None'
[0.738s] Level 5:colcon.colcon_core.verb:set package 'robot_planning' build argument 'catkin_cmake_args' from command line to 'None'
[0.738s] Level 5:colcon.colcon_core.verb:set package 'robot_planning' build argument 'catkin_skip_building_tests' from command line to 'False'
[0.738s] DEBUG:colcon.colcon_core.verb:Building package 'robot_planning' with the following arguments: {'ament_cmake_args': None, 'build_base': '/home/seventeen/Robotics-and-its-application/build/robot_planning', 'catkin_cmake_args': None, 'catkin_skip_building_tests': False, 'cmake_args': None, 'cmake_clean_cache': False, 'cmake_clean_first': False, 'cmake_force_configure': False, 'cmake_target': None, 'cmake_target_skip_unavailable': False, 'install_base': '/home/seventeen/Robotics-and-its-application/install/robot_planning', 'merge_install': False, 'path': '/home/seventeen/Robotics-and-its-application/src/robot_planning', 'symlink_install': False, 'test_result_base': None}
[0.739s] Level 5:colcon.colcon_core.verb:set package 'shelfino_description' build argument 'cmake_args' from command line to 'None'
[0.739s] Level 5:colcon.colcon_core.verb:set package 'shelfino_description' build argument 'cmake_target' from command line to 'None'
[0.739s] Level 5:colcon.colcon_core.verb:set package 'shelfino_description' build argument 'cmake_target_skip_unavailable' from command line to 'False'
[0.739s] Level 5:colcon.colcon_core.verb:set package 'shelfino_description' build argument 'cmake_clean_cache' from command line to 'False'
[0.739s] Level 5:colcon.colcon_core.verb:set package 'shelfino_description' build argument 'cmake_clean_first' from command line to 'False'
[0.739s] Level 5:colcon.colcon_core.verb:set package 'shelfino_description' build argument 'cmake_force_configure' from command line to 'False'
[0.739s] Level 5:colcon.colcon_core.verb:set package 'shelfino_description' build argument 'ament_cmake_args' from command line to 'None'
[0.739s] Level 5:colcon.colcon_core.verb:set package 'shelfino_description' build argument 'catkin_cmake_args' from command line to 'None'
[0.740s] Level 5:colcon.colcon_core.verb:set package 'shelfino_description' build argument 'catkin_skip_building_tests' from command line to 'False'
[0.740s] DEBUG:colcon.colcon_core.verb:Building package 'shelfino_description' with the following arguments: {'ament_cmake_args': None, 'build_base': '/home/seventeen/Robotics-and-its-application/build/shelfino_description', 'catkin_cmake_args': None, 'catkin_skip_building_tests': False, 'cmake_args': None, 'cmake_clean_cache': False, 'cmake_clean_first': False, 'cmake_force_configure': False, 'cmake_target': None, 'cmake_target_skip_unavailable': False, 'install_base': '/home/seventeen/Robotics-and-its-application/install/shelfino_description', 'merge_install': False, 'path': '/home/seventeen/Robotics-and-its-application/src/Shelfino_ROS2/shelfino_description', 'symlink_install': False, 'test_result_base': None}
[0.740s] Level 5:colcon.colcon_core.verb:set package 'shelfino_gazebo' build argument 'cmake_args' from command line to 'None'
[0.740s] Level 5:colcon.colcon_core.verb:set package 'shelfino_gazebo' build argument 'cmake_target' from command line to 'None'
[0.740s] Level 5:colcon.colcon_core.verb:set package 'shelfino_gazebo' build argument 'cmake_target_skip_unavailable' from command line to 'False'
[0.740s] Level 5:colcon.colcon_core.verb:set package 'shelfino_gazebo' build argument 'cmake_clean_cache' from command line to 'False'
[0.740s] Level 5:colcon.colcon_core.verb:set package 'shelfino_gazebo' build argument 'cmake_clean_first' from command line to 'False'
[0.740s] Level 5:colcon.colcon_core.verb:set package 'shelfino_gazebo' build argument 'cmake_force_configure' from command line to 'False'
[0.740s] Level 5:colcon.colcon_core.verb:set package 'shelfino_gazebo' build argument 'ament_cmake_args' from command line to 'None'
[0.741s] Level 5:colcon.colcon_core.verb:set package 'shelfino_gazebo' build argument 'catkin_cmake_args' from command line to 'None'
[0.741s] Level 5:colcon.colcon_core.verb:set package 'shelfino_gazebo' build argument 'catkin_skip_building_tests' from command line to 'False'
[0.741s] DEBUG:colcon.colcon_core.verb:Building package 'shelfino_gazebo' with the following arguments: {'ament_cmake_args': None, 'build_base': '/home/seventeen/Robotics-and-its-application/build/shelfino_gazebo', 'catkin_cmake_args': None, 'catkin_skip_building_tests': False, 'cmake_args': None, 'cmake_clean_cache': False, 'cmake_clean_first': False, 'cmake_force_configure': False, 'cmake_target': None, 'cmake_target_skip_unavailable': False, 'install_base': '/home/seventeen/Robotics-and-its-application/install/shelfino_gazebo', 'merge_install': False, 'path': '/home/seventeen/Robotics-and-its-application/src/Shelfino_ROS2/shelfino_gazebo', 'symlink_install': False, 'test_result_base': None}
[0.741s] Level 5:colcon.colcon_core.verb:set package 'shelfino_navigation' build argument 'cmake_args' from command line to 'None'
[0.741s] Level 5:colcon.colcon_core.verb:set package 'shelfino_navigation' build argument 'cmake_target' from command line to 'None'
[0.741s] Level 5:colcon.colcon_core.verb:set package 'shelfino_navigation' build argument 'cmake_target_skip_unavailable' from command line to 'False'
[0.741s] Level 5:colcon.colcon_core.verb:set package 'shelfino_navigation' build argument 'cmake_clean_cache' from command line to 'False'
[0.741s] Level 5:colcon.colcon_core.verb:set package 'shelfino_navigation' build argument 'cmake_clean_first' from command line to 'False'
[0.742s] Level 5:colcon.colcon_core.verb:set package 'shelfino_navigation' build argument 'cmake_force_configure' from command line to 'False'
[0.742s] Level 5:colcon.colcon_core.verb:set package 'shelfino_navigation' build argument 'ament_cmake_args' from command line to 'None'
[0.742s] Level 5:colcon.colcon_core.verb:set package 'shelfino_navigation' build argument 'catkin_cmake_args' from command line to 'None'
[0.742s] Level 5:colcon.colcon_core.verb:set package 'shelfino_navigation' build argument 'catkin_skip_building_tests' from command line to 'False'
[0.742s] DEBUG:colcon.colcon_core.verb:Building package 'shelfino_navigation' with the following arguments: {'ament_cmake_args': None, 'build_base': '/home/seventeen/Robotics-and-its-application/build/shelfino_navigation', 'catkin_cmake_args': None, 'catkin_skip_building_tests': False, 'cmake_args': None, 'cmake_clean_cache': False, 'cmake_clean_first': False, 'cmake_force_configure': False, 'cmake_target': None, 'cmake_target_skip_unavailable': False, 'install_base': '/home/seventeen/Robotics-and-its-application/install/shelfino_navigation', 'merge_install': False, 'path': '/home/seventeen/Robotics-and-its-application/src/Shelfino_ROS2/shelfino_navigation', 'symlink_install': False, 'test_result_base': None}
[0.742s] Level 5:colcon.colcon_core.verb:set package 'map_pkg' build argument 'cmake_args' from command line to 'None'
[0.742s] Level 5:colcon.colcon_core.verb:set package 'map_pkg' build argument 'cmake_target' from command line to 'None'
[0.742s] Level 5:colcon.colcon_core.verb:set package 'map_pkg' build argument 'cmake_target_skip_unavailable' from command line to 'False'
[0.743s] Level 5:colcon.colcon_core.verb:set package 'map_pkg' build argument 'cmake_clean_cache' from command line to 'False'
[0.743s] Level 5:colcon.colcon_core.verb:set package 'map_pkg' build argument 'cmake_clean_first' from command line to 'False'
[0.743s] Level 5:colcon.colcon_core.verb:set package 'map_pkg' build argument 'cmake_force_configure' from command line to 'False'
[0.743s] Level 5:colcon.colcon_core.verb:set package 'map_pkg' build argument 'ament_cmake_args' from command line to 'None'
[0.743s] Level 5:colcon.colcon_core.verb:set package 'map_pkg' build argument 'catkin_cmake_args' from command line to 'None'
[0.743s] Level 5:colcon.colcon_core.verb:set package 'map_pkg' build argument 'catkin_skip_building_tests' from command line to 'False'
[0.743s] DEBUG:colcon.colcon_core.verb:Building package 'map_pkg' with the following arguments: {'ament_cmake_args': None, 'build_base': '/home/seventeen/Robotics-and-its-application/build/map_pkg', 'catkin_cmake_args': None, 'catkin_skip_building_tests': False, 'cmake_args': None, 'cmake_clean_cache': False, 'cmake_clean_first': False, 'cmake_force_configure': False, 'cmake_target': None, 'cmake_target_skip_unavailable': False, 'install_base': '/home/seventeen/Robotics-and-its-application/install/map_pkg', 'merge_install': False, 'path': '/home/seventeen/Robotics-and-its-application/src/Shelfino_ROS2/map_pkg', 'symlink_install': False, 'test_result_base': None}
[0.743s] Level 5:colcon.colcon_core.verb:set package 'projects' build argument 'cmake_args' from command line to 'None'
[0.744s] Level 5:colcon.colcon_core.verb:set package 'projects' build argument 'cmake_target' from command line to 'None'
[0.744s] Level 5:colcon.colcon_core.verb:set package 'projects' build argument 'cmake_target_skip_unavailable' from command line to 'False'
[0.744s] Level 5:colcon.colcon_core.verb:set package 'projects' build argument 'cmake_clean_cache' from command line to 'False'
[0.744s] Level 5:colcon.colcon_core.verb:set package 'projects' build argument 'cmake_clean_first' from command line to 'False'
[0.744s] Level 5:colcon.colcon_core.verb:set package 'projects' build argument 'cmake_force_configure' from command line to 'False'
[0.744s] Level 5:colcon.colcon_core.verb:set package 'projects' build argument 'ament_cmake_args' from command line to 'None'
[0.744s] Level 5:colcon.colcon_core.verb:set package 'projects' build argument 'catkin_cmake_args' from command line to 'None'
[0.744s] Level 5:colcon.colcon_core.verb:set package 'projects' build argument 'catkin_skip_building_tests' from command line to 'False'
[0.744s] DEBUG:colcon.colcon_core.verb:Building package 'projects' with the following arguments: {'ament_cmake_args': None, 'build_base': '/home/seventeen/Robotics-and-its-application/build/projects', 'catkin_cmake_args': None, 'catkin_skip_building_tests': False, 'cmake_args': None, 'cmake_clean_cache': False, 'cmake_clean_first': False, 'cmake_force_configure': False, 'cmake_target': None, 'cmake_target_skip_unavailable': False, 'install_base': '/home/seventeen/Robotics-and-its-application/install/projects', 'merge_install': False, 'path': '/home/seventeen/Robotics-and-its-application/src/Shelfino_ROS2/projects', 'symlink_install': False, 'test_result_base': None}
[0.744s] INFO:colcon.colcon_core.executor:Executing jobs using 'parallel' executor
[0.746s] DEBUG:colcon.colcon_parallel_executor.executor.parallel:run_until_complete
[0.747s] INFO:colcon.colcon_ros.task.ament_cmake.build:Building ROS package in '/home/seventeen/Robotics-and-its-application/src/Shelfino_ROS2/obstacles_msgs' with build type 'ament_cmake'
[0.748s] INFO:colcon.colcon_cmake.task.cmake.build:Building CMake package in '/home/seventeen/Robotics-and-its-application/src/Shelfino_ROS2/obstacles_msgs'
[0.752s] INFO:colcon.colcon_core.plugin_system:Skipping extension 'colcon_core.shell.bat': Not used on non-Windows systems
[0.752s] INFO:colcon.colcon_core.shell:Skip shell extension 'powershell' for command environment: Not usable outside of PowerShell
[0.752s] DEBUG:colcon.colcon_core.shell:Skip shell extension 'dsv' for command environment
[0.759s] INFO:colcon.colcon_ros.task.ament_cmake.build:Building ROS package in '/home/seventeen/Robotics-and-its-application/src/Shelfino_ROS2/shelfino_description' with build type 'ament_cmake'
[0.759s] INFO:colcon.colcon_cmake.task.cmake.build:Building CMake package in '/home/seventeen/Robotics-and-its-application/src/Shelfino_ROS2/shelfino_description'
[0.760s] INFO:colcon.colcon_core.shell:Skip shell extension 'powershell' for command environment: Not usable outside of PowerShell
[0.760s] DEBUG:colcon.colcon_core.shell:Skip shell extension 'dsv' for command environment
[0.767s] INFO:colcon.colcon_ros.task.ament_cmake.build:Building ROS package in '/home/seventeen/Robotics-and-its-application/src/Shelfino_ROS2/shelfino_gazebo' with build type 'ament_cmake'
[0.767s] INFO:colcon.colcon_cmake.task.cmake.build:Building CMake package in '/home/seventeen/Robotics-and-its-application/src/Shelfino_ROS2/shelfino_gazebo'
[0.767s] INFO:colcon.colcon_core.shell:Skip shell extension 'powershell' for command environment: Not usable outside of PowerShell
[0.767s] DEBUG:colcon.colcon_core.shell:Skip shell extension 'dsv' for command environment
[0.775s] INFO:colcon.colcon_ros.task.ament_cmake.build:Building ROS package in '/home/seventeen/Robotics-and-its-application/src/Shelfino_ROS2/shelfino_navigation' with build type 'ament_cmake'
[0.775s] INFO:colcon.colcon_cmake.task.cmake.build:Building CMake package in '/home/seventeen/Robotics-and-its-application/src/Shelfino_ROS2/shelfino_navigation'
[0.777s] INFO:colcon.colcon_core.shell:Skip shell extension 'powershell' for command environment: Not usable outside of PowerShell
[0.777s] DEBUG:colcon.colcon_core.shell:Skip shell extension 'dsv' for command environment
[0.787s] INFO:colcon.colcon_ros.task.ament_cmake.build:Building ROS package in '/home/seventeen/Robotics-and-its-application/src/Shelfino_ROS2/evader' with build type 'ament_cmake'
[0.787s] INFO:colcon.colcon_cmake.task.cmake.build:Building CMake package in '/home/seventeen/Robotics-and-its-application/src/Shelfino_ROS2/evader'
[0.788s] INFO:colcon.colcon_core.shell:Skip shell extension 'powershell' for command environment: Not usable outside of PowerShell
[0.788s] DEBUG:colcon.colcon_core.shell:Skip shell extension 'dsv' for command environment
[0.794s] INFO:colcon.colcon_ros.task.ament_cmake.build:Building ROS package in '/home/seventeen/Robotics-and-its-application/src/robot_planning' with build type 'ament_cmake'
[0.795s] INFO:colcon.colcon_cmake.task.cmake.build:Building CMake package in '/home/seventeen/Robotics-and-its-application/src/robot_planning'
[0.795s] INFO:colcon.colcon_core.shell:Skip shell extension 'powershell' for command environment: Not usable outside of PowerShell
[0.795s] DEBUG:colcon.colcon_core.shell:Skip shell extension 'dsv' for command environment
[0.813s] DEBUG:colcon.colcon_core.event_handler.log_command:Invoking command in '/home/seventeen/Robotics-and-its-application/build/obstacles_msgs': CMAKE_PREFIX_PATH=/opt/ros/humble /home/seventeen/.local/bin/cmake /home/seventeen/Robotics-and-its-application/src/Shelfino_ROS2/obstacles_msgs -DCMAKE_INSTALL_PREFIX=/home/seventeen/Robotics-and-its-application/install/obstacles_msgs
[0.821s] DEBUG:colcon.colcon_core.event_handler.log_command:Invoking command in '/home/seventeen/Robotics-and-its-application/build/shelfino_description': CMAKE_PREFIX_PATH=/opt/ros/humble /home/seventeen/.local/bin/cmake /home/seventeen/Robotics-and-its-application/src/Shelfino_ROS2/shelfino_description -DCMAKE_INSTALL_PREFIX=/home/seventeen/Robotics-and-its-application/install/shelfino_description
[0.829s] DEBUG:colcon.colcon_core.event_handler.log_command:Invoking command in '/home/seventeen/Robotics-and-its-application/build/shelfino_gazebo': CMAKE_PREFIX_PATH=/opt/ros/humble /home/seventeen/.local/bin/cmake /home/seventeen/Robotics-and-its-application/src/Shelfino_ROS2/shelfino_gazebo -DCMAKE_INSTALL_PREFIX=/home/seventeen/Robotics-and-its-application/install/shelfino_gazebo
[0.838s] DEBUG:colcon.colcon_core.event_handler.log_command:Invoking command in '/home/seventeen/Robotics-and-its-application/build/shelfino_navigation': CMAKE_PREFIX_PATH=/opt/ros/humble /home/seventeen/.local/bin/cmake /home/seventeen/Robotics-and-its-application/src/Shelfino_ROS2/shelfino_navigation -DCMAKE_INSTALL_PREFIX=/home/seventeen/Robotics-and-its-application/install/shelfino_navigation
[0.840s] DEBUG:colcon.colcon_core.event_handler.log_command:Invoking command in '/home/seventeen/Robotics-and-its-application/build/evader': CMAKE_PREFIX_PATH=/opt/ros/humble /home/seventeen/.local/bin/cmake /home/seventeen/Robotics-and-its-application/src/Shelfino_ROS2/evader -DCMAKE_INSTALL_PREFIX=/home/seventeen/Robotics-and-its-application/install/evader
[0.848s] DEBUG:colcon.colcon_core.event_handler.log_command:Invoking command in '/home/seventeen/Robotics-and-its-application/build/robot_planning': CMAKE_PREFIX_PATH=/opt/ros/humble /home/seventeen/.local/bin/cmake /home/seventeen/Robotics-and-its-application/src/robot_planning -DCMAKE_INSTALL_PREFIX=/home/seventeen/Robotics-and-its-application/install/robot_planning
[2.520s] DEBUG:colcon.colcon_core.event_handler.log_command:Invoked command in '/home/seventeen/Robotics-and-its-application/build/robot_planning' returned '1': CMAKE_PREFIX_PATH=/opt/ros/humble /home/seventeen/.local/bin/cmake /home/seventeen/Robotics-and-its-application/src/robot_planning -DCMAKE_INSTALL_PREFIX=/home/seventeen/Robotics-and-its-application/install/robot_planning
[2.659s] DEBUG:colcon.colcon_core.event_handler.log_command:Invoked command in '/home/seventeen/Robotics-and-its-application/build/shelfino_description' returned '0': CMAKE_PREFIX_PATH=/opt/ros/humble /home/seventeen/.local/bin/cmake /home/seventeen/Robotics-and-its-application/src/Shelfino_ROS2/shelfino_description -DCMAKE_INSTALL_PREFIX=/home/seventeen/Robotics-and-its-application/install/shelfino_description
[2.665s] DEBUG:colcon.colcon_core.event_handler.log_command:Invoking command in '/home/seventeen/Robotics-and-its-application/build/shelfino_description': CMAKE_PREFIX_PATH=/opt/ros/humble /home/seventeen/.local/bin/cmake --build /home/seventeen/Robotics-and-its-application/build/shelfino_description -- -j8 -l8
[2.688s] Level 1:colcon.colcon_core.environment:create_environment_scripts_only(robot_planning)
[2.697s] Level 1:colcon.colcon_core.environment:checking '/home/seventeen/Robotics-and-its-application/install/robot_planning' for CMake module files
[2.698s] Level 1:colcon.colcon_core.environment:checking '/home/seventeen/Robotics-and-its-application/install/robot_planning' for CMake config files
[2.700s] Level 1:colcon.colcon_core.environment:checking '/home/seventeen/Robotics-and-its-application/install/robot_planning/bin'
[2.701s] Level 1:colcon.colcon_core.environment:checking '/home/seventeen/Robotics-and-its-application/install/robot_planning/lib/pkgconfig/robot_planning.pc'
[2.701s] Level 1:colcon.colcon_core.environment:checking '/home/seventeen/Robotics-and-its-application/install/robot_planning/lib/python3.10/site-packages'
[2.702s] Level 1:colcon.colcon_core.environment:checking '/home/seventeen/Robotics-and-its-application/install/robot_planning/bin'
[2.703s] INFO:colcon.colcon_core.shell:Creating package script '/home/seventeen/Robotics-and-its-application/install/robot_planning/share/robot_planning/package.ps1'
[2.705s] INFO:colcon.colcon_core.shell:Creating package descriptor '/home/seventeen/Robotics-and-its-application/install/robot_planning/share/robot_planning/package.dsv'
[2.707s] INFO:colcon.colcon_core.shell:Creating package script '/home/seventeen/Robotics-and-its-application/install/robot_planning/share/robot_planning/package.sh'
[2.709s] INFO:colcon.colcon_core.shell:Creating package script '/home/seventeen/Robotics-and-its-application/install/robot_planning/share/robot_planning/package.bash'
[2.712s] INFO:colcon.colcon_core.shell:Creating package script '/home/seventeen/Robotics-and-its-application/install/robot_planning/share/robot_planning/package.zsh'
[2.715s] Level 1:colcon.colcon_core.environment:create_file_with_runtime_dependencies(/home/seventeen/Robotics-and-its-application/install/robot_planning/share/colcon-core/packages/robot_planning)
[6.706s] DEBUG:colcon.colcon_parallel_executor.executor.parallel:closing loop
[6.706s] DEBUG:colcon.colcon_parallel_executor.executor.parallel:loop closed
[6.706s] DEBUG:colcon.colcon_parallel_executor.executor.parallel:run_until_complete finished with '1'
[6.706s] DEBUG:colcon.colcon_core.event_reactor:joining thread
[6.717s] INFO:colcon.colcon_core.plugin_system:Skipping extension 'colcon_notification.desktop_notification.terminal_notifier': Not used on non-Darwin systems
[6.717s] INFO:colcon.colcon_core.plugin_system:Skipping extension 'colcon_notification.desktop_notification.win32': Not used on non-Windows systems
[6.717s] INFO:colcon.colcon_notification.desktop_notification:Sending desktop notification using 'notify2'
[6.752s] DEBUG:colcon.colcon_core.event_reactor:joined thread
[6.753s] INFO:colcon.colcon_core.shell:Creating prefix script '/home/seventeen/Robotics-and-its-application/install/local_setup.ps1'
[6.756s] INFO:colcon.colcon_core.shell:Creating prefix util module '/home/seventeen/Robotics-and-its-application/install/_local_setup_util_ps1.py'
[6.760s] INFO:colcon.colcon_core.shell:Creating prefix chain script '/home/seventeen/Robotics-and-its-application/install/setup.ps1'
[6.763s] INFO:colcon.colcon_core.shell:Creating prefix script '/home/seventeen/Robotics-and-its-application/install/local_setup.sh'
[6.765s] INFO:colcon.colcon_core.shell:Creating prefix util module '/home/seventeen/Robotics-and-its-application/install/_local_setup_util_sh.py'
[6.766s] INFO:colcon.colcon_core.shell:Creating prefix chain script '/home/seventeen/Robotics-and-its-application/install/setup.sh'
[6.769s] INFO:colcon.colcon_core.shell:Creating prefix script '/home/seventeen/Robotics-and-its-application/install/local_setup.bash'
[6.770s] INFO:colcon.colcon_core.shell:Creating prefix chain script '/home/seventeen/Robotics-and-its-application/install/setup.bash'
[6.773s] INFO:colcon.colcon_core.shell:Creating prefix script '/home/seventeen/Robotics-and-its-application/install/local_setup.zsh'
[6.775s] INFO:colcon.colcon_core.shell:Creating prefix chain script '/home/seventeen/Robotics-and-its-application/install/setup.zsh'
