[0.052s] Invoking command in '/home/seventeen/Robotics-and-its-application/build/shelfino_navigation': CMAKE_PREFIX_PATH=/opt/ros/humble /home/seventeen/.local/bin/cmake --build /home/seventeen/Robotics-and-its-application/build/shelfino_navigation -- -j8 -l8
[0.251s] Invoked command in '/home/seventeen/Robotics-and-its-application/build/shelfino_navigation' returned '0': CMAKE_PREFIX_PATH=/opt/ros/humble /home/seventeen/.local/bin/cmake --build /home/seventeen/Robotics-and-its-application/build/shelfino_navigation -- -j8 -l8
[0.749s] Invoking command in '/home/seventeen/Robotics-and-its-application/build/shelfino_navigation': CMAKE_PREFIX_PATH=/opt/ros/humble /home/seventeen/.local/bin/cmake --install /home/seventeen/Robotics-and-its-application/build/shelfino_navigation
[0.972s] -- Install configuration: ""
[0.973s] -- Up-to-date: /home/seventeen/Robotics-and-its-application/install/shelfino_navigation/share/shelfino_navigation/launch
[0.973s] -- Up-to-date: /home/seventeen/Robotics-and-its-application/install/shelfino_navigation/share/shelfino_navigation/launch/shelfino_nav.launch.py
[0.974s] -- Up-to-date: /home/seventeen/Robotics-and-its-application/install/shelfino_navigation/share/shelfino_navigation/launch/multi_shelfino_nav.launch.py
[0.974s] -- Up-to-date: /home/seventeen/Robotics-and-its-application/install/shelfino_navigation/share/shelfino_navigation/config
[0.974s] -- Up-to-date: /home/seventeen/Robotics-and-its-application/install/shelfino_navigation/share/shelfino_navigation/config/shelfino.yaml
[0.975s] -- Up-to-date: /home/seventeen/Robotics-and-its-application/install/shelfino_navigation/share/shelfino_navigation/rviz
[0.975s] -- Up-to-date: /home/seventeen/Robotics-and-its-application/install/shelfino_navigation/share/shelfino_navigation/rviz/shelfino_nav.rviz
[0.975s] -- Up-to-date: /home/seventeen/Robotics-and-its-application/install/shelfino_navigation/share/shelfino_navigation/rviz/shelfino2_slam.rviz
[0.975s] -- Up-to-date: /home/seventeen/Robotics-and-its-application/install/shelfino_navigation/share/shelfino_navigation/rviz/shelfino_nav_backup.rviz
[0.976s] -- Up-to-date: /home/seventeen/Robotics-and-its-application/install/shelfino_navigation/share/shelfino_navigation/maps
[0.976s] -- Up-to-date: /home/seventeen/Robotics-and-its-application/install/shelfino_navigation/share/shelfino_navigation/maps/ufficio3.yaml
[0.976s] -- Up-to-date: /home/seventeen/Robotics-and-its-application/install/shelfino_navigation/share/shelfino_navigation/maps/ufficio.pgm
[0.976s] -- Up-to-date: /home/seventeen/Robotics-and-its-application/install/shelfino_navigation/share/shelfino_navigation/maps/ufficio2.yaml
[0.977s] -- Up-to-date: /home/seventeen/Robotics-and-its-application/install/shelfino_navigation/share/shelfino_navigation/maps/dynamic_map.png
[0.977s] -- Up-to-date: /home/seventeen/Robotics-and-its-application/install/shelfino_navigation/share/shelfino_navigation/maps/test_obstacles.pgm
[0.977s] -- Up-to-date: /home/seventeen/Robotics-and-its-application/install/shelfino_navigation/share/shelfino_navigation/maps/lab1.pgm
[0.978s] -- Up-to-date: /home/seventeen/Robotics-and-its-application/install/shelfino_navigation/share/shelfino_navigation/maps/ufficio1.yaml
[0.978s] -- Up-to-date: /home/seventeen/Robotics-and-its-application/install/shelfino_navigation/share/shelfino_navigation/maps/test_obstacles.yaml
[0.978s] -- Up-to-date: /home/seventeen/Robotics-and-its-application/install/shelfino_navigation/share/shelfino_navigation/maps/lab.yaml
[0.978s] -- Up-to-date: /home/seventeen/Robotics-and-its-application/install/shelfino_navigation/share/shelfino_navigation/maps/hexagon.yaml
[0.978s] -- Up-to-date: /home/seventeen/Robotics-and-its-application/install/shelfino_navigation/share/shelfino_navigation/maps/dynamic_map.yaml
[0.979s] -- Up-to-date: /home/seventeen/Robotics-and-its-application/install/shelfino_navigation/share/shelfino_navigation/maps/lab1.yaml
[0.979s] -- Up-to-date: /home/seventeen/Robotics-and-its-application/install/shelfino_navigation/share/shelfino_navigation/maps/ufficio3.pgm
[0.979s] -- Up-to-date: /home/seventeen/Robotics-and-its-application/install/shelfino_navigation/share/shelfino_navigation/maps/lab.pgm
[0.980s] -- Up-to-date: /home/seventeen/Robotics-and-its-application/install/shelfino_navigation/share/shelfino_navigation/maps/ufficio.yaml
[0.980s] -- Up-to-date: /home/seventeen/Robotics-and-its-application/install/shelfino_navigation/share/shelfino_navigation/maps/demo.pgm
[0.980s] -- Up-to-date: /home/seventeen/Robotics-and-its-application/install/shelfino_navigation/share/shelfino_navigation/maps/ufficio2.pgm
[0.980s] -- Up-to-date: /home/seventeen/Robotics-and-its-application/install/shelfino_navigation/share/shelfino_navigation/maps/ufficio1.pgm
[0.981s] -- Up-to-date: /home/seventeen/Robotics-and-its-application/install/shelfino_navigation/share/shelfino_navigation/maps/hexagon.pgm
[0.981s] -- Up-to-date: /home/seventeen/Robotics-and-its-application/install/shelfino_navigation/share/shelfino_navigation/maps/demo.yaml
[0.981s] -- Up-to-date: /home/seventeen/Robotics-and-its-application/install/shelfino_navigation/share/ament_index/resource_index/package_run_dependencies/shelfino_navigation
[0.982s] -- Up-to-date: /home/seventeen/Robotics-and-its-application/install/shelfino_navigation/share/ament_index/resource_index/parent_prefix_path/shelfino_navigation
[0.982s] -- Up-to-date: /home/seventeen/Robotics-and-its-application/install/shelfino_navigation/share/shelfino_navigation/environment/ament_prefix_path.sh
[0.982s] -- Up-to-date: /home/seventeen/Robotics-and-its-application/install/shelfino_navigation/share/shelfino_navigation/environment/ament_prefix_path.dsv
[0.982s] -- Up-to-date: /home/seventeen/Robotics-and-its-application/install/shelfino_navigation/share/shelfino_navigation/environment/path.sh
[0.983s] -- Up-to-date: /home/seventeen/Robotics-and-its-application/install/shelfino_navigation/share/shelfino_navigation/environment/path.dsv
[0.983s] -- Up-to-date: /home/seventeen/Robotics-and-its-application/install/shelfino_navigation/share/shelfino_navigation/local_setup.bash
[0.984s] -- Up-to-date: /home/seventeen/Robotics-and-its-application/install/shelfino_navigation/share/shelfino_navigation/local_setup.sh
[0.984s] -- Up-to-date: /home/seventeen/Robotics-and-its-application/install/shelfino_navigation/share/shelfino_navigation/local_setup.zsh
[0.984s] -- Up-to-date: /home/seventeen/Robotics-and-its-application/install/shelfino_navigation/share/shelfino_navigation/local_setup.dsv
[0.984s] -- Installing: /home/seventeen/Robotics-and-its-application/install/shelfino_navigation/share/shelfino_navigation/package.dsv
[0.986s] -- Up-to-date: /home/seventeen/Robotics-and-its-application/install/shelfino_navigation/share/ament_index/resource_index/packages/shelfino_navigation
[0.987s] -- Up-to-date: /home/seventeen/Robotics-and-its-application/install/shelfino_navigation/share/shelfino_navigation/cmake/shelfino_navigationConfig.cmake
[0.987s] -- Up-to-date: /home/seventeen/Robotics-and-its-application/install/shelfino_navigation/share/shelfino_navigation/cmake/shelfino_navigationConfig-version.cmake
[0.987s] -- Up-to-date: /home/seventeen/Robotics-and-its-application/install/shelfino_navigation/share/shelfino_navigation/package.xml
[1.071s] Invoked command in '/home/seventeen/Robotics-and-its-application/build/shelfino_navigation' returned '0': CMAKE_PREFIX_PATH=/opt/ros/humble /home/seventeen/.local/bin/cmake --install /home/seventeen/Robotics-and-its-application/build/shelfino_navigation
