[0.019s] Invoking command in '/home/seventeen/Documents/GitHub/Robotics-and-its-application/build/motion_planner_msgs': CMAKE_PREFIX_PATH=/opt/ros/humble /home/seventeen/.local/bin/cmake /home/seventeen/Documents/GitHub/Robotics-and-its-application/motion_planner_msgs -DCMAKE_INSTALL_PREFIX=/home/seventeen/Documents/GitHub/Robotics-and-its-application/install/motion_planner_msgs
[0.143s] [0mCMake Deprecation Warning at CMakeLists.txt:1 (cmake_minimum_required):
[0.143s]   Compatibility with CMake < 3.10 will be removed from a future version of
[0.143s]   CMake.
[0.143s] 
[0.143s]   Update the VERSION argument <min> value or use a ...<max> suffix to tell
[0.143s]   CMake that the project does not need compatibility with older versions.
[0.143s] 
[0.143s] [0m
[0.268s] -- The C compiler identification is GNU 11.4.0
[0.390s] -- The CXX compiler identification is GNU 11.4.0
[0.408s] -- Detecting C compiler ABI info
[0.523s] -- Detecting C compiler ABI info - done
[0.571s] -- Check for working C compiler: /usr/bin/cc - skipped
[0.571s] -- Detecting C compile features
[0.572s] -- Detecting C compile features - done
[0.594s] -- Detecting CXX compiler ABI info
[0.719s] -- Detecting CXX compiler ABI info - done
[0.744s] -- Check for working CXX compiler: /usr/bin/c++ - skipped
[0.745s] -- Detecting CXX compile features
[0.746s] -- Detecting CXX compile features - done
[0.767s] -- Found ament_cmake: 1.3.11 (/opt/ros/humble/share/ament_cmake/cmake)
[0.988s] -- Found Python3: /usr/bin/python3 (found version "3.10.12") found components: Interpreter
[1.173s] -- Found std_msgs: 4.2.4 (/opt/ros/humble/share/std_msgs/cmake)
[1.254s] -- Found rosidl_generator_c: 3.1.6 (/opt/ros/humble/share/rosidl_generator_c/cmake)
[1.262s] -- Found rosidl_adapter: 3.1.6 (/opt/ros/humble/share/rosidl_adapter/cmake)
[1.277s] -- Found rosidl_generator_cpp: 3.1.6 (/opt/ros/humble/share/rosidl_generator_cpp/cmake)
[1.308s] -- Using all available rosidl_typesupport_c: rosidl_typesupport_fastrtps_c;rosidl_typesupport_introspection_c
[1.337s] -- Using all available rosidl_typesupport_cpp: rosidl_typesupport_fastrtps_cpp;rosidl_typesupport_introspection_cpp
[1.407s] -- Found rosidl_default_generators: 1.2.0 (/opt/ros/humble/share/rosidl_default_generators/cmake)
[1.428s] -- Found geometry_msgs: 4.2.4 (/opt/ros/humble/share/geometry_msgs/cmake)
[2.240s] -- Found ament_cmake_ros: 0.10.0 (/opt/ros/humble/share/ament_cmake_ros/cmake)
[3.714s] -- Using all available rosidl_typesupport_c: rosidl_typesupport_fastrtps_c;rosidl_typesupport_introspection_c
[4.307s] -- Using all available rosidl_typesupport_cpp: rosidl_typesupport_fastrtps_cpp;rosidl_typesupport_introspection_cpp
[4.313s] [33mCMake Warning (dev) at /opt/ros/humble/share/rosidl_generator_py/cmake/rosidl_generator_py_generate_interfaces.cmake:20 (find_package):
[4.313s]   Policy CMP0148 is not set: The FindPythonInterp and FindPythonLibs modules
[4.313s]   are removed.  Run "cmake --help-policy CMP0148" for policy details.  Use
[4.313s]   the cmake_policy command to set the policy and suppress this warning.
[4.313s] 
[4.313s] Call Stack (most recent call first):
[4.314s]   /opt/ros/humble/share/ament_cmake_core/cmake/core/ament_execute_extensions.cmake:48 (include)
[4.314s]   /opt/ros/humble/share/rosidl_cmake/cmake/rosidl_generate_interfaces.cmake:286 (ament_execute_extensions)
[4.314s]   CMakeLists.txt:14 (rosidl_generate_interfaces)
[4.314s] This warning is for project developers.  Use -Wno-dev to suppress it.
[4.314s] [0m
[4.359s] -- Found PythonInterp: /usr/bin/python3 (found suitable version "3.10.12", minimum required is "3.6")
[4.363s] -- Found python_cmake_module: 0.10.0 (/opt/ros/humble/share/python_cmake_module/cmake)
[4.365s] [33mCMake Warning (dev) at /opt/ros/humble/share/python_cmake_module/cmake/Modules/FindPythonExtra.cmake:52 (find_package):
[4.365s]   Policy CMP0148 is not set: The FindPythonInterp and FindPythonLibs modules
[4.365s]   are removed.  Run "cmake --help-policy CMP0148" for policy details.  Use
[4.365s]   the cmake_policy command to set the policy and suppress this warning.
[4.365s] 
[4.365s] Call Stack (most recent call first):
[4.366s]   /opt/ros/humble/share/rosidl_generator_py/cmake/rosidl_generator_py_generate_interfaces.cmake:23 (find_package)
[4.366s]   /opt/ros/humble/share/ament_cmake_core/cmake/core/ament_execute_extensions.cmake:48 (include)
[4.366s]   /opt/ros/humble/share/rosidl_cmake/cmake/rosidl_generate_interfaces.cmake:286 (ament_execute_extensions)
[4.366s]   CMakeLists.txt:14 (rosidl_generate_interfaces)
[4.366s] This warning is for project developers.  Use -Wno-dev to suppress it.
[4.366s] [0m
[4.406s] [33mCMake Warning (dev) at /opt/ros/humble/share/python_cmake_module/cmake/Modules/FindPythonExtra.cmake:140 (find_package):
[4.406s]   Policy CMP0148 is not set: The FindPythonInterp and FindPythonLibs modules
[4.406s]   are removed.  Run "cmake --help-policy CMP0148" for policy details.  Use
[4.406s]   the cmake_policy command to set the policy and suppress this warning.
[4.406s] 
[4.406s] Call Stack (most recent call first):
[4.406s]   /opt/ros/humble/share/rosidl_generator_py/cmake/rosidl_generator_py_generate_interfaces.cmake:23 (find_package)
[4.407s]   /opt/ros/humble/share/ament_cmake_core/cmake/core/ament_execute_extensions.cmake:48 (include)
[4.407s]   /opt/ros/humble/share/rosidl_cmake/cmake/rosidl_generate_interfaces.cmake:286 (ament_execute_extensions)
[4.407s]   CMakeLists.txt:14 (rosidl_generate_interfaces)
[4.407s] This warning is for project developers.  Use -Wno-dev to suppress it.
[4.407s] [0m
[4.421s] -- Found PythonLibs: /usr/lib/x86_64-linux-gnu/libpython3.10.so (found suitable version "3.10.12", minimum required is "3.5")
[4.422s] -- Using PYTHON_EXECUTABLE: /usr/bin/python3
[4.422s] -- Using PYTHON_INCLUDE_DIRS: /usr/include/python3.10
[4.422s] -- Using PYTHON_LIBRARIES: /usr/lib/x86_64-linux-gnu/libpython3.10.so
[4.462s] -- Found PythonExtra: .so
[4.613s] -- Found ament_lint_auto: 0.12.11 (/opt/ros/humble/share/ament_lint_auto/cmake)
[4.663s] -- Added test 'lint_cmake' to check CMake code style
[4.666s] -- Added test 'xmllint' to check XML markup files
[4.671s] -- Configuring done (4.5s)
[4.756s] -- Generating done (0.1s)
[4.774s] -- Build files have been written to: /home/seventeen/Documents/GitHub/Robotics-and-its-application/build/motion_planner_msgs
[4.793s] Invoked command in '/home/seventeen/Documents/GitHub/Robotics-and-its-application/build/motion_planner_msgs' returned '0': CMAKE_PREFIX_PATH=/opt/ros/humble /home/seventeen/.local/bin/cmake /home/seventeen/Documents/GitHub/Robotics-and-its-application/motion_planner_msgs -DCMAKE_INSTALL_PREFIX=/home/seventeen/Documents/GitHub/Robotics-and-its-application/install/motion_planner_msgs
[4.797s] Invoking command in '/home/seventeen/Documents/GitHub/Robotics-and-its-application/build/motion_planner_msgs': CMAKE_PREFIX_PATH=/opt/ros/humble /home/seventeen/.local/bin/cmake --build /home/seventeen/Documents/GitHub/Robotics-and-its-application/build/motion_planner_msgs -- -j8 -l8
[4.985s] [  3%] [34m[1mGenerating C code for ROS interfaces[0m
[4.988s] [  6%] [34m[1mGenerating C++ code for ROS interfaces[0m
[5.010s] [  6%] Built target ament_cmake_python_copy_motion_planner_msgs
[5.851s] running egg_info
[5.854s] creating motion_planner_msgs.egg-info
[5.854s] writing motion_planner_msgs.egg-info/PKG-INFO
[5.854s] writing dependency_links to motion_planner_msgs.egg-info/dependency_links.txt
[5.856s] writing top-level names to motion_planner_msgs.egg-info/top_level.txt
[5.857s] writing manifest file 'motion_planner_msgs.egg-info/SOURCES.txt'
[5.866s] reading manifest file 'motion_planner_msgs.egg-info/SOURCES.txt'
[5.873s] writing manifest file 'motion_planner_msgs.egg-info/SOURCES.txt'
[6.000s] [  6%] Built target ament_cmake_python_build_motion_planner_msgs_egg
[6.045s] [  9%] [32mBuilding C object CMakeFiles/motion_planner_msgs__rosidl_generator_c.dir/rosidl_generator_c/motion_planner_msgs/srv/detail/validate_path__functions.c.o[0m
[6.125s] [  9%] Built target motion_planner_msgs__cpp
[6.151s] [ 12%] [34m[1mGenerating C++ type support dispatch for ROS interfaces[0m
[6.151s] [ 16%] [34m[1mGenerating C++ type support for eProsima Fast-RTPS[0m
[6.157s] [ 19%] [34m[1mGenerating C++ introspection for ROS interfaces[0m
[6.345s] [ 22%] [32m[1mLinking C shared library libmotion_planner_msgs__rosidl_generator_c.so[0m
[6.546s] [ 22%] Built target motion_planner_msgs__rosidl_generator_c
[6.566s] [ 25%] [34m[1mGenerating C introspection for ROS interfaces[0m
[6.576s] [ 29%] [34m[1mGenerating C type support dispatch for ROS interfaces[0m
[6.585s] [ 32%] [34m[1mGenerating C type support for eProsima Fast-RTPS[0m
[7.211s] [ 35%] [32mBuilding CXX object CMakeFiles/motion_planner_msgs__rosidl_typesupport_introspection_cpp.dir/rosidl_typesupport_introspection_cpp/motion_planner_msgs/srv/detail/validate_path__type_support.cpp.o[0m
[7.661s] [ 38%] [32mBuilding CXX object CMakeFiles/motion_planner_msgs__rosidl_typesupport_cpp.dir/rosidl_typesupport_cpp/motion_planner_msgs/srv/validate_path__type_support.cpp.o[0m
[7.700s] [ 41%] [32mBuilding CXX object CMakeFiles/motion_planner_msgs__rosidl_typesupport_fastrtps_cpp.dir/rosidl_typesupport_fastrtps_cpp/motion_planner_msgs/srv/detail/dds_fastrtps/validate_path__type_support.cpp.o[0m
[7.807s] [ 45%] [32mBuilding C object CMakeFiles/motion_planner_msgs__rosidl_typesupport_introspection_c.dir/rosidl_typesupport_introspection_c/motion_planner_msgs/srv/detail/validate_path__type_support.c.o[0m
[7.992s] [ 48%] [32m[1mLinking C shared library libmotion_planner_msgs__rosidl_typesupport_introspection_c.so[0m
[8.108s] [ 51%] [32mBuilding CXX object CMakeFiles/motion_planner_msgs__rosidl_typesupport_c.dir/rosidl_typesupport_c/motion_planner_msgs/srv/validate_path__type_support.cpp.o[0m
[8.113s] [ 51%] Built target motion_planner_msgs__rosidl_typesupport_introspection_c
[8.260s] [ 54%] [32m[1mLinking CXX shared library libmotion_planner_msgs__rosidl_typesupport_c.so[0m
[8.274s] [ 58%] [32mBuilding CXX object CMakeFiles/motion_planner_msgs__rosidl_typesupport_fastrtps_c.dir/rosidl_typesupport_fastrtps_c/motion_planner_msgs/srv/detail/validate_path__type_support_c.cpp.o[0m
[8.399s] [ 58%] Built target motion_planner_msgs__rosidl_typesupport_c
[8.801s] [ 61%] [32m[1mLinking CXX shared library libmotion_planner_msgs__rosidl_typesupport_cpp.so[0m
[8.860s] [ 64%] [32m[1mLinking CXX shared library libmotion_planner_msgs__rosidl_typesupport_introspection_cpp.so[0m
[8.917s] [ 64%] Built target motion_planner_msgs__rosidl_typesupport_cpp
[9.023s] [ 64%] Built target motion_planner_msgs__rosidl_typesupport_introspection_cpp
[9.060s] [ 67%] [32m[1mLinking CXX shared library libmotion_planner_msgs__rosidl_typesupport_fastrtps_cpp.so[0m
[9.139s] [ 70%] [32m[1mLinking CXX shared library libmotion_planner_msgs__rosidl_typesupport_fastrtps_c.so[0m
[9.225s] [ 70%] Built target motion_planner_msgs__rosidl_typesupport_fastrtps_cpp
[9.301s] [ 70%] Built target motion_planner_msgs__rosidl_typesupport_fastrtps_c
[9.329s] [ 70%] Built target motion_planner_msgs
[9.351s] [ 74%] [34m[1mGenerating Python code for ROS interfaces[0m
[10.004s] [ 74%] Built target motion_planner_msgs__py
[10.021s] [ 77%] [32mBuilding C object CMakeFiles/motion_planner_msgs__rosidl_generator_py.dir/rosidl_generator_py/motion_planner_msgs/srv/_validate_path_s.c.o[0m
[10.168s] [ 80%] [32m[1mLinking C shared library rosidl_generator_py/motion_planner_msgs/libmotion_planner_msgs__rosidl_generator_py.so[0m
[10.225s] [ 80%] Built target motion_planner_msgs__rosidl_generator_py
[10.248s] [ 83%] [32mBuilding C object CMakeFiles/motion_planner_msgs__rosidl_typesupport_fastrtps_c__pyext.dir/rosidl_generator_py/motion_planner_msgs/_motion_planner_msgs_s.ep.rosidl_typesupport_fastrtps_c.c.o[0m
[10.250s] [ 87%] [32mBuilding C object CMakeFiles/motion_planner_msgs__rosidl_typesupport_introspection_c__pyext.dir/rosidl_generator_py/motion_planner_msgs/_motion_planner_msgs_s.ep.rosidl_typesupport_introspection_c.c.o[0m
[10.251s] [ 90%] [32mBuilding C object CMakeFiles/motion_planner_msgs__rosidl_typesupport_c__pyext.dir/rosidl_generator_py/motion_planner_msgs/_motion_planner_msgs_s.ep.rosidl_typesupport_c.c.o[0m
[10.453s] [ 96%] [32m[1mLinking C shared library rosidl_generator_py/motion_planner_msgs/motion_planner_msgs_s__rosidl_typesupport_fastrtps_c.cpython-310-x86_64-linux-gnu.so[0m
[10.453s] [ 96%] [32m[1mLinking C shared library rosidl_generator_py/motion_planner_msgs/motion_planner_msgs_s__rosidl_typesupport_c.cpython-310-x86_64-linux-gnu.so[0m
[10.456s] [100%] [32m[1mLinking C shared library rosidl_generator_py/motion_planner_msgs/motion_planner_msgs_s__rosidl_typesupport_introspection_c.cpython-310-x86_64-linux-gnu.so[0m
[10.513s] [100%] Built target motion_planner_msgs__rosidl_typesupport_introspection_c__pyext
[10.516s] [100%] Built target motion_planner_msgs__rosidl_typesupport_fastrtps_c__pyext
[10.517s] [100%] Built target motion_planner_msgs__rosidl_typesupport_c__pyext
[10.553s] Invoked command in '/home/seventeen/Documents/GitHub/Robotics-and-its-application/build/motion_planner_msgs' returned '0': CMAKE_PREFIX_PATH=/opt/ros/humble /home/seventeen/.local/bin/cmake --build /home/seventeen/Documents/GitHub/Robotics-and-its-application/build/motion_planner_msgs -- -j8 -l8
[10.556s] Invoking command in '/home/seventeen/Documents/GitHub/Robotics-and-its-application/build/motion_planner_msgs': CMAKE_PREFIX_PATH=/opt/ros/humble /home/seventeen/.local/bin/cmake --install /home/seventeen/Documents/GitHub/Robotics-and-its-application/build/motion_planner_msgs
[10.686s] -- Install configuration: ""
[10.686s] -- Installing: /home/seventeen/Documents/GitHub/Robotics-and-its-application/install/motion_planner_msgs/share/ament_index/resource_index/rosidl_interfaces/motion_planner_msgs
[10.687s] -- Installing: /home/seventeen/Documents/GitHub/Robotics-and-its-application/install/motion_planner_msgs/include/motion_planner_msgs/motion_planner_msgs
[10.688s] -- Installing: /home/seventeen/Documents/GitHub/Robotics-and-its-application/install/motion_planner_msgs/include/motion_planner_msgs/motion_planner_msgs/msg
[10.689s] -- Installing: /home/seventeen/Documents/GitHub/Robotics-and-its-application/install/motion_planner_msgs/include/motion_planner_msgs/motion_planner_msgs/msg/rosidl_generator_c__visibility_control.h
[10.690s] -- Installing: /home/seventeen/Documents/GitHub/Robotics-and-its-application/install/motion_planner_msgs/include/motion_planner_msgs/motion_planner_msgs/srv
[10.691s] -- Installing: /home/seventeen/Documents/GitHub/Robotics-and-its-application/install/motion_planner_msgs/include/motion_planner_msgs/motion_planner_msgs/srv/validate_path.h
[10.691s] -- Installing: /home/seventeen/Documents/GitHub/Robotics-and-its-application/install/motion_planner_msgs/include/motion_planner_msgs/motion_planner_msgs/srv/detail
[10.692s] -- Installing: /home/seventeen/Documents/GitHub/Robotics-and-its-application/install/motion_planner_msgs/include/motion_planner_msgs/motion_planner_msgs/srv/detail/validate_path__struct.h
[10.692s] -- Installing: /home/seventeen/Documents/GitHub/Robotics-and-its-application/install/motion_planner_msgs/include/motion_planner_msgs/motion_planner_msgs/srv/detail/validate_path__type_support.h
[10.693s] -- Installing: /home/seventeen/Documents/GitHub/Robotics-and-its-application/install/motion_planner_msgs/include/motion_planner_msgs/motion_planner_msgs/srv/detail/validate_path__functions.h
[10.694s] -- Installing: /home/seventeen/Documents/GitHub/Robotics-and-its-application/install/motion_planner_msgs/include/motion_planner_msgs/motion_planner_msgs/srv/detail/validate_path__functions.c
[10.694s] -- Installing: /home/seventeen/Documents/GitHub/Robotics-and-its-application/install/motion_planner_msgs/share/motion_planner_msgs/environment/library_path.sh
[10.694s] -- Installing: /home/seventeen/Documents/GitHub/Robotics-and-its-application/install/motion_planner_msgs/share/motion_planner_msgs/environment/library_path.dsv
[10.695s] -- Installing: /home/seventeen/Documents/GitHub/Robotics-and-its-application/install/motion_planner_msgs/lib/libmotion_planner_msgs__rosidl_generator_c.so
[10.696s] -- Set non-toolchain portion of runtime path of "/home/seventeen/Documents/GitHub/Robotics-and-its-application/install/motion_planner_msgs/lib/libmotion_planner_msgs__rosidl_generator_c.so" to ""
[10.696s] -- Up-to-date: /home/seventeen/Documents/GitHub/Robotics-and-its-application/install/motion_planner_msgs/include/motion_planner_msgs/motion_planner_msgs
[10.696s] -- Up-to-date: /home/seventeen/Documents/GitHub/Robotics-and-its-application/install/motion_planner_msgs/include/motion_planner_msgs/motion_planner_msgs/msg
[10.697s] -- Installing: /home/seventeen/Documents/GitHub/Robotics-and-its-application/install/motion_planner_msgs/include/motion_planner_msgs/motion_planner_msgs/msg/rosidl_typesupport_fastrtps_c__visibility_control.h
[10.697s] -- Up-to-date: /home/seventeen/Documents/GitHub/Robotics-and-its-application/install/motion_planner_msgs/include/motion_planner_msgs/motion_planner_msgs/srv
[10.697s] -- Up-to-date: /home/seventeen/Documents/GitHub/Robotics-and-its-application/install/motion_planner_msgs/include/motion_planner_msgs/motion_planner_msgs/srv/detail
[10.697s] -- Installing: /home/seventeen/Documents/GitHub/Robotics-and-its-application/install/motion_planner_msgs/include/motion_planner_msgs/motion_planner_msgs/srv/detail/validate_path__rosidl_typesupport_fastrtps_c.h
[10.697s] -- Installing: /home/seventeen/Documents/GitHub/Robotics-and-its-application/install/motion_planner_msgs/lib/libmotion_planner_msgs__rosidl_typesupport_fastrtps_c.so
[10.698s] -- Set non-toolchain portion of runtime path of "/home/seventeen/Documents/GitHub/Robotics-and-its-application/install/motion_planner_msgs/lib/libmotion_planner_msgs__rosidl_typesupport_fastrtps_c.so" to ""
[10.698s] -- Up-to-date: /home/seventeen/Documents/GitHub/Robotics-and-its-application/install/motion_planner_msgs/include/motion_planner_msgs/motion_planner_msgs
[10.698s] -- Up-to-date: /home/seventeen/Documents/GitHub/Robotics-and-its-application/install/motion_planner_msgs/include/motion_planner_msgs/motion_planner_msgs/msg
[10.698s] -- Installing: /home/seventeen/Documents/GitHub/Robotics-and-its-application/install/motion_planner_msgs/include/motion_planner_msgs/motion_planner_msgs/msg/rosidl_generator_cpp__visibility_control.hpp
[10.698s] -- Up-to-date: /home/seventeen/Documents/GitHub/Robotics-and-its-application/install/motion_planner_msgs/include/motion_planner_msgs/motion_planner_msgs/srv
[10.699s] -- Installing: /home/seventeen/Documents/GitHub/Robotics-and-its-application/install/motion_planner_msgs/include/motion_planner_msgs/motion_planner_msgs/srv/validate_path.hpp
[10.699s] -- Up-to-date: /home/seventeen/Documents/GitHub/Robotics-and-its-application/install/motion_planner_msgs/include/motion_planner_msgs/motion_planner_msgs/srv/detail
[10.699s] -- Installing: /home/seventeen/Documents/GitHub/Robotics-and-its-application/install/motion_planner_msgs/include/motion_planner_msgs/motion_planner_msgs/srv/detail/validate_path__builder.hpp
[10.699s] -- Installing: /home/seventeen/Documents/GitHub/Robotics-and-its-application/install/motion_planner_msgs/include/motion_planner_msgs/motion_planner_msgs/srv/detail/validate_path__traits.hpp
[10.700s] -- Installing: /home/seventeen/Documents/GitHub/Robotics-and-its-application/install/motion_planner_msgs/include/motion_planner_msgs/motion_planner_msgs/srv/detail/validate_path__type_support.hpp
[10.700s] -- Installing: /home/seventeen/Documents/GitHub/Robotics-and-its-application/install/motion_planner_msgs/include/motion_planner_msgs/motion_planner_msgs/srv/detail/validate_path__struct.hpp
[10.700s] -- Up-to-date: /home/seventeen/Documents/GitHub/Robotics-and-its-application/install/motion_planner_msgs/include/motion_planner_msgs/motion_planner_msgs
[10.700s] -- Up-to-date: /home/seventeen/Documents/GitHub/Robotics-and-its-application/install/motion_planner_msgs/include/motion_planner_msgs/motion_planner_msgs/msg
[10.700s] -- Installing: /home/seventeen/Documents/GitHub/Robotics-and-its-application/install/motion_planner_msgs/include/motion_planner_msgs/motion_planner_msgs/msg/rosidl_typesupport_fastrtps_cpp__visibility_control.h
[10.701s] -- Up-to-date: /home/seventeen/Documents/GitHub/Robotics-and-its-application/install/motion_planner_msgs/include/motion_planner_msgs/motion_planner_msgs/srv
[10.701s] -- Up-to-date: /home/seventeen/Documents/GitHub/Robotics-and-its-application/install/motion_planner_msgs/include/motion_planner_msgs/motion_planner_msgs/srv/detail
[10.701s] -- Installing: /home/seventeen/Documents/GitHub/Robotics-and-its-application/install/motion_planner_msgs/include/motion_planner_msgs/motion_planner_msgs/srv/detail/validate_path__rosidl_typesupport_fastrtps_cpp.hpp
[10.701s] -- Installing: /home/seventeen/Documents/GitHub/Robotics-and-its-application/install/motion_planner_msgs/include/motion_planner_msgs/motion_planner_msgs/srv/detail/dds_fastrtps
[10.701s] -- Installing: /home/seventeen/Documents/GitHub/Robotics-and-its-application/install/motion_planner_msgs/lib/libmotion_planner_msgs__rosidl_typesupport_fastrtps_cpp.so
[10.702s] -- Set non-toolchain portion of runtime path of "/home/seventeen/Documents/GitHub/Robotics-and-its-application/install/motion_planner_msgs/lib/libmotion_planner_msgs__rosidl_typesupport_fastrtps_cpp.so" to ""
[10.702s] -- Up-to-date: /home/seventeen/Documents/GitHub/Robotics-and-its-application/install/motion_planner_msgs/include/motion_planner_msgs/motion_planner_msgs
[10.702s] -- Up-to-date: /home/seventeen/Documents/GitHub/Robotics-and-its-application/install/motion_planner_msgs/include/motion_planner_msgs/motion_planner_msgs/msg
[10.702s] -- Installing: /home/seventeen/Documents/GitHub/Robotics-and-its-application/install/motion_planner_msgs/include/motion_planner_msgs/motion_planner_msgs/msg/rosidl_typesupport_introspection_c__visibility_control.h
[10.702s] -- Up-to-date: /home/seventeen/Documents/GitHub/Robotics-and-its-application/install/motion_planner_msgs/include/motion_planner_msgs/motion_planner_msgs/srv
[10.703s] -- Up-to-date: /home/seventeen/Documents/GitHub/Robotics-and-its-application/install/motion_planner_msgs/include/motion_planner_msgs/motion_planner_msgs/srv/detail
[10.703s] -- Installing: /home/seventeen/Documents/GitHub/Robotics-and-its-application/install/motion_planner_msgs/include/motion_planner_msgs/motion_planner_msgs/srv/detail/validate_path__rosidl_typesupport_introspection_c.h
[10.703s] -- Installing: /home/seventeen/Documents/GitHub/Robotics-and-its-application/install/motion_planner_msgs/include/motion_planner_msgs/motion_planner_msgs/srv/detail/validate_path__type_support.c
[10.703s] -- Installing: /home/seventeen/Documents/GitHub/Robotics-and-its-application/install/motion_planner_msgs/lib/libmotion_planner_msgs__rosidl_typesupport_introspection_c.so
[10.703s] -- Set non-toolchain portion of runtime path of "/home/seventeen/Documents/GitHub/Robotics-and-its-application/install/motion_planner_msgs/lib/libmotion_planner_msgs__rosidl_typesupport_introspection_c.so" to ""
[10.704s] -- Installing: /home/seventeen/Documents/GitHub/Robotics-and-its-application/install/motion_planner_msgs/lib/libmotion_planner_msgs__rosidl_typesupport_c.so
[10.704s] -- Set non-toolchain portion of runtime path of "/home/seventeen/Documents/GitHub/Robotics-and-its-application/install/motion_planner_msgs/lib/libmotion_planner_msgs__rosidl_typesupport_c.so" to ""
[10.704s] -- Up-to-date: /home/seventeen/Documents/GitHub/Robotics-and-its-application/install/motion_planner_msgs/include/motion_planner_msgs/motion_planner_msgs
[10.705s] -- Up-to-date: /home/seventeen/Documents/GitHub/Robotics-and-its-application/install/motion_planner_msgs/include/motion_planner_msgs/motion_planner_msgs/srv
[10.705s] -- Up-to-date: /home/seventeen/Documents/GitHub/Robotics-and-its-application/install/motion_planner_msgs/include/motion_planner_msgs/motion_planner_msgs/srv/detail
[10.705s] -- Installing: /home/seventeen/Documents/GitHub/Robotics-and-its-application/install/motion_planner_msgs/include/motion_planner_msgs/motion_planner_msgs/srv/detail/validate_path__rosidl_typesupport_introspection_cpp.hpp
[10.705s] -- Installing: /home/seventeen/Documents/GitHub/Robotics-and-its-application/install/motion_planner_msgs/include/motion_planner_msgs/motion_planner_msgs/srv/detail/validate_path__type_support.cpp
[10.706s] -- Installing: /home/seventeen/Documents/GitHub/Robotics-and-its-application/install/motion_planner_msgs/lib/libmotion_planner_msgs__rosidl_typesupport_introspection_cpp.so
[10.706s] -- Set non-toolchain portion of runtime path of "/home/seventeen/Documents/GitHub/Robotics-and-its-application/install/motion_planner_msgs/lib/libmotion_planner_msgs__rosidl_typesupport_introspection_cpp.so" to ""
[10.706s] -- Installing: /home/seventeen/Documents/GitHub/Robotics-and-its-application/install/motion_planner_msgs/lib/libmotion_planner_msgs__rosidl_typesupport_cpp.so
[10.706s] -- Set non-toolchain portion of runtime path of "/home/seventeen/Documents/GitHub/Robotics-and-its-application/install/motion_planner_msgs/lib/libmotion_planner_msgs__rosidl_typesupport_cpp.so" to ""
[10.707s] -- Installing: /home/seventeen/Documents/GitHub/Robotics-and-its-application/install/motion_planner_msgs/share/motion_planner_msgs/environment/pythonpath.sh
[10.707s] -- Installing: /home/seventeen/Documents/GitHub/Robotics-and-its-application/install/motion_planner_msgs/share/motion_planner_msgs/environment/pythonpath.dsv
[10.708s] -- Installing: /home/seventeen/Documents/GitHub/Robotics-and-its-application/install/motion_planner_msgs/local/lib/python3.10/dist-packages/motion_planner_msgs-0.0.0-py3.10.egg-info
[10.708s] -- Installing: /home/seventeen/Documents/GitHub/Robotics-and-its-application/install/motion_planner_msgs/local/lib/python3.10/dist-packages/motion_planner_msgs-0.0.0-py3.10.egg-info/dependency_links.txt
[10.708s] -- Installing: /home/seventeen/Documents/GitHub/Robotics-and-its-application/install/motion_planner_msgs/local/lib/python3.10/dist-packages/motion_planner_msgs-0.0.0-py3.10.egg-info/PKG-INFO
[10.708s] -- Installing: /home/seventeen/Documents/GitHub/Robotics-and-its-application/install/motion_planner_msgs/local/lib/python3.10/dist-packages/motion_planner_msgs-0.0.0-py3.10.egg-info/top_level.txt
[10.708s] -- Installing: /home/seventeen/Documents/GitHub/Robotics-and-its-application/install/motion_planner_msgs/local/lib/python3.10/dist-packages/motion_planner_msgs-0.0.0-py3.10.egg-info/SOURCES.txt
[10.709s] -- Installing: /home/seventeen/Documents/GitHub/Robotics-and-its-application/install/motion_planner_msgs/local/lib/python3.10/dist-packages/motion_planner_msgs
[10.709s] -- Installing: /home/seventeen/Documents/GitHub/Robotics-and-its-application/install/motion_planner_msgs/local/lib/python3.10/dist-packages/motion_planner_msgs/libmotion_planner_msgs__rosidl_generator_py.so
[10.709s] -- Installing: /home/seventeen/Documents/GitHub/Robotics-and-its-application/install/motion_planner_msgs/local/lib/python3.10/dist-packages/motion_planner_msgs/motion_planner_msgs_s__rosidl_typesupport_c.cpython-310-x86_64-linux-gnu.so
[10.709s] -- Installing: /home/seventeen/Documents/GitHub/Robotics-and-its-application/install/motion_planner_msgs/local/lib/python3.10/dist-packages/motion_planner_msgs/__init__.py
[10.710s] -- Installing: /home/seventeen/Documents/GitHub/Robotics-and-its-application/install/motion_planner_msgs/local/lib/python3.10/dist-packages/motion_planner_msgs/_motion_planner_msgs_s.ep.rosidl_typesupport_fastrtps_c.c
[10.710s] -- Installing: /home/seventeen/Documents/GitHub/Robotics-and-its-application/install/motion_planner_msgs/local/lib/python3.10/dist-packages/motion_planner_msgs/motion_planner_msgs_s__rosidl_typesupport_introspection_c.cpython-310-x86_64-linux-gnu.so
[10.710s] -- Installing: /home/seventeen/Documents/GitHub/Robotics-and-its-application/install/motion_planner_msgs/local/lib/python3.10/dist-packages/motion_planner_msgs/_motion_planner_msgs_s.ep.rosidl_typesupport_c.c
[10.711s] -- Installing: /home/seventeen/Documents/GitHub/Robotics-and-its-application/install/motion_planner_msgs/local/lib/python3.10/dist-packages/motion_planner_msgs/motion_planner_msgs_s__rosidl_typesupport_fastrtps_c.cpython-310-x86_64-linux-gnu.so
[10.711s] -- Installing: /home/seventeen/Documents/GitHub/Robotics-and-its-application/install/motion_planner_msgs/local/lib/python3.10/dist-packages/motion_planner_msgs/_motion_planner_msgs_s.ep.rosidl_typesupport_introspection_c.c
[10.711s] -- Installing: /home/seventeen/Documents/GitHub/Robotics-and-its-application/install/motion_planner_msgs/local/lib/python3.10/dist-packages/motion_planner_msgs/srv
[10.711s] -- Installing: /home/seventeen/Documents/GitHub/Robotics-and-its-application/install/motion_planner_msgs/local/lib/python3.10/dist-packages/motion_planner_msgs/srv/_validate_path.py
[10.711s] -- Installing: /home/seventeen/Documents/GitHub/Robotics-and-its-application/install/motion_planner_msgs/local/lib/python3.10/dist-packages/motion_planner_msgs/srv/__init__.py
[10.712s] -- Installing: /home/seventeen/Documents/GitHub/Robotics-and-its-application/install/motion_planner_msgs/local/lib/python3.10/dist-packages/motion_planner_msgs/srv/_validate_path_s.c
[10.749s] Listing '/home/seventeen/Documents/GitHub/Robotics-and-its-application/install/motion_planner_msgs/local/lib/python3.10/dist-packages/motion_planner_msgs'...
[10.750s] Compiling '/home/seventeen/Documents/GitHub/Robotics-and-its-application/install/motion_planner_msgs/local/lib/python3.10/dist-packages/motion_planner_msgs/__init__.py'...
[10.750s] Listing '/home/seventeen/Documents/GitHub/Robotics-and-its-application/install/motion_planner_msgs/local/lib/python3.10/dist-packages/motion_planner_msgs/srv'...
[10.750s] Compiling '/home/seventeen/Documents/GitHub/Robotics-and-its-application/install/motion_planner_msgs/local/lib/python3.10/dist-packages/motion_planner_msgs/srv/__init__.py'...
[10.750s] Compiling '/home/seventeen/Documents/GitHub/Robotics-and-its-application/install/motion_planner_msgs/local/lib/python3.10/dist-packages/motion_planner_msgs/srv/_validate_path.py'...
[10.758s] -- Installing: /home/seventeen/Documents/GitHub/Robotics-and-its-application/install/motion_planner_msgs/local/lib/python3.10/dist-packages/motion_planner_msgs/motion_planner_msgs_s__rosidl_typesupport_fastrtps_c.cpython-310-x86_64-linux-gnu.so
[10.759s] -- Set non-toolchain portion of runtime path of "/home/seventeen/Documents/GitHub/Robotics-and-its-application/install/motion_planner_msgs/local/lib/python3.10/dist-packages/motion_planner_msgs/motion_planner_msgs_s__rosidl_typesupport_fastrtps_c.cpython-310-x86_64-linux-gnu.so" to ""
[10.759s] -- Installing: /home/seventeen/Documents/GitHub/Robotics-and-its-application/install/motion_planner_msgs/local/lib/python3.10/dist-packages/motion_planner_msgs/motion_planner_msgs_s__rosidl_typesupport_introspection_c.cpython-310-x86_64-linux-gnu.so
[10.759s] -- Set non-toolchain portion of runtime path of "/home/seventeen/Documents/GitHub/Robotics-and-its-application/install/motion_planner_msgs/local/lib/python3.10/dist-packages/motion_planner_msgs/motion_planner_msgs_s__rosidl_typesupport_introspection_c.cpython-310-x86_64-linux-gnu.so" to ""
[10.760s] -- Installing: /home/seventeen/Documents/GitHub/Robotics-and-its-application/install/motion_planner_msgs/local/lib/python3.10/dist-packages/motion_planner_msgs/motion_planner_msgs_s__rosidl_typesupport_c.cpython-310-x86_64-linux-gnu.so
[10.761s] -- Set non-toolchain portion of runtime path of "/home/seventeen/Documents/GitHub/Robotics-and-its-application/install/motion_planner_msgs/local/lib/python3.10/dist-packages/motion_planner_msgs/motion_planner_msgs_s__rosidl_typesupport_c.cpython-310-x86_64-linux-gnu.so" to ""
[10.761s] -- Installing: /home/seventeen/Documents/GitHub/Robotics-and-its-application/install/motion_planner_msgs/lib/libmotion_planner_msgs__rosidl_generator_py.so
[10.762s] -- Set non-toolchain portion of runtime path of "/home/seventeen/Documents/GitHub/Robotics-and-its-application/install/motion_planner_msgs/lib/libmotion_planner_msgs__rosidl_generator_py.so" to ""
[10.762s] -- Installing: /home/seventeen/Documents/GitHub/Robotics-and-its-application/install/motion_planner_msgs/share/motion_planner_msgs/srv/ValidatePath.idl
[10.763s] -- Installing: /home/seventeen/Documents/GitHub/Robotics-and-its-application/install/motion_planner_msgs/share/motion_planner_msgs/srv/ValidatePath.srv
[10.763s] -- Installing: /home/seventeen/Documents/GitHub/Robotics-and-its-application/install/motion_planner_msgs/share/motion_planner_msgs/srv/ValidatePath_Request.msg
[10.763s] -- Installing: /home/seventeen/Documents/GitHub/Robotics-and-its-application/install/motion_planner_msgs/share/motion_planner_msgs/srv/ValidatePath_Response.msg
[10.764s] -- Installing: /home/seventeen/Documents/GitHub/Robotics-and-its-application/install/motion_planner_msgs/share/ament_index/resource_index/package_run_dependencies/motion_planner_msgs
[10.764s] -- Installing: /home/seventeen/Documents/GitHub/Robotics-and-its-application/install/motion_planner_msgs/share/ament_index/resource_index/parent_prefix_path/motion_planner_msgs
[10.764s] -- Installing: /home/seventeen/Documents/GitHub/Robotics-and-its-application/install/motion_planner_msgs/share/motion_planner_msgs/environment/ament_prefix_path.sh
[10.764s] -- Installing: /home/seventeen/Documents/GitHub/Robotics-and-its-application/install/motion_planner_msgs/share/motion_planner_msgs/environment/ament_prefix_path.dsv
[10.765s] -- Installing: /home/seventeen/Documents/GitHub/Robotics-and-its-application/install/motion_planner_msgs/share/motion_planner_msgs/environment/path.sh
[10.765s] -- Installing: /home/seventeen/Documents/GitHub/Robotics-and-its-application/install/motion_planner_msgs/share/motion_planner_msgs/environment/path.dsv
[10.765s] -- Installing: /home/seventeen/Documents/GitHub/Robotics-and-its-application/install/motion_planner_msgs/share/motion_planner_msgs/local_setup.bash
[10.765s] -- Installing: /home/seventeen/Documents/GitHub/Robotics-and-its-application/install/motion_planner_msgs/share/motion_planner_msgs/local_setup.sh
[10.766s] -- Installing: /home/seventeen/Documents/GitHub/Robotics-and-its-application/install/motion_planner_msgs/share/motion_planner_msgs/local_setup.zsh
[10.766s] -- Installing: /home/seventeen/Documents/GitHub/Robotics-and-its-application/install/motion_planner_msgs/share/motion_planner_msgs/local_setup.dsv
[10.766s] -- Installing: /home/seventeen/Documents/GitHub/Robotics-and-its-application/install/motion_planner_msgs/share/motion_planner_msgs/package.dsv
[10.766s] -- Installing: /home/seventeen/Documents/GitHub/Robotics-and-its-application/install/motion_planner_msgs/share/ament_index/resource_index/packages/motion_planner_msgs
[10.767s] -- Installing: /home/seventeen/Documents/GitHub/Robotics-and-its-application/install/motion_planner_msgs/share/motion_planner_msgs/cmake/export_motion_planner_msgs__rosidl_generator_cExport.cmake
[10.767s] -- Installing: /home/seventeen/Documents/GitHub/Robotics-and-its-application/install/motion_planner_msgs/share/motion_planner_msgs/cmake/export_motion_planner_msgs__rosidl_generator_cExport-noconfig.cmake
[10.767s] -- Installing: /home/seventeen/Documents/GitHub/Robotics-and-its-application/install/motion_planner_msgs/share/motion_planner_msgs/cmake/export_motion_planner_msgs__rosidl_typesupport_fastrtps_cExport.cmake
[10.767s] -- Installing: /home/seventeen/Documents/GitHub/Robotics-and-its-application/install/motion_planner_msgs/share/motion_planner_msgs/cmake/export_motion_planner_msgs__rosidl_typesupport_fastrtps_cExport-noconfig.cmake
[10.768s] -- Installing: /home/seventeen/Documents/GitHub/Robotics-and-its-application/install/motion_planner_msgs/share/motion_planner_msgs/cmake/export_motion_planner_msgs__rosidl_generator_cppExport.cmake
[10.768s] -- Installing: /home/seventeen/Documents/GitHub/Robotics-and-its-application/install/motion_planner_msgs/share/motion_planner_msgs/cmake/export_motion_planner_msgs__rosidl_typesupport_fastrtps_cppExport.cmake
[10.768s] -- Installing: /home/seventeen/Documents/GitHub/Robotics-and-its-application/install/motion_planner_msgs/share/motion_planner_msgs/cmake/export_motion_planner_msgs__rosidl_typesupport_fastrtps_cppExport-noconfig.cmake
[10.769s] -- Installing: /home/seventeen/Documents/GitHub/Robotics-and-its-application/install/motion_planner_msgs/share/motion_planner_msgs/cmake/motion_planner_msgs__rosidl_typesupport_introspection_cExport.cmake
[10.769s] -- Installing: /home/seventeen/Documents/GitHub/Robotics-and-its-application/install/motion_planner_msgs/share/motion_planner_msgs/cmake/motion_planner_msgs__rosidl_typesupport_introspection_cExport-noconfig.cmake
[10.769s] -- Installing: /home/seventeen/Documents/GitHub/Robotics-and-its-application/install/motion_planner_msgs/share/motion_planner_msgs/cmake/motion_planner_msgs__rosidl_typesupport_cExport.cmake
[10.769s] -- Installing: /home/seventeen/Documents/GitHub/Robotics-and-its-application/install/motion_planner_msgs/share/motion_planner_msgs/cmake/motion_planner_msgs__rosidl_typesupport_cExport-noconfig.cmake
[10.769s] -- Installing: /home/seventeen/Documents/GitHub/Robotics-and-its-application/install/motion_planner_msgs/share/motion_planner_msgs/cmake/motion_planner_msgs__rosidl_typesupport_introspection_cppExport.cmake
[10.769s] -- Installing: /home/seventeen/Documents/GitHub/Robotics-and-its-application/install/motion_planner_msgs/share/motion_planner_msgs/cmake/motion_planner_msgs__rosidl_typesupport_introspection_cppExport-noconfig.cmake
[10.770s] -- Installing: /home/seventeen/Documents/GitHub/Robotics-and-its-application/install/motion_planner_msgs/share/motion_planner_msgs/cmake/motion_planner_msgs__rosidl_typesupport_cppExport.cmake
[10.770s] -- Installing: /home/seventeen/Documents/GitHub/Robotics-and-its-application/install/motion_planner_msgs/share/motion_planner_msgs/cmake/motion_planner_msgs__rosidl_typesupport_cppExport-noconfig.cmake
[10.770s] -- Installing: /home/seventeen/Documents/GitHub/Robotics-and-its-application/install/motion_planner_msgs/share/motion_planner_msgs/cmake/export_motion_planner_msgs__rosidl_generator_pyExport.cmake
[10.771s] -- Installing: /home/seventeen/Documents/GitHub/Robotics-and-its-application/install/motion_planner_msgs/share/motion_planner_msgs/cmake/export_motion_planner_msgs__rosidl_generator_pyExport-noconfig.cmake
[10.771s] -- Installing: /home/seventeen/Documents/GitHub/Robotics-and-its-application/install/motion_planner_msgs/share/motion_planner_msgs/cmake/rosidl_cmake-extras.cmake
[10.771s] -- Installing: /home/seventeen/Documents/GitHub/Robotics-and-its-application/install/motion_planner_msgs/share/motion_planner_msgs/cmake/ament_cmake_export_dependencies-extras.cmake
[10.771s] -- Installing: /home/seventeen/Documents/GitHub/Robotics-and-its-application/install/motion_planner_msgs/share/motion_planner_msgs/cmake/ament_cmake_export_include_directories-extras.cmake
[10.771s] -- Installing: /home/seventeen/Documents/GitHub/Robotics-and-its-application/install/motion_planner_msgs/share/motion_planner_msgs/cmake/ament_cmake_export_libraries-extras.cmake
[10.772s] -- Installing: /home/seventeen/Documents/GitHub/Robotics-and-its-application/install/motion_planner_msgs/share/motion_planner_msgs/cmake/ament_cmake_export_targets-extras.cmake
[10.772s] -- Installing: /home/seventeen/Documents/GitHub/Robotics-and-its-application/install/motion_planner_msgs/share/motion_planner_msgs/cmake/rosidl_cmake_export_typesupport_targets-extras.cmake
[10.772s] -- Installing: /home/seventeen/Documents/GitHub/Robotics-and-its-application/install/motion_planner_msgs/share/motion_planner_msgs/cmake/rosidl_cmake_export_typesupport_libraries-extras.cmake
[10.772s] -- Installing: /home/seventeen/Documents/GitHub/Robotics-and-its-application/install/motion_planner_msgs/share/motion_planner_msgs/cmake/motion_planner_msgsConfig.cmake
[10.772s] -- Installing: /home/seventeen/Documents/GitHub/Robotics-and-its-application/install/motion_planner_msgs/share/motion_planner_msgs/cmake/motion_planner_msgsConfig-version.cmake
[10.773s] -- Installing: /home/seventeen/Documents/GitHub/Robotics-and-its-application/install/motion_planner_msgs/share/motion_planner_msgs/package.xml
[10.776s] Invoked command in '/home/seventeen/Documents/GitHub/Robotics-and-its-application/build/motion_planner_msgs' returned '0': CMAKE_PREFIX_PATH=/opt/ros/humble /home/seventeen/.local/bin/cmake --install /home/seventeen/Documents/GitHub/Robotics-and-its-application/build/motion_planner_msgs
