[0.041s] Invoking command in '/home/seventeen/Robotics-and-its-application/build/projects': AMENT_PREFIX_PATH=/home/seventeen/Robotics-and-its-application/install/map_pkg:/home/seventeen/Robotics-and-its-application/install/shelfino_navigation:/home/seventeen/Robotics-and-its-application/install/shelfino_gazebo:/home/seventeen/Robotics-and-its-application/install/shelfino_description:/home/seventeen/Robotics-and-its-application/install/obstacles_msgs:${AMENT_PREFIX_PATH} CMAKE_PREFIX_PATH=/home/seventeen/Robotics-and-its-application/install/map_pkg:/home/seventeen/Robotics-and-its-application/install/shelfino_navigation:/home/seventeen/Robotics-and-its-application/install/shelfino_gazebo:/home/seventeen/Robotics-and-its-application/install/shelfino_description:/home/seventeen/Robotics-and-its-application/install/obstacles_msgs:/opt/ros/humble LD_LIBRARY_PATH=/home/seventeen/Robotics-and-its-application/install/obstacles_msgs/lib:${LD_LIBRARY_PATH} PYTHONPATH=/home/seventeen/Robotics-and-its-application/install/obstacles_msgs/local/lib/python3.10/dist-packages:${PYTHONPATH} /home/seventeen/.local/bin/cmake /home/seventeen/Robotics-and-its-application/src/Shelfino_ROS2/projects -DCMAKE_INSTALL_PREFIX=/home/seventeen/Robotics-and-its-application/install/projects
[0.184s] [0mCMake Deprecation Warning at CMakeLists.txt:1 (cmake_minimum_required):
[0.185s]   Compatibility with CMake < 3.10 will be removed from a future version of
[0.185s]   CMake.
[0.185s] 
[0.185s]   Update the VERSION argument <min> value or use a ...<max> suffix to tell
[0.185s]   CMake that the project does not need compatibility with older versions.
[0.185s] 
[0.186s] [0m
[0.297s] -- The C compiler identification is GNU 11.4.0
[0.427s] -- The CXX compiler identification is GNU 11.4.0
[0.460s] -- Detecting C compiler ABI info
[0.608s] -- Detecting C compiler ABI info - done
[0.655s] -- Check for working C compiler: /usr/bin/cc - skipped
[0.656s] -- Detecting C compile features
[0.657s] -- Detecting C compile features - done
[0.682s] -- Detecting CXX compiler ABI info
[0.837s] -- Detecting CXX compiler ABI info - done
[0.892s] -- Check for working CXX compiler: /usr/bin/c++ - skipped
[0.893s] -- Detecting CXX compile features
[0.894s] -- Detecting CXX compile features - done
[0.947s] -- Found ament_cmake: 1.3.10 (/opt/ros/humble/share/ament_cmake/cmake)
[1.230s] -- Found Python3: /usr/bin/python3 (found version "3.10.12") found components: Interpreter
[1.585s] -- Configuring done (1.4s)
[1.593s] -- Generating done (0.0s)
[1.593s] -- Build files have been written to: /home/seventeen/Robotics-and-its-application/build/projects
[1.606s] Invoked command in '/home/seventeen/Robotics-and-its-application/build/projects' returned '0': AMENT_PREFIX_PATH=/home/seventeen/Robotics-and-its-application/install/map_pkg:/home/seventeen/Robotics-and-its-application/install/shelfino_navigation:/home/seventeen/Robotics-and-its-application/install/shelfino_gazebo:/home/seventeen/Robotics-and-its-application/install/shelfino_description:/home/seventeen/Robotics-and-its-application/install/obstacles_msgs:${AMENT_PREFIX_PATH} CMAKE_PREFIX_PATH=/home/seventeen/Robotics-and-its-application/install/map_pkg:/home/seventeen/Robotics-and-its-application/install/shelfino_navigation:/home/seventeen/Robotics-and-its-application/install/shelfino_gazebo:/home/seventeen/Robotics-and-its-application/install/shelfino_description:/home/seventeen/Robotics-and-its-application/install/obstacles_msgs:/opt/ros/humble LD_LIBRARY_PATH=/home/seventeen/Robotics-and-its-application/install/obstacles_msgs/lib:${LD_LIBRARY_PATH} PYTHONPATH=/home/seventeen/Robotics-and-its-application/install/obstacles_msgs/local/lib/python3.10/dist-packages:${PYTHONPATH} /home/seventeen/.local/bin/cmake /home/seventeen/Robotics-and-its-application/src/Shelfino_ROS2/projects -DCMAKE_INSTALL_PREFIX=/home/seventeen/Robotics-and-its-application/install/projects
[1.611s] Invoking command in '/home/seventeen/Robotics-and-its-application/build/projects': AMENT_PREFIX_PATH=/home/seventeen/Robotics-and-its-application/install/map_pkg:/home/seventeen/Robotics-and-its-application/install/shelfino_navigation:/home/seventeen/Robotics-and-its-application/install/shelfino_gazebo:/home/seventeen/Robotics-and-its-application/install/shelfino_description:/home/seventeen/Robotics-and-its-application/install/obstacles_msgs:${AMENT_PREFIX_PATH} CMAKE_PREFIX_PATH=/home/seventeen/Robotics-and-its-application/install/map_pkg:/home/seventeen/Robotics-and-its-application/install/shelfino_navigation:/home/seventeen/Robotics-and-its-application/install/shelfino_gazebo:/home/seventeen/Robotics-and-its-application/install/shelfino_description:/home/seventeen/Robotics-and-its-application/install/obstacles_msgs:/opt/ros/humble LD_LIBRARY_PATH=/home/seventeen/Robotics-and-its-application/install/obstacles_msgs/lib:${LD_LIBRARY_PATH} PYTHONPATH=/home/seventeen/Robotics-and-its-application/install/obstacles_msgs/local/lib/python3.10/dist-packages:${PYTHONPATH} /home/seventeen/.local/bin/cmake --build /home/seventeen/Robotics-and-its-application/build/projects -- -j8 -l8
[1.786s] Invoked command in '/home/seventeen/Robotics-and-its-application/build/projects' returned '0': AMENT_PREFIX_PATH=/home/seventeen/Robotics-and-its-application/install/map_pkg:/home/seventeen/Robotics-and-its-application/install/shelfino_navigation:/home/seventeen/Robotics-and-its-application/install/shelfino_gazebo:/home/seventeen/Robotics-and-its-application/install/shelfino_description:/home/seventeen/Robotics-and-its-application/install/obstacles_msgs:${AMENT_PREFIX_PATH} CMAKE_PREFIX_PATH=/home/seventeen/Robotics-and-its-application/install/map_pkg:/home/seventeen/Robotics-and-its-application/install/shelfino_navigation:/home/seventeen/Robotics-and-its-application/install/shelfino_gazebo:/home/seventeen/Robotics-and-its-application/install/shelfino_description:/home/seventeen/Robotics-and-its-application/install/obstacles_msgs:/opt/ros/humble LD_LIBRARY_PATH=/home/seventeen/Robotics-and-its-application/install/obstacles_msgs/lib:${LD_LIBRARY_PATH} PYTHONPATH=/home/seventeen/Robotics-and-its-application/install/obstacles_msgs/local/lib/python3.10/dist-packages:${PYTHONPATH} /home/seventeen/.local/bin/cmake --build /home/seventeen/Robotics-and-its-application/build/projects -- -j8 -l8
[1.968s] Invoking command in '/home/seventeen/Robotics-and-its-application/build/projects': AMENT_PREFIX_PATH=/home/seventeen/Robotics-and-its-application/install/map_pkg:/home/seventeen/Robotics-and-its-application/install/shelfino_navigation:/home/seventeen/Robotics-and-its-application/install/shelfino_gazebo:/home/seventeen/Robotics-and-its-application/install/shelfino_description:/home/seventeen/Robotics-and-its-application/install/obstacles_msgs:${AMENT_PREFIX_PATH} CMAKE_PREFIX_PATH=/home/seventeen/Robotics-and-its-application/install/map_pkg:/home/seventeen/Robotics-and-its-application/install/shelfino_navigation:/home/seventeen/Robotics-and-its-application/install/shelfino_gazebo:/home/seventeen/Robotics-and-its-application/install/shelfino_description:/home/seventeen/Robotics-and-its-application/install/obstacles_msgs:/opt/ros/humble LD_LIBRARY_PATH=/home/seventeen/Robotics-and-its-application/install/obstacles_msgs/lib:${LD_LIBRARY_PATH} PYTHONPATH=/home/seventeen/Robotics-and-its-application/install/obstacles_msgs/local/lib/python3.10/dist-packages:${PYTHONPATH} /home/seventeen/.local/bin/cmake --install /home/seventeen/Robotics-and-its-application/build/projects
[2.107s] -- Install configuration: ""
[2.107s] -- Installing: /home/seventeen/Robotics-and-its-application/install/projects/share/projects/launch
[2.107s] -- Installing: /home/seventeen/Robotics-and-its-application/install/projects/share/projects/launch/victims.launch.py
[2.108s] -- Installing: /home/seventeen/Robotics-and-its-application/install/projects/share/projects/launch/evader.launch.py
[2.108s] -- Installing: /home/seventeen/Robotics-and-its-application/install/projects/share/projects/launch/evacuation.launch.py
[2.109s] -- Installing: /home/seventeen/Robotics-and-its-application/install/projects/share/ament_index/resource_index/package_run_dependencies/projects
[2.109s] -- Installing: /home/seventeen/Robotics-and-its-application/install/projects/share/ament_index/resource_index/parent_prefix_path/projects
[2.110s] -- Installing: /home/seventeen/Robotics-and-its-application/install/projects/share/projects/environment/ament_prefix_path.sh
[2.110s] -- Installing: /home/seventeen/Robotics-and-its-application/install/projects/share/projects/environment/ament_prefix_path.dsv
[2.110s] -- Installing: /home/seventeen/Robotics-and-its-application/install/projects/share/projects/environment/path.sh
[2.111s] -- Installing: /home/seventeen/Robotics-and-its-application/install/projects/share/projects/environment/path.dsv
[2.111s] -- Installing: /home/seventeen/Robotics-and-its-application/install/projects/share/projects/local_setup.bash
[2.111s] -- Installing: /home/seventeen/Robotics-and-its-application/install/projects/share/projects/local_setup.sh
[2.112s] -- Installing: /home/seventeen/Robotics-and-its-application/install/projects/share/projects/local_setup.zsh
[2.112s] -- Installing: /home/seventeen/Robotics-and-its-application/install/projects/share/projects/local_setup.dsv
[2.112s] -- Installing: /home/seventeen/Robotics-and-its-application/install/projects/share/projects/package.dsv
[2.113s] -- Installing: /home/seventeen/Robotics-and-its-application/install/projects/share/ament_index/resource_index/packages/projects
[2.113s] -- Installing: /home/seventeen/Robotics-and-its-application/install/projects/share/projects/cmake/projectsConfig.cmake
[2.113s] -- Installing: /home/seventeen/Robotics-and-its-application/install/projects/share/projects/cmake/projectsConfig-version.cmake
[2.113s] -- Installing: /home/seventeen/Robotics-and-its-application/install/projects/share/projects/package.xml
[2.117s] Invoked command in '/home/seventeen/Robotics-and-its-application/build/projects' returned '0': AMENT_PREFIX_PATH=/home/seventeen/Robotics-and-its-application/install/map_pkg:/home/seventeen/Robotics-and-its-application/install/shelfino_navigation:/home/seventeen/Robotics-and-its-application/install/shelfino_gazebo:/home/seventeen/Robotics-and-its-application/install/shelfino_description:/home/seventeen/Robotics-and-its-application/install/obstacles_msgs:${AMENT_PREFIX_PATH} CMAKE_PREFIX_PATH=/home/seventeen/Robotics-and-its-application/install/map_pkg:/home/seventeen/Robotics-and-its-application/install/shelfino_navigation:/home/seventeen/Robotics-and-its-application/install/shelfino_gazebo:/home/seventeen/Robotics-and-its-application/install/shelfino_description:/home/seventeen/Robotics-and-its-application/install/obstacles_msgs:/opt/ros/humble LD_LIBRARY_PATH=/home/seventeen/Robotics-and-its-application/install/obstacles_msgs/lib:${LD_LIBRARY_PATH} PYTHONPATH=/home/seventeen/Robotics-and-its-application/install/obstacles_msgs/local/lib/python3.10/dist-packages:${PYTHONPATH} /home/seventeen/.local/bin/cmake --install /home/seventeen/Robotics-and-its-application/build/projects
