[0.319s] DEBUG:colcon:Command line arguments: ['/usr/bin/colcon', 'build']
[0.319s] DEBUG:colcon:Parsed command line arguments: Namespace(log_base=None, log_level=None, verb_name='build', build_base='build', install_base='install', merge_install=False, symlink_install=False, test_result_base=None, continue_on_error=False, executor='parallel', parallel_workers=8, event_handlers=None, ignore_user_meta=False, metas=['./colcon.meta'], base_paths=['.'], packages_ignore=None, packages_ignore_regex=None, paths=None, packages_up_to=None, packages_up_to_regex=None, packages_above=None, packages_above_and_dependencies=None, packages_above_depth=None, packages_select_by_dep=None, packages_skip_by_dep=None, packages_skip_up_to=None, packages_select_build_failed=False, packages_skip_build_finished=False, packages_select_test_failures=False, packages_skip_test_passed=False, packages_select=None, packages_skip=None, packages_select_regex=None, packages_skip_regex=None, packages_start=None, packages_end=None, allow_overriding=[], cmake_args=None, cmake_target=None, cmake_target_skip_unavailable=False, cmake_clean_cache=False, cmake_clean_first=False, cmake_force_configure=False, ament_cmake_args=None, catkin_cmake_args=None, catkin_skip_building_tests=False, mixin_files=None, mixin=None, verb_parser=<colcon_mixin.mixin.mixin_argument.MixinArgumentDecorator object at 0x7ee5085661d0>, verb_extension=<colcon_core.verb.build.BuildVerb object at 0x7ee508565b40>, main=<bound method BuildVerb.main of <colcon_core.verb.build.BuildVerb object at 0x7ee508565b40>>, mixin_verb=('build',))
[0.667s] Level 1:colcon.colcon_core.package_discovery:discover_packages(colcon_meta) check parameters
[0.667s] Level 1:colcon.colcon_core.package_discovery:discover_packages(recursive) check parameters
[0.667s] Level 1:colcon.colcon_core.package_discovery:discover_packages(ignore) check parameters
[0.667s] Level 1:colcon.colcon_core.package_discovery:discover_packages(path) check parameters
[0.667s] Level 1:colcon.colcon_core.package_discovery:discover_packages(colcon_meta) discover
[0.667s] Level 1:colcon.colcon_core.package_discovery:discover_packages(recursive) discover
[0.667s] INFO:colcon.colcon_core.package_discovery:Crawling recursively for packages in '/home/seventeen/Documents/GitHub/Robotics-and-its-application'
[0.667s] Level 1:colcon.colcon_core.package_identification:_identify(.) by extensions ['ignore', 'ignore_ament_install']
[0.668s] Level 1:colcon.colcon_core.package_identification:_identify(.) by extension 'ignore'
[0.668s] Level 1:colcon.colcon_core.package_identification:_identify(.) by extension 'ignore_ament_install'
[0.668s] Level 1:colcon.colcon_core.package_identification:_identify(.) by extensions ['colcon_pkg']
[0.668s] Level 1:colcon.colcon_core.package_identification:_identify(.) by extension 'colcon_pkg'
[0.668s] Level 1:colcon.colcon_core.package_identification:_identify(.) by extensions ['colcon_meta']
[0.668s] Level 1:colcon.colcon_core.package_identification:_identify(.) by extension 'colcon_meta'
[0.668s] Level 1:colcon.colcon_core.package_identification:_identify(.) by extensions ['ros']
[0.668s] Level 1:colcon.colcon_core.package_identification:_identify(.) by extension 'ros'
[0.687s] Level 1:colcon.colcon_core.package_identification:_identify(.) by extensions ['cmake', 'python']
[0.687s] Level 1:colcon.colcon_core.package_identification:_identify(.) by extension 'cmake'
[0.687s] Level 1:colcon.colcon_core.package_identification:_identify(.) by extension 'python'
[0.688s] Level 1:colcon.colcon_core.package_identification:_identify(.) by extensions ['python_setup_py']
[0.688s] Level 1:colcon.colcon_core.package_identification:_identify(.) by extension 'python_setup_py'
[0.688s] Level 1:colcon.colcon_core.package_identification:_identify(build) by extensions ['ignore', 'ignore_ament_install']
[0.688s] Level 1:colcon.colcon_core.package_identification:_identify(build) by extension 'ignore'
[0.688s] Level 1:colcon.colcon_core.package_identification:_identify(build) ignored
[0.688s] Level 1:colcon.colcon_core.package_identification:_identify(graph_for_task_planner_msg) by extensions ['ignore', 'ignore_ament_install']
[0.688s] Level 1:colcon.colcon_core.package_identification:_identify(graph_for_task_planner_msg) by extension 'ignore'
[0.688s] Level 1:colcon.colcon_core.package_identification:_identify(graph_for_task_planner_msg) by extension 'ignore_ament_install'
[0.688s] Level 1:colcon.colcon_core.package_identification:_identify(graph_for_task_planner_msg) by extensions ['colcon_pkg']
[0.688s] Level 1:colcon.colcon_core.package_identification:_identify(graph_for_task_planner_msg) by extension 'colcon_pkg'
[0.688s] Level 1:colcon.colcon_core.package_identification:_identify(graph_for_task_planner_msg) by extensions ['colcon_meta']
[0.688s] Level 1:colcon.colcon_core.package_identification:_identify(graph_for_task_planner_msg) by extension 'colcon_meta'
[0.688s] Level 1:colcon.colcon_core.package_identification:_identify(graph_for_task_planner_msg) by extensions ['ros']
[0.689s] Level 1:colcon.colcon_core.package_identification:_identify(graph_for_task_planner_msg) by extension 'ros'
[0.709s] DEBUG:colcon.colcon_core.package_identification:Package 'graph_for_task_planner_msg' with type 'ros.ament_cmake' and name 'graph_for_task_planner_msg'
[0.709s] Level 1:colcon.colcon_core.package_identification:_identify(install) by extensions ['ignore', 'ignore_ament_install']
[0.709s] Level 1:colcon.colcon_core.package_identification:_identify(install) by extension 'ignore'
[0.709s] Level 1:colcon.colcon_core.package_identification:_identify(install) ignored
[0.710s] Level 1:colcon.colcon_core.package_identification:_identify(log) by extensions ['ignore', 'ignore_ament_install']
[0.710s] Level 1:colcon.colcon_core.package_identification:_identify(log) by extension 'ignore'
[0.710s] Level 1:colcon.colcon_core.package_identification:_identify(log) ignored
[0.710s] Level 1:colcon.colcon_core.package_identification:_identify(motion_planner_msgs) by extensions ['ignore', 'ignore_ament_install']
[0.710s] Level 1:colcon.colcon_core.package_identification:_identify(motion_planner_msgs) by extension 'ignore'
[0.710s] Level 1:colcon.colcon_core.package_identification:_identify(motion_planner_msgs) by extension 'ignore_ament_install'
[0.710s] Level 1:colcon.colcon_core.package_identification:_identify(motion_planner_msgs) by extensions ['colcon_pkg']
[0.710s] Level 1:colcon.colcon_core.package_identification:_identify(motion_planner_msgs) by extension 'colcon_pkg'
[0.710s] Level 1:colcon.colcon_core.package_identification:_identify(motion_planner_msgs) by extensions ['colcon_meta']
[0.710s] Level 1:colcon.colcon_core.package_identification:_identify(motion_planner_msgs) by extension 'colcon_meta'
[0.710s] Level 1:colcon.colcon_core.package_identification:_identify(motion_planner_msgs) by extensions ['ros']
[0.710s] Level 1:colcon.colcon_core.package_identification:_identify(motion_planner_msgs) by extension 'ros'
[0.711s] DEBUG:colcon.colcon_core.package_identification:Package 'motion_planner_msgs' with type 'ros.ament_cmake' and name 'motion_planner_msgs'
[0.711s] Level 1:colcon.colcon_core.package_identification:_identify(robot_planning) by extensions ['ignore', 'ignore_ament_install']
[0.712s] Level 1:colcon.colcon_core.package_identification:_identify(robot_planning) by extension 'ignore'
[0.712s] Level 1:colcon.colcon_core.package_identification:_identify(robot_planning) by extension 'ignore_ament_install'
[0.712s] Level 1:colcon.colcon_core.package_identification:_identify(robot_planning) by extensions ['colcon_pkg']
[0.712s] Level 1:colcon.colcon_core.package_identification:_identify(robot_planning) by extension 'colcon_pkg'
[0.712s] Level 1:colcon.colcon_core.package_identification:_identify(robot_planning) by extensions ['colcon_meta']
[0.712s] Level 1:colcon.colcon_core.package_identification:_identify(robot_planning) by extension 'colcon_meta'
[0.712s] Level 1:colcon.colcon_core.package_identification:_identify(robot_planning) by extensions ['ros']
[0.712s] Level 1:colcon.colcon_core.package_identification:_identify(robot_planning) by extension 'ros'
[0.713s] DEBUG:colcon.colcon_core.package_identification:Package 'robot_planning' with type 'ros.ament_cmake' and name 'robot_planning'
[0.714s] Level 1:colcon.colcon_core.package_discovery:discover_packages(recursive) using defaults
[0.714s] Level 1:colcon.colcon_core.package_discovery:discover_packages(ignore) discover
[0.714s] Level 1:colcon.colcon_core.package_discovery:discover_packages(ignore) using defaults
[0.714s] Level 1:colcon.colcon_core.package_discovery:discover_packages(path) discover
[0.714s] Level 1:colcon.colcon_core.package_discovery:discover_packages(path) using defaults
[0.751s] Level 1:colcon.colcon_core.package_discovery:discover_packages(prefix_path) check parameters
[0.751s] Level 1:colcon.colcon_core.package_discovery:discover_packages(prefix_path) discover
[0.755s] DEBUG:colcon.colcon_installed_package_information.package_discovery:Found 356 installed packages in /opt/ros/humble
[0.757s] Level 1:colcon.colcon_core.package_discovery:discover_packages(prefix_path) using defaults
[0.813s] Level 5:colcon.colcon_core.verb:set package 'graph_for_task_planner_msg' build argument 'cmake_args' from command line to 'None'
[0.813s] Level 5:colcon.colcon_core.verb:set package 'graph_for_task_planner_msg' build argument 'cmake_target' from command line to 'None'
[0.813s] Level 5:colcon.colcon_core.verb:set package 'graph_for_task_planner_msg' build argument 'cmake_target_skip_unavailable' from command line to 'False'
[0.813s] Level 5:colcon.colcon_core.verb:set package 'graph_for_task_planner_msg' build argument 'cmake_clean_cache' from command line to 'False'
[0.813s] Level 5:colcon.colcon_core.verb:set package 'graph_for_task_planner_msg' build argument 'cmake_clean_first' from command line to 'False'
[0.813s] Level 5:colcon.colcon_core.verb:set package 'graph_for_task_planner_msg' build argument 'cmake_force_configure' from command line to 'False'
[0.813s] Level 5:colcon.colcon_core.verb:set package 'graph_for_task_planner_msg' build argument 'ament_cmake_args' from command line to 'None'
[0.813s] Level 5:colcon.colcon_core.verb:set package 'graph_for_task_planner_msg' build argument 'catkin_cmake_args' from command line to 'None'
[0.813s] Level 5:colcon.colcon_core.verb:set package 'graph_for_task_planner_msg' build argument 'catkin_skip_building_tests' from command line to 'False'
[0.813s] DEBUG:colcon.colcon_core.verb:Building package 'graph_for_task_planner_msg' with the following arguments: {'ament_cmake_args': None, 'build_base': '/home/seventeen/Documents/GitHub/Robotics-and-its-application/build/graph_for_task_planner_msg', 'catkin_cmake_args': None, 'catkin_skip_building_tests': False, 'cmake_args': None, 'cmake_clean_cache': False, 'cmake_clean_first': False, 'cmake_force_configure': False, 'cmake_target': None, 'cmake_target_skip_unavailable': False, 'install_base': '/home/seventeen/Documents/GitHub/Robotics-and-its-application/install/graph_for_task_planner_msg', 'merge_install': False, 'path': '/home/seventeen/Documents/GitHub/Robotics-and-its-application/graph_for_task_planner_msg', 'symlink_install': False, 'test_result_base': None}
[0.814s] Level 5:colcon.colcon_core.verb:set package 'motion_planner_msgs' build argument 'cmake_args' from command line to 'None'
[0.814s] Level 5:colcon.colcon_core.verb:set package 'motion_planner_msgs' build argument 'cmake_target' from command line to 'None'
[0.815s] Level 5:colcon.colcon_core.verb:set package 'motion_planner_msgs' build argument 'cmake_target_skip_unavailable' from command line to 'False'
[0.815s] Level 5:colcon.colcon_core.verb:set package 'motion_planner_msgs' build argument 'cmake_clean_cache' from command line to 'False'
[0.815s] Level 5:colcon.colcon_core.verb:set package 'motion_planner_msgs' build argument 'cmake_clean_first' from command line to 'False'
[0.815s] Level 5:colcon.colcon_core.verb:set package 'motion_planner_msgs' build argument 'cmake_force_configure' from command line to 'False'
[0.815s] Level 5:colcon.colcon_core.verb:set package 'motion_planner_msgs' build argument 'ament_cmake_args' from command line to 'None'
[0.815s] Level 5:colcon.colcon_core.verb:set package 'motion_planner_msgs' build argument 'catkin_cmake_args' from command line to 'None'
[0.815s] Level 5:colcon.colcon_core.verb:set package 'motion_planner_msgs' build argument 'catkin_skip_building_tests' from command line to 'False'
[0.815s] DEBUG:colcon.colcon_core.verb:Building package 'motion_planner_msgs' with the following arguments: {'ament_cmake_args': None, 'build_base': '/home/seventeen/Documents/GitHub/Robotics-and-its-application/build/motion_planner_msgs', 'catkin_cmake_args': None, 'catkin_skip_building_tests': False, 'cmake_args': None, 'cmake_clean_cache': False, 'cmake_clean_first': False, 'cmake_force_configure': False, 'cmake_target': None, 'cmake_target_skip_unavailable': False, 'install_base': '/home/seventeen/Documents/GitHub/Robotics-and-its-application/install/motion_planner_msgs', 'merge_install': False, 'path': '/home/seventeen/Documents/GitHub/Robotics-and-its-application/motion_planner_msgs', 'symlink_install': False, 'test_result_base': None}
[0.816s] Level 5:colcon.colcon_core.verb:set package 'robot_planning' build argument 'cmake_args' from command line to 'None'
[0.816s] Level 5:colcon.colcon_core.verb:set package 'robot_planning' build argument 'cmake_target' from command line to 'None'
[0.816s] Level 5:colcon.colcon_core.verb:set package 'robot_planning' build argument 'cmake_target_skip_unavailable' from command line to 'False'
[0.816s] Level 5:colcon.colcon_core.verb:set package 'robot_planning' build argument 'cmake_clean_cache' from command line to 'False'
[0.816s] Level 5:colcon.colcon_core.verb:set package 'robot_planning' build argument 'cmake_clean_first' from command line to 'False'
[0.816s] Level 5:colcon.colcon_core.verb:set package 'robot_planning' build argument 'cmake_force_configure' from command line to 'False'
[0.816s] Level 5:colcon.colcon_core.verb:set package 'robot_planning' build argument 'ament_cmake_args' from command line to 'None'
[0.816s] Level 5:colcon.colcon_core.verb:set package 'robot_planning' build argument 'catkin_cmake_args' from command line to 'None'
[0.816s] Level 5:colcon.colcon_core.verb:set package 'robot_planning' build argument 'catkin_skip_building_tests' from command line to 'False'
[0.816s] DEBUG:colcon.colcon_core.verb:Building package 'robot_planning' with the following arguments: {'ament_cmake_args': None, 'build_base': '/home/seventeen/Documents/GitHub/Robotics-and-its-application/build/robot_planning', 'catkin_cmake_args': None, 'catkin_skip_building_tests': False, 'cmake_args': None, 'cmake_clean_cache': False, 'cmake_clean_first': False, 'cmake_force_configure': False, 'cmake_target': None, 'cmake_target_skip_unavailable': False, 'install_base': '/home/seventeen/Documents/GitHub/Robotics-and-its-application/install/robot_planning', 'merge_install': False, 'path': '/home/seventeen/Documents/GitHub/Robotics-and-its-application/robot_planning', 'symlink_install': False, 'test_result_base': None}
[0.816s] INFO:colcon.colcon_core.executor:Executing jobs using 'parallel' executor
[0.818s] DEBUG:colcon.colcon_parallel_executor.executor.parallel:run_until_complete
[0.818s] INFO:colcon.colcon_ros.task.ament_cmake.build:Building ROS package in '/home/seventeen/Documents/GitHub/Robotics-and-its-application/motion_planner_msgs' with build type 'ament_cmake'
[0.819s] INFO:colcon.colcon_cmake.task.cmake.build:Building CMake package in '/home/seventeen/Documents/GitHub/Robotics-and-its-application/motion_planner_msgs'
[0.823s] INFO:colcon.colcon_core.plugin_system:Skipping extension 'colcon_core.shell.bat': Not used on non-Windows systems
[0.823s] INFO:colcon.colcon_core.shell:Skip shell extension 'powershell' for command environment: Not usable outside of PowerShell
[0.823s] DEBUG:colcon.colcon_core.shell:Skip shell extension 'dsv' for command environment
[0.828s] INFO:colcon.colcon_ros.task.ament_cmake.build:Building ROS package in '/home/seventeen/Documents/GitHub/Robotics-and-its-application/graph_for_task_planner_msg' with build type 'ament_cmake'
[0.829s] INFO:colcon.colcon_cmake.task.cmake.build:Building CMake package in '/home/seventeen/Documents/GitHub/Robotics-and-its-application/graph_for_task_planner_msg'
[0.829s] INFO:colcon.colcon_core.shell:Skip shell extension 'powershell' for command environment: Not usable outside of PowerShell
[0.829s] DEBUG:colcon.colcon_core.shell:Skip shell extension 'dsv' for command environment
[0.838s] DEBUG:colcon.colcon_core.event_handler.log_command:Invoking command in '/home/seventeen/Documents/GitHub/Robotics-and-its-application/build/motion_planner_msgs': CMAKE_PREFIX_PATH=/opt/ros/humble /home/seventeen/.local/bin/cmake /home/seventeen/Documents/GitHub/Robotics-and-its-application/motion_planner_msgs -DCMAKE_INSTALL_PREFIX=/home/seventeen/Documents/GitHub/Robotics-and-its-application/install/motion_planner_msgs
[0.847s] DEBUG:colcon.colcon_core.event_handler.log_command:Invoking command in '/home/seventeen/Documents/GitHub/Robotics-and-its-application/build/graph_for_task_planner_msg': CMAKE_PREFIX_PATH=/opt/ros/humble /home/seventeen/.local/bin/cmake /home/seventeen/Documents/GitHub/Robotics-and-its-application/graph_for_task_planner_msg -DCMAKE_INSTALL_PREFIX=/home/seventeen/Documents/GitHub/Robotics-and-its-application/install/graph_for_task_planner_msg
[4.914s] DEBUG:colcon.colcon_core.event_handler.log_command:Invoked command in '/home/seventeen/Documents/GitHub/Robotics-and-its-application/build/graph_for_task_planner_msg' returned '0': CMAKE_PREFIX_PATH=/opt/ros/humble /home/seventeen/.local/bin/cmake /home/seventeen/Documents/GitHub/Robotics-and-its-application/graph_for_task_planner_msg -DCMAKE_INSTALL_PREFIX=/home/seventeen/Documents/GitHub/Robotics-and-its-application/install/graph_for_task_planner_msg
[4.918s] DEBUG:colcon.colcon_core.event_handler.log_command:Invoking command in '/home/seventeen/Documents/GitHub/Robotics-and-its-application/build/graph_for_task_planner_msg': CMAKE_PREFIX_PATH=/opt/ros/humble /home/seventeen/.local/bin/cmake --build /home/seventeen/Documents/GitHub/Robotics-and-its-application/build/graph_for_task_planner_msg -- -j8 -l8
[5.612s] DEBUG:colcon.colcon_core.event_handler.log_command:Invoked command in '/home/seventeen/Documents/GitHub/Robotics-and-its-application/build/motion_planner_msgs' returned '0': CMAKE_PREFIX_PATH=/opt/ros/humble /home/seventeen/.local/bin/cmake /home/seventeen/Documents/GitHub/Robotics-and-its-application/motion_planner_msgs -DCMAKE_INSTALL_PREFIX=/home/seventeen/Documents/GitHub/Robotics-and-its-application/install/motion_planner_msgs
[5.616s] DEBUG:colcon.colcon_core.event_handler.log_command:Invoking command in '/home/seventeen/Documents/GitHub/Robotics-and-its-application/build/motion_planner_msgs': CMAKE_PREFIX_PATH=/opt/ros/humble /home/seventeen/.local/bin/cmake --build /home/seventeen/Documents/GitHub/Robotics-and-its-application/build/motion_planner_msgs -- -j8 -l8
[11.216s] DEBUG:colcon.colcon_core.event_handler.log_command:Invoked command in '/home/seventeen/Documents/GitHub/Robotics-and-its-application/build/graph_for_task_planner_msg' returned '0': CMAKE_PREFIX_PATH=/opt/ros/humble /home/seventeen/.local/bin/cmake --build /home/seventeen/Documents/GitHub/Robotics-and-its-application/build/graph_for_task_planner_msg -- -j8 -l8
[11.370s] DEBUG:colcon.colcon_core.event_handler.log_command:Invoking command in '/home/seventeen/Documents/GitHub/Robotics-and-its-application/build/graph_for_task_planner_msg': CMAKE_PREFIX_PATH=/opt/ros/humble /home/seventeen/.local/bin/cmake --install /home/seventeen/Documents/GitHub/Robotics-and-its-application/build/graph_for_task_planner_msg
[11.372s] DEBUG:colcon.colcon_core.event_handler.log_command:Invoked command in '/home/seventeen/Documents/GitHub/Robotics-and-its-application/build/motion_planner_msgs' returned '0': CMAKE_PREFIX_PATH=/opt/ros/humble /home/seventeen/.local/bin/cmake --build /home/seventeen/Documents/GitHub/Robotics-and-its-application/build/motion_planner_msgs -- -j8 -l8
[11.375s] DEBUG:colcon.colcon_core.event_handler.log_command:Invoking command in '/home/seventeen/Documents/GitHub/Robotics-and-its-application/build/motion_planner_msgs': CMAKE_PREFIX_PATH=/opt/ros/humble /home/seventeen/.local/bin/cmake --install /home/seventeen/Documents/GitHub/Robotics-and-its-application/build/motion_planner_msgs
[11.594s] Level 1:colcon.colcon_core.environment:create_environment_scripts_only(motion_planner_msgs)
[11.595s] DEBUG:colcon.colcon_core.event_handler.log_command:Invoked command in '/home/seventeen/Documents/GitHub/Robotics-and-its-application/build/motion_planner_msgs' returned '0': CMAKE_PREFIX_PATH=/opt/ros/humble /home/seventeen/.local/bin/cmake --install /home/seventeen/Documents/GitHub/Robotics-and-its-application/build/motion_planner_msgs
[11.605s] Level 1:colcon.colcon_core.environment:checking '/home/seventeen/Documents/GitHub/Robotics-and-its-application/install/motion_planner_msgs' for CMake module files
[11.607s] Level 1:colcon.colcon_core.environment:checking '/home/seventeen/Documents/GitHub/Robotics-and-its-application/install/motion_planner_msgs' for CMake config files
[11.607s] Level 1:colcon.colcon_core.shell:create_environment_hook('motion_planner_msgs', 'cmake_prefix_path')
[11.608s] INFO:colcon.colcon_core.shell:Creating environment hook '/home/seventeen/Documents/GitHub/Robotics-and-its-application/install/motion_planner_msgs/share/motion_planner_msgs/hook/cmake_prefix_path.ps1'
[11.609s] INFO:colcon.colcon_core.shell:Creating environment descriptor '/home/seventeen/Documents/GitHub/Robotics-and-its-application/install/motion_planner_msgs/share/motion_planner_msgs/hook/cmake_prefix_path.dsv'
[11.610s] INFO:colcon.colcon_core.shell:Creating environment hook '/home/seventeen/Documents/GitHub/Robotics-and-its-application/install/motion_planner_msgs/share/motion_planner_msgs/hook/cmake_prefix_path.sh'
[11.611s] Level 1:colcon.colcon_core.environment:checking '/home/seventeen/Documents/GitHub/Robotics-and-its-application/install/motion_planner_msgs/lib'
[11.611s] Level 1:colcon.colcon_core.shell:create_environment_hook('motion_planner_msgs', 'ld_library_path_lib')
[11.612s] INFO:colcon.colcon_core.shell:Creating environment hook '/home/seventeen/Documents/GitHub/Robotics-and-its-application/install/motion_planner_msgs/share/motion_planner_msgs/hook/ld_library_path_lib.ps1'
[11.613s] INFO:colcon.colcon_core.shell:Creating environment descriptor '/home/seventeen/Documents/GitHub/Robotics-and-its-application/install/motion_planner_msgs/share/motion_planner_msgs/hook/ld_library_path_lib.dsv'
[11.613s] INFO:colcon.colcon_core.shell:Creating environment hook '/home/seventeen/Documents/GitHub/Robotics-and-its-application/install/motion_planner_msgs/share/motion_planner_msgs/hook/ld_library_path_lib.sh'
[11.614s] Level 1:colcon.colcon_core.environment:checking '/home/seventeen/Documents/GitHub/Robotics-and-its-application/install/motion_planner_msgs/bin'
[11.614s] Level 1:colcon.colcon_core.environment:checking '/home/seventeen/Documents/GitHub/Robotics-and-its-application/install/motion_planner_msgs/lib/pkgconfig/motion_planner_msgs.pc'
[11.615s] Level 1:colcon.colcon_core.environment:checking '/home/seventeen/Documents/GitHub/Robotics-and-its-application/install/motion_planner_msgs/lib/python3.10/site-packages'
[11.615s] Level 1:colcon.colcon_core.environment:checking '/home/seventeen/Documents/GitHub/Robotics-and-its-application/install/motion_planner_msgs/bin'
[11.615s] INFO:colcon.colcon_core.shell:Creating package script '/home/seventeen/Documents/GitHub/Robotics-and-its-application/install/motion_planner_msgs/share/motion_planner_msgs/package.ps1'
[11.617s] INFO:colcon.colcon_core.shell:Creating package descriptor '/home/seventeen/Documents/GitHub/Robotics-and-its-application/install/motion_planner_msgs/share/motion_planner_msgs/package.dsv'
[11.617s] INFO:colcon.colcon_core.shell:Creating package script '/home/seventeen/Documents/GitHub/Robotics-and-its-application/install/motion_planner_msgs/share/motion_planner_msgs/package.sh'
[11.619s] INFO:colcon.colcon_core.shell:Creating package script '/home/seventeen/Documents/GitHub/Robotics-and-its-application/install/motion_planner_msgs/share/motion_planner_msgs/package.bash'
[11.620s] INFO:colcon.colcon_core.shell:Creating package script '/home/seventeen/Documents/GitHub/Robotics-and-its-application/install/motion_planner_msgs/share/motion_planner_msgs/package.zsh'
[11.621s] Level 1:colcon.colcon_core.environment:create_file_with_runtime_dependencies(/home/seventeen/Documents/GitHub/Robotics-and-its-application/install/motion_planner_msgs/share/colcon-core/packages/motion_planner_msgs)
[11.622s] Level 1:colcon.colcon_core.environment:create_environment_scripts_only(motion_planner_msgs)
[11.622s] Level 1:colcon.colcon_core.environment:checking '/home/seventeen/Documents/GitHub/Robotics-and-its-application/install/motion_planner_msgs' for CMake module files
[11.623s] Level 1:colcon.colcon_core.environment:checking '/home/seventeen/Documents/GitHub/Robotics-and-its-application/install/motion_planner_msgs' for CMake config files
[11.624s] Level 1:colcon.colcon_core.shell:create_environment_hook('motion_planner_msgs', 'cmake_prefix_path')
[11.624s] INFO:colcon.colcon_core.shell:Creating environment hook '/home/seventeen/Documents/GitHub/Robotics-and-its-application/install/motion_planner_msgs/share/motion_planner_msgs/hook/cmake_prefix_path.ps1'
[11.624s] INFO:colcon.colcon_core.shell:Creating environment descriptor '/home/seventeen/Documents/GitHub/Robotics-and-its-application/install/motion_planner_msgs/share/motion_planner_msgs/hook/cmake_prefix_path.dsv'
[11.625s] INFO:colcon.colcon_core.shell:Creating environment hook '/home/seventeen/Documents/GitHub/Robotics-and-its-application/install/motion_planner_msgs/share/motion_planner_msgs/hook/cmake_prefix_path.sh'
[11.625s] Level 1:colcon.colcon_core.environment:checking '/home/seventeen/Documents/GitHub/Robotics-and-its-application/install/motion_planner_msgs/lib'
[11.625s] Level 1:colcon.colcon_core.shell:create_environment_hook('motion_planner_msgs', 'ld_library_path_lib')
[11.626s] INFO:colcon.colcon_core.shell:Creating environment hook '/home/seventeen/Documents/GitHub/Robotics-and-its-application/install/motion_planner_msgs/share/motion_planner_msgs/hook/ld_library_path_lib.ps1'
[11.626s] INFO:colcon.colcon_core.shell:Creating environment descriptor '/home/seventeen/Documents/GitHub/Robotics-and-its-application/install/motion_planner_msgs/share/motion_planner_msgs/hook/ld_library_path_lib.dsv'
[11.626s] INFO:colcon.colcon_core.shell:Creating environment hook '/home/seventeen/Documents/GitHub/Robotics-and-its-application/install/motion_planner_msgs/share/motion_planner_msgs/hook/ld_library_path_lib.sh'
[11.627s] Level 1:colcon.colcon_core.environment:checking '/home/seventeen/Documents/GitHub/Robotics-and-its-application/install/motion_planner_msgs/bin'
[11.627s] Level 1:colcon.colcon_core.environment:checking '/home/seventeen/Documents/GitHub/Robotics-and-its-application/install/motion_planner_msgs/lib/pkgconfig/motion_planner_msgs.pc'
[11.627s] Level 1:colcon.colcon_core.environment:checking '/home/seventeen/Documents/GitHub/Robotics-and-its-application/install/motion_planner_msgs/lib/python3.10/site-packages'
[11.627s] Level 1:colcon.colcon_core.environment:checking '/home/seventeen/Documents/GitHub/Robotics-and-its-application/install/motion_planner_msgs/bin'
[11.628s] INFO:colcon.colcon_core.shell:Creating package script '/home/seventeen/Documents/GitHub/Robotics-and-its-application/install/motion_planner_msgs/share/motion_planner_msgs/package.ps1'
[11.630s] INFO:colcon.colcon_core.shell:Creating package descriptor '/home/seventeen/Documents/GitHub/Robotics-and-its-application/install/motion_planner_msgs/share/motion_planner_msgs/package.dsv'
[11.632s] INFO:colcon.colcon_core.shell:Creating package script '/home/seventeen/Documents/GitHub/Robotics-and-its-application/install/motion_planner_msgs/share/motion_planner_msgs/package.sh'
[11.634s] INFO:colcon.colcon_core.shell:Creating package script '/home/seventeen/Documents/GitHub/Robotics-and-its-application/install/motion_planner_msgs/share/motion_planner_msgs/package.bash'
[11.635s] INFO:colcon.colcon_core.shell:Creating package script '/home/seventeen/Documents/GitHub/Robotics-and-its-application/install/motion_planner_msgs/share/motion_planner_msgs/package.zsh'
[11.636s] Level 1:colcon.colcon_core.environment:create_file_with_runtime_dependencies(/home/seventeen/Documents/GitHub/Robotics-and-its-application/install/motion_planner_msgs/share/colcon-core/packages/motion_planner_msgs)
[11.638s] INFO:colcon.colcon_ros.task.ament_cmake.build:Building ROS package in '/home/seventeen/Documents/GitHub/Robotics-and-its-application/robot_planning' with build type 'ament_cmake'
[11.638s] INFO:colcon.colcon_cmake.task.cmake.build:Building CMake package in '/home/seventeen/Documents/GitHub/Robotics-and-its-application/robot_planning'
[11.639s] INFO:colcon.colcon_core.shell:Skip shell extension 'powershell' for command environment: Not usable outside of PowerShell
[11.639s] DEBUG:colcon.colcon_core.shell:Skip shell extension 'dsv' for command environment
[11.651s] Level 1:colcon.colcon_core.environment:create_environment_scripts_only(graph_for_task_planner_msg)
[11.652s] Level 1:colcon.colcon_core.environment:checking '/home/seventeen/Documents/GitHub/Robotics-and-its-application/install/graph_for_task_planner_msg' for CMake module files
[11.653s] DEBUG:colcon.colcon_core.event_handler.log_command:Invoked command in '/home/seventeen/Documents/GitHub/Robotics-and-its-application/build/graph_for_task_planner_msg' returned '0': CMAKE_PREFIX_PATH=/opt/ros/humble /home/seventeen/.local/bin/cmake --install /home/seventeen/Documents/GitHub/Robotics-and-its-application/build/graph_for_task_planner_msg
[11.654s] Level 1:colcon.colcon_core.environment:checking '/home/seventeen/Documents/GitHub/Robotics-and-its-application/install/graph_for_task_planner_msg' for CMake config files
[11.655s] Level 1:colcon.colcon_core.shell:create_environment_hook('graph_for_task_planner_msg', 'cmake_prefix_path')
[11.655s] INFO:colcon.colcon_core.shell:Creating environment hook '/home/seventeen/Documents/GitHub/Robotics-and-its-application/install/graph_for_task_planner_msg/share/graph_for_task_planner_msg/hook/cmake_prefix_path.ps1'
[11.656s] INFO:colcon.colcon_core.shell:Creating environment descriptor '/home/seventeen/Documents/GitHub/Robotics-and-its-application/install/graph_for_task_planner_msg/share/graph_for_task_planner_msg/hook/cmake_prefix_path.dsv'
[11.656s] INFO:colcon.colcon_core.shell:Creating environment hook '/home/seventeen/Documents/GitHub/Robotics-and-its-application/install/graph_for_task_planner_msg/share/graph_for_task_planner_msg/hook/cmake_prefix_path.sh'
[11.657s] Level 1:colcon.colcon_core.environment:checking '/home/seventeen/Documents/GitHub/Robotics-and-its-application/install/graph_for_task_planner_msg/lib'
[11.657s] Level 1:colcon.colcon_core.shell:create_environment_hook('graph_for_task_planner_msg', 'ld_library_path_lib')
[11.658s] INFO:colcon.colcon_core.shell:Creating environment hook '/home/seventeen/Documents/GitHub/Robotics-and-its-application/install/graph_for_task_planner_msg/share/graph_for_task_planner_msg/hook/ld_library_path_lib.ps1'
[11.658s] INFO:colcon.colcon_core.shell:Creating environment descriptor '/home/seventeen/Documents/GitHub/Robotics-and-its-application/install/graph_for_task_planner_msg/share/graph_for_task_planner_msg/hook/ld_library_path_lib.dsv'
[11.659s] INFO:colcon.colcon_core.shell:Creating environment hook '/home/seventeen/Documents/GitHub/Robotics-and-its-application/install/graph_for_task_planner_msg/share/graph_for_task_planner_msg/hook/ld_library_path_lib.sh'
[11.659s] Level 1:colcon.colcon_core.environment:checking '/home/seventeen/Documents/GitHub/Robotics-and-its-application/install/graph_for_task_planner_msg/bin'
[11.659s] Level 1:colcon.colcon_core.environment:checking '/home/seventeen/Documents/GitHub/Robotics-and-its-application/install/graph_for_task_planner_msg/lib/pkgconfig/graph_for_task_planner_msg.pc'
[11.659s] Level 1:colcon.colcon_core.environment:checking '/home/seventeen/Documents/GitHub/Robotics-and-its-application/install/graph_for_task_planner_msg/lib/python3.10/site-packages'
[11.660s] Level 1:colcon.colcon_core.environment:checking '/home/seventeen/Documents/GitHub/Robotics-and-its-application/install/graph_for_task_planner_msg/bin'
[11.660s] INFO:colcon.colcon_core.shell:Creating package script '/home/seventeen/Documents/GitHub/Robotics-and-its-application/install/graph_for_task_planner_msg/share/graph_for_task_planner_msg/package.ps1'
[11.661s] INFO:colcon.colcon_core.shell:Creating package descriptor '/home/seventeen/Documents/GitHub/Robotics-and-its-application/install/graph_for_task_planner_msg/share/graph_for_task_planner_msg/package.dsv'
[11.662s] INFO:colcon.colcon_core.shell:Creating package script '/home/seventeen/Documents/GitHub/Robotics-and-its-application/install/graph_for_task_planner_msg/share/graph_for_task_planner_msg/package.sh'
[11.663s] INFO:colcon.colcon_core.shell:Creating package script '/home/seventeen/Documents/GitHub/Robotics-and-its-application/install/graph_for_task_planner_msg/share/graph_for_task_planner_msg/package.bash'
[11.664s] INFO:colcon.colcon_core.shell:Creating package script '/home/seventeen/Documents/GitHub/Robotics-and-its-application/install/graph_for_task_planner_msg/share/graph_for_task_planner_msg/package.zsh'
[11.665s] Level 1:colcon.colcon_core.environment:create_file_with_runtime_dependencies(/home/seventeen/Documents/GitHub/Robotics-and-its-application/install/graph_for_task_planner_msg/share/colcon-core/packages/graph_for_task_planner_msg)
[11.666s] Level 1:colcon.colcon_core.environment:create_environment_scripts_only(graph_for_task_planner_msg)
[11.667s] Level 1:colcon.colcon_core.environment:checking '/home/seventeen/Documents/GitHub/Robotics-and-its-application/install/graph_for_task_planner_msg' for CMake module files
[11.668s] Level 1:colcon.colcon_core.environment:checking '/home/seventeen/Documents/GitHub/Robotics-and-its-application/install/graph_for_task_planner_msg' for CMake config files
[11.669s] Level 1:colcon.colcon_core.shell:create_environment_hook('graph_for_task_planner_msg', 'cmake_prefix_path')
[11.669s] INFO:colcon.colcon_core.shell:Creating environment hook '/home/seventeen/Documents/GitHub/Robotics-and-its-application/install/graph_for_task_planner_msg/share/graph_for_task_planner_msg/hook/cmake_prefix_path.ps1'
[11.670s] INFO:colcon.colcon_core.shell:Creating environment descriptor '/home/seventeen/Documents/GitHub/Robotics-and-its-application/install/graph_for_task_planner_msg/share/graph_for_task_planner_msg/hook/cmake_prefix_path.dsv'
[11.670s] INFO:colcon.colcon_core.shell:Creating environment hook '/home/seventeen/Documents/GitHub/Robotics-and-its-application/install/graph_for_task_planner_msg/share/graph_for_task_planner_msg/hook/cmake_prefix_path.sh'
[11.671s] Level 1:colcon.colcon_core.environment:checking '/home/seventeen/Documents/GitHub/Robotics-and-its-application/install/graph_for_task_planner_msg/lib'
[11.671s] Level 1:colcon.colcon_core.shell:create_environment_hook('graph_for_task_planner_msg', 'ld_library_path_lib')
[11.672s] INFO:colcon.colcon_core.shell:Creating environment hook '/home/seventeen/Documents/GitHub/Robotics-and-its-application/install/graph_for_task_planner_msg/share/graph_for_task_planner_msg/hook/ld_library_path_lib.ps1'
[11.672s] INFO:colcon.colcon_core.shell:Creating environment descriptor '/home/seventeen/Documents/GitHub/Robotics-and-its-application/install/graph_for_task_planner_msg/share/graph_for_task_planner_msg/hook/ld_library_path_lib.dsv'
[11.673s] INFO:colcon.colcon_core.shell:Creating environment hook '/home/seventeen/Documents/GitHub/Robotics-and-its-application/install/graph_for_task_planner_msg/share/graph_for_task_planner_msg/hook/ld_library_path_lib.sh'
[11.673s] Level 1:colcon.colcon_core.environment:checking '/home/seventeen/Documents/GitHub/Robotics-and-its-application/install/graph_for_task_planner_msg/bin'
[11.673s] Level 1:colcon.colcon_core.environment:checking '/home/seventeen/Documents/GitHub/Robotics-and-its-application/install/graph_for_task_planner_msg/lib/pkgconfig/graph_for_task_planner_msg.pc'
[11.674s] Level 1:colcon.colcon_core.environment:checking '/home/seventeen/Documents/GitHub/Robotics-and-its-application/install/graph_for_task_planner_msg/lib/python3.10/site-packages'
[11.674s] Level 1:colcon.colcon_core.environment:checking '/home/seventeen/Documents/GitHub/Robotics-and-its-application/install/graph_for_task_planner_msg/bin'
[11.674s] INFO:colcon.colcon_core.shell:Creating package script '/home/seventeen/Documents/GitHub/Robotics-and-its-application/install/graph_for_task_planner_msg/share/graph_for_task_planner_msg/package.ps1'
[11.675s] INFO:colcon.colcon_core.shell:Creating package descriptor '/home/seventeen/Documents/GitHub/Robotics-and-its-application/install/graph_for_task_planner_msg/share/graph_for_task_planner_msg/package.dsv'
[11.676s] INFO:colcon.colcon_core.shell:Creating package script '/home/seventeen/Documents/GitHub/Robotics-and-its-application/install/graph_for_task_planner_msg/share/graph_for_task_planner_msg/package.sh'
[11.677s] INFO:colcon.colcon_core.shell:Creating package script '/home/seventeen/Documents/GitHub/Robotics-and-its-application/install/graph_for_task_planner_msg/share/graph_for_task_planner_msg/package.bash'
[11.678s] INFO:colcon.colcon_core.shell:Creating package script '/home/seventeen/Documents/GitHub/Robotics-and-its-application/install/graph_for_task_planner_msg/share/graph_for_task_planner_msg/package.zsh'
[11.680s] Level 1:colcon.colcon_core.environment:create_file_with_runtime_dependencies(/home/seventeen/Documents/GitHub/Robotics-and-its-application/install/graph_for_task_planner_msg/share/colcon-core/packages/graph_for_task_planner_msg)
[11.687s] DEBUG:colcon.colcon_core.event_handler.log_command:Invoking command in '/home/seventeen/Documents/GitHub/Robotics-and-its-application/build/robot_planning': AMENT_PREFIX_PATH=/home/seventeen/Documents/GitHub/Robotics-and-its-application/install/motion_planner_msgs:${AMENT_PREFIX_PATH} CMAKE_PREFIX_PATH=/home/seventeen/Documents/GitHub/Robotics-and-its-application/install/motion_planner_msgs:/opt/ros/humble LD_LIBRARY_PATH=/home/seventeen/Documents/GitHub/Robotics-and-its-application/install/motion_planner_msgs/lib:${LD_LIBRARY_PATH} PYTHONPATH=/home/seventeen/Documents/GitHub/Robotics-and-its-application/install/motion_planner_msgs/local/lib/python3.10/dist-packages:${PYTHONPATH} /home/seventeen/.local/bin/cmake --build /home/seventeen/Documents/GitHub/Robotics-and-its-application/build/robot_planning -- -j8 -l8
[11.825s] DEBUG:colcon.colcon_core.event_handler.log_command:Invoked command in '/home/seventeen/Documents/GitHub/Robotics-and-its-application/build/robot_planning' returned '2': AMENT_PREFIX_PATH=/home/seventeen/Documents/GitHub/Robotics-and-its-application/install/motion_planner_msgs:${AMENT_PREFIX_PATH} CMAKE_PREFIX_PATH=/home/seventeen/Documents/GitHub/Robotics-and-its-application/install/motion_planner_msgs:/opt/ros/humble LD_LIBRARY_PATH=/home/seventeen/Documents/GitHub/Robotics-and-its-application/install/motion_planner_msgs/lib:${LD_LIBRARY_PATH} PYTHONPATH=/home/seventeen/Documents/GitHub/Robotics-and-its-application/install/motion_planner_msgs/local/lib/python3.10/dist-packages:${PYTHONPATH} /home/seventeen/.local/bin/cmake --build /home/seventeen/Documents/GitHub/Robotics-and-its-application/build/robot_planning -- -j8 -l8
[11.971s] Level 1:colcon.colcon_core.environment:create_environment_scripts_only(robot_planning)
[11.971s] Level 1:colcon.colcon_core.environment:checking '/home/seventeen/Documents/GitHub/Robotics-and-its-application/install/robot_planning' for CMake module files
[11.972s] Level 1:colcon.colcon_core.environment:checking '/home/seventeen/Documents/GitHub/Robotics-and-its-application/install/robot_planning' for CMake config files
[11.972s] Level 1:colcon.colcon_core.shell:create_environment_hook('robot_planning', 'cmake_prefix_path')
[11.972s] INFO:colcon.colcon_core.shell:Creating environment hook '/home/seventeen/Documents/GitHub/Robotics-and-its-application/install/robot_planning/share/robot_planning/hook/cmake_prefix_path.ps1'
[11.973s] INFO:colcon.colcon_core.shell:Creating environment descriptor '/home/seventeen/Documents/GitHub/Robotics-and-its-application/install/robot_planning/share/robot_planning/hook/cmake_prefix_path.dsv'
[11.974s] INFO:colcon.colcon_core.shell:Creating environment hook '/home/seventeen/Documents/GitHub/Robotics-and-its-application/install/robot_planning/share/robot_planning/hook/cmake_prefix_path.sh'
[11.974s] Level 1:colcon.colcon_core.environment:checking '/home/seventeen/Documents/GitHub/Robotics-and-its-application/install/robot_planning/lib'
[11.974s] Level 1:colcon.colcon_core.environment:checking '/home/seventeen/Documents/GitHub/Robotics-and-its-application/install/robot_planning/bin'
[11.974s] Level 1:colcon.colcon_core.environment:checking '/home/seventeen/Documents/GitHub/Robotics-and-its-application/install/robot_planning/lib/pkgconfig/robot_planning.pc'
[11.975s] Level 1:colcon.colcon_core.environment:checking '/home/seventeen/Documents/GitHub/Robotics-and-its-application/install/robot_planning/lib/python3.10/site-packages'
[11.975s] Level 1:colcon.colcon_core.environment:checking '/home/seventeen/Documents/GitHub/Robotics-and-its-application/install/robot_planning/bin'
[11.975s] INFO:colcon.colcon_core.shell:Creating package script '/home/seventeen/Documents/GitHub/Robotics-and-its-application/install/robot_planning/share/robot_planning/package.ps1'
[11.976s] INFO:colcon.colcon_core.shell:Creating package descriptor '/home/seventeen/Documents/GitHub/Robotics-and-its-application/install/robot_planning/share/robot_planning/package.dsv'
[11.977s] INFO:colcon.colcon_core.shell:Creating package script '/home/seventeen/Documents/GitHub/Robotics-and-its-application/install/robot_planning/share/robot_planning/package.sh'
[11.977s] INFO:colcon.colcon_core.shell:Creating package script '/home/seventeen/Documents/GitHub/Robotics-and-its-application/install/robot_planning/share/robot_planning/package.bash'
[11.978s] INFO:colcon.colcon_core.shell:Creating package script '/home/seventeen/Documents/GitHub/Robotics-and-its-application/install/robot_planning/share/robot_planning/package.zsh'
[11.979s] Level 1:colcon.colcon_core.environment:create_file_with_runtime_dependencies(/home/seventeen/Documents/GitHub/Robotics-and-its-application/install/robot_planning/share/colcon-core/packages/robot_planning)
[11.990s] DEBUG:colcon.colcon_parallel_executor.executor.parallel:closing loop
[11.991s] DEBUG:colcon.colcon_parallel_executor.executor.parallel:loop closed
[11.991s] DEBUG:colcon.colcon_parallel_executor.executor.parallel:run_until_complete finished with '2'
[11.991s] DEBUG:colcon.colcon_core.event_reactor:joining thread
[12.002s] INFO:colcon.colcon_core.plugin_system:Skipping extension 'colcon_notification.desktop_notification.terminal_notifier': Not used on non-Darwin systems
[12.003s] INFO:colcon.colcon_core.plugin_system:Skipping extension 'colcon_notification.desktop_notification.win32': Not used on non-Windows systems
[12.003s] INFO:colcon.colcon_notification.desktop_notification:Sending desktop notification using 'notify2'
[12.053s] DEBUG:colcon.colcon_core.event_reactor:joined thread
[12.054s] INFO:colcon.colcon_core.shell:Creating prefix script '/home/seventeen/Documents/GitHub/Robotics-and-its-application/install/local_setup.ps1'
[12.056s] INFO:colcon.colcon_core.shell:Creating prefix util module '/home/seventeen/Documents/GitHub/Robotics-and-its-application/install/_local_setup_util_ps1.py'
[12.058s] INFO:colcon.colcon_core.shell:Creating prefix chain script '/home/seventeen/Documents/GitHub/Robotics-and-its-application/install/setup.ps1'
[12.060s] INFO:colcon.colcon_core.shell:Creating prefix script '/home/seventeen/Documents/GitHub/Robotics-and-its-application/install/local_setup.sh'
[12.061s] INFO:colcon.colcon_core.shell:Creating prefix util module '/home/seventeen/Documents/GitHub/Robotics-and-its-application/install/_local_setup_util_sh.py'
[12.063s] INFO:colcon.colcon_core.shell:Creating prefix chain script '/home/seventeen/Documents/GitHub/Robotics-and-its-application/install/setup.sh'
[12.065s] INFO:colcon.colcon_core.shell:Creating prefix script '/home/seventeen/Documents/GitHub/Robotics-and-its-application/install/local_setup.bash'
[12.066s] INFO:colcon.colcon_core.shell:Creating prefix chain script '/home/seventeen/Documents/GitHub/Robotics-and-its-application/install/setup.bash'
[12.067s] INFO:colcon.colcon_core.shell:Creating prefix script '/home/seventeen/Documents/GitHub/Robotics-and-its-application/install/local_setup.zsh'
[12.068s] INFO:colcon.colcon_core.shell:Creating prefix chain script '/home/seventeen/Documents/GitHub/Robotics-and-its-application/install/setup.zsh'
