[0.020s] Invoking command in '/home/seventeen/Robotics-and-its-application/build/robot_planning': CMAKE_PREFIX_PATH=/opt/ros/humble /home/seventeen/.local/bin/cmake /home/seventeen/Robotics-and-its-application/src/robot_planning -DCMAKE_INSTALL_PREFIX=/home/seventeen/Robotics-and-its-application/install/robot_planning
[0.166s] [0mCMake Deprecation Warning at CMakeLists.txt:1 (cmake_minimum_required):
[0.166s]   Compatibility with CMake < 3.10 will be removed from a future version of
[0.166s]   CMake.
[0.167s] 
[0.167s]   Update the VERSION argument <min> value or use a ...<max> suffix to tell
[0.167s]   CMake that the project does not need compatibility with older versions.
[0.167s] 
[0.168s] [0m
[0.201s] -- Found ament_cmake: 1.3.10 (/opt/ros/humble/share/ament_cmake/cmake)
[0.453s] -- Found Python3: /usr/bin/python3 (found version "3.10.12") found components: Interpreter
[0.673s] -- Found rclcpp: 16.0.10 (/opt/ros/humble/share/rclcpp/cmake)
[0.786s] -- Found rosidl_generator_c: 3.1.5 (/opt/ros/humble/share/rosidl_generator_c/cmake)
[0.800s] -- Found rosidl_adapter: 3.1.5 (/opt/ros/humble/share/rosidl_adapter/cmake)
[0.822s] -- Found rosidl_generator_cpp: 3.1.5 (/opt/ros/humble/share/rosidl_generator_cpp/cmake)
[0.860s] -- Using all available rosidl_typesupport_c: rosidl_typesupport_fastrtps_c;rosidl_typesupport_introspection_c
[0.903s] -- Using all available rosidl_typesupport_cpp: rosidl_typesupport_fastrtps_cpp;rosidl_typesupport_introspection_cpp
[1.023s] -- Found rmw_implementation_cmake: 6.1.2 (/opt/ros/humble/share/rmw_implementation_cmake/cmake)
[1.031s] -- Found rmw_fastrtps_cpp: 6.2.7 (/opt/ros/humble/share/rmw_fastrtps_cpp/cmake)
[1.278s] -- Found OpenSSL: /usr/lib/x86_64-linux-gnu/libcrypto.so (found version "3.0.2")
[1.369s] -- Found FastRTPS: /opt/ros/humble/include
[1.468s] -- Using RMW implementation 'rmw_fastrtps_cpp' as default
[1.491s] -- Performing Test CMAKE_HAVE_LIBC_PTHREAD
[1.657s] -- Performing Test CMAKE_HAVE_LIBC_PTHREAD - Success
[1.662s] -- Found Threads: TRUE
[1.829s] -- Found geometry_msgs: 4.2.4 (/opt/ros/humble/share/geometry_msgs/cmake)
[1.895s] [31mCMake Error at CMakeLists.txt:13 (find_package):
[1.895s]   By not providing "Findobstacles_msgs.cmake" in CMAKE_MODULE_PATH this
[1.896s]   project has asked CMake to find a package configuration file provided by
[1.896s]   "obstacles_msgs", but CMake did not find one.
[1.896s] 
[1.896s]   Could not find a package configuration file provided by "obstacles_msgs"
[1.896s]   with any of the following names:
[1.896s] 
[1.897s]     obstacles_msgsConfig.cmake
[1.897s]     obstacles_msgs-config.cmake
[1.897s] 
[1.897s]   Add the installation prefix of "obstacles_msgs" to CMAKE_PREFIX_PATH or set
[1.897s]   "obstacles_msgs_DIR" to a directory containing one of the above files.  If
[1.897s]   "obstacles_msgs" provides a separate development package or SDK, be sure it
[1.898s]   has been installed.
[1.898s] 
[1.898s] [0m
[1.898s] -- Configuring incomplete, errors occurred!
[1.919s] Invoked command in '/home/seventeen/Robotics-and-its-application/build/robot_planning' returned '1': CMAKE_PREFIX_PATH=/opt/ros/humble /home/seventeen/.local/bin/cmake /home/seventeen/Robotics-and-its-application/src/robot_planning -DCMAKE_INSTALL_PREFIX=/home/seventeen/Robotics-and-its-application/install/robot_planning
