[0.073s] Invoking command in '/home/seventeen/Robotics-and-its-application/build/obstacles_msgs': CMAKE_PREFIX_PATH=${CMAKE_PREFIX_PATH}:/opt/ros/humble /home/seventeen/.local/bin/cmake --build /home/seventeen/Robotics-and-its-application/build/obstacles_msgs -- -j8 -l8
[0.307s] [  2%] Built target obstacles_msgs__cpp
[0.330s] [ 12%] Built target obstacles_msgs__rosidl_generator_c
[0.344s] [ 12%] Built target ament_cmake_python_copy_obstacles_msgs
[0.369s] [ 23%] Built target obstacles_msgs__rosidl_typesupport_introspection_cpp
[0.381s] [ 33%] Built target obstacles_msgs__rosidl_typesupport_cpp
[0.384s] [ 43%] Built target obstacles_msgs__rosidl_typesupport_fastrtps_cpp
[0.394s] [ 53%] Built target obstacles_msgs__rosidl_typesupport_fastrtps_c
[0.401s] [ 64%] Built target obstacles_msgs__rosidl_typesupport_c
[0.406s] [ 74%] Built target obstacles_msgs__rosidl_typesupport_introspection_c
[0.464s] [ 74%] Built target obstacles_msgs
[0.516s] [ 76%] Built target obstacles_msgs__py
[0.585s] [ 84%] Built target obstacles_msgs__rosidl_generator_py
[0.653s] [ 92%] Built target obstacles_msgs__rosidl_typesupport_fastrtps_c__pyext
[0.658s] [ 97%] Built target obstacles_msgs__rosidl_typesupport_c__pyext
[0.658s] [100%] Built target obstacles_msgs__rosidl_typesupport_introspection_c__pyext
[1.265s] running egg_info
[1.265s] writing obstacles_msgs.egg-info/PKG-INFO
[1.265s] writing dependency_links to obstacles_msgs.egg-info/dependency_links.txt
[1.271s] writing top-level names to obstacles_msgs.egg-info/top_level.txt
[1.286s] reading manifest file 'obstacles_msgs.egg-info/SOURCES.txt'
[1.286s] writing manifest file 'obstacles_msgs.egg-info/SOURCES.txt'
[1.357s] [100%] Built target ament_cmake_python_build_obstacles_msgs_egg
[1.404s] Invoked command in '/home/seventeen/Robotics-and-its-application/build/obstacles_msgs' returned '0': CMAKE_PREFIX_PATH=${CMAKE_PREFIX_PATH}:/opt/ros/humble /home/seventeen/.local/bin/cmake --build /home/seventeen/Robotics-and-its-application/build/obstacles_msgs -- -j8 -l8
[1.942s] Invoking command in '/home/seventeen/Robotics-and-its-application/build/obstacles_msgs': CMAKE_PREFIX_PATH=${CMAKE_PREFIX_PATH}:/opt/ros/humble /home/seventeen/.local/bin/cmake --install /home/seventeen/Robotics-and-its-application/build/obstacles_msgs
[2.116s] -- Install configuration: ""
[2.116s] -- Up-to-date: /home/seventeen/Robotics-and-its-application/install/obstacles_msgs/share/ament_index/resource_index/rosidl_interfaces/obstacles_msgs
[2.117s] -- Up-to-date: /home/seventeen/Robotics-and-its-application/install/obstacles_msgs/include/obstacles_msgs/obstacles_msgs
[2.117s] -- Up-to-date: /home/seventeen/Robotics-and-its-application/install/obstacles_msgs/include/obstacles_msgs/obstacles_msgs/msg
[2.119s] -- Up-to-date: /home/seventeen/Robotics-and-its-application/install/obstacles_msgs/include/obstacles_msgs/obstacles_msgs/msg/rosidl_generator_c__visibility_control.h
[2.119s] -- Up-to-date: /home/seventeen/Robotics-and-its-application/install/obstacles_msgs/include/obstacles_msgs/obstacles_msgs/msg/obstacle_msg.h
[2.120s] -- Up-to-date: /home/seventeen/Robotics-and-its-application/install/obstacles_msgs/include/obstacles_msgs/obstacles_msgs/msg/detail
[2.120s] -- Up-to-date: /home/seventeen/Robotics-and-its-application/install/obstacles_msgs/include/obstacles_msgs/obstacles_msgs/msg/detail/obstacle_msg__struct.h
[2.121s] -- Up-to-date: /home/seventeen/Robotics-and-its-application/install/obstacles_msgs/include/obstacles_msgs/obstacles_msgs/msg/detail/obstacle_array_msg__struct.h
[2.121s] -- Up-to-date: /home/seventeen/Robotics-and-its-application/install/obstacles_msgs/include/obstacles_msgs/obstacles_msgs/msg/detail/obstacle_array_msg__functions.h
[2.121s] -- Up-to-date: /home/seventeen/Robotics-and-its-application/install/obstacles_msgs/include/obstacles_msgs/obstacles_msgs/msg/detail/obstacle_msg__functions.h
[2.122s] -- Up-to-date: /home/seventeen/Robotics-and-its-application/install/obstacles_msgs/include/obstacles_msgs/obstacles_msgs/msg/detail/obstacle_array_msg__type_support.h
[2.122s] -- Up-to-date: /home/seventeen/Robotics-and-its-application/install/obstacles_msgs/include/obstacles_msgs/obstacles_msgs/msg/detail/obstacle_msg__functions.c
[2.122s] -- Up-to-date: /home/seventeen/Robotics-and-its-application/install/obstacles_msgs/include/obstacles_msgs/obstacles_msgs/msg/detail/obstacle_msg__type_support.h
[2.123s] -- Up-to-date: /home/seventeen/Robotics-and-its-application/install/obstacles_msgs/include/obstacles_msgs/obstacles_msgs/msg/detail/obstacle_array_msg__functions.c
[2.123s] -- Up-to-date: /home/seventeen/Robotics-and-its-application/install/obstacles_msgs/include/obstacles_msgs/obstacles_msgs/msg/obstacle_array_msg.h
[2.123s] -- Up-to-date: /home/seventeen/Robotics-and-its-application/install/obstacles_msgs/share/obstacles_msgs/environment/library_path.sh
[2.124s] -- Up-to-date: /home/seventeen/Robotics-and-its-application/install/obstacles_msgs/share/obstacles_msgs/environment/library_path.dsv
[2.124s] -- Up-to-date: /home/seventeen/Robotics-and-its-application/install/obstacles_msgs/lib/libobstacles_msgs__rosidl_generator_c.so
[2.124s] -- Up-to-date: /home/seventeen/Robotics-and-its-application/install/obstacles_msgs/include/obstacles_msgs/obstacles_msgs
[2.124s] -- Up-to-date: /home/seventeen/Robotics-and-its-application/install/obstacles_msgs/include/obstacles_msgs/obstacles_msgs/msg
[2.125s] -- Up-to-date: /home/seventeen/Robotics-and-its-application/install/obstacles_msgs/include/obstacles_msgs/obstacles_msgs/msg/detail
[2.125s] -- Up-to-date: /home/seventeen/Robotics-and-its-application/install/obstacles_msgs/include/obstacles_msgs/obstacles_msgs/msg/detail/obstacle_array_msg__rosidl_typesupport_fastrtps_c.h
[2.125s] -- Up-to-date: /home/seventeen/Robotics-and-its-application/install/obstacles_msgs/include/obstacles_msgs/obstacles_msgs/msg/detail/obstacle_msg__rosidl_typesupport_fastrtps_c.h
[2.125s] -- Up-to-date: /home/seventeen/Robotics-and-its-application/install/obstacles_msgs/include/obstacles_msgs/obstacles_msgs/msg/rosidl_typesupport_fastrtps_c__visibility_control.h
[2.126s] -- Up-to-date: /home/seventeen/Robotics-and-its-application/install/obstacles_msgs/lib/libobstacles_msgs__rosidl_typesupport_fastrtps_c.so
[2.126s] -- Up-to-date: /home/seventeen/Robotics-and-its-application/install/obstacles_msgs/include/obstacles_msgs/obstacles_msgs
[2.126s] -- Up-to-date: /home/seventeen/Robotics-and-its-application/install/obstacles_msgs/include/obstacles_msgs/obstacles_msgs/msg
[2.127s] -- Up-to-date: /home/seventeen/Robotics-and-its-application/install/obstacles_msgs/include/obstacles_msgs/obstacles_msgs/msg/obstacle_msg.hpp
[2.127s] -- Up-to-date: /home/seventeen/Robotics-and-its-application/install/obstacles_msgs/include/obstacles_msgs/obstacles_msgs/msg/detail
[2.127s] -- Up-to-date: /home/seventeen/Robotics-and-its-application/install/obstacles_msgs/include/obstacles_msgs/obstacles_msgs/msg/detail/obstacle_msg__traits.hpp
[2.128s] -- Up-to-date: /home/seventeen/Robotics-and-its-application/install/obstacles_msgs/include/obstacles_msgs/obstacles_msgs/msg/detail/obstacle_msg__struct.hpp
[2.128s] -- Up-to-date: /home/seventeen/Robotics-and-its-application/install/obstacles_msgs/include/obstacles_msgs/obstacles_msgs/msg/detail/obstacle_array_msg__builder.hpp
[2.128s] -- Up-to-date: /home/seventeen/Robotics-and-its-application/install/obstacles_msgs/include/obstacles_msgs/obstacles_msgs/msg/detail/obstacle_msg__builder.hpp
[2.128s] -- Up-to-date: /home/seventeen/Robotics-and-its-application/install/obstacles_msgs/include/obstacles_msgs/obstacles_msgs/msg/detail/obstacle_array_msg__struct.hpp
[2.129s] -- Up-to-date: /home/seventeen/Robotics-and-its-application/install/obstacles_msgs/include/obstacles_msgs/obstacles_msgs/msg/detail/obstacle_array_msg__traits.hpp
[2.129s] -- Up-to-date: /home/seventeen/Robotics-and-its-application/install/obstacles_msgs/include/obstacles_msgs/obstacles_msgs/msg/obstacle_array_msg.hpp
[2.129s] -- Up-to-date: /home/seventeen/Robotics-and-its-application/install/obstacles_msgs/include/obstacles_msgs/obstacles_msgs
[2.130s] -- Up-to-date: /home/seventeen/Robotics-and-its-application/install/obstacles_msgs/include/obstacles_msgs/obstacles_msgs/msg
[2.130s] -- Up-to-date: /home/seventeen/Robotics-and-its-application/install/obstacles_msgs/include/obstacles_msgs/obstacles_msgs/msg/rosidl_typesupport_fastrtps_cpp__visibility_control.h
[2.130s] -- Up-to-date: /home/seventeen/Robotics-and-its-application/install/obstacles_msgs/include/obstacles_msgs/obstacles_msgs/msg/detail
[2.130s] -- Up-to-date: /home/seventeen/Robotics-and-its-application/install/obstacles_msgs/include/obstacles_msgs/obstacles_msgs/msg/detail/obstacle_array_msg__rosidl_typesupport_fastrtps_cpp.hpp
[2.131s] -- Up-to-date: /home/seventeen/Robotics-and-its-application/install/obstacles_msgs/include/obstacles_msgs/obstacles_msgs/msg/detail/dds_fastrtps
[2.131s] -- Up-to-date: /home/seventeen/Robotics-and-its-application/install/obstacles_msgs/include/obstacles_msgs/obstacles_msgs/msg/detail/obstacle_msg__rosidl_typesupport_fastrtps_cpp.hpp
[2.131s] -- Up-to-date: /home/seventeen/Robotics-and-its-application/install/obstacles_msgs/lib/libobstacles_msgs__rosidl_typesupport_fastrtps_cpp.so
[2.131s] -- Up-to-date: /home/seventeen/Robotics-and-its-application/install/obstacles_msgs/include/obstacles_msgs/obstacles_msgs
[2.131s] -- Up-to-date: /home/seventeen/Robotics-and-its-application/install/obstacles_msgs/include/obstacles_msgs/obstacles_msgs/msg
[2.132s] -- Up-to-date: /home/seventeen/Robotics-and-its-application/install/obstacles_msgs/include/obstacles_msgs/obstacles_msgs/msg/rosidl_typesupport_introspection_c__visibility_control.h
[2.132s] -- Up-to-date: /home/seventeen/Robotics-and-its-application/install/obstacles_msgs/include/obstacles_msgs/obstacles_msgs/msg/detail
[2.132s] -- Up-to-date: /home/seventeen/Robotics-and-its-application/install/obstacles_msgs/include/obstacles_msgs/obstacles_msgs/msg/detail/obstacle_msg__rosidl_typesupport_introspection_c.h
[2.132s] -- Up-to-date: /home/seventeen/Robotics-and-its-application/install/obstacles_msgs/include/obstacles_msgs/obstacles_msgs/msg/detail/obstacle_array_msg__type_support.c
[2.132s] -- Up-to-date: /home/seventeen/Robotics-and-its-application/install/obstacles_msgs/include/obstacles_msgs/obstacles_msgs/msg/detail/obstacle_msg__type_support.c
[2.133s] -- Up-to-date: /home/seventeen/Robotics-and-its-application/install/obstacles_msgs/include/obstacles_msgs/obstacles_msgs/msg/detail/obstacle_array_msg__rosidl_typesupport_introspection_c.h
[2.133s] -- Up-to-date: /home/seventeen/Robotics-and-its-application/install/obstacles_msgs/lib/libobstacles_msgs__rosidl_typesupport_introspection_c.so
[2.133s] -- Up-to-date: /home/seventeen/Robotics-and-its-application/install/obstacles_msgs/lib/libobstacles_msgs__rosidl_typesupport_c.so
[2.133s] -- Up-to-date: /home/seventeen/Robotics-and-its-application/install/obstacles_msgs/include/obstacles_msgs/obstacles_msgs
[2.133s] -- Up-to-date: /home/seventeen/Robotics-and-its-application/install/obstacles_msgs/include/obstacles_msgs/obstacles_msgs/msg
[2.135s] -- Up-to-date: /home/seventeen/Robotics-and-its-application/install/obstacles_msgs/include/obstacles_msgs/obstacles_msgs/msg/detail
[2.135s] -- Up-to-date: /home/seventeen/Robotics-and-its-application/install/obstacles_msgs/include/obstacles_msgs/obstacles_msgs/msg/detail/obstacle_msg__type_support.cpp
[2.135s] -- Up-to-date: /home/seventeen/Robotics-and-its-application/install/obstacles_msgs/include/obstacles_msgs/obstacles_msgs/msg/detail/obstacle_array_msg__rosidl_typesupport_introspection_cpp.hpp
[2.136s] -- Up-to-date: /home/seventeen/Robotics-and-its-application/install/obstacles_msgs/include/obstacles_msgs/obstacles_msgs/msg/detail/obstacle_array_msg__type_support.cpp
[2.136s] -- Up-to-date: /home/seventeen/Robotics-and-its-application/install/obstacles_msgs/include/obstacles_msgs/obstacles_msgs/msg/detail/obstacle_msg__rosidl_typesupport_introspection_cpp.hpp
[2.136s] -- Up-to-date: /home/seventeen/Robotics-and-its-application/install/obstacles_msgs/lib/libobstacles_msgs__rosidl_typesupport_introspection_cpp.so
[2.136s] -- Up-to-date: /home/seventeen/Robotics-and-its-application/install/obstacles_msgs/lib/libobstacles_msgs__rosidl_typesupport_cpp.so
[2.137s] -- Up-to-date: /home/seventeen/Robotics-and-its-application/install/obstacles_msgs/share/obstacles_msgs/environment/pythonpath.sh
[2.137s] -- Up-to-date: /home/seventeen/Robotics-and-its-application/install/obstacles_msgs/share/obstacles_msgs/environment/pythonpath.dsv
[2.137s] -- Up-to-date: /home/seventeen/Robotics-and-its-application/install/obstacles_msgs/local/lib/python3.10/dist-packages/obstacles_msgs-0.1.2-py3.10.egg-info
[2.138s] -- Installing: /home/seventeen/Robotics-and-its-application/install/obstacles_msgs/local/lib/python3.10/dist-packages/obstacles_msgs-0.1.2-py3.10.egg-info/dependency_links.txt
[2.139s] -- Installing: /home/seventeen/Robotics-and-its-application/install/obstacles_msgs/local/lib/python3.10/dist-packages/obstacles_msgs-0.1.2-py3.10.egg-info/PKG-INFO
[2.140s] -- Installing: /home/seventeen/Robotics-and-its-application/install/obstacles_msgs/local/lib/python3.10/dist-packages/obstacles_msgs-0.1.2-py3.10.egg-info/top_level.txt
[2.141s] -- Installing: /home/seventeen/Robotics-and-its-application/install/obstacles_msgs/local/lib/python3.10/dist-packages/obstacles_msgs-0.1.2-py3.10.egg-info/SOURCES.txt
[2.141s] -- Up-to-date: /home/seventeen/Robotics-and-its-application/install/obstacles_msgs/local/lib/python3.10/dist-packages/obstacles_msgs
[2.141s] -- Up-to-date: /home/seventeen/Robotics-and-its-application/install/obstacles_msgs/local/lib/python3.10/dist-packages/obstacles_msgs/libobstacles_msgs__rosidl_generator_py.so
[2.141s] -- Up-to-date: /home/seventeen/Robotics-and-its-application/install/obstacles_msgs/local/lib/python3.10/dist-packages/obstacles_msgs/obstacles_msgs_s__rosidl_typesupport_introspection_c.cpython-310-x86_64-linux-gnu.so
[2.142s] -- Up-to-date: /home/seventeen/Robotics-and-its-application/install/obstacles_msgs/local/lib/python3.10/dist-packages/obstacles_msgs/msg
[2.142s] -- Up-to-date: /home/seventeen/Robotics-and-its-application/install/obstacles_msgs/local/lib/python3.10/dist-packages/obstacles_msgs/msg/_obstacle_msg.py
[2.142s] -- Up-to-date: /home/seventeen/Robotics-and-its-application/install/obstacles_msgs/local/lib/python3.10/dist-packages/obstacles_msgs/msg/_obstacle_array_msg.py
[2.142s] -- Up-to-date: /home/seventeen/Robotics-and-its-application/install/obstacles_msgs/local/lib/python3.10/dist-packages/obstacles_msgs/msg/_obstacle_array_msg_s.c
[2.143s] -- Up-to-date: /home/seventeen/Robotics-and-its-application/install/obstacles_msgs/local/lib/python3.10/dist-packages/obstacles_msgs/msg/__init__.py
[2.143s] -- Up-to-date: /home/seventeen/Robotics-and-its-application/install/obstacles_msgs/local/lib/python3.10/dist-packages/obstacles_msgs/msg/_obstacle_msg_s.c
[2.143s] -- Up-to-date: /home/seventeen/Robotics-and-its-application/install/obstacles_msgs/local/lib/python3.10/dist-packages/obstacles_msgs/obstacles_msgs_s__rosidl_typesupport_fastrtps_c.cpython-310-x86_64-linux-gnu.so
[2.143s] -- Up-to-date: /home/seventeen/Robotics-and-its-application/install/obstacles_msgs/local/lib/python3.10/dist-packages/obstacles_msgs/__init__.py
[2.144s] -- Up-to-date: /home/seventeen/Robotics-and-its-application/install/obstacles_msgs/local/lib/python3.10/dist-packages/obstacles_msgs/obstacles_msgs_s__rosidl_typesupport_c.cpython-310-x86_64-linux-gnu.so
[2.144s] -- Up-to-date: /home/seventeen/Robotics-and-its-application/install/obstacles_msgs/local/lib/python3.10/dist-packages/obstacles_msgs/_obstacles_msgs_s.ep.rosidl_typesupport_fastrtps_c.c
[2.144s] -- Up-to-date: /home/seventeen/Robotics-and-its-application/install/obstacles_msgs/local/lib/python3.10/dist-packages/obstacles_msgs/_obstacles_msgs_s.ep.rosidl_typesupport_c.c
[2.144s] -- Up-to-date: /home/seventeen/Robotics-and-its-application/install/obstacles_msgs/local/lib/python3.10/dist-packages/obstacles_msgs/_obstacles_msgs_s.ep.rosidl_typesupport_introspection_c.c
[2.205s] Listing '/home/seventeen/Robotics-and-its-application/install/obstacles_msgs/local/lib/python3.10/dist-packages/obstacles_msgs'...
[2.206s] Listing '/home/seventeen/Robotics-and-its-application/install/obstacles_msgs/local/lib/python3.10/dist-packages/obstacles_msgs/msg'...
[2.216s] -- Up-to-date: /home/seventeen/Robotics-and-its-application/install/obstacles_msgs/local/lib/python3.10/dist-packages/obstacles_msgs/obstacles_msgs_s__rosidl_typesupport_fastrtps_c.cpython-310-x86_64-linux-gnu.so
[2.217s] -- Up-to-date: /home/seventeen/Robotics-and-its-application/install/obstacles_msgs/local/lib/python3.10/dist-packages/obstacles_msgs/obstacles_msgs_s__rosidl_typesupport_introspection_c.cpython-310-x86_64-linux-gnu.so
[2.219s] -- Up-to-date: /home/seventeen/Robotics-and-its-application/install/obstacles_msgs/local/lib/python3.10/dist-packages/obstacles_msgs/obstacles_msgs_s__rosidl_typesupport_c.cpython-310-x86_64-linux-gnu.so
[2.221s] -- Up-to-date: /home/seventeen/Robotics-and-its-application/install/obstacles_msgs/lib/libobstacles_msgs__rosidl_generator_py.so
[2.221s] -- Up-to-date: /home/seventeen/Robotics-and-its-application/install/obstacles_msgs/share/obstacles_msgs/msg/ObstacleMsg.idl
[2.222s] -- Up-to-date: /home/seventeen/Robotics-and-its-application/install/obstacles_msgs/share/obstacles_msgs/msg/ObstacleArrayMsg.idl
[2.222s] -- Up-to-date: /home/seventeen/Robotics-and-its-application/install/obstacles_msgs/share/obstacles_msgs/msg/ObstacleMsg.msg
[2.222s] -- Up-to-date: /home/seventeen/Robotics-and-its-application/install/obstacles_msgs/share/obstacles_msgs/msg/ObstacleArrayMsg.msg
[2.222s] -- Up-to-date: /home/seventeen/Robotics-and-its-application/install/obstacles_msgs/share/ament_index/resource_index/package_run_dependencies/obstacles_msgs
[2.222s] -- Up-to-date: /home/seventeen/Robotics-and-its-application/install/obstacles_msgs/share/ament_index/resource_index/parent_prefix_path/obstacles_msgs
[2.223s] -- Up-to-date: /home/seventeen/Robotics-and-its-application/install/obstacles_msgs/share/obstacles_msgs/environment/ament_prefix_path.sh
[2.223s] -- Up-to-date: /home/seventeen/Robotics-and-its-application/install/obstacles_msgs/share/obstacles_msgs/environment/ament_prefix_path.dsv
[2.223s] -- Up-to-date: /home/seventeen/Robotics-and-its-application/install/obstacles_msgs/share/obstacles_msgs/environment/path.sh
[2.224s] -- Up-to-date: /home/seventeen/Robotics-and-its-application/install/obstacles_msgs/share/obstacles_msgs/environment/path.dsv
[2.224s] -- Up-to-date: /home/seventeen/Robotics-and-its-application/install/obstacles_msgs/share/obstacles_msgs/local_setup.bash
[2.224s] -- Up-to-date: /home/seventeen/Robotics-and-its-application/install/obstacles_msgs/share/obstacles_msgs/local_setup.sh
[2.224s] -- Up-to-date: /home/seventeen/Robotics-and-its-application/install/obstacles_msgs/share/obstacles_msgs/local_setup.zsh
[2.224s] -- Up-to-date: /home/seventeen/Robotics-and-its-application/install/obstacles_msgs/share/obstacles_msgs/local_setup.dsv
[2.225s] -- Installing: /home/seventeen/Robotics-and-its-application/install/obstacles_msgs/share/obstacles_msgs/package.dsv
[2.225s] -- Up-to-date: /home/seventeen/Robotics-and-its-application/install/obstacles_msgs/share/ament_index/resource_index/packages/obstacles_msgs
[2.225s] -- Up-to-date: /home/seventeen/Robotics-and-its-application/install/obstacles_msgs/share/obstacles_msgs/cmake/export_obstacles_msgs__rosidl_generator_cExport.cmake
[2.225s] -- Up-to-date: /home/seventeen/Robotics-and-its-application/install/obstacles_msgs/share/obstacles_msgs/cmake/export_obstacles_msgs__rosidl_generator_cExport-noconfig.cmake
[2.226s] -- Up-to-date: /home/seventeen/Robotics-and-its-application/install/obstacles_msgs/share/obstacles_msgs/cmake/export_obstacles_msgs__rosidl_typesupport_fastrtps_cExport.cmake
[2.226s] -- Up-to-date: /home/seventeen/Robotics-and-its-application/install/obstacles_msgs/share/obstacles_msgs/cmake/export_obstacles_msgs__rosidl_typesupport_fastrtps_cExport-noconfig.cmake
[2.227s] -- Up-to-date: /home/seventeen/Robotics-and-its-application/install/obstacles_msgs/share/obstacles_msgs/cmake/export_obstacles_msgs__rosidl_generator_cppExport.cmake
[2.227s] -- Up-to-date: /home/seventeen/Robotics-and-its-application/install/obstacles_msgs/share/obstacles_msgs/cmake/export_obstacles_msgs__rosidl_typesupport_fastrtps_cppExport.cmake
[2.228s] -- Up-to-date: /home/seventeen/Robotics-and-its-application/install/obstacles_msgs/share/obstacles_msgs/cmake/export_obstacles_msgs__rosidl_typesupport_fastrtps_cppExport-noconfig.cmake
[2.228s] -- Up-to-date: /home/seventeen/Robotics-and-its-application/install/obstacles_msgs/share/obstacles_msgs/cmake/obstacles_msgs__rosidl_typesupport_introspection_cExport.cmake
[2.228s] -- Up-to-date: /home/seventeen/Robotics-and-its-application/install/obstacles_msgs/share/obstacles_msgs/cmake/obstacles_msgs__rosidl_typesupport_introspection_cExport-noconfig.cmake
[2.228s] -- Up-to-date: /home/seventeen/Robotics-and-its-application/install/obstacles_msgs/share/obstacles_msgs/cmake/obstacles_msgs__rosidl_typesupport_cExport.cmake
[2.228s] -- Up-to-date: /home/seventeen/Robotics-and-its-application/install/obstacles_msgs/share/obstacles_msgs/cmake/obstacles_msgs__rosidl_typesupport_cExport-noconfig.cmake
[2.229s] -- Up-to-date: /home/seventeen/Robotics-and-its-application/install/obstacles_msgs/share/obstacles_msgs/cmake/obstacles_msgs__rosidl_typesupport_introspection_cppExport.cmake
[2.229s] -- Up-to-date: /home/seventeen/Robotics-and-its-application/install/obstacles_msgs/share/obstacles_msgs/cmake/obstacles_msgs__rosidl_typesupport_introspection_cppExport-noconfig.cmake
[2.229s] -- Up-to-date: /home/seventeen/Robotics-and-its-application/install/obstacles_msgs/share/obstacles_msgs/cmake/obstacles_msgs__rosidl_typesupport_cppExport.cmake
[2.229s] -- Up-to-date: /home/seventeen/Robotics-and-its-application/install/obstacles_msgs/share/obstacles_msgs/cmake/obstacles_msgs__rosidl_typesupport_cppExport-noconfig.cmake
[2.230s] -- Up-to-date: /home/seventeen/Robotics-and-its-application/install/obstacles_msgs/share/obstacles_msgs/cmake/export_obstacles_msgs__rosidl_generator_pyExport.cmake
[2.230s] -- Up-to-date: /home/seventeen/Robotics-and-its-application/install/obstacles_msgs/share/obstacles_msgs/cmake/export_obstacles_msgs__rosidl_generator_pyExport-noconfig.cmake
[2.230s] -- Up-to-date: /home/seventeen/Robotics-and-its-application/install/obstacles_msgs/share/obstacles_msgs/cmake/rosidl_cmake-extras.cmake
[2.231s] -- Up-to-date: /home/seventeen/Robotics-and-its-application/install/obstacles_msgs/share/obstacles_msgs/cmake/ament_cmake_export_dependencies-extras.cmake
[2.231s] -- Up-to-date: /home/seventeen/Robotics-and-its-application/install/obstacles_msgs/share/obstacles_msgs/cmake/ament_cmake_export_include_directories-extras.cmake
[2.231s] -- Up-to-date: /home/seventeen/Robotics-and-its-application/install/obstacles_msgs/share/obstacles_msgs/cmake/ament_cmake_export_libraries-extras.cmake
[2.231s] -- Up-to-date: /home/seventeen/Robotics-and-its-application/install/obstacles_msgs/share/obstacles_msgs/cmake/ament_cmake_export_targets-extras.cmake
[2.231s] -- Up-to-date: /home/seventeen/Robotics-and-its-application/install/obstacles_msgs/share/obstacles_msgs/cmake/rosidl_cmake_export_typesupport_targets-extras.cmake
[2.232s] -- Up-to-date: /home/seventeen/Robotics-and-its-application/install/obstacles_msgs/share/obstacles_msgs/cmake/rosidl_cmake_export_typesupport_libraries-extras.cmake
[2.232s] -- Up-to-date: /home/seventeen/Robotics-and-its-application/install/obstacles_msgs/share/obstacles_msgs/cmake/obstacles_msgsConfig.cmake
[2.232s] -- Up-to-date: /home/seventeen/Robotics-and-its-application/install/obstacles_msgs/share/obstacles_msgs/cmake/obstacles_msgsConfig-version.cmake
[2.232s] -- Up-to-date: /home/seventeen/Robotics-and-its-application/install/obstacles_msgs/share/obstacles_msgs/package.xml
[2.240s] Invoked command in '/home/seventeen/Robotics-and-its-application/build/obstacles_msgs' returned '0': CMAKE_PREFIX_PATH=${CMAKE_PREFIX_PATH}:/opt/ros/humble /home/seventeen/.local/bin/cmake --install /home/seventeen/Robotics-and-its-application/build/obstacles_msgs
