[0.071s] Invoking command in '/home/seventeen/Robotics-and-its-application/build/obstacles_msgs': CMAKE_PREFIX_PATH=${CMAKE_PREFIX_PATH}:/opt/ros/humble /home/seventeen/.local/bin/cmake --build /home/seventeen/Robotics-and-its-application/build/obstacles_msgs -- -j8 -l8
[0.295s] [  2%] Built target obstacles_msgs__cpp
[0.305s] [ 12%] Built target obstacles_msgs__rosidl_generator_c
[0.313s] [ 12%] Built target ament_cmake_python_copy_obstacles_msgs
[0.353s] [ 23%] Built target obstacles_msgs__rosidl_typesupport_cpp
[0.360s] [ 33%] Built target obstacles_msgs__rosidl_typesupport_c
[0.363s] [ 43%] Built target obstacles_msgs__rosidl_typesupport_fastrtps_cpp
[0.366s] [ 53%] Built target obstacles_msgs__rosidl_typesupport_introspection_cpp
[0.371s] [ 64%] Built target obstacles_msgs__rosidl_typesupport_fastrtps_c
[0.381s] [ 74%] Built target obstacles_msgs__rosidl_typesupport_introspection_c
[0.410s] [ 74%] Built target obstacles_msgs
[0.459s] [ 76%] Built target obstacles_msgs__py
[0.517s] [ 84%] Built target obstacles_msgs__rosidl_generator_py
[0.582s] [ 89%] Built target obstacles_msgs__rosidl_typesupport_fastrtps_c__pyext
[0.590s] [ 94%] Built target obstacles_msgs__rosidl_typesupport_introspection_c__pyext
[0.591s] [100%] Built target obstacles_msgs__rosidl_typesupport_c__pyext
[1.096s] running egg_info
[1.097s] writing obstacles_msgs.egg-info/PKG-INFO
[1.097s] writing dependency_links to obstacles_msgs.egg-info/dependency_links.txt
[1.097s] writing top-level names to obstacles_msgs.egg-info/top_level.txt
[1.103s] reading manifest file 'obstacles_msgs.egg-info/SOURCES.txt'
[1.105s] writing manifest file 'obstacles_msgs.egg-info/SOURCES.txt'
[1.183s] [100%] Built target ament_cmake_python_build_obstacles_msgs_egg
[1.203s] Invoked command in '/home/seventeen/Robotics-and-its-application/build/obstacles_msgs' returned '0': CMAKE_PREFIX_PATH=${CMAKE_PREFIX_PATH}:/opt/ros/humble /home/seventeen/.local/bin/cmake --build /home/seventeen/Robotics-and-its-application/build/obstacles_msgs -- -j8 -l8
