[0.062s] Invoking command in '/home/seventeen/Robotics-and-its-application/build/robot_planning': CMAKE_PREFIX_PATH=${CMAKE_PREFIX_PATH}:/opt/ros/humble /home/seventeen/.local/bin/cmake --build /home/seventeen/Robotics-and-its-application/build/robot_planning -- -j8 -l8
[0.371s] [ 16%] [32mBuilding CXX object CMakeFiles/gates.dir/src/listenerGates.cpp.o[0m
[0.375s] [ 33%] [32mBuilding CXX object CMakeFiles/borders.dir/src/listenerBorders.cpp.o[0m
[0.381s] [ 50%] [32mBuilding CXX object CMakeFiles/obstacles.dir/src/listenerObstacles.cpp.o[0m
[1.025s] [01m[K/home/seventeen/Robotics-and-its-application/src/robot_planning/src/listenerGates.cpp:5:10:[m[K [01;31m[Kfatal error: [m[Kvariables.hpp: No such file or directory
[1.026s]     5 | #include [01;31m[K"variables.hpp"[m[K
[1.026s]       |          [01;31m[K^~~~~~~~~~~~~~~[m[K
[1.026s] compilation terminated.
[1.046s] gmake[2]: *** [CMakeFiles/gates.dir/build.make:79: CMakeFiles/gates.dir/src/listenerGates.cpp.o] Error 1
[1.046s] gmake[1]: *** [CMakeFiles/Makefile2:188: CMakeFiles/gates.dir/all] Error 2
[1.046s] gmake[1]: *** Waiting for unfinished jobs....
[1.048s] [01m[K/home/seventeen/Robotics-and-its-application/src/robot_planning/src/listenerObstacles.cpp:9:10:[m[K [01;31m[Kfatal error: [m[Kvariables.hpp: No such file or directory
[1.048s]     9 | #include [01;31m[K"variables.hpp"[m[K
[1.048s]       |          [01;31m[K^~~~~~~~~~~~~~~[m[K
[1.049s] compilation terminated.
[1.055s] gmake[2]: *** [CMakeFiles/obstacles.dir/build.make:79: CMakeFiles/obstacles.dir/src/listenerObstacles.cpp.o] Error 1
[1.056s] gmake[1]: *** [CMakeFiles/Makefile2:219: CMakeFiles/obstacles.dir/all] Error 2
[1.073s] [01m[K/home/seventeen/Robotics-and-its-application/src/robot_planning/src/listenerBorders.cpp:5:10:[m[K [01;31m[Kfatal error: [m[Kvariables.hpp: No such file or directory
[1.074s]     5 | #include [01;31m[K"variables.hpp"[m[K
[1.075s]       |          [01;31m[K^~~~~~~~~~~~~~~[m[K
[1.075s] compilation terminated.
[1.082s] gmake[2]: *** [CMakeFiles/borders.dir/build.make:79: CMakeFiles/borders.dir/src/listenerBorders.cpp.o] Error 1
[1.083s] gmake[1]: *** [CMakeFiles/Makefile2:157: CMakeFiles/borders.dir/all] Error 2
[1.085s] gmake: *** [Makefile:146: all] Error 2
[1.132s] Invoked command in '/home/seventeen/Robotics-and-its-application/build/robot_planning' returned '2': CMAKE_PREFIX_PATH=${CMAKE_PREFIX_PATH}:/opt/ros/humble /home/seventeen/.local/bin/cmake --build /home/seventeen/Robotics-and-its-application/build/robot_planning -- -j8 -l8
