-- Found ament_cmake: 1.3.10 (/opt/ros/humble/share/ament_cmake/cmake)
-- Found rclcpp: 16.0.10 (/opt/ros/humble/share/rclcpp/cmake)
-- Found rosidl_generator_c: 3.1.5 (/opt/ros/humble/share/rosidl_generator_c/cmake)
-- Found rosidl_adapter: 3.1.5 (/opt/ros/humble/share/rosidl_adapter/cmake)
-- Found rosidl_generator_cpp: 3.1.5 (/opt/ros/humble/share/rosidl_generator_cpp/cmake)
-- Using all available rosidl_typesupport_c: rosidl_typesupport_fastrtps_c;rosidl_typesupport_introspection_c
-- Using all available rosidl_typesupport_cpp: rosidl_typesupport_fastrtps_cpp;rosidl_typesupport_introspection_cpp
-- Found rmw_implementation_cmake: 6.1.2 (/opt/ros/humble/share/rmw_implementation_cmake/cmake)
-- Found rmw_fastrtps_cpp: 6.2.7 (/opt/ros/humble/share/rmw_fastrtps_cpp/cmake)
-- Using RMW implementation 'rmw_fastrtps_cpp' as default
-- Found rclcpp_action: 16.0.10 (/opt/ros/humble/share/rclcpp_action/cmake)
-- Found std_srvs: 4.2.4 (/opt/ros/humble/share/std_srvs/cmake)
-- Found geometry_msgs: 4.2.4 (/opt/ros/humble/share/geometry_msgs/cmake)
-- Found nav2_msgs: 1.1.16 (/opt/ros/humble/share/nav2_msgs/cmake)
-- Found tf2: 0.25.8 (/opt/ros/humble/share/tf2/cmake)
-- Found tf2_geometry_msgs: 0.25.8 (/opt/ros/humble/share/tf2_geometry_msgs/cmake)
-- Found eigen3_cmake_module: 0.1.1 (/opt/ros/humble/share/eigen3_cmake_module/cmake)
-- Ensuring Eigen3 include directory is part of orocos-kdl CMake target
-- Found Python3: /usr/include/python3.10 (found version "3.10.12") found components: Development Development.Module Development.Embed
-- Configuring done (2.2s)
-- Generating done (0.0s)
-- Build files have been written to: /home/seventeen/Robotics-and-its-application/build/evader
[ 50%] [32mBuilding CXX object CMakeFiles/evader.dir/src/evader.cpp.o[0m
[100%] [32m[1mLinking CXX executable evader[0m
[100%] Built target evader
-- Install configuration: ""
-- Installing: /home/seventeen/Robotics-and-its-application/install/evader/lib/evader/evader
-- Up-to-date: /home/seventeen/Robotics-and-its-application/install/evader/share/ament_index/resource_index/package_run_dependencies/evader
-- Up-to-date: /home/seventeen/Robotics-and-its-application/install/evader/share/ament_index/resource_index/parent_prefix_path/evader
-- Up-to-date: /home/seventeen/Robotics-and-its-application/install/evader/share/evader/environment/ament_prefix_path.sh
-- Installing: /home/seventeen/Robotics-and-its-application/install/evader/share/evader/environment/ament_prefix_path.dsv
-- Up-to-date: /home/seventeen/Robotics-and-its-application/install/evader/share/evader/environment/path.sh
-- Installing: /home/seventeen/Robotics-and-its-application/install/evader/share/evader/environment/path.dsv
-- Up-to-date: /home/seventeen/Robotics-and-its-application/install/evader/share/evader/local_setup.bash
-- Up-to-date: /home/seventeen/Robotics-and-its-application/install/evader/share/evader/local_setup.sh
-- Up-to-date: /home/seventeen/Robotics-and-its-application/install/evader/share/evader/local_setup.zsh
-- Installing: /home/seventeen/Robotics-and-its-application/install/evader/share/evader/local_setup.dsv
-- Installing: /home/seventeen/Robotics-and-its-application/install/evader/share/evader/package.dsv
-- Up-to-date: /home/seventeen/Robotics-and-its-application/install/evader/share/ament_index/resource_index/packages/evader
-- Up-to-date: /home/seventeen/Robotics-and-its-application/install/evader/share/evader/cmake/evaderConfig.cmake
-- Up-to-date: /home/seventeen/Robotics-and-its-application/install/evader/share/evader/cmake/evaderConfig-version.cmake
-- Installing: /home/seventeen/Robotics-and-its-application/install/evader/share/evader/package.xml
