[0.080s] DEBUG:colcon:Command line arguments: ['/usr/bin/colcon', 'build']
[0.080s] DEBUG:colcon:Parsed command line arguments: Namespace(log_base=None, log_level=None, verb_name='build', build_base='build', install_base='install', merge_install=False, symlink_install=False, test_result_base=None, continue_on_error=False, executor='parallel', parallel_workers=12, event_handlers=None, ignore_user_meta=False, metas=['./colcon.meta'], base_paths=['.'], packages_ignore=None, packages_ignore_regex=None, paths=None, packages_up_to=None, packages_up_to_regex=None, packages_above=None, packages_above_and_dependencies=None, packages_above_depth=None, packages_select_by_dep=None, packages_skip_by_dep=None, packages_skip_up_to=None, packages_select_build_failed=False, packages_skip_build_finished=False, packages_select_test_failures=False, packages_skip_test_passed=False, packages_select=None, packages_skip=None, packages_select_regex=None, packages_skip_regex=None, packages_start=None, packages_end=None, allow_overriding=[], cmake_args=None, cmake_target=None, cmake_target_skip_unavailable=False, cmake_clean_cache=False, cmake_clean_first=False, cmake_force_configure=False, ament_cmake_args=None, catkin_cmake_args=None, catkin_skip_building_tests=False, mixin_files=None, mixin=None, verb_parser=<colcon_mixin.mixin.mixin_argument.MixinArgumentDecorator object at 0x7c3742832dd0>, verb_extension=<colcon_core.verb.build.BuildVerb object at 0x7c37429e4760>, main=<bound method BuildVerb.main of <colcon_core.verb.build.BuildVerb object at 0x7c37429e4760>>, mixin_verb=('build',))
[0.222s] Level 1:colcon.colcon_core.package_discovery:discover_packages(colcon_meta) check parameters
[0.222s] Level 1:colcon.colcon_core.package_discovery:discover_packages(recursive) check parameters
[0.222s] Level 1:colcon.colcon_core.package_discovery:discover_packages(ignore) check parameters
[0.222s] Level 1:colcon.colcon_core.package_discovery:discover_packages(path) check parameters
[0.222s] Level 1:colcon.colcon_core.package_discovery:discover_packages(colcon_meta) discover
[0.222s] Level 1:colcon.colcon_core.package_discovery:discover_packages(recursive) discover
[0.222s] INFO:colcon.colcon_core.package_discovery:Crawling recursively for packages in '/home/sincerejuliya/Documents/ros_ws/src/graph_for_task_planner_msg'
[0.223s] Level 1:colcon.colcon_core.package_identification:_identify(.) by extensions ['ignore', 'ignore_ament_install']
[0.223s] Level 1:colcon.colcon_core.package_identification:_identify(.) by extension 'ignore'
[0.223s] Level 1:colcon.colcon_core.package_identification:_identify(.) by extension 'ignore_ament_install'
[0.223s] Level 1:colcon.colcon_core.package_identification:_identify(.) by extensions ['colcon_pkg']
[0.223s] Level 1:colcon.colcon_core.package_identification:_identify(.) by extension 'colcon_pkg'
[0.223s] Level 1:colcon.colcon_core.package_identification:_identify(.) by extensions ['colcon_meta']
[0.223s] Level 1:colcon.colcon_core.package_identification:_identify(.) by extension 'colcon_meta'
[0.223s] Level 1:colcon.colcon_core.package_identification:_identify(.) by extensions ['ros']
[0.223s] Level 1:colcon.colcon_core.package_identification:_identify(.) by extension 'ros'
[0.240s] DEBUG:colcon.colcon_core.package_identification:Package '.' with type 'ros.ament_cmake' and name 'graph_for_task_planner_msg'
[0.240s] Level 1:colcon.colcon_core.package_discovery:discover_packages(recursive) using defaults
[0.240s] Level 1:colcon.colcon_core.package_discovery:discover_packages(ignore) discover
[0.240s] Level 1:colcon.colcon_core.package_discovery:discover_packages(ignore) using defaults
[0.240s] Level 1:colcon.colcon_core.package_discovery:discover_packages(path) discover
[0.240s] Level 1:colcon.colcon_core.package_discovery:discover_packages(path) using defaults
[0.253s] Level 1:colcon.colcon_core.package_discovery:discover_packages(prefix_path) check parameters
[0.254s] Level 1:colcon.colcon_core.package_discovery:discover_packages(prefix_path) discover
[0.254s] WARNING:colcon.colcon_core.prefix_path.colcon:The path '/home/sincerejuliya/Documents/ros_ws/src/robot_planning/map_messages/install' in the environment variable COLCON_PREFIX_PATH doesn't exist
[0.254s] WARNING:colcon.colcon_ros.prefix_path.ament:The path '/home/sincerejuliya/Documents/ros_ws/src/robot_planning/map_messages/install/map_messages' in the environment variable AMENT_PREFIX_PATH doesn't exist
[0.255s] WARNING:colcon.colcon_ros.prefix_path.catkin:The path '/home/sincerejuliya/Documents/ros_ws/src/robot_planning/map_messages/install/map_messages' in the environment variable CMAKE_PREFIX_PATH doesn't exist
[0.256s] DEBUG:colcon.colcon_installed_package_information.package_discovery:Found 9 installed packages in /home/sincerejuliya/Documents/ros_ws/install
[0.256s] DEBUG:colcon.colcon_installed_package_information.package_discovery:Found 1 installed packages in /home/sincerejuliya/Documents/ros_ws/src/robot_planning/install
[0.257s] DEBUG:colcon.colcon_installed_package_information.package_discovery:Found 9 installed packages in /home/sincerejuliya/Documents/ros_ws/src/install
[0.257s] DEBUG:colcon.colcon_installed_package_information.package_discovery:Found 0 installed packages in /home/sincerejuliya/Documents/ros_ws/src/robot_planning/src/install
[0.259s] DEBUG:colcon.colcon_installed_package_information.package_discovery:Found 407 installed packages in /opt/ros/humble
[0.260s] Level 1:colcon.colcon_core.package_discovery:discover_packages(prefix_path) using defaults
[0.298s] Level 5:colcon.colcon_core.verb:set package 'graph_for_task_planner_msg' build argument 'cmake_args' from command line to 'None'
[0.298s] Level 5:colcon.colcon_core.verb:set package 'graph_for_task_planner_msg' build argument 'cmake_target' from command line to 'None'
[0.298s] Level 5:colcon.colcon_core.verb:set package 'graph_for_task_planner_msg' build argument 'cmake_target_skip_unavailable' from command line to 'False'
[0.298s] Level 5:colcon.colcon_core.verb:set package 'graph_for_task_planner_msg' build argument 'cmake_clean_cache' from command line to 'False'
[0.298s] Level 5:colcon.colcon_core.verb:set package 'graph_for_task_planner_msg' build argument 'cmake_clean_first' from command line to 'False'
[0.298s] Level 5:colcon.colcon_core.verb:set package 'graph_for_task_planner_msg' build argument 'cmake_force_configure' from command line to 'False'
[0.298s] Level 5:colcon.colcon_core.verb:set package 'graph_for_task_planner_msg' build argument 'ament_cmake_args' from command line to 'None'
[0.298s] Level 5:colcon.colcon_core.verb:set package 'graph_for_task_planner_msg' build argument 'catkin_cmake_args' from command line to 'None'
[0.298s] Level 5:colcon.colcon_core.verb:set package 'graph_for_task_planner_msg' build argument 'catkin_skip_building_tests' from command line to 'False'
[0.298s] DEBUG:colcon.colcon_core.verb:Building package 'graph_for_task_planner_msg' with the following arguments: {'ament_cmake_args': None, 'build_base': '/home/sincerejuliya/Documents/ros_ws/src/graph_for_task_planner_msg/build/graph_for_task_planner_msg', 'catkin_cmake_args': None, 'catkin_skip_building_tests': False, 'cmake_args': None, 'cmake_clean_cache': False, 'cmake_clean_first': False, 'cmake_force_configure': False, 'cmake_target': None, 'cmake_target_skip_unavailable': False, 'install_base': '/home/sincerejuliya/Documents/ros_ws/src/graph_for_task_planner_msg/install/graph_for_task_planner_msg', 'merge_install': False, 'path': '/home/sincerejuliya/Documents/ros_ws/src/graph_for_task_planner_msg', 'symlink_install': False, 'test_result_base': None}
[0.298s] INFO:colcon.colcon_core.executor:Executing jobs using 'parallel' executor
[0.299s] DEBUG:colcon.colcon_parallel_executor.executor.parallel:run_until_complete
[0.299s] INFO:colcon.colcon_ros.task.ament_cmake.build:Building ROS package in '/home/sincerejuliya/Documents/ros_ws/src/graph_for_task_planner_msg' with build type 'ament_cmake'
[0.299s] INFO:colcon.colcon_cmake.task.cmake.build:Building CMake package in '/home/sincerejuliya/Documents/ros_ws/src/graph_for_task_planner_msg'
[0.301s] INFO:colcon.colcon_core.plugin_system:Skipping extension 'colcon_core.shell.bat': Not used on non-Windows systems
[0.301s] INFO:colcon.colcon_core.shell:Skip shell extension 'powershell' for command environment: Not usable outside of PowerShell
[0.301s] DEBUG:colcon.colcon_core.shell:Skip shell extension 'dsv' for command environment
[0.310s] DEBUG:colcon.colcon_core.event_handler.log_command:Invoking command in '/home/sincerejuliya/Documents/ros_ws/src/graph_for_task_planner_msg/build/graph_for_task_planner_msg': CMAKE_PREFIX_PATH=${CMAKE_PREFIX_PATH}:/home/sincerejuliya/Documents/ros_ws/src/install/obstacles_msgs:/opt/ros/humble /usr/bin/cmake /home/sincerejuliya/Documents/ros_ws/src/graph_for_task_planner_msg -DCMAKE_INSTALL_PREFIX=/home/sincerejuliya/Documents/ros_ws/src/graph_for_task_planner_msg/install/graph_for_task_planner_msg
[1.044s] DEBUG:colcon.colcon_core.event_handler.log_command:Invoked command in '/home/sincerejuliya/Documents/ros_ws/src/graph_for_task_planner_msg/build/graph_for_task_planner_msg' returned '1': CMAKE_PREFIX_PATH=${CMAKE_PREFIX_PATH}:/home/sincerejuliya/Documents/ros_ws/src/install/obstacles_msgs:/opt/ros/humble /usr/bin/cmake /home/sincerejuliya/Documents/ros_ws/src/graph_for_task_planner_msg -DCMAKE_INSTALL_PREFIX=/home/sincerejuliya/Documents/ros_ws/src/graph_for_task_planner_msg/install/graph_for_task_planner_msg
[1.055s] Level 1:colcon.colcon_core.environment:create_environment_scripts_only(graph_for_task_planner_msg)
[1.057s] Level 1:colcon.colcon_core.environment:checking '/home/sincerejuliya/Documents/ros_ws/src/graph_for_task_planner_msg/install/graph_for_task_planner_msg' for CMake module files
[1.057s] Level 1:colcon.colcon_core.environment:checking '/home/sincerejuliya/Documents/ros_ws/src/graph_for_task_planner_msg/install/graph_for_task_planner_msg' for CMake config files
[1.057s] Level 1:colcon.colcon_core.environment:checking '/home/sincerejuliya/Documents/ros_ws/src/graph_for_task_planner_msg/install/graph_for_task_planner_msg/bin'
[1.057s] Level 1:colcon.colcon_core.environment:checking '/home/sincerejuliya/Documents/ros_ws/src/graph_for_task_planner_msg/install/graph_for_task_planner_msg/lib/pkgconfig/graph_for_task_planner_msg.pc'
[1.057s] Level 1:colcon.colcon_core.environment:checking '/home/sincerejuliya/Documents/ros_ws/src/graph_for_task_planner_msg/install/graph_for_task_planner_msg/lib/python3.10/site-packages'
[1.058s] Level 1:colcon.colcon_core.environment:checking '/home/sincerejuliya/Documents/ros_ws/src/graph_for_task_planner_msg/install/graph_for_task_planner_msg/bin'
[1.058s] INFO:colcon.colcon_core.shell:Creating package script '/home/sincerejuliya/Documents/ros_ws/src/graph_for_task_planner_msg/install/graph_for_task_planner_msg/share/graph_for_task_planner_msg/package.ps1'
[1.058s] INFO:colcon.colcon_core.shell:Creating package descriptor '/home/sincerejuliya/Documents/ros_ws/src/graph_for_task_planner_msg/install/graph_for_task_planner_msg/share/graph_for_task_planner_msg/package.dsv'
[1.059s] INFO:colcon.colcon_core.shell:Creating package script '/home/sincerejuliya/Documents/ros_ws/src/graph_for_task_planner_msg/install/graph_for_task_planner_msg/share/graph_for_task_planner_msg/package.sh'
[1.059s] INFO:colcon.colcon_core.shell:Creating package script '/home/sincerejuliya/Documents/ros_ws/src/graph_for_task_planner_msg/install/graph_for_task_planner_msg/share/graph_for_task_planner_msg/package.bash'
[1.060s] INFO:colcon.colcon_core.shell:Creating package script '/home/sincerejuliya/Documents/ros_ws/src/graph_for_task_planner_msg/install/graph_for_task_planner_msg/share/graph_for_task_planner_msg/package.zsh'
[1.060s] Level 1:colcon.colcon_core.environment:create_file_with_runtime_dependencies(/home/sincerejuliya/Documents/ros_ws/src/graph_for_task_planner_msg/install/graph_for_task_planner_msg/share/colcon-core/packages/graph_for_task_planner_msg)
[1.070s] DEBUG:colcon.colcon_parallel_executor.executor.parallel:closing loop
[1.071s] DEBUG:colcon.colcon_parallel_executor.executor.parallel:loop closed
[1.071s] DEBUG:colcon.colcon_parallel_executor.executor.parallel:run_until_complete finished with '1'
[1.071s] DEBUG:colcon.colcon_core.event_reactor:joining thread
[1.075s] INFO:colcon.colcon_core.plugin_system:Skipping extension 'colcon_notification.desktop_notification.notify_send': Could not find 'notify-send'
[1.075s] INFO:colcon.colcon_core.plugin_system:Skipping extension 'colcon_notification.desktop_notification.terminal_notifier': Not used on non-Darwin systems
[1.075s] INFO:colcon.colcon_core.plugin_system:Skipping extension 'colcon_notification.desktop_notification.win32': Not used on non-Windows systems
[1.075s] INFO:colcon.colcon_notification.desktop_notification:Sending desktop notification using 'notify2'
[1.093s] DEBUG:colcon.colcon_core.event_reactor:joined thread
[1.093s] INFO:colcon.colcon_core.shell:Creating prefix script '/home/sincerejuliya/Documents/ros_ws/src/graph_for_task_planner_msg/install/local_setup.ps1'
[1.094s] INFO:colcon.colcon_core.shell:Creating prefix util module '/home/sincerejuliya/Documents/ros_ws/src/graph_for_task_planner_msg/install/_local_setup_util_ps1.py'
[1.095s] INFO:colcon.colcon_core.shell:Creating prefix chain script '/home/sincerejuliya/Documents/ros_ws/src/graph_for_task_planner_msg/install/setup.ps1'
[1.097s] INFO:colcon.colcon_core.shell:Creating prefix script '/home/sincerejuliya/Documents/ros_ws/src/graph_for_task_planner_msg/install/local_setup.sh'
[1.097s] INFO:colcon.colcon_core.shell:Creating prefix util module '/home/sincerejuliya/Documents/ros_ws/src/graph_for_task_planner_msg/install/_local_setup_util_sh.py'
[1.098s] INFO:colcon.colcon_core.shell:Creating prefix chain script '/home/sincerejuliya/Documents/ros_ws/src/graph_for_task_planner_msg/install/setup.sh'
[1.099s] INFO:colcon.colcon_core.shell:Creating prefix script '/home/sincerejuliya/Documents/ros_ws/src/graph_for_task_planner_msg/install/local_setup.bash'
[1.100s] INFO:colcon.colcon_core.shell:Creating prefix chain script '/home/sincerejuliya/Documents/ros_ws/src/graph_for_task_planner_msg/install/setup.bash'
[1.101s] INFO:colcon.colcon_core.shell:Creating prefix script '/home/sincerejuliya/Documents/ros_ws/src/graph_for_task_planner_msg/install/local_setup.zsh'
[1.101s] INFO:colcon.colcon_core.shell:Creating prefix chain script '/home/sincerejuliya/Documents/ros_ws/src/graph_for_task_planner_msg/install/setup.zsh'
