[0.052s] Invoking command in '/home/seventeen/Robotics-and-its-application/build/obstacles_msgs': CMAKE_PREFIX_PATH=/opt/ros/humble /home/seventeen/.local/bin/cmake --build /home/seventeen/Robotics-and-its-application/build/obstacles_msgs -- -j8 -l8
[0.258s] [  2%] [34m[1mGenerating C code for ROS interfaces[0m
[0.271s] [  5%] [34m[1mGenerating C++ code for ROS interfaces[0m
[0.284s] [  5%] Built target ament_cmake_python_copy_obstacles_msgs
[0.903s] running egg_info
[0.904s] creating obstacles_msgs.egg-info
[0.904s] writing obstacles_msgs.egg-info/PKG-INFO
[0.905s] writing dependency_links to obstacles_msgs.egg-info/dependency_links.txt
[0.906s] writing top-level names to obstacles_msgs.egg-info/top_level.txt
[0.906s] writing manifest file 'obstacles_msgs.egg-info/SOURCES.txt'
[0.910s] reading manifest file 'obstacles_msgs.egg-info/SOURCES.txt'
[0.911s] writing manifest file 'obstacles_msgs.egg-info/SOURCES.txt'
[0.977s] [  5%] Built target ament_cmake_python_build_obstacles_msgs_egg
[1.183s] [  5%] Built target obstacles_msgs__cpp
[1.199s] [  7%] [34m[1mGenerating C++ type support dispatch for ROS interfaces[0m
[1.200s] [ 10%] [34m[1mGenerating C++ type support for eProsima Fast-RTPS[0m
[1.204s] [ 12%] [34m[1mGenerating C++ introspection for ROS interfaces[0m
[1.228s] [ 15%] [32mBuilding C object CMakeFiles/obstacles_msgs__rosidl_generator_c.dir/rosidl_generator_c/obstacles_msgs/msg/detail/obstacle_msg__functions.c.o[0m
[1.232s] [ 17%] [32mBuilding C object CMakeFiles/obstacles_msgs__rosidl_generator_c.dir/rosidl_generator_c/obstacles_msgs/msg/detail/obstacle_array_msg__functions.c.o[0m
[1.357s] [ 20%] [32m[1mLinking C shared library libobstacles_msgs__rosidl_generator_c.so[0m
[1.445s] [ 20%] Built target obstacles_msgs__rosidl_generator_c
[1.460s] [ 23%] [34m[1mGenerating C introspection for ROS interfaces[0m
[1.462s] [ 25%] [34m[1mGenerating C type support dispatch for ROS interfaces[0m
[1.464s] [ 28%] [34m[1mGenerating C type support for eProsima Fast-RTPS[0m
[1.959s] [ 30%] [32mBuilding CXX object CMakeFiles/obstacles_msgs__rosidl_typesupport_cpp.dir/rosidl_typesupport_cpp/obstacles_msgs/msg/obstacle_msg__type_support.cpp.o[0m
[1.967s] [ 33%] [32mBuilding CXX object CMakeFiles/obstacles_msgs__rosidl_typesupport_cpp.dir/rosidl_typesupport_cpp/obstacles_msgs/msg/obstacle_array_msg__type_support.cpp.o[0m
[2.111s] [ 35%] [32mBuilding CXX object CMakeFiles/obstacles_msgs__rosidl_typesupport_introspection_cpp.dir/rosidl_typesupport_introspection_cpp/obstacles_msgs/msg/detail/obstacle_msg__type_support.cpp.o[0m
[2.111s] [ 38%] [32mBuilding CXX object CMakeFiles/obstacles_msgs__rosidl_typesupport_fastrtps_cpp.dir/rosidl_typesupport_fastrtps_cpp/obstacles_msgs/msg/detail/dds_fastrtps/obstacle_msg__type_support.cpp.o[0m
[2.114s] [ 41%] [32mBuilding CXX object CMakeFiles/obstacles_msgs__rosidl_typesupport_fastrtps_cpp.dir/rosidl_typesupport_fastrtps_cpp/obstacles_msgs/msg/detail/dds_fastrtps/obstacle_array_msg__type_support.cpp.o[0m
[2.500s] [ 43%] [32mBuilding CXX object CMakeFiles/obstacles_msgs__rosidl_typesupport_c.dir/rosidl_typesupport_c/obstacles_msgs/msg/obstacle_msg__type_support.cpp.o[0m
[2.584s] [ 46%] [32mBuilding CXX object CMakeFiles/obstacles_msgs__rosidl_typesupport_fastrtps_c.dir/rosidl_typesupport_fastrtps_c/obstacles_msgs/msg/detail/obstacle_msg__type_support_c.cpp.o[0m
[2.593s] [ 48%] [32mBuilding CXX object CMakeFiles/obstacles_msgs__rosidl_typesupport_c.dir/rosidl_typesupport_c/obstacles_msgs/msg/obstacle_array_msg__type_support.cpp.o[0m
[2.732s] [ 51%] [32mBuilding CXX object CMakeFiles/obstacles_msgs__rosidl_typesupport_fastrtps_c.dir/rosidl_typesupport_fastrtps_c/obstacles_msgs/msg/detail/obstacle_array_msg__type_support_c.cpp.o[0m
[2.739s] [ 53%] [32m[1mLinking CXX shared library libobstacles_msgs__rosidl_typesupport_c.so[0m
[2.807s] [ 56%] [32mBuilding C object CMakeFiles/obstacles_msgs__rosidl_typesupport_introspection_c.dir/rosidl_typesupport_introspection_c/obstacles_msgs/msg/detail/obstacle_msg__type_support.c.o[0m
[2.890s] [ 58%] [32m[1mLinking CXX shared library libobstacles_msgs__rosidl_typesupport_cpp.so[0m
[2.922s] [ 58%] Built target obstacles_msgs__rosidl_typesupport_c
[2.943s] [ 61%] [32mBuilding C object CMakeFiles/obstacles_msgs__rosidl_typesupport_introspection_c.dir/rosidl_typesupport_introspection_c/obstacles_msgs/msg/detail/obstacle_array_msg__type_support.c.o[0m
[2.954s] [ 64%] [32mBuilding CXX object CMakeFiles/obstacles_msgs__rosidl_typesupport_introspection_cpp.dir/rosidl_typesupport_introspection_cpp/obstacles_msgs/msg/detail/obstacle_array_msg__type_support.cpp.o[0m
[3.029s] [ 64%] Built target obstacles_msgs__rosidl_typesupport_cpp
[3.157s] [ 66%] [32m[1mLinking C shared library libobstacles_msgs__rosidl_typesupport_introspection_c.so[0m
[3.300s] [ 66%] Built target obstacles_msgs__rosidl_typesupport_introspection_c
[3.732s] [ 69%] [32m[1mLinking CXX shared library libobstacles_msgs__rosidl_typesupport_fastrtps_cpp.so[0m
[3.857s] [ 71%] [32m[1mLinking CXX shared library libobstacles_msgs__rosidl_typesupport_fastrtps_c.so[0m
[4.006s] [ 71%] Built target obstacles_msgs__rosidl_typesupport_fastrtps_cpp
[4.151s] [ 71%] Built target obstacles_msgs__rosidl_typesupport_fastrtps_c
[4.464s] [ 74%] [32m[1mLinking CXX shared library libobstacles_msgs__rosidl_typesupport_introspection_cpp.so[0m
[4.634s] [ 74%] Built target obstacles_msgs__rosidl_typesupport_introspection_cpp
[4.656s] [ 74%] Built target obstacles_msgs
[4.683s] [ 76%] [34m[1mGenerating Python code for ROS interfaces[0m
[5.505s] [ 76%] Built target obstacles_msgs__py
[5.526s] [ 79%] [32mBuilding C object CMakeFiles/obstacles_msgs__rosidl_generator_py.dir/rosidl_generator_py/obstacles_msgs/msg/_obstacle_msg_s.c.o[0m
[5.528s] [ 82%] [32mBuilding C object CMakeFiles/obstacles_msgs__rosidl_generator_py.dir/rosidl_generator_py/obstacles_msgs/msg/_obstacle_array_msg_s.c.o[0m
[5.830s] [ 84%] [32m[1mLinking C shared library rosidl_generator_py/obstacles_msgs/libobstacles_msgs__rosidl_generator_py.so[0m
[5.906s] [ 84%] Built target obstacles_msgs__rosidl_generator_py
[5.928s] [ 87%] [32mBuilding C object CMakeFiles/obstacles_msgs__rosidl_typesupport_fastrtps_c__pyext.dir/rosidl_generator_py/obstacles_msgs/_obstacles_msgs_s.ep.rosidl_typesupport_fastrtps_c.c.o[0m
[5.936s] [ 92%] [32mBuilding C object CMakeFiles/obstacles_msgs__rosidl_typesupport_c__pyext.dir/rosidl_generator_py/obstacles_msgs/_obstacles_msgs_s.ep.rosidl_typesupport_c.c.o[0m
[5.937s] [ 92%] [32mBuilding C object CMakeFiles/obstacles_msgs__rosidl_typesupport_introspection_c__pyext.dir/rosidl_generator_py/obstacles_msgs/_obstacles_msgs_s.ep.rosidl_typesupport_introspection_c.c.o[0m
[6.200s] [ 94%] [32m[1mLinking C shared library rosidl_generator_py/obstacles_msgs/obstacles_msgs_s__rosidl_typesupport_fastrtps_c.cpython-310-x86_64-linux-gnu.so[0m
[6.202s] [ 97%] [32m[1mLinking C shared library rosidl_generator_py/obstacles_msgs/obstacles_msgs_s__rosidl_typesupport_introspection_c.cpython-310-x86_64-linux-gnu.so[0m
[6.237s] [100%] [32m[1mLinking C shared library rosidl_generator_py/obstacles_msgs/obstacles_msgs_s__rosidl_typesupport_c.cpython-310-x86_64-linux-gnu.so[0m
[6.287s] [100%] Built target obstacles_msgs__rosidl_typesupport_fastrtps_c__pyext
[6.288s] [100%] Built target obstacles_msgs__rosidl_typesupport_introspection_c__pyext
[6.351s] [100%] Built target obstacles_msgs__rosidl_typesupport_c__pyext
[6.365s] Invoked command in '/home/seventeen/Robotics-and-its-application/build/obstacles_msgs' returned '0': CMAKE_PREFIX_PATH=/opt/ros/humble /home/seventeen/.local/bin/cmake --build /home/seventeen/Robotics-and-its-application/build/obstacles_msgs -- -j8 -l8
[6.718s] Invoking command in '/home/seventeen/Robotics-and-its-application/build/obstacles_msgs': CMAKE_PREFIX_PATH=/opt/ros/humble /home/seventeen/.local/bin/cmake --install /home/seventeen/Robotics-and-its-application/build/obstacles_msgs
[6.904s] -- Install configuration: ""
[6.906s] -- Installing: /home/seventeen/Robotics-and-its-application/install/obstacles_msgs/share/ament_index/resource_index/rosidl_interfaces/obstacles_msgs
[6.906s] -- Installing: /home/seventeen/Robotics-and-its-application/install/obstacles_msgs/include/obstacles_msgs/obstacles_msgs
[6.907s] -- Installing: /home/seventeen/Robotics-and-its-application/install/obstacles_msgs/include/obstacles_msgs/obstacles_msgs/msg
[6.907s] -- Installing: /home/seventeen/Robotics-and-its-application/install/obstacles_msgs/include/obstacles_msgs/obstacles_msgs/msg/rosidl_generator_c__visibility_control.h
[6.908s] -- Installing: /home/seventeen/Robotics-and-its-application/install/obstacles_msgs/include/obstacles_msgs/obstacles_msgs/msg/obstacle_msg.h
[6.908s] -- Installing: /home/seventeen/Robotics-and-its-application/install/obstacles_msgs/include/obstacles_msgs/obstacles_msgs/msg/detail
[6.912s] -- Installing: /home/seventeen/Robotics-and-its-application/install/obstacles_msgs/include/obstacles_msgs/obstacles_msgs/msg/detail/obstacle_msg__struct.h
[6.912s] -- Installing: /home/seventeen/Robotics-and-its-application/install/obstacles_msgs/include/obstacles_msgs/obstacles_msgs/msg/detail/obstacle_array_msg__struct.h
[6.913s] -- Installing: /home/seventeen/Robotics-and-its-application/install/obstacles_msgs/include/obstacles_msgs/obstacles_msgs/msg/detail/obstacle_array_msg__functions.h
[6.913s] -- Installing: /home/seventeen/Robotics-and-its-application/install/obstacles_msgs/include/obstacles_msgs/obstacles_msgs/msg/detail/obstacle_msg__functions.h
[6.914s] -- Installing: /home/seventeen/Robotics-and-its-application/install/obstacles_msgs/include/obstacles_msgs/obstacles_msgs/msg/detail/obstacle_array_msg__type_support.h
[6.914s] -- Installing: /home/seventeen/Robotics-and-its-application/install/obstacles_msgs/include/obstacles_msgs/obstacles_msgs/msg/detail/obstacle_msg__functions.c
[6.915s] -- Installing: /home/seventeen/Robotics-and-its-application/install/obstacles_msgs/include/obstacles_msgs/obstacles_msgs/msg/detail/obstacle_msg__type_support.h
[6.915s] -- Installing: /home/seventeen/Robotics-and-its-application/install/obstacles_msgs/include/obstacles_msgs/obstacles_msgs/msg/detail/obstacle_array_msg__functions.c
[6.915s] -- Installing: /home/seventeen/Robotics-and-its-application/install/obstacles_msgs/include/obstacles_msgs/obstacles_msgs/msg/obstacle_array_msg.h
[6.915s] -- Installing: /home/seventeen/Robotics-and-its-application/install/obstacles_msgs/share/obstacles_msgs/environment/library_path.sh
[6.915s] -- Installing: /home/seventeen/Robotics-and-its-application/install/obstacles_msgs/share/obstacles_msgs/environment/library_path.dsv
[6.916s] -- Installing: /home/seventeen/Robotics-and-its-application/install/obstacles_msgs/lib/libobstacles_msgs__rosidl_generator_c.so
[6.916s] -- Set non-toolchain portion of runtime path of "/home/seventeen/Robotics-and-its-application/install/obstacles_msgs/lib/libobstacles_msgs__rosidl_generator_c.so" to ""
[6.916s] -- Up-to-date: /home/seventeen/Robotics-and-its-application/install/obstacles_msgs/include/obstacles_msgs/obstacles_msgs
[6.916s] -- Up-to-date: /home/seventeen/Robotics-and-its-application/install/obstacles_msgs/include/obstacles_msgs/obstacles_msgs/msg
[6.917s] -- Up-to-date: /home/seventeen/Robotics-and-its-application/install/obstacles_msgs/include/obstacles_msgs/obstacles_msgs/msg/detail
[6.918s] -- Installing: /home/seventeen/Robotics-and-its-application/install/obstacles_msgs/include/obstacles_msgs/obstacles_msgs/msg/detail/obstacle_array_msg__rosidl_typesupport_fastrtps_c.h
[6.918s] -- Installing: /home/seventeen/Robotics-and-its-application/install/obstacles_msgs/include/obstacles_msgs/obstacles_msgs/msg/detail/obstacle_msg__rosidl_typesupport_fastrtps_c.h
[6.919s] -- Installing: /home/seventeen/Robotics-and-its-application/install/obstacles_msgs/include/obstacles_msgs/obstacles_msgs/msg/rosidl_typesupport_fastrtps_c__visibility_control.h
[6.919s] -- Installing: /home/seventeen/Robotics-and-its-application/install/obstacles_msgs/lib/libobstacles_msgs__rosidl_typesupport_fastrtps_c.so
[6.920s] -- Set non-toolchain portion of runtime path of "/home/seventeen/Robotics-and-its-application/install/obstacles_msgs/lib/libobstacles_msgs__rosidl_typesupport_fastrtps_c.so" to ""
[6.920s] -- Up-to-date: /home/seventeen/Robotics-and-its-application/install/obstacles_msgs/include/obstacles_msgs/obstacles_msgs
[6.921s] -- Up-to-date: /home/seventeen/Robotics-and-its-application/install/obstacles_msgs/include/obstacles_msgs/obstacles_msgs/msg
[6.921s] -- Installing: /home/seventeen/Robotics-and-its-application/install/obstacles_msgs/include/obstacles_msgs/obstacles_msgs/msg/obstacle_msg.hpp
[6.921s] -- Up-to-date: /home/seventeen/Robotics-and-its-application/install/obstacles_msgs/include/obstacles_msgs/obstacles_msgs/msg/detail
[6.922s] -- Installing: /home/seventeen/Robotics-and-its-application/install/obstacles_msgs/include/obstacles_msgs/obstacles_msgs/msg/detail/obstacle_msg__traits.hpp
[6.922s] -- Installing: /home/seventeen/Robotics-and-its-application/install/obstacles_msgs/include/obstacles_msgs/obstacles_msgs/msg/detail/obstacle_msg__struct.hpp
[6.923s] -- Installing: /home/seventeen/Robotics-and-its-application/install/obstacles_msgs/include/obstacles_msgs/obstacles_msgs/msg/detail/obstacle_array_msg__builder.hpp
[6.923s] -- Installing: /home/seventeen/Robotics-and-its-application/install/obstacles_msgs/include/obstacles_msgs/obstacles_msgs/msg/detail/obstacle_msg__builder.hpp
[6.923s] -- Installing: /home/seventeen/Robotics-and-its-application/install/obstacles_msgs/include/obstacles_msgs/obstacles_msgs/msg/detail/obstacle_array_msg__struct.hpp
[6.923s] -- Installing: /home/seventeen/Robotics-and-its-application/install/obstacles_msgs/include/obstacles_msgs/obstacles_msgs/msg/detail/obstacle_array_msg__traits.hpp
[6.924s] -- Installing: /home/seventeen/Robotics-and-its-application/install/obstacles_msgs/include/obstacles_msgs/obstacles_msgs/msg/obstacle_array_msg.hpp
[6.924s] -- Up-to-date: /home/seventeen/Robotics-and-its-application/install/obstacles_msgs/include/obstacles_msgs/obstacles_msgs
[6.924s] -- Up-to-date: /home/seventeen/Robotics-and-its-application/install/obstacles_msgs/include/obstacles_msgs/obstacles_msgs/msg
[6.924s] -- Installing: /home/seventeen/Robotics-and-its-application/install/obstacles_msgs/include/obstacles_msgs/obstacles_msgs/msg/rosidl_typesupport_fastrtps_cpp__visibility_control.h
[6.925s] -- Up-to-date: /home/seventeen/Robotics-and-its-application/install/obstacles_msgs/include/obstacles_msgs/obstacles_msgs/msg/detail
[6.925s] -- Installing: /home/seventeen/Robotics-and-its-application/install/obstacles_msgs/include/obstacles_msgs/obstacles_msgs/msg/detail/obstacle_array_msg__rosidl_typesupport_fastrtps_cpp.hpp
[6.926s] -- Installing: /home/seventeen/Robotics-and-its-application/install/obstacles_msgs/include/obstacles_msgs/obstacles_msgs/msg/detail/dds_fastrtps
[6.926s] -- Installing: /home/seventeen/Robotics-and-its-application/install/obstacles_msgs/include/obstacles_msgs/obstacles_msgs/msg/detail/obstacle_msg__rosidl_typesupport_fastrtps_cpp.hpp
[6.927s] -- Installing: /home/seventeen/Robotics-and-its-application/install/obstacles_msgs/lib/libobstacles_msgs__rosidl_typesupport_fastrtps_cpp.so
[6.927s] -- Set non-toolchain portion of runtime path of "/home/seventeen/Robotics-and-its-application/install/obstacles_msgs/lib/libobstacles_msgs__rosidl_typesupport_fastrtps_cpp.so" to ""
[6.928s] -- Up-to-date: /home/seventeen/Robotics-and-its-application/install/obstacles_msgs/include/obstacles_msgs/obstacles_msgs
[6.928s] -- Up-to-date: /home/seventeen/Robotics-and-its-application/install/obstacles_msgs/include/obstacles_msgs/obstacles_msgs/msg
[6.929s] -- Installing: /home/seventeen/Robotics-and-its-application/install/obstacles_msgs/include/obstacles_msgs/obstacles_msgs/msg/rosidl_typesupport_introspection_c__visibility_control.h
[6.929s] -- Up-to-date: /home/seventeen/Robotics-and-its-application/install/obstacles_msgs/include/obstacles_msgs/obstacles_msgs/msg/detail
[6.929s] -- Installing: /home/seventeen/Robotics-and-its-application/install/obstacles_msgs/include/obstacles_msgs/obstacles_msgs/msg/detail/obstacle_msg__rosidl_typesupport_introspection_c.h
[6.930s] -- Installing: /home/seventeen/Robotics-and-its-application/install/obstacles_msgs/include/obstacles_msgs/obstacles_msgs/msg/detail/obstacle_array_msg__type_support.c
[6.930s] -- Installing: /home/seventeen/Robotics-and-its-application/install/obstacles_msgs/include/obstacles_msgs/obstacles_msgs/msg/detail/obstacle_msg__type_support.c
[6.930s] -- Installing: /home/seventeen/Robotics-and-its-application/install/obstacles_msgs/include/obstacles_msgs/obstacles_msgs/msg/detail/obstacle_array_msg__rosidl_typesupport_introspection_c.h
[6.931s] -- Installing: /home/seventeen/Robotics-and-its-application/install/obstacles_msgs/lib/libobstacles_msgs__rosidl_typesupport_introspection_c.so
[6.931s] -- Set non-toolchain portion of runtime path of "/home/seventeen/Robotics-and-its-application/install/obstacles_msgs/lib/libobstacles_msgs__rosidl_typesupport_introspection_c.so" to ""
[6.931s] -- Installing: /home/seventeen/Robotics-and-its-application/install/obstacles_msgs/lib/libobstacles_msgs__rosidl_typesupport_c.so
[6.932s] -- Set non-toolchain portion of runtime path of "/home/seventeen/Robotics-and-its-application/install/obstacles_msgs/lib/libobstacles_msgs__rosidl_typesupport_c.so" to ""
[6.932s] -- Up-to-date: /home/seventeen/Robotics-and-its-application/install/obstacles_msgs/include/obstacles_msgs/obstacles_msgs
[6.932s] -- Up-to-date: /home/seventeen/Robotics-and-its-application/install/obstacles_msgs/include/obstacles_msgs/obstacles_msgs/msg
[6.933s] -- Up-to-date: /home/seventeen/Robotics-and-its-application/install/obstacles_msgs/include/obstacles_msgs/obstacles_msgs/msg/detail
[6.933s] -- Installing: /home/seventeen/Robotics-and-its-application/install/obstacles_msgs/include/obstacles_msgs/obstacles_msgs/msg/detail/obstacle_msg__type_support.cpp
[6.933s] -- Installing: /home/seventeen/Robotics-and-its-application/install/obstacles_msgs/include/obstacles_msgs/obstacles_msgs/msg/detail/obstacle_array_msg__rosidl_typesupport_introspection_cpp.hpp
[6.934s] -- Installing: /home/seventeen/Robotics-and-its-application/install/obstacles_msgs/include/obstacles_msgs/obstacles_msgs/msg/detail/obstacle_array_msg__type_support.cpp
[6.934s] -- Installing: /home/seventeen/Robotics-and-its-application/install/obstacles_msgs/include/obstacles_msgs/obstacles_msgs/msg/detail/obstacle_msg__rosidl_typesupport_introspection_cpp.hpp
[6.934s] -- Installing: /home/seventeen/Robotics-and-its-application/install/obstacles_msgs/lib/libobstacles_msgs__rosidl_typesupport_introspection_cpp.so
[6.938s] -- Set non-toolchain portion of runtime path of "/home/seventeen/Robotics-and-its-application/install/obstacles_msgs/lib/libobstacles_msgs__rosidl_typesupport_introspection_cpp.so" to ""
[6.939s] -- Installing: /home/seventeen/Robotics-and-its-application/install/obstacles_msgs/lib/libobstacles_msgs__rosidl_typesupport_cpp.so
[6.939s] -- Set non-toolchain portion of runtime path of "/home/seventeen/Robotics-and-its-application/install/obstacles_msgs/lib/libobstacles_msgs__rosidl_typesupport_cpp.so" to ""
[6.939s] -- Installing: /home/seventeen/Robotics-and-its-application/install/obstacles_msgs/share/obstacles_msgs/environment/pythonpath.sh
[6.939s] -- Installing: /home/seventeen/Robotics-and-its-application/install/obstacles_msgs/share/obstacles_msgs/environment/pythonpath.dsv
[6.939s] -- Installing: /home/seventeen/Robotics-and-its-application/install/obstacles_msgs/local/lib/python3.10/dist-packages/obstacles_msgs-0.1.2-py3.10.egg-info
[6.940s] -- Installing: /home/seventeen/Robotics-and-its-application/install/obstacles_msgs/local/lib/python3.10/dist-packages/obstacles_msgs-0.1.2-py3.10.egg-info/dependency_links.txt
[6.940s] -- Installing: /home/seventeen/Robotics-and-its-application/install/obstacles_msgs/local/lib/python3.10/dist-packages/obstacles_msgs-0.1.2-py3.10.egg-info/PKG-INFO
[6.940s] -- Installing: /home/seventeen/Robotics-and-its-application/install/obstacles_msgs/local/lib/python3.10/dist-packages/obstacles_msgs-0.1.2-py3.10.egg-info/top_level.txt
[6.943s] -- Installing: /home/seventeen/Robotics-and-its-application/install/obstacles_msgs/local/lib/python3.10/dist-packages/obstacles_msgs-0.1.2-py3.10.egg-info/SOURCES.txt
[6.944s] -- Installing: /home/seventeen/Robotics-and-its-application/install/obstacles_msgs/local/lib/python3.10/dist-packages/obstacles_msgs
[6.944s] -- Installing: /home/seventeen/Robotics-and-its-application/install/obstacles_msgs/local/lib/python3.10/dist-packages/obstacles_msgs/libobstacles_msgs__rosidl_generator_py.so
[6.945s] -- Installing: /home/seventeen/Robotics-and-its-application/install/obstacles_msgs/local/lib/python3.10/dist-packages/obstacles_msgs/obstacles_msgs_s__rosidl_typesupport_introspection_c.cpython-310-x86_64-linux-gnu.so
[6.945s] -- Installing: /home/seventeen/Robotics-and-its-application/install/obstacles_msgs/local/lib/python3.10/dist-packages/obstacles_msgs/msg
[6.945s] -- Installing: /home/seventeen/Robotics-and-its-application/install/obstacles_msgs/local/lib/python3.10/dist-packages/obstacles_msgs/msg/_obstacle_msg.py
[6.946s] -- Installing: /home/seventeen/Robotics-and-its-application/install/obstacles_msgs/local/lib/python3.10/dist-packages/obstacles_msgs/msg/_obstacle_array_msg.py
[6.946s] -- Installing: /home/seventeen/Robotics-and-its-application/install/obstacles_msgs/local/lib/python3.10/dist-packages/obstacles_msgs/msg/_obstacle_array_msg_s.c
[6.946s] -- Installing: /home/seventeen/Robotics-and-its-application/install/obstacles_msgs/local/lib/python3.10/dist-packages/obstacles_msgs/msg/__init__.py
[6.946s] -- Installing: /home/seventeen/Robotics-and-its-application/install/obstacles_msgs/local/lib/python3.10/dist-packages/obstacles_msgs/msg/_obstacle_msg_s.c
[6.947s] -- Installing: /home/seventeen/Robotics-and-its-application/install/obstacles_msgs/local/lib/python3.10/dist-packages/obstacles_msgs/obstacles_msgs_s__rosidl_typesupport_fastrtps_c.cpython-310-x86_64-linux-gnu.so
[6.947s] -- Installing: /home/seventeen/Robotics-and-its-application/install/obstacles_msgs/local/lib/python3.10/dist-packages/obstacles_msgs/__init__.py
[6.948s] -- Installing: /home/seventeen/Robotics-and-its-application/install/obstacles_msgs/local/lib/python3.10/dist-packages/obstacles_msgs/obstacles_msgs_s__rosidl_typesupport_c.cpython-310-x86_64-linux-gnu.so
[6.948s] -- Installing: /home/seventeen/Robotics-and-its-application/install/obstacles_msgs/local/lib/python3.10/dist-packages/obstacles_msgs/_obstacles_msgs_s.ep.rosidl_typesupport_fastrtps_c.c
[6.948s] -- Installing: /home/seventeen/Robotics-and-its-application/install/obstacles_msgs/local/lib/python3.10/dist-packages/obstacles_msgs/_obstacles_msgs_s.ep.rosidl_typesupport_c.c
[6.949s] -- Installing: /home/seventeen/Robotics-and-its-application/install/obstacles_msgs/local/lib/python3.10/dist-packages/obstacles_msgs/_obstacles_msgs_s.ep.rosidl_typesupport_introspection_c.c
[7.035s] Listing '/home/seventeen/Robotics-and-its-application/install/obstacles_msgs/local/lib/python3.10/dist-packages/obstacles_msgs'...
[7.036s] Compiling '/home/seventeen/Robotics-and-its-application/install/obstacles_msgs/local/lib/python3.10/dist-packages/obstacles_msgs/__init__.py'...
[7.036s] Listing '/home/seventeen/Robotics-and-its-application/install/obstacles_msgs/local/lib/python3.10/dist-packages/obstacles_msgs/msg'...
[7.036s] Compiling '/home/seventeen/Robotics-and-its-application/install/obstacles_msgs/local/lib/python3.10/dist-packages/obstacles_msgs/msg/__init__.py'...
[7.037s] Compiling '/home/seventeen/Robotics-and-its-application/install/obstacles_msgs/local/lib/python3.10/dist-packages/obstacles_msgs/msg/_obstacle_array_msg.py'...
[7.037s] Compiling '/home/seventeen/Robotics-and-its-application/install/obstacles_msgs/local/lib/python3.10/dist-packages/obstacles_msgs/msg/_obstacle_msg.py'...
[7.047s] -- Installing: /home/seventeen/Robotics-and-its-application/install/obstacles_msgs/local/lib/python3.10/dist-packages/obstacles_msgs/obstacles_msgs_s__rosidl_typesupport_fastrtps_c.cpython-310-x86_64-linux-gnu.so
[7.049s] -- Set non-toolchain portion of runtime path of "/home/seventeen/Robotics-and-its-application/install/obstacles_msgs/local/lib/python3.10/dist-packages/obstacles_msgs/obstacles_msgs_s__rosidl_typesupport_fastrtps_c.cpython-310-x86_64-linux-gnu.so" to ""
[7.049s] -- Installing: /home/seventeen/Robotics-and-its-application/install/obstacles_msgs/local/lib/python3.10/dist-packages/obstacles_msgs/obstacles_msgs_s__rosidl_typesupport_introspection_c.cpython-310-x86_64-linux-gnu.so
[7.050s] -- Set non-toolchain portion of runtime path of "/home/seventeen/Robotics-and-its-application/install/obstacles_msgs/local/lib/python3.10/dist-packages/obstacles_msgs/obstacles_msgs_s__rosidl_typesupport_introspection_c.cpython-310-x86_64-linux-gnu.so" to ""
[7.051s] -- Installing: /home/seventeen/Robotics-and-its-application/install/obstacles_msgs/local/lib/python3.10/dist-packages/obstacles_msgs/obstacles_msgs_s__rosidl_typesupport_c.cpython-310-x86_64-linux-gnu.so
[7.052s] -- Set non-toolchain portion of runtime path of "/home/seventeen/Robotics-and-its-application/install/obstacles_msgs/local/lib/python3.10/dist-packages/obstacles_msgs/obstacles_msgs_s__rosidl_typesupport_c.cpython-310-x86_64-linux-gnu.so" to ""
[7.052s] -- Installing: /home/seventeen/Robotics-and-its-application/install/obstacles_msgs/lib/libobstacles_msgs__rosidl_generator_py.so
[7.053s] -- Set non-toolchain portion of runtime path of "/home/seventeen/Robotics-and-its-application/install/obstacles_msgs/lib/libobstacles_msgs__rosidl_generator_py.so" to ""
[7.053s] -- Installing: /home/seventeen/Robotics-and-its-application/install/obstacles_msgs/share/obstacles_msgs/msg/ObstacleMsg.idl
[7.053s] -- Installing: /home/seventeen/Robotics-and-its-application/install/obstacles_msgs/share/obstacles_msgs/msg/ObstacleArrayMsg.idl
[7.054s] -- Installing: /home/seventeen/Robotics-and-its-application/install/obstacles_msgs/share/obstacles_msgs/msg/ObstacleMsg.msg
[7.054s] -- Installing: /home/seventeen/Robotics-and-its-application/install/obstacles_msgs/share/obstacles_msgs/msg/ObstacleArrayMsg.msg
[7.055s] -- Installing: /home/seventeen/Robotics-and-its-application/install/obstacles_msgs/share/ament_index/resource_index/package_run_dependencies/obstacles_msgs
[7.056s] -- Installing: /home/seventeen/Robotics-and-its-application/install/obstacles_msgs/share/ament_index/resource_index/parent_prefix_path/obstacles_msgs
[7.056s] -- Installing: /home/seventeen/Robotics-and-its-application/install/obstacles_msgs/share/obstacles_msgs/environment/ament_prefix_path.sh
[7.057s] -- Installing: /home/seventeen/Robotics-and-its-application/install/obstacles_msgs/share/obstacles_msgs/environment/ament_prefix_path.dsv
[7.057s] -- Installing: /home/seventeen/Robotics-and-its-application/install/obstacles_msgs/share/obstacles_msgs/environment/path.sh
[7.058s] -- Installing: /home/seventeen/Robotics-and-its-application/install/obstacles_msgs/share/obstacles_msgs/environment/path.dsv
[7.058s] -- Installing: /home/seventeen/Robotics-and-its-application/install/obstacles_msgs/share/obstacles_msgs/local_setup.bash
[7.059s] -- Installing: /home/seventeen/Robotics-and-its-application/install/obstacles_msgs/share/obstacles_msgs/local_setup.sh
[7.059s] -- Installing: /home/seventeen/Robotics-and-its-application/install/obstacles_msgs/share/obstacles_msgs/local_setup.zsh
[7.060s] -- Installing: /home/seventeen/Robotics-and-its-application/install/obstacles_msgs/share/obstacles_msgs/local_setup.dsv
[7.061s] -- Installing: /home/seventeen/Robotics-and-its-application/install/obstacles_msgs/share/obstacles_msgs/package.dsv
[7.061s] -- Installing: /home/seventeen/Robotics-and-its-application/install/obstacles_msgs/share/ament_index/resource_index/packages/obstacles_msgs
[7.062s] -- Installing: /home/seventeen/Robotics-and-its-application/install/obstacles_msgs/share/obstacles_msgs/cmake/export_obstacles_msgs__rosidl_generator_cExport.cmake
[7.062s] -- Installing: /home/seventeen/Robotics-and-its-application/install/obstacles_msgs/share/obstacles_msgs/cmake/export_obstacles_msgs__rosidl_generator_cExport-noconfig.cmake
[7.063s] -- Installing: /home/seventeen/Robotics-and-its-application/install/obstacles_msgs/share/obstacles_msgs/cmake/export_obstacles_msgs__rosidl_typesupport_fastrtps_cExport.cmake
[7.063s] -- Installing: /home/seventeen/Robotics-and-its-application/install/obstacles_msgs/share/obstacles_msgs/cmake/export_obstacles_msgs__rosidl_typesupport_fastrtps_cExport-noconfig.cmake
[7.064s] -- Installing: /home/seventeen/Robotics-and-its-application/install/obstacles_msgs/share/obstacles_msgs/cmake/export_obstacles_msgs__rosidl_generator_cppExport.cmake
[7.064s] -- Installing: /home/seventeen/Robotics-and-its-application/install/obstacles_msgs/share/obstacles_msgs/cmake/export_obstacles_msgs__rosidl_typesupport_fastrtps_cppExport.cmake
[7.065s] -- Installing: /home/seventeen/Robotics-and-its-application/install/obstacles_msgs/share/obstacles_msgs/cmake/export_obstacles_msgs__rosidl_typesupport_fastrtps_cppExport-noconfig.cmake
[7.065s] -- Installing: /home/seventeen/Robotics-and-its-application/install/obstacles_msgs/share/obstacles_msgs/cmake/obstacles_msgs__rosidl_typesupport_introspection_cExport.cmake
[7.066s] -- Installing: /home/seventeen/Robotics-and-its-application/install/obstacles_msgs/share/obstacles_msgs/cmake/obstacles_msgs__rosidl_typesupport_introspection_cExport-noconfig.cmake
[7.066s] -- Installing: /home/seventeen/Robotics-and-its-application/install/obstacles_msgs/share/obstacles_msgs/cmake/obstacles_msgs__rosidl_typesupport_cExport.cmake
[7.067s] -- Installing: /home/seventeen/Robotics-and-its-application/install/obstacles_msgs/share/obstacles_msgs/cmake/obstacles_msgs__rosidl_typesupport_cExport-noconfig.cmake
[7.068s] -- Installing: /home/seventeen/Robotics-and-its-application/install/obstacles_msgs/share/obstacles_msgs/cmake/obstacles_msgs__rosidl_typesupport_introspection_cppExport.cmake
[7.068s] -- Installing: /home/seventeen/Robotics-and-its-application/install/obstacles_msgs/share/obstacles_msgs/cmake/obstacles_msgs__rosidl_typesupport_introspection_cppExport-noconfig.cmake
[7.069s] -- Installing: /home/seventeen/Robotics-and-its-application/install/obstacles_msgs/share/obstacles_msgs/cmake/obstacles_msgs__rosidl_typesupport_cppExport.cmake
[7.069s] -- Installing: /home/seventeen/Robotics-and-its-application/install/obstacles_msgs/share/obstacles_msgs/cmake/obstacles_msgs__rosidl_typesupport_cppExport-noconfig.cmake
[7.070s] -- Installing: /home/seventeen/Robotics-and-its-application/install/obstacles_msgs/share/obstacles_msgs/cmake/export_obstacles_msgs__rosidl_generator_pyExport.cmake
[7.071s] -- Installing: /home/seventeen/Robotics-and-its-application/install/obstacles_msgs/share/obstacles_msgs/cmake/export_obstacles_msgs__rosidl_generator_pyExport-noconfig.cmake
[7.071s] -- Installing: /home/seventeen/Robotics-and-its-application/install/obstacles_msgs/share/obstacles_msgs/cmake/rosidl_cmake-extras.cmake
[7.072s] -- Installing: /home/seventeen/Robotics-and-its-application/install/obstacles_msgs/share/obstacles_msgs/cmake/ament_cmake_export_dependencies-extras.cmake
[7.072s] -- Installing: /home/seventeen/Robotics-and-its-application/install/obstacles_msgs/share/obstacles_msgs/cmake/ament_cmake_export_include_directories-extras.cmake
[7.072s] -- Installing: /home/seventeen/Robotics-and-its-application/install/obstacles_msgs/share/obstacles_msgs/cmake/ament_cmake_export_libraries-extras.cmake
[7.073s] -- Installing: /home/seventeen/Robotics-and-its-application/install/obstacles_msgs/share/obstacles_msgs/cmake/ament_cmake_export_targets-extras.cmake
[7.073s] -- Installing: /home/seventeen/Robotics-and-its-application/install/obstacles_msgs/share/obstacles_msgs/cmake/rosidl_cmake_export_typesupport_targets-extras.cmake
[7.074s] -- Installing: /home/seventeen/Robotics-and-its-application/install/obstacles_msgs/share/obstacles_msgs/cmake/rosidl_cmake_export_typesupport_libraries-extras.cmake
[7.074s] -- Installing: /home/seventeen/Robotics-and-its-application/install/obstacles_msgs/share/obstacles_msgs/cmake/obstacles_msgsConfig.cmake
[7.075s] -- Installing: /home/seventeen/Robotics-and-its-application/install/obstacles_msgs/share/obstacles_msgs/cmake/obstacles_msgsConfig-version.cmake
[7.078s] -- Installing: /home/seventeen/Robotics-and-its-application/install/obstacles_msgs/share/obstacles_msgs/package.xml
[7.081s] Invoked command in '/home/seventeen/Robotics-and-its-application/build/obstacles_msgs' returned '0': CMAKE_PREFIX_PATH=/opt/ros/humble /home/seventeen/.local/bin/cmake --install /home/seventeen/Robotics-and-its-application/build/obstacles_msgs
