[0.059s] Invoking command in '/home/seventeen/Robotics-and-its-application/build/shelfino_gazebo': CMAKE_PREFIX_PATH=/opt/ros/humble /home/seventeen/.local/bin/cmake --build /home/seventeen/Robotics-and-its-application/build/shelfino_gazebo -- -j8 -l8
[0.366s] [100%] Built target destroy_shelfino
[0.380s] Invoked command in '/home/seventeen/Robotics-and-its-application/build/shelfino_gazebo' returned '0': CMAKE_PREFIX_PATH=/opt/ros/humble /home/seventeen/.local/bin/cmake --build /home/seventeen/Robotics-and-its-application/build/shelfino_gazebo -- -j8 -l8
[0.712s] Invoking command in '/home/seventeen/Robotics-and-its-application/build/shelfino_gazebo': CMAKE_PREFIX_PATH=/opt/ros/humble /home/seventeen/.local/bin/cmake --install /home/seventeen/Robotics-and-its-application/build/shelfino_gazebo
[0.931s] -- Install configuration: ""
[0.942s] -- Installing: /home/seventeen/Robotics-and-its-application/install/shelfino_gazebo/lib/shelfino_gazebo/destroy_shelfino
[0.945s] -- Installing: /home/seventeen/Robotics-and-its-application/install/shelfino_gazebo/share/shelfino_gazebo/launch
[0.947s] -- Installing: /home/seventeen/Robotics-and-its-application/install/shelfino_gazebo/share/shelfino_gazebo/launch/shelfino.launch.py
[0.947s] -- Installing: /home/seventeen/Robotics-and-its-application/install/shelfino_gazebo/share/shelfino_gazebo/worlds
[0.947s] -- Installing: /home/seventeen/Robotics-and-its-application/install/shelfino_gazebo/share/shelfino_gazebo/worlds/hexagon_new
[0.947s] -- Installing: /home/seventeen/Robotics-and-its-application/install/shelfino_gazebo/share/shelfino_gazebo/worlds/hexagon_new/model.sdf
[0.948s] -- Installing: /home/seventeen/Robotics-and-its-application/install/shelfino_gazebo/share/shelfino_gazebo/worlds/hexagon_new/model.config
[0.948s] -- Installing: /home/seventeen/Robotics-and-its-application/install/shelfino_gazebo/share/shelfino_gazebo/worlds/labIoTOT.world
[0.948s] -- Installing: /home/seventeen/Robotics-and-its-application/install/shelfino_gazebo/share/shelfino_gazebo/worlds/empty.world
[0.949s] -- Installing: /home/seventeen/Robotics-and-its-application/install/shelfino_gazebo/share/shelfino_gazebo/worlds/hexagon.world
[0.949s] -- Installing: /home/seventeen/Robotics-and-its-application/install/shelfino_gazebo/share/shelfino_gazebo/worlds/hexagon_world
[0.949s] -- Installing: /home/seventeen/Robotics-and-its-application/install/shelfino_gazebo/share/shelfino_gazebo/worlds/hexagon_world/model.sdf
[0.951s] -- Installing: /home/seventeen/Robotics-and-its-application/install/shelfino_gazebo/share/shelfino_gazebo/worlds/hexagon_world/meshes
[0.951s] -- Installing: /home/seventeen/Robotics-and-its-application/install/shelfino_gazebo/share/shelfino_gazebo/worlds/hexagon_world/meshes/hexagon.dae
[0.951s] -- Installing: /home/seventeen/Robotics-and-its-application/install/shelfino_gazebo/share/shelfino_gazebo/worlds/hexagon_world/meshes/wall.dae
[0.951s] -- Installing: /home/seventeen/Robotics-and-its-application/install/shelfino_gazebo/share/shelfino_gazebo/worlds/hexagon_world/model.config
[0.952s] -- Installing: /home/seventeen/Robotics-and-its-application/install/shelfino_gazebo/share/shelfino_gazebo/worlds/hexagon_world/model-1_4.sdf
[0.952s] -- Installing: /home/seventeen/Robotics-and-its-application/install/shelfino_gazebo/share/shelfino_gazebo/worlds/povo.world
[0.952s] -- Installing: /home/seventeen/Robotics-and-its-application/install/shelfino_gazebo/share/shelfino_gazebo/worlds/rectangle_world
[0.953s] -- Installing: /home/seventeen/Robotics-and-its-application/install/shelfino_gazebo/share/shelfino_gazebo/worlds/rectangle_world/model.sdf
[0.954s] -- Installing: /home/seventeen/Robotics-and-its-application/install/shelfino_gazebo/share/shelfino_gazebo/worlds/rectangle_world/model.config
[0.955s] -- Installing: /home/seventeen/Robotics-and-its-application/install/shelfino_gazebo/share/ament_index/resource_index/package_run_dependencies/shelfino_gazebo
[0.958s] -- Installing: /home/seventeen/Robotics-and-its-application/install/shelfino_gazebo/share/ament_index/resource_index/parent_prefix_path/shelfino_gazebo
[0.960s] -- Installing: /home/seventeen/Robotics-and-its-application/install/shelfino_gazebo/share/shelfino_gazebo/environment/ament_prefix_path.sh
[0.960s] -- Installing: /home/seventeen/Robotics-and-its-application/install/shelfino_gazebo/share/shelfino_gazebo/environment/ament_prefix_path.dsv
[0.961s] -- Installing: /home/seventeen/Robotics-and-its-application/install/shelfino_gazebo/share/shelfino_gazebo/environment/path.sh
[0.961s] -- Installing: /home/seventeen/Robotics-and-its-application/install/shelfino_gazebo/share/shelfino_gazebo/environment/path.dsv
[0.966s] -- Installing: /home/seventeen/Robotics-and-its-application/install/shelfino_gazebo/share/shelfino_gazebo/local_setup.bash
[0.966s] -- Installing: /home/seventeen/Robotics-and-its-application/install/shelfino_gazebo/share/shelfino_gazebo/local_setup.sh
[0.967s] -- Installing: /home/seventeen/Robotics-and-its-application/install/shelfino_gazebo/share/shelfino_gazebo/local_setup.zsh
[0.967s] -- Installing: /home/seventeen/Robotics-and-its-application/install/shelfino_gazebo/share/shelfino_gazebo/local_setup.dsv
[0.967s] -- Installing: /home/seventeen/Robotics-and-its-application/install/shelfino_gazebo/share/shelfino_gazebo/package.dsv
[0.968s] -- Installing: /home/seventeen/Robotics-and-its-application/install/shelfino_gazebo/share/ament_index/resource_index/packages/shelfino_gazebo
[0.968s] -- Installing: /home/seventeen/Robotics-and-its-application/install/shelfino_gazebo/share/shelfino_gazebo/cmake/shelfino_gazeboConfig.cmake
[0.968s] -- Installing: /home/seventeen/Robotics-and-its-application/install/shelfino_gazebo/share/shelfino_gazebo/cmake/shelfino_gazeboConfig-version.cmake
[0.969s] -- Installing: /home/seventeen/Robotics-and-its-application/install/shelfino_gazebo/share/shelfino_gazebo/package.xml
[0.988s] Invoked command in '/home/seventeen/Robotics-and-its-application/build/shelfino_gazebo' returned '0': CMAKE_PREFIX_PATH=/opt/ros/humble /home/seventeen/.local/bin/cmake --install /home/seventeen/Robotics-and-its-application/build/shelfino_gazebo
