[0.058s] Invoking command in '/home/seventeen/Robotics-and-its-application/build/evader': CMAKE_PREFIX_PATH=/opt/ros/humble /home/seventeen/.local/bin/cmake --build /home/seventeen/Robotics-and-its-application/build/evader -- -j8 -l8
[0.391s] [100%] Built target evader
[0.408s] Invoked command in '/home/seventeen/Robotics-and-its-application/build/evader' returned '0': CMAKE_PREFIX_PATH=/opt/ros/humble /home/seventeen/.local/bin/cmake --build /home/seventeen/Robotics-and-its-application/build/evader -- -j8 -l8
[0.707s] Invoking command in '/home/seventeen/Robotics-and-its-application/build/evader': CMAKE_PREFIX_PATH=/opt/ros/humble /home/seventeen/.local/bin/cmake --install /home/seventeen/Robotics-and-its-application/build/evader
[0.927s] -- Install configuration: ""
[0.927s] -- Installing: /home/seventeen/Robotics-and-its-application/install/evader/lib/evader/evader
[0.940s] -- Installing: /home/seventeen/Robotics-and-its-application/install/evader/share/ament_index/resource_index/package_run_dependencies/evader
[0.946s] -- Installing: /home/seventeen/Robotics-and-its-application/install/evader/share/ament_index/resource_index/parent_prefix_path/evader
[0.947s] -- Installing: /home/seventeen/Robotics-and-its-application/install/evader/share/evader/environment/ament_prefix_path.sh
[0.947s] -- Installing: /home/seventeen/Robotics-and-its-application/install/evader/share/evader/environment/ament_prefix_path.dsv
[0.950s] -- Installing: /home/seventeen/Robotics-and-its-application/install/evader/share/evader/environment/path.sh
[0.950s] -- Installing: /home/seventeen/Robotics-and-its-application/install/evader/share/evader/environment/path.dsv
[0.950s] -- Installing: /home/seventeen/Robotics-and-its-application/install/evader/share/evader/local_setup.bash
[0.950s] -- Installing: /home/seventeen/Robotics-and-its-application/install/evader/share/evader/local_setup.sh
[0.950s] -- Installing: /home/seventeen/Robotics-and-its-application/install/evader/share/evader/local_setup.zsh
[0.951s] -- Installing: /home/seventeen/Robotics-and-its-application/install/evader/share/evader/local_setup.dsv
[0.952s] -- Installing: /home/seventeen/Robotics-and-its-application/install/evader/share/evader/package.dsv
[0.952s] -- Installing: /home/seventeen/Robotics-and-its-application/install/evader/share/ament_index/resource_index/packages/evader
[0.954s] -- Installing: /home/seventeen/Robotics-and-its-application/install/evader/share/evader/cmake/evaderConfig.cmake
[0.954s] -- Installing: /home/seventeen/Robotics-and-its-application/install/evader/share/evader/cmake/evaderConfig-version.cmake
[0.954s] -- Installing: /home/seventeen/Robotics-and-its-application/install/evader/share/evader/package.xml
[0.992s] Invoked command in '/home/seventeen/Robotics-and-its-application/build/evader' returned '0': CMAKE_PREFIX_PATH=/opt/ros/humble /home/seventeen/.local/bin/cmake --install /home/seventeen/Robotics-and-its-application/build/evader
