[0.063s] Invoking command in '/home/seventeen/Robotics-and-its-application/build/obstacles_msgs': CMAKE_PREFIX_PATH=${CMAKE_PREFIX_PATH}:/opt/ros/humble /home/seventeen/.local/bin/cmake --build /home/seventeen/Robotics-and-its-application/build/obstacles_msgs -- -j8 -l8
[0.356s] [  2%] Built target obstacles_msgs__cpp
[0.356s] [ 12%] Built target obstacles_msgs__rosidl_generator_c
[0.374s] [ 12%] Built target ament_cmake_python_copy_obstacles_msgs
[0.404s] [ 23%] Built target obstacles_msgs__rosidl_typesupport_introspection_cpp
[0.409s] [ 33%] Built target obstacles_msgs__rosidl_typesupport_cpp
[0.437s] [ 43%] Built target obstacles_msgs__rosidl_typesupport_introspection_c
[0.437s] [ 53%] Built target obstacles_msgs__rosidl_typesupport_fastrtps_cpp
[0.438s] [ 64%] Built target obstacles_msgs__rosidl_typesupport_fastrtps_c
[0.442s] [ 74%] Built target obstacles_msgs__rosidl_typesupport_c
[0.498s] [ 74%] Built target obstacles_msgs
[0.546s] [ 76%] Built target obstacles_msgs__py
[0.594s] [ 84%] Built target obstacles_msgs__rosidl_generator_py
[0.671s] [ 89%] Built target obstacles_msgs__rosidl_typesupport_c__pyext
[0.671s] [ 94%] Built target obstacles_msgs__rosidl_typesupport_introspection_c__pyext
[0.679s] [100%] Built target obstacles_msgs__rosidl_typesupport_fastrtps_c__pyext
[1.285s] running egg_info
[1.290s] writing obstacles_msgs.egg-info/PKG-INFO
[1.291s] writing dependency_links to obstacles_msgs.egg-info/dependency_links.txt
[1.291s] writing top-level names to obstacles_msgs.egg-info/top_level.txt
[1.301s] reading manifest file 'obstacles_msgs.egg-info/SOURCES.txt'
[1.303s] writing manifest file 'obstacles_msgs.egg-info/SOURCES.txt'
[1.372s] [100%] Built target ament_cmake_python_build_obstacles_msgs_egg
[1.388s] Invoked command in '/home/seventeen/Robotics-and-its-application/build/obstacles_msgs' returned '0': CMAKE_PREFIX_PATH=${CMAKE_PREFIX_PATH}:/opt/ros/humble /home/seventeen/.local/bin/cmake --build /home/seventeen/Robotics-and-its-application/build/obstacles_msgs -- -j8 -l8
