[0.024s] Invoking command in '/home/seventeen/Robotics-and-its-application/build/map_pkg': AMENT_PREFIX_PATH=/home/seventeen/Robotics-and-its-application/install/obstacles_msgs:${AMENT_PREFIX_PATH} CMAKE_PREFIX_PATH=/home/seventeen/Robotics-and-its-application/install/obstacles_msgs:/opt/ros/humble LD_LIBRARY_PATH=/home/seventeen/Robotics-and-its-application/install/obstacles_msgs/lib:${LD_LIBRARY_PATH} PYTHONPATH=/home/seventeen/Robotics-and-its-application/install/obstacles_msgs/local/lib/python3.10/dist-packages:${PYTHONPATH} /home/seventeen/.local/bin/cmake --build /home/seventeen/Robotics-and-its-application/build/map_pkg -- -j8 -l8
[0.274s] [ 50%] Built target send_victims
[0.274s] [ 50%] Built target send_gates
[0.276s] [ 75%] Built target send_borders
[0.278s] [100%] Built target send_obstacles
[0.290s] Invoked command in '/home/seventeen/Robotics-and-its-application/build/map_pkg' returned '0': AMENT_PREFIX_PATH=/home/seventeen/Robotics-and-its-application/install/obstacles_msgs:${AMENT_PREFIX_PATH} CMAKE_PREFIX_PATH=/home/seventeen/Robotics-and-its-application/install/obstacles_msgs:/opt/ros/humble LD_LIBRARY_PATH=/home/seventeen/Robotics-and-its-application/install/obstacles_msgs/lib:${LD_LIBRARY_PATH} PYTHONPATH=/home/seventeen/Robotics-and-its-application/install/obstacles_msgs/local/lib/python3.10/dist-packages:${PYTHONPATH} /home/seventeen/.local/bin/cmake --build /home/seventeen/Robotics-and-its-application/build/map_pkg -- -j8 -l8
[0.515s] Invoking command in '/home/seventeen/Robotics-and-its-application/build/map_pkg': AMENT_PREFIX_PATH=/home/seventeen/Robotics-and-its-application/install/obstacles_msgs:${AMENT_PREFIX_PATH} CMAKE_PREFIX_PATH=/home/seventeen/Robotics-and-its-application/install/obstacles_msgs:/opt/ros/humble LD_LIBRARY_PATH=/home/seventeen/Robotics-and-its-application/install/obstacles_msgs/lib:${LD_LIBRARY_PATH} PYTHONPATH=/home/seventeen/Robotics-and-its-application/install/obstacles_msgs/local/lib/python3.10/dist-packages:${PYTHONPATH} /home/seventeen/.local/bin/cmake --install /home/seventeen/Robotics-and-its-application/build/map_pkg
[0.647s] -- Install configuration: ""
[0.647s] -- Up-to-date: /home/seventeen/Robotics-and-its-application/install/map_pkg/share/map_pkg/launch
[0.647s] -- Up-to-date: /home/seventeen/Robotics-and-its-application/install/map_pkg/share/map_pkg/launch/spawn_map.launch.py
[0.648s] -- Up-to-date: /home/seventeen/Robotics-and-its-application/install/map_pkg/share/map_pkg/launch/mapscripts
[0.648s] -- Up-to-date: /home/seventeen/Robotics-and-its-application/install/map_pkg/share/map_pkg/launch/mapscripts/spawn_borders.py
[0.648s] -- Up-to-date: /home/seventeen/Robotics-and-its-application/install/map_pkg/share/map_pkg/launch/mapscripts/spawn_utility_.py
[0.649s] -- Up-to-date: /home/seventeen/Robotics-and-its-application/install/map_pkg/share/map_pkg/launch/mapscripts/spawn_obstacles.py
[0.649s] -- Up-to-date: /home/seventeen/Robotics-and-its-application/install/map_pkg/share/map_pkg/launch/mapscripts/geo_utility.py
[0.650s] -- Up-to-date: /home/seventeen/Robotics-and-its-application/install/map_pkg/share/map_pkg/launch/mapscripts/spawn_gates.py
[0.650s] -- Up-to-date: /home/seventeen/Robotics-and-its-application/install/map_pkg/share/map_pkg/models
[0.650s] -- Up-to-date: /home/seventeen/Robotics-and-its-application/install/map_pkg/share/map_pkg/models/cylinder
[0.650s] -- Up-to-date: /home/seventeen/Robotics-and-its-application/install/map_pkg/share/map_pkg/models/cylinder/model.sdf
[0.651s] -- Up-to-date: /home/seventeen/Robotics-and-its-application/install/map_pkg/share/map_pkg/models/cylinder/model.config
[0.651s] -- Up-to-date: /home/seventeen/Robotics-and-its-application/install/map_pkg/share/map_pkg/models/gate
[0.651s] -- Up-to-date: /home/seventeen/Robotics-and-its-application/install/map_pkg/share/map_pkg/models/gate/model.sdf
[0.651s] -- Up-to-date: /home/seventeen/Robotics-and-its-application/install/map_pkg/share/map_pkg/models/gate/model.config
[0.652s] -- Up-to-date: /home/seventeen/Robotics-and-its-application/install/map_pkg/share/map_pkg/models/box
[0.652s] -- Up-to-date: /home/seventeen/Robotics-and-its-application/install/map_pkg/share/map_pkg/models/box/model.sdf
[0.652s] -- Up-to-date: /home/seventeen/Robotics-and-its-application/install/map_pkg/share/map_pkg/models/box/model.config
[0.653s] -- Up-to-date: /home/seventeen/Robotics-and-its-application/install/map_pkg/share/map_pkg/models/victim
[0.653s] -- Up-to-date: /home/seventeen/Robotics-and-its-application/install/map_pkg/share/map_pkg/models/victim/model.sdf
[0.654s] -- Up-to-date: /home/seventeen/Robotics-and-its-application/install/map_pkg/share/map_pkg/models/victim/model.config
[0.654s] -- Up-to-date: /home/seventeen/Robotics-and-its-application/install/map_pkg/share/map_pkg/config
[0.654s] -- Up-to-date: /home/seventeen/Robotics-and-its-application/install/map_pkg/share/map_pkg/config/map_config.yaml
[0.655s] -- Up-to-date: /home/seventeen/Robotics-and-its-application/install/map_pkg/lib/map_pkg/send_borders
[0.655s] -- Up-to-date: /home/seventeen/Robotics-and-its-application/install/map_pkg/lib/map_pkg/send_gates
[0.656s] -- Up-to-date: /home/seventeen/Robotics-and-its-application/install/map_pkg/lib/map_pkg/send_obstacles
[0.656s] -- Up-to-date: /home/seventeen/Robotics-and-its-application/install/map_pkg/lib/map_pkg/send_victims
[0.657s] -- Up-to-date: /home/seventeen/Robotics-and-its-application/install/map_pkg/lib/map_pkg/create_map_pgm.py
[0.659s] -- Up-to-date: /home/seventeen/Robotics-and-its-application/install/map_pkg/lib/map_pkg/generate_config_file.py
[0.659s] -- Up-to-date: /home/seventeen/Robotics-and-its-application/install/map_pkg/share/ament_index/resource_index/package_run_dependencies/map_pkg
[0.659s] -- Up-to-date: /home/seventeen/Robotics-and-its-application/install/map_pkg/share/ament_index/resource_index/parent_prefix_path/map_pkg
[0.660s] -- Up-to-date: /home/seventeen/Robotics-and-its-application/install/map_pkg/share/map_pkg/environment/ament_prefix_path.sh
[0.660s] -- Up-to-date: /home/seventeen/Robotics-and-its-application/install/map_pkg/share/map_pkg/environment/ament_prefix_path.dsv
[0.660s] -- Up-to-date: /home/seventeen/Robotics-and-its-application/install/map_pkg/share/map_pkg/environment/path.sh
[0.661s] -- Up-to-date: /home/seventeen/Robotics-and-its-application/install/map_pkg/share/map_pkg/environment/path.dsv
[0.661s] -- Up-to-date: /home/seventeen/Robotics-and-its-application/install/map_pkg/share/map_pkg/local_setup.bash
[0.661s] -- Up-to-date: /home/seventeen/Robotics-and-its-application/install/map_pkg/share/map_pkg/local_setup.sh
[0.662s] -- Up-to-date: /home/seventeen/Robotics-and-its-application/install/map_pkg/share/map_pkg/local_setup.zsh
[0.662s] -- Up-to-date: /home/seventeen/Robotics-and-its-application/install/map_pkg/share/map_pkg/local_setup.dsv
[0.662s] -- Installing: /home/seventeen/Robotics-and-its-application/install/map_pkg/share/map_pkg/package.dsv
[0.663s] -- Up-to-date: /home/seventeen/Robotics-and-its-application/install/map_pkg/share/ament_index/resource_index/packages/map_pkg
[0.663s] -- Up-to-date: /home/seventeen/Robotics-and-its-application/install/map_pkg/share/map_pkg/cmake/map_pkgConfig.cmake
[0.664s] -- Up-to-date: /home/seventeen/Robotics-and-its-application/install/map_pkg/share/map_pkg/cmake/map_pkgConfig-version.cmake
[0.664s] -- Up-to-date: /home/seventeen/Robotics-and-its-application/install/map_pkg/share/map_pkg/package.xml
[0.665s] Invoked command in '/home/seventeen/Robotics-and-its-application/build/map_pkg' returned '0': AMENT_PREFIX_PATH=/home/seventeen/Robotics-and-its-application/install/obstacles_msgs:${AMENT_PREFIX_PATH} CMAKE_PREFIX_PATH=/home/seventeen/Robotics-and-its-application/install/obstacles_msgs:/opt/ros/humble LD_LIBRARY_PATH=/home/seventeen/Robotics-and-its-application/install/obstacles_msgs/lib:${LD_LIBRARY_PATH} PYTHONPATH=/home/seventeen/Robotics-and-its-application/install/obstacles_msgs/local/lib/python3.10/dist-packages:${PYTHONPATH} /home/seventeen/.local/bin/cmake --install /home/seventeen/Robotics-and-its-application/build/map_pkg
